# am version 14.0 (build date Oct  3 2024 23:49:37)

# run time 273.110 s
# dcache hit: 0  miss: 305  discard: 0

f 180 GHz  420 GHz  1 MHz
output npy  f GHz  tau neper  Trj K

jacobian Trj
simplex_log 0

#
# Summary data for Jacobians
#
# Differentiation variables
#
# var           value             dvalue    units  description
#   0              75                  1      deg  za
#   1               3                  1     none  Nscale troposphere h2o
#
#
# Relative error estimates for numerical derivatives (percentiles)
#
#  array  var       0       5      25      50      75      95     100
#
#    Trj    0   9e-10   1e-09   2e-09   4e-09   6e-08   8e-07   1e-05
#           1   2e-10   2e-10   3e-10   6e-10   1e-08   1e-07   2e-06
#

tol 0.0001
selfbroad_vmr_tol 0.003

geometry plane-parallel
refract none
za 75 deg  1 deg
PTmode Pbase Tbase

g 980.665 cm*s^-2
dg_dz 0 s^-2

Nscale troposphere h2o 3.00000  1

T0 2.7 K

layer mesosphere
# P 0.1 mbar
# T 221.7 K
# dP 0.1 mbar
Pbase 0.1 mbar
Tbase 221.7 K
Mair 28.964 h2o o3  (28.964)
lineshape Voigt-Kielkopf ch4 co co2 h2o_lines n2o o2_coupled o2_uncoupled o3
column dry_air hydrostatic (0.999992)  (2.12016e+21 cm^-2)
! Warning: Column included 689 unresolved lines.
column h2o hydrostatic 6.66e-06  (1.41204e+16 cm^-2)
! Warning: Column included 175 unresolved lines.
column o3 hydrostatic 1.76e-06  (3.73151e+15 cm^-2)
! Warning: Column included 6695 unresolved lines.

layer mesosphere
# P 0.2 mbar
# T 235.707 K
# dP 0.2 mbar
Pbase 0.3 mbar
Tbase 243.9 K
Mair 28.964 h2o o3  (28.964)
lineshape Voigt-Kielkopf ch4 co co2 h2o_lines n2o o2_coupled o2_uncoupled o3
column dry_air hydrostatic (0.999992)  (4.24032e+21 cm^-2)
! Warning: Column included 689 unresolved lines.
column h2o hydrostatic 6.7e-06  (2.84104e+16 cm^-2)
! Warning: Column included 175 unresolved lines.
column o3 hydrostatic 1.64e-06  (6.95418e+15 cm^-2)
! Warning: Column included 6695 unresolved lines.

layer mesosphere
# P 0.35 mbar
# T 247.169 K
# dP 0.1 mbar
Pbase 0.4 mbar
Tbase 250 K
Mair 28.964 h2o o3  (28.964)
lineshape Voigt-Kielkopf ch4 co co2 h2o_lines n2o o2_coupled o2_uncoupled o3
column dry_air hydrostatic (0.999992)  (2.12016e+21 cm^-2)
! Warning: Column included 465 unresolved lines.
column h2o hydrostatic 6.73e-06  (1.42688e+16 cm^-2)
! Warning: Column included 90 unresolved lines.
column o3 hydrostatic 1.6e-06  (3.39228e+15 cm^-2)
! Warning: Column included 4677 unresolved lines.

layer mesosphere
# P 0.45 mbar
# T 252.903 K
# dP 0.1 mbar
Pbase 0.5 mbar
Tbase 255.5 K
Mair 28.964 h2o o3  (28.964)
lineshape Voigt-Kielkopf ch4 co co2 h2o_lines n2o o2_coupled o2_uncoupled o3
column dry_air hydrostatic (0.999992)  (2.12016e+21 cm^-2)
! Warning: Column included 107 unresolved lines.
column h2o hydrostatic 6.7e-06  (1.42052e+16 cm^-2)
! Warning: Column included 51 unresolved lines.
column o3 hydrostatic 1.78e-06  (3.77392e+15 cm^-2)

layer mesosphere
# P 0.6 mbar
# T 259.618 K
# dP 0.2 mbar
Pbase 0.7 mbar
Tbase 263.1 K
Mair 28.964 h2o o3  (28.964)
lineshape Voigt-Kielkopf ch4 co co2 h2o_lines n2o o2_coupled o2_uncoupled o3
column dry_air hydrostatic (0.999991)  (4.24032e+21 cm^-2)
! Warning: Column included 3 unresolved lines.
column h2o hydrostatic 6.64e-06  (2.8156e+16 cm^-2)
! Warning: Column included 26 unresolved lines.
column o3 hydrostatic 2.1e-06  (8.90474e+15 cm^-2)

layer stratosphere
# P 0.85 mbar
# T 264.352 K
# dP 0.3 mbar
Pbase 1 mbar
Tbase 265.4 K
Mair 28.964 h2o o3  (28.964)
lineshape Voigt-Kielkopf ch4 co co2 h2o_lines n2o o2_coupled o2_uncoupled o3
column dry_air hydrostatic (0.999991)  (6.36047e+21 cm^-2)
column h2o hydrostatic 6.54e-06  (4.15979e+16 cm^-2)
! Warning: Column included 14 unresolved lines.
column o3 hydrostatic 2.64e-06  (1.67918e+16 cm^-2)

layer stratosphere
# P 1.5 mbar
# T 259.258 K
# dP 1 mbar
Pbase 2 mbar
Tbase 254.9 K
Mair 28.964 h2o o3  (28.964)
lineshape Gross ch4 co co2 n2o o2_uncoupled o3
lineshape VVW_coupled o2_coupled
lineshape VVH_750 h2o_lines
column dry_air hydrostatic (0.99999)  (2.12015e+22 cm^-2)
column h2o hydrostatic 6.28e-06  (1.33147e+17 cm^-2)
! Warning: Column included 9 unresolved lines.
column o3 hydrostatic 4.01e-06  (8.5019e+16 cm^-2)

layer stratosphere
# P 2.5 mbar
# T 250.607 K
# dP 1 mbar
Pbase 3 mbar
Tbase 247.1 K
Mair 28.964 h2o o3  (28.964)
lineshape Gross ch4 co co2 n2o o2_uncoupled o3
lineshape VVW_coupled o2_coupled
lineshape VVH_750 h2o_lines
column dry_air hydrostatic (0.999988)  (2.12015e+22 cm^-2)
column h2o hydrostatic 5.9e-06  (1.2509e+17 cm^-2)
! Warning: Column included 6 unresolved lines.
column o3 hydrostatic 5.93e-06  (1.25726e+17 cm^-2)

layer stratosphere
# P 3.5 mbar
# T 244.742 K
# dP 1 mbar
Pbase 4 mbar
Tbase 242.7 K
Mair 28.964 h2o o3  (28.9641)
lineshape Gross ch4 co co2 n2o o2_uncoupled o3
lineshape VVW_coupled o2_coupled
lineshape VVH_750 h2o_lines
column dry_air hydrostatic (0.999987)  (2.12014e+22 cm^-2)
column h2o hydrostatic 5.58e-06  (1.18305e+17 cm^-2)
! Warning: Column included 6 unresolved lines.
column o3 hydrostatic 7.33e-06  (1.55408e+17 cm^-2)

layer stratosphere
# P 4.5 mbar
# T 241.011 K
# dP 1 mbar
Pbase 5 mbar
Tbase 239.5 K
Mair 28.964 h2o o3  (28.9641)
lineshape Gross ch4 co co2 n2o o2_uncoupled o3
lineshape VVW_coupled o2_coupled
lineshape VVH_750 h2o_lines
column dry_air hydrostatic (0.999987)  (2.12014e+22 cm^-2)
column h2o hydrostatic 5.32e-06  (1.12793e+17 cm^-2)
column o3 hydrostatic 8.18e-06  (1.7343e+17 cm^-2)

layer stratosphere
# P 6 mbar
# T 236.845 K
# dP 2 mbar
Pbase 7 mbar
Tbase 234.6 K
Mair 28.964 h2o o3  (28.9641)
lineshape Gross ch4 co co2 n2o o2_uncoupled o3
lineshape VVW_coupled o2_coupled
lineshape VVH_750 h2o_lines
column dry_air hydrostatic (0.999986)  (4.24027e+22 cm^-2)
column h2o hydrostatic 5.1e-06  (2.16257e+17 cm^-2)
column o3 hydrostatic 8.8e-06  (3.73149e+17 cm^-2)

layer stratosphere
# P 8.5 mbar
# T 231.824 K
# dP 3 mbar
Pbase 10 mbar
Tbase 229.5 K
Mair 28.964 h2o o3  (28.9641)
lineshape Gross ch4 co co2 n2o o2_uncoupled o3
lineshape VVW_coupled o2_coupled
lineshape VVH_750 h2o_lines
column dry_air hydrostatic (0.999986)  (6.36041e+22 cm^-2)
column h2o hydrostatic 4.89e-06  (3.11028e+17 cm^-2)
column o3 hydrostatic 9.15e-06  (5.81986e+17 cm^-2)

layer stratosphere
# P 15 mbar
# T 225.113 K
# dP 10 mbar
Pbase 20 mbar
Tbase 222 K
Mair 28.964 h2o o3  (28.9641)
lineshape Gross ch4 co co2 n2o o2_uncoupled o3
lineshape VVW_coupled o2_coupled
lineshape VVH_750 h2o_lines
column dry_air hydrostatic (0.999987)  (2.12014e+23 cm^-2)
column h2o hydrostatic 4.65e-06  (9.85878e+17 cm^-2)
column o3 hydrostatic 8.02e-06  (1.70037e+18 cm^-2)

layer stratosphere
# P 25 mbar
# T 219.028 K
# dP 10 mbar
Pbase 30 mbar
Tbase 216.6 K
Mair 28.964 h2o o3  (28.9641)
lineshape Gross ch4 co co2 n2o o2_uncoupled o3
lineshape VVW_coupled o2_coupled
lineshape VVH_750 h2o_lines
column dry_air hydrostatic (0.99999)  (2.12015e+23 cm^-2)
column h2o hydrostatic 4.4e-06  (9.32875e+17 cm^-2)
column o3 hydrostatic 5.63e-06  (1.19366e+18 cm^-2)

layer stratosphere
# P 35 mbar
# T 214.242 K
# dP 10 mbar
Pbase 40 mbar
Tbase 212.2 K
Mair 28.964 h2o o3  (28.964)
lineshape Gross ch4 co co2 n2o o2_uncoupled o3
lineshape VVW_coupled o2_coupled
lineshape VVH_750 h2o_lines
column dry_air hydrostatic (0.999992)  (2.12016e+23 cm^-2)
column h2o hydrostatic 4.26e-06  (9.03194e+17 cm^-2)
column o3 hydrostatic 3.5e-06  (7.42061e+17 cm^-2)

layer stratosphere
# P 45 mbar
# T 210.247 K
# dP 10 mbar
Pbase 50 mbar
Tbase 208.5 K
Mair 28.964 h2o o3  (28.964)
lineshape Gross ch4 co co2 n2o o2_uncoupled o3
lineshape VVW_coupled o2_coupled
lineshape VVH_750 h2o_lines
column dry_air hydrostatic (0.999994)  (2.12016e+23 cm^-2)
column h2o hydrostatic 4.22e-06  (8.94714e+17 cm^-2)
column o3 hydrostatic 2.09e-06  (4.43117e+17 cm^-2)

layer stratosphere
# P 60 mbar
# T 205.195 K
# dP 20 mbar
Pbase 70 mbar
Tbase 202.4 K
Mair 28.964 h2o o3  (28.964)
lineshape Gross ch4 co co2 n2o o2_uncoupled o3
lineshape VVW_coupled o2_coupled
lineshape VVH_750 h2o_lines
column dry_air hydrostatic (0.999994)  (4.24033e+23 cm^-2)
column h2o hydrostatic 4.38e-06  (1.85727e+18 cm^-2)
column o3 hydrostatic 1.16e-06  (4.91881e+17 cm^-2)

layer troposphere
# P 85 mbar
# T 199.896 K
# dP 30 mbar
Pbase 100 mbar
Tbase 197.8 K
Mair 28.964 h2o o3  (28.9638)
lineshape Gross ch4 co co2 n2o o2_uncoupled o3
lineshape VVW_coupled o2_coupled
lineshape VVH_750 h2o_lines
column dry_air hydrostatic (0.999984)  (6.36046e+23 cm^-2)
column h2o hydrostatic 5.06e-06  (3.21844e+18 cm^-2)  (* 3.00000)
column o3 hydrostatic 4.56e-07  (2.90042e+17 cm^-2)

layer troposphere
# P 125 mbar
# T 202.588 K
# dP 50 mbar
Pbase 150 mbar
Tbase 206.5 K
Mair 28.964 h2o o3  (28.9636)
lineshape Gross ch4 co co2 n2o o2_uncoupled o3
lineshape VVW_coupled o2_coupled
lineshape VVH_750 h2o_lines
column dry_air hydrostatic (0.999966)  (1.06006e+24 cm^-2)
column h2o hydrostatic 1.14e-05  (1.20852e+19 cm^-2)  (* 3.00000)
column o3 hydrostatic 1.3e-07  (1.37813e+17 cm^-2)

layer troposphere
# P 175 mbar
# T 213.091 K
# dP 50 mbar
Pbase 200 mbar
Tbase 218.8 K
Mair 28.964 h2o o3  (28.9626)
lineshape Gross ch4 co co2 n2o o2_uncoupled o3
lineshape VVW_coupled o2_coupled
lineshape VVH_750 h2o_lines
column dry_air hydrostatic (0.999874)  (1.06e+24 cm^-2)
column h2o hydrostatic 4.21e-05  (4.46318e+19 cm^-2)  (* 3.00000)
column o3 hydrostatic 5.71e-08  (6.05339e+16 cm^-2)

layer troposphere
# P 225 mbar
# T 224.87 K
# dP 50 mbar
Pbase 250 mbar
Tbase 230.3 K
Mair 28.964 h2o o3  (28.96)
lineshape Gross ch4 co co2 n2o o2_uncoupled o3
lineshape VVW_coupled o2_coupled
lineshape VVH_750 h2o_lines
column dry_air hydrostatic (0.999637)  (1.05985e+24 cm^-2)
column h2o hydrostatic 0.000121  (1.28288e+20 cm^-2)  (* 3.00000)
column o3 hydrostatic 4.38e-08  (4.64382e+16 cm^-2)

layer troposphere
# P 275 mbar
# T 235.423 K
# dP 50 mbar
Pbase 300 mbar
Tbase 240.1 K
Mair 28.964 h2o o3  (28.9562)
lineshape Gross ch4 co co2 n2o o2_uncoupled o3
lineshape VVW_coupled o2_coupled
lineshape VVH_750 h2o_lines
column dry_air hydrostatic (0.999289)  (1.05962e+24 cm^-2)
column h2o hydrostatic 0.000237  (2.51308e+20 cm^-2)  (* 3.00000)
column o3 hydrostatic 4.15e-08  (4.40055e+16 cm^-2)

layer troposphere
# P 325 mbar
# T 244.514 K
# dP 50 mbar
Pbase 350 mbar
Tbase 248.6 K
Mair 28.964 h2o o3  (28.9523)
lineshape Gross ch4 co co2 n2o o2_uncoupled o3
lineshape VVW_coupled o2_coupled
lineshape VVH_750 h2o_lines
column dry_air hydrostatic (0.998929)  (1.05938e+24 cm^-2)
column h2o hydrostatic 0.000357  (3.78604e+20 cm^-2)  (* 3.00000)
column o3 hydrostatic 4.12e-08  (4.36933e+16 cm^-2)

layer troposphere
# P 375 mbar
# T 252.268 K
# dP 50 mbar
Pbase 400 mbar
Tbase 255.7 K
Mair 28.964 h2o o3  (28.948)
lineshape Gross ch4 co co2 n2o o2_uncoupled o3
lineshape VVW_coupled o2_coupled
lineshape VVH_750 h2o_lines
column dry_air hydrostatic (0.998536)  (1.05912e+24 cm^-2)
column h2o hydrostatic 0.000488  (5.17609e+20 cm^-2)  (* 3.00000)
column o3 hydrostatic 4.11e-08  (4.35937e+16 cm^-2)

layer troposphere
# P 425 mbar
# T 258.891 K
# dP 50 mbar
Pbase 450 mbar
Tbase 261.9 K
Mair 28.964 h2o o3  (28.9423)
lineshape Gross ch4 co co2 n2o o2_uncoupled o3
lineshape VVW_coupled o2_coupled
lineshape VVH_750 h2o_lines
column dry_air hydrostatic (0.998017)  (1.05878e+24 cm^-2)
column h2o hydrostatic 0.000661  (7.01243e+20 cm^-2)  (* 3.00000)
column o3 hydrostatic 4.11e-08  (4.36023e+16 cm^-2)

layer troposphere
# P 475 mbar
# T 264.62 K
# dP 50 mbar
Pbase 500 mbar
Tbase 267.2 K
Mair 28.964 h2o o3  (28.9352)
lineshape Gross ch4 co co2 n2o o2_uncoupled o3
lineshape VVW_coupled o2_coupled
lineshape VVH_750 h2o_lines
column dry_air hydrostatic (0.997366)  (1.05835e+24 cm^-2)
column h2o hydrostatic 0.000878  (9.31684e+20 cm^-2)  (* 3.00000)
column o3 hydrostatic 4.11e-08  (4.3613e+16 cm^-2)

layer troposphere
# P 525 mbar
# T 269.555 K
# dP 50 mbar
Pbase 550 mbar
Tbase 271.8 K
Mair 28.964 h2o o3  (28.9252)
lineshape Gross ch4 co co2 n2o o2_uncoupled o3
lineshape VVW_coupled o2_coupled
lineshape VVH_750 h2o_lines
column dry_air hydrostatic (0.99646)  (1.05775e+24 cm^-2)
column h2o hydrostatic 0.00118  (1.25258e+21 cm^-2)  (* 3.00000)
column o3 hydrostatic 4.1e-08  (4.35218e+16 cm^-2)

layer troposphere
# P 575 mbar
# T 273.895 K
# dP 50 mbar
Pbase 600 mbar
Tbase 275.9 K
Mair 28.964 h2o o3  (28.9114)
lineshape Gross ch4 co co2 n2o o2_uncoupled o3
lineshape VVW_coupled o2_coupled
lineshape VVH_750 h2o_lines
column dry_air hydrostatic (0.9952)  (1.05692e+24 cm^-2)
column h2o hydrostatic 0.0016  (1.69922e+21 cm^-2)  (* 3.00000)
column o3 hydrostatic 4.08e-08  (4.33302e+16 cm^-2)

layer troposphere
# P 612.5 mbar
# T 276.759 K
# dP 25 mbar
Pbase 625 mbar (observing level)
Tbase 277.6 K
Mair 28.964 h2o o3  (28.894)
lineshape Gross ch4 co co2 n2o o2_uncoupled o3
lineshape VVW_coupled o2_coupled
lineshape VVH_750 h2o_lines
column dry_air hydrostatic (0.99361)  (5.27932e+23 cm^-2)
column h2o hydrostatic 0.00213  (1.13173e+21 cm^-2)  (* 3.00000)
column o3 hydrostatic 4.05e-08  (2.15187e+16 cm^-2)

#
# column densities [cm^-2], including scale factors
#
#                           zenith             line-of-sight     
# mesosphere (5 layers):
#                  dry_air  1.484112e+22       5.734168e+22      
#                      h2o  9.916071e+16       3.831276e+17      
#                            (0.0296649 um_pwv) (0.114616 um_pwv) 
#                       o3  2.675664e+16       1.033797e+17      
#                            (0.995855 DU)      (3.84769 DU)      
#
# stratosphere (12 layers):
#                  dry_air  1.469267e+24       5.676812e+24      
#                      h2o  6.632154e+18       2.562468e+19      
#                            (1.98407 um_pwv)   (7.66586 um_pwv)  
#                       o3  6.082599e+18       2.350136e+19      
#                            (226.388 DU)       (874.697 DU)      
#
# troposphere (12 layers):
#                  dry_air  1.175381e+25       4.541324e+25      
#                      h2o  2.115661e+22       8.174285e+22      
#                            (6329.2 um_pwv)    (24454.1 um_pwv)  
#                       o3  8.617053e+17       3.329373e+18      
#                            (32.0718 DU)       (123.916 DU)      
#
# total (29 layers):
#                  dry_air  1.323792e+25       5.114739e+25      
#                      h2o  2.116334e+22       8.176886e+22      
#                            (6331.21 um_pwv)   (24461.9 um_pwv)  
#                       o3  6.971061e+18       2.693411e+19      
#                            (259.456 DU)       (1002.46 DU)      
#

! Warning: Encountered in-band lines narrower than the frequency
!          grid spacing.  The output configuration data includes
!          the unresolved line count after each column definition
!          for which this occurred.  Count: 29
! Warning: Unable to create a file in the cache directory named
!          in the environment.  Count: 305

