2.100000e+02 3.149498e+01 7.672407e+01 2.365551e+01 1.431665e+03 1.477180e+01
2.100500e+02 3.150042e+01 7.672839e+01 2.364623e+01 1.431666e+03 1.477202e+01
2.101000e+02 3.150402e+01 7.673089e+01 2.363718e+01 1.431666e+03 1.477224e+01
2.101500e+02 3.152598e+01 7.675160e+01 2.362634e+01 1.431666e+03 1.477246e+01
2.102000e+02 3.164064e+01 7.686421e+01 2.360634e+01 1.431666e+03 1.477268e+01
2.102500e+02 3.156723e+01 7.679035e+01 2.360499e+01 1.431667e+03 1.477290e+01
2.103000e+02 3.158797e+01 7.680984e+01 2.359430e+01 1.431667e+03 1.477312e+01
2.103500e+02 3.167703e+01 7.689708e+01 2.357677e+01 1.431668e+03 1.477334e+01
2.104000e+02 3.200761e+01 7.722383e+01 2.353531e+01 1.431668e+03 1.477356e+01
2.104500e+02 3.198135e+01 7.719671e+01 2.352917e+01 1.431668e+03 1.477377e+01
2.105000e+02 3.174044e+01 7.695674e+01 2.354424e+01 1.431668e+03 1.477399e+01
2.105500e+02 3.172137e+01 7.693675e+01 2.353738e+01 1.431669e+03 1.477421e+01
2.106000e+02 3.178684e+01 7.700060e+01 2.352219e+01 1.431669e+03 1.477443e+01
2.106500e+02 3.194678e+01 7.715814e+01 2.349772e+01 1.431669e+03 1.477464e+01
2.107000e+02 3.229591e+01 7.750332e+01 2.345462e+01 1.431670e+03 1.477486e+01
2.107500e+02 3.325653e+01 7.845528e+01 2.335123e+01 1.431671e+03 1.477508e+01
2.108000e+02 3.623080e+01 8.140750e+01 2.304904e+01 1.431669e+03 1.477530e+01
2.108500e+02 3.302117e+01 7.821958e+01 2.335764e+01 1.431668e+03 1.477551e+01
2.109000e+02 3.218468e+01 7.738869e+01 2.343183e+01 1.431669e+03 1.477573e+01
2.109500e+02 3.183579e+01 7.704163e+01 2.345801e+01 1.431669e+03 1.477595e+01
2.110000e+02 3.164953e+01 7.685587e+01 2.346826e+01 1.431670e+03 1.477617e+01
2.110500e+02 3.153609e+01 7.674232e+01 2.347144e+01 1.431670e+03 1.477638e+01
2.111000e+02 3.146012e+01 7.666593e+01 2.347107e+01 1.431671e+03 1.477660e+01
2.111500e+02 3.140945e+01 7.661463e+01 2.346833e+01 1.431671e+03 1.477681e+01
2.112000e+02 3.136444e+01 7.656893e+01 2.346517e+01 1.431671e+03 1.477703e+01
2.112500e+02 3.132971e+01 7.653343e+01 2.346114e+01 1.431671e+03 1.477725e+01
2.113000e+02 3.130236e+01 7.650525e+01 2.345653e+01 1.431672e+03 1.477746e+01
2.113500e+02 3.127976e+01 7.648178e+01 2.345159e+01 1.431672e+03 1.477768e+01
2.114000e+02 3.126058e+01 7.646169e+01 2.344645e+01 1.431672e+03 1.477790e+01
2.114500e+02 3.124394e+01 7.644413e+01 2.344121e+01 1.431673e+03 1.477811e+01
2.115000e+02 3.122930e+01 7.642854e+01 2.343592e+01 1.431673e+03 1.477833e+01
2.115500e+02 3.121622e+01 7.641452e+01 2.343062e+01 1.431673e+03 1.477854e+01
2.116000e+02 3.120444e+01 7.640176e+01 2.342532e+01 1.431673e+03 1.477876e+01
2.116500e+02 3.119371e+01 7.639006e+01 2.342007e+01 1.431674e+03 1.477897e+01
2.117000e+02 3.118387e+01 7.637924e+01 2.341486e+01 1.431674e+03 1.477919e+01
2.117500e+02 3.117481e+01 7.636918e+01 2.340971e+01 1.431674e+03 1.477940e+01
2.118000e+02 3.116640e+01 7.635978e+01 2.340463e+01 1.431675e+03 1.477962e+01
2.118500e+02 3.115859e+01 7.635097e+01 2.339962e+01 1.431675e+03 1.477983e+01
2.119000e+02 3.115130e+01 7.634267e+01 2.339468e+01 1.431675e+03 1.478005e+01
2.119500e+02 3.114451e+01 7.633487e+01 2.338982e+01 1.431675e+03 1.478026e+01
2.120000e+02 3.113821e+01 7.632756e+01 2.338504e+01 1.431676e+03 1.478048e+01
2.120500e+02 3.113259e+01 7.632092e+01 2.338031e+01 1.431676e+03 1.478069e+01
2.121000e+02 3.112776e+01 7.631507e+01 2.337563e+01 1.431676e+03 1.478091e+01
2.121500e+02 3.112118e+01 7.630747e+01 2.337123e+01 1.431676e+03 1.478112e+01
2.122000e+02 3.111580e+01 7.630107e+01 2.336682e+01 1.431677e+03 1.478133e+01
2.122500e+02 3.111088e+01 7.629512e+01 2.336249e+01 1.431677e+03 1.478155e+01
2.123000e+02 3.110629e+01 7.628950e+01 2.335823e+01 1.431677e+03 1.478176e+01
2.123500e+02 3.110200e+01 7.628418e+01 2.335405e+01 1.431677e+03 1.478197e+01
2.124000e+02 3.109801e+01 7.627916e+01 2.334995e+01 1.431678e+03 1.478219e+01
2.124500e+02 3.109434e+01 7.627445e+01 2.334592e+01 1.431678e+03 1.478240e+01
2.125000e+02 3.109113e+01 7.627021e+01 2.334195e+01 1.431678e+03 1.478261e+01
2.125500e+02 3.108823e+01 7.626626e+01 2.333805e+01 1.431678e+03 1.478283e+01
2.126000e+02 3.108661e+01 7.626359e+01 2.333412e+01 1.431679e+03 1.478304e+01
2.126500e+02 3.108703e+01 7.626293e+01 2.333010e+01 1.431679e+03 1.478325e+01
2.127000e+02 3.108282e+01 7.625769e+01 2.332662e+01 1.431679e+03 1.478347e+01
2.127500e+02 3.108057e+01 7.625439e+01 2.332304e+01 1.431679e+03 1.478368e+01
2.128000e+02 3.107996e+01 7.625272e+01 2.331940e+01 1.431680e+03 1.478389e+01
2.128500e+02 3.109379e+01 7.626536e+01 2.331445e+01 1.431680e+03 1.478410e+01
2.129000e+02 3.108041e+01 7.625103e+01 2.331224e+01 1.431680e+03 1.478431e+01
2.129500e+02 3.107082e+01 7.624046e+01 2.330974e+01 1.431680e+03 1.478453e+01
2.130000e+02 3.106697e+01 7.623558e+01 2.330678e+01 1.431681e+03 1.478474e+01
2.130500e+02 3.106414e+01 7.623170e+01 2.330381e+01 1.431681e+03 1.478495e+01
2.131000e+02 3.106220e+01 7.622870e+01 2.330083e+01 1.431681e+03 1.478516e+01
2.131500e+02 3.106076e+01 7.622621e+01 2.329789e+01 1.431682e+03 1.478537e+01
2.132000e+02 3.105975e+01 7.622414e+01 2.329500e+01 1.431682e+03 1.478559e+01
2.132500e+02 3.105904e+01 7.622237e+01 2.329216e+01 1.431682e+03 1.478580e+01
2.133000e+02 3.105874e+01 7.622100e+01 2.328936e+01 1.431682e+03 1.478601e+01
2.133500e+02 3.105933e+01 7.622052e+01 2.328656e+01 1.431683e+03 1.478622e+01
2.134000e+02 3.105930e+01 7.621943e+01 2.328390e+01 1.431683e+03 1.478643e+01
2.134500e+02 3.106350e+01 7.622251e+01 2.328090e+01 1.431683e+03 1.478664e+01
2.135000e+02 3.105956e+01 7.621754e+01 2.327878e+01 1.431683e+03 1.478685e+01
2.135500e+02 3.105949e+01 7.621640e+01 2.327636e+01 1.431684e+03 1.478706e+01
2.136000e+02 3.105997e+01 7.621581e+01 2.327396e+01 1.431684e+03 1.478727e+01
2.136500e+02 3.106100e+01 7.621577e+01 2.327159e+01 1.431684e+03 1.478748e+01
2.137000e+02 3.106252e+01 7.621620e+01 2.326924e+01 1.431684e+03 1.478769e+01
2.137500e+02 3.106454e+01 7.621713e+01 2.326692e+01 1.431685e+03 1.478790e+01
2.138000e+02 3.106709e+01 7.621860e+01 2.326462e+01 1.431685e+03 1.478811e+01
2.138500e+02 3.107024e+01 7.622064e+01 2.326234e+01 1.431685e+03 1.478832e+01
2.139000e+02 3.107405e+01 7.622336e+01 2.326007e+01 1.431686e+03 1.478853e+01
2.139500e+02 3.107862e+01 7.622681e+01 2.325780e+01 1.431686e+03 1.478874e+01
2.140000e+02 3.108403e+01 7.623111e+01 2.325551e+01 1.431686e+03 1.478895e+01
2.140500e+02 3.109047e+01 7.623642e+01 2.325320e+01 1.431686e+03 1.478916e+01
2.141000e+02 3.109812e+01 7.624293e+01 2.325084e+01 1.431687e+03 1.478937e+01
2.141500e+02 3.110720e+01 7.625087e+01 2.324841e+01 1.431687e+03 1.478958e+01
2.142000e+02 3.111805e+01 7.626055e+01 2.324587e+01 1.431687e+03 1.478979e+01
2.142500e+02 3.113105e+01 7.627236e+01 2.324320e+01 1.431687e+03 1.479000e+01
2.143000e+02 3.114675e+01 7.628685e+01 2.324033e+01 1.431688e+03 1.479021e+01
2.143500e+02 3.116591e+01 7.630477e+01 2.323720e+01 1.431688e+03 1.479042e+01
2.144000e+02 3.118955e+01 7.632713e+01 2.323369e+01 1.431688e+03 1.479063e+01
2.144500e+02 3.121917e+01 7.635542e+01 2.322967e+01 1.431688e+03 1.479084e+01
2.145000e+02 3.125698e+01 7.639182e+01 2.322492e+01 1.431689e+03 1.479105e+01
2.145500e+02 3.130636e+01 7.643968e+01 2.321912e+01 1.431689e+03 1.479126e+01
2.146000e+02 3.137277e+01 7.650443e+01 2.321172e+01 1.431690e+03 1.479147e+01
2.146500e+02 3.146479e+01 7.659456e+01 2.320189e+01 1.431690e+03 1.479167e+01
2.147000e+02 3.159901e+01 7.672653e+01 2.318803e+01 1.431690e+03 1.479188e+01
2.147500e+02 3.180669e+01 7.693132e+01 2.316708e+01 1.431690e+03 1.479209e+01
2.148000e+02 3.215637e+01 7.727691e+01 2.313239e+01 1.431691e+03 1.479230e+01
2.148500e+02 3.282258e+01 7.793649e+01 2.306695e+01 1.431691e+03 1.479251e+01
2.149000e+02 3.440065e+01 7.950115e+01 2.291279e+01 1.431693e+03 1.479272e+01
2.149500e+02 4.156365e+01 8.661881e+01 2.221395e+01 1.431691e+03 1.479292e+01
2.150000e+02 3.509330e+01 8.018658e+01 2.284442e+01 1.431688e+03 1.479313e+01
2.150500e+02 3.305965e+01 7.816732e+01 2.304203e+01 1.431690e+03 1.479334e+01
2.151000e+02 3.227471e+01 7.738781e+01 2.311807e+01 1.431689e+03 1.479355e+01
2.151500e+02 3.188359e+01 7.699898e+01 2.315586e+01 1.431690e+03 1.479376e+01
2.152000e+02 3.164846e+01 7.676484e+01 2.317853e+01 1.431690e+03 1.479396e+01
2.152500e+02 3.150029e+01 7.661692e+01 2.319280e+01 1.431691e+03 1.479417e+01
2.153000e+02 3.140107e+01 7.651751e+01 2.320237e+01 1.431691e+03 1.479438e+01
2.153500e+02 3.133107e+01 7.644707e+01 2.320915e+01 1.431692e+03 1.479459e+01
2.154000e+02 3.128001e+01 7.639541e+01 2.321416e+01 1.431692e+03 1.479479e+01
2.154500e+02 3.124257e+01 7.635724e+01 2.321790e+01 1.431692e+03 1.479500e+01
2.155000e+02 3.122353e+01 7.633731e+01 2.321990e+01 1.431693e+03 1.479521e+01
2.155500e+02 3.118875e+01 7.630177e+01 2.322350e+01 1.431693e+03 1.479542e+01
2.156000e+02 3.116897e+01 7.628111e+01 2.322570e+01 1.431693e+03 1.479562e+01
2.156500e+02 3.115392e+01 7.626513e+01 2.322749e+01 1.431694e+03 1.479583e+01
2.157000e+02 3.114229e+01 7.625254e+01 2.322901e+01 1.431694e+03 1.479604e+01
2.157500e+02 3.113235e+01 7.624162e+01 2.323042e+01 1.431694e+03 1.479624e+01
2.158000e+02 3.112523e+01 7.623350e+01 2.323161e+01 1.431694e+03 1.479645e+01
2.158500e+02 3.112072e+01 7.622797e+01 2.323260e+01 1.431695e+03 1.479666e+01
2.159000e+02 3.111969e+01 7.622588e+01 2.323331e+01 1.431695e+03 1.479687e+01
2.159500e+02 3.112598e+01 7.623104e+01 2.323337e+01 1.431695e+03 1.479707e+01
2.160000e+02 3.116570e+01 7.626932e+01 2.323023e+01 1.431695e+03 1.479728e+01
2.160500e+02 3.115033e+01 7.625303e+01 2.323250e+01 1.431696e+03 1.479749e+01
2.161000e+02 3.112936e+01 7.623119e+01 2.323537e+01 1.431696e+03 1.479769e+01
2.161500e+02 3.111246e+01 7.621337e+01 2.323790e+01 1.431696e+03 1.479790e+01
2.162000e+02 3.110053e+01 7.620048e+01 2.324000e+01 1.431696e+03 1.479810e+01
2.162500e+02 3.109535e+01 7.619429e+01 2.324149e+01 1.431697e+03 1.479831e+01
2.163000e+02 3.109280e+01 7.619069e+01 2.324279e+01 1.431697e+03 1.479852e+01
2.163500e+02 3.109285e+01 7.618968e+01 2.324388e+01 1.431697e+03 1.479872e+01
2.164000e+02 3.109243e+01 7.618819e+01 2.324508e+01 1.431697e+03 1.479893e+01
2.164500e+02 3.108957e+01 7.618429e+01 2.324656e+01 1.431698e+03 1.479914e+01
2.165000e+02 3.108895e+01 7.618261e+01 2.324788e+01 1.431698e+03 1.479934e+01
2.165500e+02 3.108905e+01 7.618165e+01 2.324919e+01 1.431698e+03 1.479955e+01
2.166000e+02 3.108961e+01 7.618113e+01 2.325050e+01 1.431698e+03 1.479975e+01
2.166500e+02 3.109053e+01 7.618098e+01 2.325182e+01 1.431699e+03 1.479996e+01
2.167000e+02 3.109179e+01 7.618116e+01 2.325317e+01 1.431699e+03 1.480017e+01
2.167500e+02 3.109346e+01 7.618175e+01 2.325452e+01 1.431699e+03 1.480037e+01
2.168000e+02 3.109577e+01 7.618297e+01 2.325587e+01 1.431699e+03 1.480058e+01
2.168500e+02 3.109989e+01 7.618599e+01 2.325709e+01 1.431700e+03 1.480078e+01
2.169000e+02 3.110346e+01 7.618846e+01 2.325842e+01 1.431700e+03 1.480099e+01
2.169500e+02 3.110175e+01 7.618569e+01 2.326032e+01 1.431700e+03 1.480119e+01
2.170000e+02 3.110290e+01 7.618577e+01 2.326198e+01 1.431700e+03 1.480140e+01
2.170500e+02 3.110483e+01 7.618662e+01 2.326362e+01 1.431701e+03 1.480160e+01
2.171000e+02 3.110718e+01 7.618788e+01 2.326527e+01 1.431701e+03 1.480181e+01
2.171500e+02 3.110987e+01 7.618947e+01 2.326694e+01 1.431701e+03 1.480202e+01
2.172000e+02 3.111292e+01 7.619143e+01 2.326863e+01 1.431701e+03 1.480222e+01
2.172500e+02 3.111671e+01 7.619412e+01 2.327029e+01 1.431702e+03 1.480243e+01
2.173000e+02 3.112039e+01 7.619670e+01 2.327202e+01 1.431702e+03 1.480263e+01
2.173500e+02 3.112496e+01 7.620016e+01 2.327371e+01 1.431702e+03 1.480284e+01
2.174000e+02 3.113160e+01 7.620567e+01 2.327525e+01 1.431702e+03 1.480304e+01
2.174500e+02 3.114362e+01 7.621651e+01 2.327631e+01 1.431703e+03 1.480325e+01
2.175000e+02 3.118882e+01 7.626023e+01 2.327419e+01 1.431703e+03 1.480345e+01
2.175500e+02 3.115409e+01 7.622475e+01 2.327991e+01 1.431703e+03 1.480366e+01
2.176000e+02 3.114648e+01 7.621615e+01 2.328304e+01 1.431703e+03 1.480386e+01
2.176500e+02 3.114606e+01 7.621466e+01 2.328552e+01 1.431704e+03 1.480407e+01
2.177000e+02 3.114807e+01 7.621559e+01 2.328782e+01 1.431704e+03 1.480427e+01
2.177500e+02 3.115137e+01 7.621779e+01 2.329003e+01 1.431704e+03 1.480448e+01
2.178000e+02 3.115574e+01 7.622106e+01 2.329220e+01 1.431704e+03 1.480468e+01
2.178500e+02 3.116193e+01 7.622612e+01 2.329424e+01 1.431705e+03 1.480489e+01
2.179000e+02 3.116760e+01 7.623067e+01 2.329637e+01 1.431705e+03 1.480509e+01
2.179500e+02 3.117602e+01 7.623795e+01 2.329829e+01 1.431705e+03 1.480530e+01
2.180000e+02 3.118993e+01 7.625066e+01 2.329973e+01 1.431705e+03 1.480550e+01
2.180500e+02 3.121897e+01 7.627837e+01 2.329974e+01 1.431706e+03 1.480570e+01
2.181000e+02 3.132919e+01 7.638650e+01 2.329188e+01 1.431706e+03 1.480591e+01
2.181500e+02 3.128472e+01 7.634137e+01 2.329916e+01 1.431706e+03 1.480611e+01
2.182000e+02 3.122201e+01 7.627818e+01 2.330828e+01 1.431706e+03 1.480632e+01
2.182500e+02 3.120682e+01 7.626206e+01 2.331280e+01 1.431707e+03 1.480652e+01
2.183000e+02 3.120318e+01 7.625739e+01 2.331626e+01 1.431707e+03 1.480673e+01
2.183500e+02 3.120273e+01 7.625589e+01 2.331945e+01 1.431707e+03 1.480693e+01
2.184000e+02 3.120491e+01 7.625698e+01 2.332243e+01 1.431707e+03 1.480714e+01
2.184500e+02 3.120985e+01 7.626081e+01 2.332520e+01 1.431708e+03 1.480734e+01
2.185000e+02 3.121117e+01 7.626105e+01 2.332837e+01 1.431708e+03 1.480754e+01
2.185500e+02 3.121429e+01 7.626307e+01 2.333142e+01 1.431708e+03 1.480775e+01
2.186000e+02 3.121982e+01 7.626748e+01 2.333429e+01 1.431708e+03 1.480795e+01
2.186500e+02 3.122168e+01 7.626826e+01 2.333756e+01 1.431709e+03 1.480816e+01
2.187000e+02 3.122588e+01 7.627135e+01 2.334066e+01 1.431709e+03 1.480836e+01
2.187500e+02 3.122988e+01 7.627425e+01 2.334383e+01 1.431709e+03 1.480856e+01
2.188000e+02 3.123409e+01 7.627736e+01 2.334704e+01 1.431709e+03 1.480877e+01
2.188500e+02 3.123876e+01 7.628092e+01 2.335025e+01 1.431709e+03 1.480897e+01
2.189000e+02 3.124376e+01 7.628480e+01 2.335348e+01 1.431710e+03 1.480918e+01
2.189500e+02 3.124914e+01 7.628906e+01 2.335673e+01 1.431710e+03 1.480938e+01
2.190000e+02 3.125508e+01 7.629389e+01 2.335997e+01 1.431710e+03 1.480959e+01
2.190500e+02 3.126219e+01 7.629987e+01 2.336316e+01 1.431710e+03 1.480979e+01
2.191000e+02 3.127328e+01 7.630978e+01 2.336601e+01 1.431711e+03 1.480999e+01
2.191500e+02 3.128883e+01 7.632412e+01 2.336848e+01 1.431711e+03 1.481020e+01
2.192000e+02 3.128522e+01 7.631948e+01 2.337287e+01 1.431711e+03 1.481040e+01
2.192500e+02 3.129558e+01 7.632868e+01 2.337596e+01 1.431711e+03 1.481060e+01
2.193000e+02 3.132702e+01 7.635876e+01 2.337703e+01 1.431712e+03 1.481081e+01
2.193500e+02 3.132339e+01 7.635409e+01 2.338160e+01 1.431712e+03 1.481101e+01
2.194000e+02 3.130876e+01 7.633854e+01 2.338730e+01 1.431712e+03 1.481122e+01
2.194500e+02 3.130774e+01 7.633646e+01 2.339172e+01 1.431712e+03 1.481142e+01
2.195000e+02 3.131035e+01 7.633798e+01 2.339585e+01 1.431713e+03 1.481162e+01
2.195500e+02 3.131456e+01 7.634109e+01 2.339987e+01 1.431713e+03 1.481183e+01
2.196000e+02 3.131938e+01 7.634479e+01 2.340390e+01 1.431713e+03 1.481203e+01
2.196500e+02 3.132479e+01 7.634909e+01 2.340792e+01 1.431713e+03 1.481223e+01
2.197000e+02 3.133073e+01 7.635391e+01 2.341195e+01 1.431714e+03 1.481244e+01
2.197500e+02 3.133726e+01 7.635930e+01 2.341599e+01 1.431714e+03 1.481264e+01
2.198000e+02 3.134467e+01 7.636558e+01 2.342000e+01 1.431714e+03 1.481285e+01
2.198500e+02 3.135396e+01 7.637372e+01 2.342388e+01 1.431714e+03 1.481305e+01
2.199000e+02 3.136911e+01 7.638766e+01 2.342726e+01 1.431715e+03 1.481325e+01
2.199500e+02 3.143726e+01 7.645411e+01 2.342549e+01 1.431715e+03 1.481346e+01
2.200000e+02 3.138134e+01 7.639764e+01 2.343596e+01 1.431715e+03 1.481366e+01
2.200500e+02 3.137951e+01 7.639477e+01 2.344119e+01 1.431715e+03 1.481386e+01
2.201000e+02 3.138217e+01 7.639634e+01 2.344604e+01 1.431716e+03 1.481407e+01
2.201500e+02 3.138701e+01 7.640007e+01 2.345074e+01 1.431716e+03 1.481427e+01
2.202000e+02 3.139279e+01 7.640472e+01 2.345542e+01 1.431716e+03 1.481447e+01
2.202500e+02 3.139907e+01 7.640988e+01 2.346012e+01 1.431716e+03 1.481468e+01
2.203000e+02 3.140573e+01 7.641541e+01 2.346485e+01 1.431717e+03 1.481488e+01
2.203500e+02 3.141276e+01 7.642131e+01 2.346961e+01 1.431717e+03 1.481508e+01
2.204000e+02 3.142125e+01 7.642866e+01 2.347430e+01 1.431717e+03 1.481529e+01
2.204500e+02 3.142691e+01 7.643319e+01 2.347934e+01 1.431717e+03 1.481549e+01
2.205000e+02 3.143414e+01 7.643929e+01 2.348429e+01 1.431718e+03 1.481569e+01
2.205500e+02 3.144196e+01 7.644598e+01 2.348926e+01 1.431718e+03 1.481590e+01
2.206000e+02 3.145077e+01 7.645364e+01 2.349421e+01 1.431718e+03 1.481610e+01
2.206500e+02 3.146214e+01 7.646383e+01 2.349899e+01 1.431718e+03 1.481630e+01
2.207000e+02 3.148731e+01 7.648770e+01 2.350248e+01 1.431718e+03 1.481651e+01
2.207500e+02 3.149295e+01 7.649222e+01 2.350798e+01 1.431719e+03 1.481671e+01
2.208000e+02 3.148514e+01 7.648342e+01 2.351488e+01 1.431719e+03 1.481692e+01
2.208500e+02 3.148857e+01 7.648575e+01 2.352075e+01 1.431719e+03 1.481712e+01
2.209000e+02 3.149472e+01 7.649078e+01 2.352645e+01 1.431719e+03 1.481732e+01
2.209500e+02 3.150189e+01 7.649681e+01 2.353213e+01 1.431720e+03 1.481753e+01
2.210000e+02 3.150962e+01 7.650340e+01 2.353784e+01 1.431720e+03 1.481773e+01
2.210500e+02 3.151777e+01 7.651042e+01 2.354359e+01 1.431720e+03 1.481793e+01
2.211000e+02 3.152635e+01 7.651785e+01 2.354940e+01 1.431720e+03 1.481814e+01
2.211500e+02 3.153547e+01 7.652582e+01 2.355525e+01 1.431721e+03 1.481834e+01
2.212000e+02 3.154550e+01 7.653469e+01 2.356110e+01 1.431721e+03 1.481854e+01
2.212500e+02 3.155765e+01 7.654565e+01 2.356684e+01 1.431721e+03 1.481875e+01
2.213000e+02 3.157800e+01 7.656475e+01 2.357187e+01 1.431721e+03 1.481895e+01
2.213500e+02 3.158216e+01 7.656781e+01 2.357860e+01 1.431722e+03 1.481915e+01
2.214000e+02 3.158346e+01 7.656803e+01 2.358572e+01 1.431722e+03 1.481936e+01
2.214500e+02 3.158944e+01 7.657288e+01 2.359248e+01 1.431722e+03 1.481956e+01
2.215000e+02 3.159693e+01 7.657924e+01 2.359920e+01 1.431722e+03 1.481976e+01
2.215500e+02 3.160563e+01 7.658680e+01 2.360592e+01 1.431723e+03 1.481997e+01
2.216000e+02 3.161445e+01 7.659447e+01 2.361274e+01 1.431723e+03 1.482017e+01
2.216500e+02 3.162350e+01 7.660236e+01 2.361966e+01 1.431723e+03 1.482037e+01
2.217000e+02 3.163296e+01 7.661067e+01 2.362666e+01 1.431723e+03 1.482058e+01
2.217500e+02 3.164270e+01 7.661925e+01 2.363375e+01 1.431724e+03 1.482078e+01
2.218000e+02 3.165266e+01 7.662805e+01 2.364096e+01 1.431724e+03 1.482098e+01
2.218500e+02 3.166283e+01 7.663706e+01 2.364827e+01 1.431724e+03 1.482119e+01
2.219000e+02 3.167320e+01 7.664627e+01 2.365570e+01 1.431724e+03 1.482139e+01
2.219500e+02 3.168377e+01 7.665568e+01 2.366326e+01 1.431725e+03 1.482159e+01
2.220000e+02 3.169456e+01 7.666530e+01 2.367093e+01 1.431725e+03 1.482180e+01
2.220500e+02 3.170558e+01 7.667515e+01 2.367873e+01 1.431725e+03 1.482200e+01
2.221000e+02 3.171683e+01 7.668523e+01 2.368667e+01 1.431725e+03 1.482220e+01
2.221500e+02 3.172836e+01 7.669558e+01 2.369473e+01 1.431725e+03 1.482241e+01
2.222000e+02 3.174020e+01 7.670625e+01 2.370293e+01 1.431726e+03 1.482261e+01
2.222500e+02 3.175248e+01 7.671734e+01 2.371125e+01 1.431726e+03 1.482281e+01
2.223000e+02 3.176540e+01 7.672908e+01 2.371968e+01 1.431726e+03 1.482302e+01
2.223500e+02 3.177964e+01 7.674212e+01 2.372816e+01 1.431726e+03 1.482322e+01
2.224000e+02 3.179817e+01 7.675941e+01 2.373640e+01 1.431727e+03 1.482342e+01
2.224500e+02 3.181443e+01 7.677446e+01 2.374506e+01 1.431727e+03 1.482363e+01
2.225000e+02 3.181845e+01 7.677737e+01 2.375513e+01 1.431727e+03 1.482383e+01
2.225500e+02 3.182904e+01 7.678680e+01 2.376476e+01 1.431727e+03 1.482404e+01
2.226000e+02 3.184133e+01 7.679790e+01 2.377443e+01 1.431728e+03 1.482424e+01
2.226500e+02 3.185444e+01 7.680982e+01 2.378424e+01 1.431728e+03 1.482444e+01
2.227000e+02 3.186810e+01 7.682229e+01 2.379422e+01 1.431728e+03 1.482465e+01
2.227500e+02 3.188227e+01 7.683526e+01 2.380438e+01 1.431728e+03 1.482485e+01
2.228000e+02 3.189676e+01 7.684855e+01 2.381476e+01 1.431729e+03 1.482505e+01
2.228500e+02 3.191172e+01 7.686231e+01 2.382534e+01 1.431729e+03 1.482526e+01
2.229000e+02 3.192718e+01 7.687656e+01 2.383614e+01 1.431729e+03 1.482546e+01
2.229500e+02 3.194326e+01 7.689142e+01 2.384714e+01 1.431729e+03 1.482566e+01
2.230000e+02 3.196093e+01 7.690786e+01 2.385826e+01 1.431730e+03 1.482587e+01
2.230500e+02 3.197813e+01 7.692384e+01 2.386972e+01 1.431730e+03 1.482607e+01
2.231000e+02 3.199603e+01 7.694050e+01 2.388142e+01 1.431730e+03 1.482627e+01
2.231500e+02 3.201494e+01 7.695817e+01 2.389332e+01 1.431730e+03 1.482648e+01
2.232000e+02 3.204199e+01 7.698390e+01 2.390473e+01 1.431731e+03 1.482668e+01
2.232500e+02 3.206613e+01 7.700675e+01 2.391676e+01 1.431731e+03 1.482689e+01
2.233000e+02 3.207943e+01 7.701886e+01 2.393023e+01 1.431731e+03 1.482709e+01
2.233500e+02 3.208994e+01 7.702821e+01 2.394435e+01 1.431731e+03 1.482729e+01
2.234000e+02 3.211382e+01 7.705080e+01 2.395749e+01 1.431732e+03 1.482750e+01
2.234500e+02 3.212519e+01 7.706100e+01 2.397227e+01 1.431732e+03 1.482770e+01
2.235000e+02 3.214272e+01 7.707730e+01 2.398683e+01 1.431732e+03 1.482790e+01
2.235500e+02 3.216249e+01 7.709583e+01 2.400158e+01 1.431732e+03 1.482811e+01
2.236000e+02 3.218349e+01 7.711556e+01 2.401663e+01 1.431733e+03 1.482831e+01
2.236500e+02 3.220551e+01 7.713631e+01 2.403202e+01 1.431733e+03 1.482851e+01
2.237000e+02 3.222864e+01 7.715817e+01 2.404774e+01 1.431733e+03 1.482872e+01
2.237500e+02 3.225317e+01 7.718140e+01 2.406380e+01 1.431733e+03 1.482892e+01
2.238000e+02 3.227951e+01 7.720643e+01 2.408015e+01 1.431734e+03 1.482912e+01
2.238500e+02 3.231269e+01 7.723824e+01 2.409630e+01 1.431734e+03 1.482932e+01
2.239000e+02 3.238258e+01 7.730642e+01 2.410924e+01 1.431734e+03 1.482953e+01
2.239500e+02 3.236122e+01 7.728419e+01 2.413195e+01 1.431734e+03 1.482973e+01
2.240000e+02 3.238204e+01 7.730375e+01 2.415093e+01 1.431734e+03 1.482993e+01
2.240500e+02 3.240746e+01 7.732787e+01 2.416998e+01 1.431735e+03 1.483014e+01
2.241000e+02 3.243432e+01 7.735342e+01 2.418944e+01 1.431735e+03 1.483034e+01
2.241500e+02 3.246295e+01 7.738072e+01 2.420929e+01 1.431735e+03 1.483054e+01
2.242000e+02 3.249285e+01 7.740928e+01 2.422959e+01 1.431735e+03 1.483074e+01
2.242500e+02 3.252389e+01 7.743897e+01 2.425035e+01 1.431736e+03 1.483094e+01
2.243000e+02 3.255607e+01 7.746979e+01 2.427158e+01 1.431736e+03 1.483115e+01
2.243500e+02 3.258939e+01 7.750175e+01 2.429328e+01 1.431736e+03 1.483135e+01
2.244000e+02 3.262393e+01 7.753491e+01 2.431545e+01 1.431736e+03 1.483155e+01
2.244500e+02 3.265979e+01 7.756937e+01 2.433805e+01 1.431737e+03 1.483175e+01
2.245000e+02 3.269713e+01 7.760530e+01 2.436108e+01 1.431737e+03 1.483195e+01
2.245500e+02 3.273624e+01 7.764299e+01 2.438449e+01 1.431737e+03 1.483215e+01
2.246000e+02 3.277770e+01 7.768301e+01 2.440819e+01 1.431737e+03 1.483235e+01
2.246500e+02 3.282282e+01 7.772666e+01 2.443204e+01 1.431738e+03 1.483255e+01
2.247000e+02 3.287560e+01 7.777790e+01 2.445558e+01 1.431738e+03 1.483275e+01
2.247500e+02 3.295912e+01 7.785960e+01 2.447639e+01 1.431738e+03 1.483294e+01
2.248000e+02 3.300195e+01 7.790098e+01 2.450181e+01 1.431738e+03 1.483314e+01
2.248500e+02 3.321723e+01 7.811330e+01 2.450974e+01 1.431739e+03 1.483334e+01
2.249000e+02 3.308065e+01 7.797685e+01 2.455438e+01 1.431739e+03 1.483354e+01
2.249500e+02 3.309777e+01 7.799276e+01 2.458333e+01 1.431739e+03 1.483373e+01
2.250000e+02 3.314158e+01 7.803510e+01 2.460967e+01 1.431739e+03 1.483393e+01
2.250500e+02 3.318688e+01 7.807894e+01 2.463591e+01 1.431740e+03 1.483412e+01
2.251000e+02 3.322608e+01 7.811673e+01 2.466273e+01 1.431740e+03 1.483432e+01
2.251500e+02 3.327539e+01 7.816454e+01 2.468833e+01 1.431740e+03 1.483451e+01
2.252000e+02 3.332969e+01 7.821729e+01 2.471313e+01 1.431740e+03 1.483470e+01
2.252500e+02 3.337890e+01 7.826500e+01 2.473805e+01 1.431740e+03 1.483489e+01
2.253000e+02 3.343358e+01 7.831813e+01 2.476183e+01 1.431741e+03 1.483508e+01
2.253500e+02 3.349103e+01 7.837402e+01 2.478460e+01 1.431741e+03 1.483527e+01
2.254000e+02 3.355127e+01 7.843266e+01 2.480621e+01 1.431741e+03 1.483546e+01
2.254500e+02 3.361453e+01 7.849431e+01 2.482645e+01 1.431741e+03 1.483565e+01
2.255000e+02 3.368139e+01 7.855953e+01 2.484511e+01 1.431742e+03 1.483584e+01
2.255500e+02 3.375279e+01 7.862924e+01 2.486190e+01 1.431742e+03 1.483603e+01
2.256000e+02 3.383020e+01 7.870492e+01 2.487651e+01 1.431742e+03 1.483621e+01
2.256500e+02 3.391602e+01 7.878894e+01 2.488853e+01 1.431742e+03 1.483640e+01
2.257000e+02 3.401421e+01 7.888523e+01 2.489743e+01 1.431743e+03 1.483658e+01
2.257500e+02 3.413240e+01 7.900136e+01 2.490232e+01 1.431743e+03 1.483677e+01
2.258000e+02 3.428322e+01 7.914985e+01 2.490184e+01 1.431743e+03 1.483695e+01
2.258500e+02 3.445970e+01 7.932380e+01 2.489647e+01 1.431744e+03 1.483713e+01
2.259000e+02 3.472562e+01 7.958648e+01 2.487786e+01 1.431744e+03 1.483731e+01
2.259500e+02 3.516411e+01 8.002039e+01 2.483546e+01 1.431744e+03 1.483749e+01
2.260000e+02 3.604713e+01 8.089554e+01 2.474252e+01 1.431745e+03 1.483768e+01
2.260500e+02 4.005658e+01 8.487679e+01 2.431595e+01 1.431744e+03 1.483786e+01
2.261000e+02 3.716027e+01 8.199840e+01 2.461973e+01 1.431742e+03 1.483805e+01
2.261500e+02 3.551395e+01 8.036319e+01 2.478887e+01 1.431743e+03 1.483823e+01
2.262000e+02 3.495021e+01 7.980281e+01 2.484144e+01 1.431743e+03 1.483842e+01
2.262500e+02 3.462223e+01 7.947641e+01 2.486733e+01 1.431744e+03 1.483860e+01
2.263000e+02 3.441083e+01 7.926567e+01 2.487932e+01 1.431744e+03 1.483879e+01
2.263500e+02 3.425753e+01 7.911256e+01 2.488376e+01 1.431744e+03 1.483898e+01
2.264000e+02 3.413816e+01 7.899312e+01 2.488339e+01 1.431745e+03 1.483917e+01
2.264500e+02 3.404066e+01 7.889536e+01 2.487964e+01 1.431745e+03 1.483935e+01
2.265000e+02 3.395857e+01 7.881290e+01 2.487336e+01 1.431745e+03 1.483955e+01
2.265500e+02 3.388903e+01 7.874289e+01 2.486503e+01 1.431745e+03 1.483974e+01
2.266000e+02 3.383851e+01 7.869172e+01 2.485411e+01 1.431746e+03 1.483993e+01
2.266500e+02 3.376695e+01 7.861970e+01 2.484495e+01 1.431746e+03 1.484012e+01
2.267000e+02 3.370815e+01 7.856034e+01 2.483415e+01 1.431746e+03 1.484031e+01
2.267500e+02 3.365271e+01 7.850430e+01 2.482280e+01 1.431746e+03 1.484051e+01
2.268000e+02 3.360453e+01 7.845547e+01 2.481061e+01 1.431747e+03 1.484070e+01
2.268500e+02 3.356269e+01 7.841293e+01 2.479779e+01 1.431747e+03 1.484090e+01
2.269000e+02 3.351864e+01 7.836819e+01 2.478531e+01 1.431747e+03 1.484109e+01
2.269500e+02 3.347659e+01 7.832544e+01 2.477282e+01 1.431747e+03 1.484129e+01
2.270000e+02 3.343857e+01 7.828669e+01 2.476017e+01 1.431748e+03 1.484149e+01
2.270500e+02 3.340324e+01 7.825060e+01 2.474758e+01 1.431748e+03 1.484169e+01
2.271000e+02 3.337019e+01 7.821677e+01 2.473513e+01 1.431748e+03 1.484189e+01
2.271500e+02 3.333919e+01 7.818497e+01 2.472289e+01 1.431748e+03 1.484208e+01
2.272000e+02 3.331009e+01 7.815506e+01 2.471092e+01 1.431749e+03 1.484228e+01
2.272500e+02 3.328282e+01 7.812696e+01 2.469925e+01 1.431749e+03 1.484248e+01
2.273000e+02 3.325725e+01 7.810055e+01 2.468792e+01 1.431749e+03 1.484268e+01
2.273500e+02 3.323327e+01 7.807571e+01 2.467697e+01 1.431749e+03 1.484288e+01
2.274000e+02 3.321070e+01 7.805228e+01 2.466642e+01 1.431750e+03 1.484309e+01
2.274500e+02 3.318938e+01 7.803009e+01 2.465631e+01 1.431750e+03 1.484329e+01
2.275000e+02 3.316963e+01 7.800944e+01 2.464660e+01 1.431750e+03 1.484349e+01
2.275500e+02 3.315099e+01 7.798990e+01 2.463734e+01 1.431750e+03 1.484369e+01
2.276000e+02 3.313382e+01 7.797182e+01 2.462850e+01 1.431751e+03 1.484389e+01
2.276500e+02 3.311805e+01 7.795512e+01 2.462007e+01 1.431751e+03 1.484410e+01
2.277000e+02 3.310386e+01 7.794000e+01 2.461204e+01 1.431751e+03 1.484430e+01
2.277500e+02 3.309300e+01 7.792816e+01 2.460422e+01 1.431751e+03 1.484450e+01
2.278000e+02 3.307852e+01 7.791274e+01 2.459731e+01 1.431752e+03 1.484470e+01
2.278500e+02 3.306569e+01 7.789896e+01 2.459076e+01 1.431752e+03 1.484491e+01
2.279000e+02 3.305551e+01 7.788781e+01 2.458446e+01 1.431752e+03 1.484511e+01
2.279500e+02 3.304786e+01 7.787916e+01 2.457840e+01 1.431752e+03 1.484531e+01
2.280000e+02 3.303586e+01 7.786620e+01 2.457329e+01 1.431753e+03 1.484552e+01
2.280500e+02 3.302730e+01 7.785664e+01 2.456831e+01 1.431753e+03 1.484572e+01
2.281000e+02 3.302006e+01 7.784841e+01 2.456365e+01 1.431753e+03 1.484592e+01
2.281500e+02 3.301357e+01 7.784091e+01 2.455937e+01 1.431753e+03 1.484613e+01
2.282000e+02 3.300812e+01 7.783444e+01 2.455542e+01 1.431754e+03 1.484633e+01
2.282500e+02 3.300372e+01 7.782902e+01 2.455179e+01 1.431754e+03 1.484654e+01
2.283000e+02 3.300195e+01 7.782619e+01 2.454830e+01 1.431754e+03 1.484674e+01
2.283500e+02 3.299711e+01 7.782033e+01 2.454554e+01 1.431754e+03 1.484694e+01
2.284000e+02 3.299406e+01 7.781624e+01 2.454297e+01 1.431755e+03 1.484715e+01
2.284500e+02 3.299226e+01 7.781338e+01 2.454065e+01 1.431755e+03 1.484735e+01
2.285000e+02 3.299132e+01 7.781139e+01 2.453861e+01 1.431755e+03 1.484756e+01
2.285500e+02 3.299119e+01 7.781019e+01 2.453683e+01 1.431755e+03 1.484776e+01
2.286000e+02 3.299186e+01 7.780979e+01 2.453531e+01 1.431756e+03 1.484797e+01
2.286500e+02 3.299334e+01 7.781019e+01 2.453404e+01 1.431756e+03 1.484817e+01
2.287000e+02 3.299568e+01 7.781144e+01 2.453299e+01 1.431756e+03 1.484837e+01
2.287500e+02 3.299897e+01 7.781363e+01 2.453215e+01 1.431756e+03 1.484858e+01
2.288000e+02 3.300332e+01 7.781688e+01 2.453149e+01 1.431757e+03 1.484878e+01
2.288500e+02 3.300824e+01 7.782068e+01 2.453106e+01 1.431757e+03 1.484899e+01
2.289000e+02 3.301459e+01 7.782590e+01 2.453076e+01 1.431757e+03 1.484919e+01
2.289500e+02 3.302243e+01 7.783261e+01 2.453057e+01 1.431757e+03 1.484940e+01
2.290000e+02 3.303230e+01 7.784132e+01 2.453042e+01 1.431758e+03 1.484960e+01
2.290500e+02 3.304648e+01 7.785431e+01 2.453008e+01 1.431758e+03 1.484981e+01
2.291000e+02 3.305932e+01 7.786596e+01 2.453012e+01 1.431758e+03 1.485001e+01
2.291500e+02 3.307230e+01 7.787775e+01 2.453037e+01 1.431758e+03 1.485021e+01
2.292000e+02 3.309187e+01 7.789608e+01 2.453016e+01 1.431759e+03 1.485042e+01
2.292500e+02 3.311799e+01 7.792089e+01 2.452950e+01 1.431759e+03 1.485062e+01
2.293000e+02 3.315374e+01 7.795525e+01 2.452804e+01 1.431759e+03 1.485083e+01
2.293500e+02 3.320549e+01 7.800546e+01 2.452513e+01 1.431760e+03 1.485103e+01
2.294000e+02 3.328698e+01 7.808513e+01 2.451934e+01 1.431760e+03 1.485124e+01
2.294500e+02 3.342962e+01 7.822542e+01 2.450739e+01 1.431760e+03 1.485144e+01
2.295000e+02 3.373847e+01 7.853045e+01 2.447842e+01 1.431761e+03 1.485165e+01
2.295500e+02 3.475101e+01 7.953323e+01 2.437667e+01 1.431761e+03 1.485185e+01
2.296000e+02 3.475703e+01 7.953812e+01 2.437939e+01 1.431760e+03 1.485206e+01
2.296500e+02 3.376845e+01 7.855696e+01 2.448537e+01 1.431760e+03 1.485226e+01
2.297000e+02 3.348087e+01 7.827086e+01 2.451886e+01 1.431761e+03 1.485246e+01
2.297500e+02 3.335893e+01 7.814896e+01 2.453534e+01 1.431761e+03 1.485267e+01
2.298000e+02 3.329915e+01 7.808865e+01 2.454554e+01 1.431761e+03 1.485287e+01
2.298500e+02 3.326931e+01 7.805801e+01 2.455278e+01 1.431762e+03 1.485308e+01
2.299000e+02 3.325606e+01 7.804382e+01 2.455845e+01 1.431762e+03 1.485328e+01
2.299500e+02 3.325356e+01 7.804028e+01 2.456314e+01 1.431762e+03 1.485349e+01
2.300000e+02 3.326049e+01 7.804608e+01 2.456699e+01 1.431763e+03 1.485369e+01
2.300500e+02 3.327149e+01 7.805591e+01 2.457055e+01 1.431763e+03 1.485390e+01
2.301000e+02 3.328160e+01 7.806486e+01 2.457433e+01 1.431763e+03 1.485410e+01
2.301500e+02 3.329257e+01 7.807466e+01 2.457815e+01 1.431763e+03 1.485431e+01
2.302000e+02 3.331080e+01 7.809166e+01 2.458133e+01 1.431764e+03 1.485451e+01
2.302500e+02 3.333355e+01 7.811313e+01 2.458417e+01 1.431764e+03 1.485471e+01
2.303000e+02 3.336121e+01 7.813947e+01 2.458661e+01 1.431764e+03 1.485492e+01
2.303500e+02 3.339721e+01 7.817407e+01 2.458830e+01 1.431764e+03 1.485512e+01
2.304000e+02 3.342977e+01 7.820527e+01 2.459046e+01 1.431765e+03 1.485533e+01
2.304500e+02 3.347571e+01 7.824973e+01 2.459134e+01 1.431765e+03 1.485553e+01
2.305000e+02 3.354254e+01 7.831489e+01 2.459015e+01 1.431765e+03 1.485574e+01
2.305500e+02 3.362649e+01 7.839701e+01 2.458728e+01 1.431766e+03 1.485594e+01
2.306000e+02 3.359789e+01 7.836760e+01 2.459622e+01 1.431766e+03 1.485615e+01
2.306500e+02 3.362055e+01 7.838899e+01 2.459993e+01 1.431766e+03 1.485635e+01
2.307000e+02 3.366155e+01 7.842855e+01 2.460184e+01 1.431766e+03 1.485656e+01
2.307500e+02 3.371846e+01 7.848389e+01 2.460218e+01 1.431767e+03 1.485676e+01
2.308000e+02 3.379350e+01 7.855718e+01 2.460074e+01 1.431767e+03 1.485697e+01
2.308500e+02 3.389178e+01 7.865352e+01 2.459696e+01 1.431768e+03 1.485717e+01
2.309000e+02 3.402219e+01 7.878172e+01 2.458993e+01 1.431768e+03 1.485738e+01
2.309500e+02 3.419972e+01 7.895662e+01 2.457808e+01 1.431768e+03 1.485758e+01
2.310000e+02 3.445063e+01 7.920429e+01 2.455866e+01 1.431769e+03 1.485779e+01
2.310500e+02 3.482423e+01 7.957364e+01 2.452651e+01 1.431769e+03 1.485799e+01
2.311000e+02 3.542605e+01 8.016941e+01 2.447062e+01 1.431770e+03 1.485819e+01
2.311500e+02 3.646202e+01 8.119612e+01 2.436941e+01 1.431771e+03 1.485840e+01
2.312000e+02 3.862508e+01 8.334241e+01 2.415036e+01 1.431772e+03 1.485860e+01
2.312500e+02 4.484559e+01 8.952511e+01 2.350616e+01 1.431772e+03 1.485881e+01
2.313000e+02 4.876931e+01 9.342936e+01 2.310169e+01 1.431767e+03 1.485901e+01
2.313500e+02 3.962775e+01 8.433513e+01 2.406687e+01 1.431764e+03 1.485922e+01
2.314000e+02 3.692349e+01 8.164870e+01 2.435724e+01 1.431766e+03 1.485942e+01
2.314500e+02 3.570921e+01 8.044276e+01 2.449176e+01 1.431766e+03 1.485963e+01
2.315000e+02 3.505428e+01 7.979211e+01 2.456787e+01 1.431768e+03 1.485983e+01
2.315500e+02 3.466167e+01 7.940173e+01 2.461664e+01 1.431768e+03 1.486004e+01
2.316000e+02 3.440952e+01 7.915067e+01 2.465082e+01 1.431769e+03 1.486024e+01
2.316500e+02 3.423988e+01 7.898144e+01 2.467646e+01 1.431769e+03 1.486045e+01
2.317000e+02 3.412223e+01 7.886375e+01 2.469674e+01 1.431769e+03 1.486065e+01
2.317500e+02 3.403925e+01 7.878043e+01 2.471348e+01 1.431769e+03 1.486086e+01
2.318000e+02 3.398060e+01 7.872124e+01 2.472774e+01 1.431770e+03 1.486106e+01
2.318500e+02 3.394000e+01 7.867992e+01 2.474018e+01 1.431770e+03 1.486127e+01
2.319000e+02 3.391410e+01 7.865319e+01 2.475115e+01 1.431771e+03 1.486147e+01
2.319500e+02 3.390476e+01 7.864286e+01 2.476043e+01 1.431771e+03 1.486168e+01
2.320000e+02 3.392519e+01 7.866204e+01 2.476663e+01 1.431771e+03 1.486188e+01
2.320500e+02 3.388491e+01 7.862106e+01 2.477924e+01 1.431771e+03 1.486209e+01
2.321000e+02 3.388021e+01 7.861533e+01 2.478815e+01 1.431772e+03 1.486229e+01
2.321500e+02 3.388411e+01 7.861813e+01 2.479617e+01 1.431772e+03 1.486250e+01
2.322000e+02 3.389347e+01 7.862633e+01 2.480363e+01 1.431772e+03 1.486270e+01
2.322500e+02 3.390729e+01 7.863896e+01 2.481061e+01 1.431773e+03 1.486290e+01
2.323000e+02 3.392522e+01 7.865566e+01 2.481714e+01 1.431773e+03 1.486311e+01
2.323500e+02 3.394726e+01 7.867644e+01 2.482321e+01 1.431773e+03 1.486331e+01
2.324000e+02 3.397404e+01 7.870190e+01 2.482873e+01 1.431774e+03 1.486352e+01
2.324500e+02 3.400775e+01 7.873424e+01 2.483348e+01 1.431774e+03 1.486372e+01
2.325000e+02 3.405942e+01 7.878439e+01 2.483627e+01 1.431774e+03 1.486393e+01
2.325500e+02 3.409386e+01 7.881745e+01 2.484080e+01 1.431774e+03 1.486413e+01
2.326000e+02 3.411180e+01 7.883416e+01 2.484700e+01 1.431775e+03 1.486434e+01
2.326500e+02 3.415144e+01 7.887238e+01 2.485083e+01 1.431775e+03 1.486454e+01
2.327000e+02 3.421396e+01 7.893328e+01 2.485218e+01 1.431775e+03 1.486475e+01
2.327500e+02 3.425589e+01 7.897376e+01 2.485560e+01 1.431775e+03 1.486495e+01
2.328000e+02 3.428691e+01 7.900345e+01 2.486011e+01 1.431776e+03 1.486516e+01
2.328500e+02 3.433683e+01 7.905185e+01 2.486257e+01 1.431776e+03 1.486536e+01
2.329000e+02 3.439700e+01 7.911043e+01 2.486388e+01 1.431776e+03 1.486557e+01
2.329500e+02 3.447107e+01 7.918278e+01 2.486369e+01 1.431777e+03 1.486577e+01
2.330000e+02 3.456069e+01 7.927055e+01 2.486182e+01 1.431777e+03 1.486598e+01
2.330500e+02 3.461431e+01 7.932264e+01 2.486372e+01 1.431777e+03 1.486618e+01
2.331000e+02 3.469649e+01 7.940303e+01 2.486260e+01 1.431778e+03 1.486639e+01
2.331500e+02 3.479083e+01 7.949549e+01 2.486019e+01 1.431778e+03 1.486659e+01
2.332000e+02 3.489684e+01 7.959952e+01 2.485655e+01 1.431778e+03 1.486680e+01
2.332500e+02 3.501652e+01 7.971711e+01 2.485148e+01 1.431778e+03 1.486700e+01
2.333000e+02 3.515584e+01 7.985418e+01 2.484435e+01 1.431779e+03 1.486721e+01
2.333500e+02 3.536029e+01 8.005585e+01 2.483036e+01 1.431779e+03 1.486741e+01
2.334000e+02 3.545875e+01 8.015242e+01 2.482761e+01 1.431779e+03 1.486762e+01
2.334500e+02 3.562476e+01 8.031598e+01 2.481776e+01 1.431780e+03 1.486782e+01
2.335000e+02 3.582139e+01 8.050994e+01 2.480469e+01 1.431780e+03 1.486803e+01
2.335500e+02 3.604806e+01 8.073370e+01 2.478849e+01 1.431780e+03 1.486824e+01
2.336000e+02 3.630962e+01 8.099211e+01 2.476862e+01 1.431781e+03 1.486844e+01
2.336500e+02 3.661443e+01 8.129345e+01 2.474421e+01 1.431781e+03 1.486865e+01
2.337000e+02 3.697581e+01 8.165096e+01 2.471382e+01 1.431781e+03 1.486885e+01
2.337500e+02 3.741537e+01 8.208613e+01 2.467517e+01 1.431781e+03 1.486906e+01
2.338000e+02 3.797271e+01 8.263829e+01 2.462402e+01 1.431782e+03 1.486927e+01
2.338500e+02 3.874562e+01 8.340463e+01 2.454996e+01 1.431782e+03 1.486947e+01
2.339000e+02 4.005649e+01 8.470558e+01 2.441864e+01 1.431783e+03 1.486968e+01
2.339500e+02 4.439814e+01 8.902058e+01 2.396432e+01 1.431781e+03 1.486988e+01
2.340000e+02 3.983924e+01 8.448758e+01 2.445818e+01 1.431779e+03 1.487009e+01
2.340500e+02 3.872478e+01 8.337959e+01 2.458517e+01 1.431780e+03 1.487030e+01
2.341000e+02 3.799358e+01 8.265252e+01 2.467145e+01 1.431780e+03 1.487050e+01
2.341500e+02 3.748831e+01 8.214989e+01 2.473375e+01 1.431781e+03 1.487071e+01
2.342000e+02 3.710149e+01 8.176490e+01 2.478353e+01 1.431781e+03 1.487092e+01
2.342500e+02 3.676591e+01 8.143081e+01 2.482792e+01 1.431781e+03 1.487112e+01
2.343000e+02 3.651637e+01 8.118215e+01 2.486322e+01 1.431781e+03 1.487133e+01
2.343500e+02 3.633501e+01 8.100115e+01 2.489133e+01 1.431782e+03 1.487153e+01
2.344000e+02 3.608318e+01 8.075026e+01 2.492702e+01 1.431782e+03 1.487174e+01
2.344500e+02 3.590942e+01 8.057683e+01 2.495445e+01 1.431782e+03 1.487195e+01
2.345000e+02 3.576875e+01 8.043623e+01 2.497841e+01 1.431783e+03 1.487215e+01
2.345500e+02 3.567679e+01 8.034396e+01 2.499725e+01 1.431783e+03 1.487236e+01
2.346000e+02 3.552995e+01 8.019727e+01 2.502200e+01 1.431783e+03 1.487257e+01
2.346500e+02 3.542888e+01 8.009596e+01 2.504192e+01 1.431784e+03 1.487277e+01
2.347000e+02 3.535460e+01 8.002123e+01 2.505905e+01 1.431784e+03 1.487298e+01
2.347500e+02 3.528467e+01 7.995082e+01 2.507576e+01 1.431784e+03 1.487319e+01
2.348000e+02 3.523126e+01 7.989679e+01 2.509077e+01 1.431785e+03 1.487339e+01
2.348500e+02 3.519167e+01 7.985646e+01 2.510435e+01 1.431785e+03 1.487360e+01
2.349000e+02 3.516482e+01 7.982877e+01 2.511662e+01 1.431785e+03 1.487381e+01
2.349500e+02 3.515121e+01 7.981421e+01 2.512753e+01 1.431786e+03 1.487401e+01
2.350000e+02 3.515310e+01 7.981501e+01 2.513683e+01 1.431786e+03 1.487422e+01
2.350500e+02 3.517954e+01 7.984015e+01 2.514355e+01 1.431786e+03 1.487443e+01
2.351000e+02 3.521675e+01 7.987597e+01 2.514916e+01 1.431787e+03 1.487464e+01
2.351500e+02 3.523299e+01 7.989100e+01 2.515706e+01 1.431787e+03 1.487484e+01
2.352000e+02 3.529007e+01 7.994652e+01 2.516064e+01 1.431787e+03 1.487505e+01
2.352500e+02 3.537966e+01 8.003428e+01 2.516077e+01 1.431788e+03 1.487526e+01
2.353000e+02 3.550897e+01 8.016143e+01 2.515668e+01 1.431788e+03 1.487546e+01
2.353500e+02 3.569301e+01 8.034286e+01 2.514676e+01 1.431789e+03 1.487567e+01
2.354000e+02 3.595812e+01 8.060471e+01 2.512816e+01 1.431789e+03 1.487588e+01
2.354500e+02 3.635172e+01 8.099405e+01 2.509577e+01 1.431790e+03 1.487609e+01
2.355000e+02 3.696547e+01 8.160188e+01 2.503972e+01 1.431790e+03 1.487629e+01
2.355500e+02 3.799606e+01 8.262362e+01 2.493878e+01 1.431792e+03 1.487650e+01
2.356000e+02 3.993793e+01 8.455083e+01 2.473959e+01 1.431792e+03 1.487671e+01
2.356500e+02 4.442911e+01 8.901404e+01 2.426509e+01 1.431797e+03 1.487692e+01
2.357000e+02 6.194104e+01 1.064572e+02 2.238114e+01 1.431790e+03 1.487712e+01
2.357500e+02 4.815521e+01 9.271942e+01 2.388208e+01 1.431781e+03 1.487733e+01
2.358000e+02 4.128106e+01 8.588095e+01 2.463468e+01 1.431785e+03 1.487754e+01
2.358500e+02 3.880014e+01 8.341541e+01 2.491264e+01 1.431785e+03 1.487775e+01
2.359000e+02 3.744249e+01 8.206662e+01 2.506944e+01 1.431787e+03 1.487795e+01
2.359500e+02 3.663026e+01 8.125961e+01 2.516747e+01 1.431787e+03 1.487816e+01
2.360000e+02 3.615158e+01 8.078370e+01 2.522960e+01 1.431788e+03 1.487837e+01
2.360500e+02 3.584420e+01 8.047777e+01 2.527333e+01 1.431788e+03 1.487858e+01
2.361000e+02 3.561987e+01 8.025424e+01 2.530816e+01 1.431789e+03 1.487879e+01
2.361500e+02 3.546027e+01 8.009490e+01 2.533608e+01 1.431789e+03 1.487899e+01
2.362000e+02 3.535300e+01 7.998748e+01 2.535841e+01 1.431790e+03 1.487920e+01
2.362500e+02 3.527898e+01 7.991301e+01 2.537722e+01 1.431790e+03 1.487941e+01
2.363000e+02 3.523386e+01 7.986721e+01 2.539297e+01 1.431791e+03 1.487962e+01
2.363500e+02 3.520735e+01 7.983985e+01 2.540677e+01 1.431791e+03 1.487983e+01
2.364000e+02 3.519365e+01 7.982520e+01 2.541926e+01 1.431792e+03 1.488003e+01
2.364500e+02 3.519978e+01 7.983021e+01 2.542966e+01 1.431792e+03 1.488024e+01
2.365000e+02 3.522552e+01 7.985465e+01 2.543800e+01 1.431793e+03 1.488045e+01
2.365500e+02 3.527434e+01 7.990198e+01 2.544390e+01 1.431793e+03 1.488066e+01
2.366000e+02 3.536871e+01 7.999448e+01 2.544493e+01 1.431794e+03 1.488087e+01
2.366500e+02 3.543632e+01 8.006043e+01 2.544893e+01 1.431793e+03 1.488108e+01
2.367000e+02 3.553300e+01 8.015522e+01 2.544983e+01 1.431795e+03 1.488129e+01
2.367500e+02 3.568858e+01 8.030841e+01 2.544440e+01 1.431794e+03 1.488149e+01
2.368000e+02 3.590878e+01 8.052570e+01 2.543201e+01 1.431796e+03 1.488170e+01
2.368500e+02 3.622690e+01 8.084013e+01 2.540902e+01 1.431795e+03 1.488191e+01
2.369000e+02 3.668285e+01 8.129133e+01 2.537108e+01 1.431797e+03 1.488212e+01
2.369500e+02 3.738665e+01 8.198855e+01 2.530618e+01 1.431797e+03 1.488233e+01
2.370000e+02 3.861126e+01 8.320298e+01 2.518450e+01 1.431800e+03 1.488254e+01
2.370500e+02 4.101091e+01 8.558526e+01 2.493451e+01 1.431798e+03 1.488275e+01
2.371000e+02 4.702378e+01 9.156351e+01 2.428919e+01 1.431805e+03 1.488296e+01
2.371500e+02 6.887707e+01 1.133430e+02 2.190605e+01 1.431794e+03 1.488316e+01
2.372000e+02 4.560980e+01 9.015442e+01 2.446711e+01 1.431785e+03 1.488337e+01
2.372500e+02 4.053982e+01 8.511286e+01 2.503360e+01 1.431791e+03 1.488358e+01
2.373000e+02 3.842720e+01 8.301375e+01 2.527676e+01 1.431790e+03 1.488379e+01
2.373500e+02 3.730856e+01 8.190243e+01 2.541142e+01 1.431793e+03 1.488400e+01
2.374000e+02 3.664792e+01 8.124591e+01 2.549619e+01 1.431793e+03 1.488421e+01
2.374500e+02 3.623011e+01 8.083042e+01 2.555456e+01 1.431794e+03 1.488442e+01
2.375000e+02 3.595239e+01 8.055392e+01 2.559775e+01 1.431794e+03 1.488463e+01
2.375500e+02 3.576847e+01 8.037047e+01 2.563082e+01 1.431795e+03 1.488484e+01
2.376000e+02 3.565048e+01 8.025241e+01 2.565680e+01 1.431795e+03 1.488505e+01
2.376500e+02 3.551386e+01 8.011587e+01 2.568496e+01 1.431796e+03 1.488526e+01
2.377000e+02 3.542923e+01 8.003090e+01 2.570757e+01 1.431796e+03 1.488547e+01
2.377500e+02 3.536981e+01 7.997092e+01 2.572754e+01 1.431797e+03 1.488568e+01
2.378000e+02 3.532809e+01 7.992849e+01 2.574572e+01 1.431797e+03 1.488589e+01
2.378500e+02 3.529993e+01 7.989950e+01 2.576255e+01 1.431798e+03 1.488610e+01
2.379000e+02 3.528284e+01 7.988149e+01 2.577831e+01 1.431798e+03 1.488631e+01
2.379500e+02 3.527529e+01 7.987293e+01 2.579319e+01 1.431799e+03 1.488652e+01
2.380000e+02 3.527728e+01 7.987383e+01 2.580717e+01 1.431798e+03 1.488673e+01
2.380500e+02 3.528510e+01 7.988052e+01 2.582067e+01 1.431799e+03 1.488694e+01
2.381000e+02 3.530230e+01 7.989650e+01 2.583331e+01 1.431799e+03 1.488715e+01
2.381500e+02 3.532895e+01 7.992185e+01 2.584507e+01 1.431800e+03 1.488736e+01
2.382000e+02 3.536735e+01 7.995884e+01 2.585571e+01 1.431800e+03 1.488757e+01
2.382500e+02 3.542272e+01 8.001266e+01 2.586465e+01 1.431801e+03 1.488778e+01
2.383000e+02 3.550801e+01 8.009614e+01 2.587048e+01 1.431801e+03 1.488799e+01
2.383500e+02 3.566857e+01 8.025426e+01 2.586818e+01 1.431801e+03 1.488820e+01
2.384000e+02 3.604732e+01 8.062874e+01 2.584195e+01 1.431801e+03 1.488841e+01
2.384500e+02 3.636759e+01 8.094529e+01 2.582235e+01 1.431802e+03 1.488862e+01
2.385000e+02 3.589655e+01 8.047709e+01 2.589046e+01 1.431802e+03 1.488883e+01
2.385500e+02 3.585089e+01 8.043074e+01 2.591177e+01 1.431803e+03 1.488904e+01
2.386000e+02 3.590846e+01 8.048675e+01 2.592189e+01 1.431803e+03 1.488925e+01
2.386500e+02 3.603363e+01 8.060980e+01 2.592475e+01 1.431804e+03 1.488946e+01
2.387000e+02 3.622124e+01 8.079477e+01 2.592092e+01 1.431803e+03 1.488968e+01
2.387500e+02 3.641886e+01 8.098969e+01 2.591621e+01 1.431805e+03 1.488989e+01
2.388000e+02 3.671834e+01 8.128565e+01 2.590042e+01 1.431804e+03 1.489010e+01
2.388500e+02 3.717707e+01 8.173964e+01 2.586715e+01 1.431806e+03 1.489031e+01
2.389000e+02 3.790323e+01 8.245911e+01 2.580434e+01 1.431806e+03 1.489052e+01
2.389500e+02 3.913410e+01 8.367985e+01 2.568545e+01 1.431808e+03 1.489073e+01
2.390000e+02 4.157325e+01 8.610154e+01 2.543179e+01 1.431808e+03 1.489094e+01
2.390500e+02 4.787876e+01 9.237133e+01 2.474556e+01 1.431812e+03 1.489115e+01
2.391000e+02 6.551310e+01 1.099430e+02 2.278743e+01 1.431803e+03 1.489136e+01
2.391500e+02 4.549538e+01 8.999771e+01 2.504956e+01 1.431795e+03 1.489158e+01
2.392000e+02 4.088715e+01 8.541550e+01 2.558486e+01 1.431801e+03 1.489179e+01
2.392500e+02 3.898620e+01 8.352651e+01 2.581769e+01 1.431800e+03 1.489200e+01
2.393000e+02 3.805141e+01 8.259753e+01 2.594294e+01 1.431802e+03 1.489221e+01
2.393500e+02 3.746512e+01 8.201467e+01 2.602966e+01 1.431802e+03 1.489242e+01
2.394000e+02 3.717104e+01 8.172182e+01 2.608412e+01 1.431804e+03 1.489263e+01
2.394500e+02 3.692572e+01 8.147738e+01 2.613359e+01 1.431803e+03 1.489284e+01
2.395000e+02 3.680516e+01 8.135672e+01 2.616952e+01 1.431805e+03 1.489305e+01
2.395500e+02 3.690388e+01 8.145356e+01 2.618128e+01 1.431804e+03 1.489326e+01
2.396000e+02 3.686228e+01 8.141122e+01 2.620927e+01 1.431805e+03 1.489348e+01
2.396500e+02 3.657950e+01 8.112967e+01 2.626489e+01 1.431805e+03 1.489369e+01
2.397000e+02 3.650960e+01 8.105927e+01 2.629706e+01 1.431806e+03 1.489390e+01
2.397500e+02 3.649932e+01 8.104800e+01 2.632301e+01 1.431806e+03 1.489411e+01
2.398000e+02 3.652139e+01 8.106881e+01 2.634583e+01 1.431807e+03 1.489432e+01
2.398500e+02 3.677698e+01 8.132124e+01 2.634276e+01 1.431807e+03 1.489453e+01
2.399000e+02 3.661046e+01 8.115500e+01 2.638790e+01 1.431807e+03 1.489474e+01
2.399500e+02 3.661673e+01 8.116015e+01 2.641405e+01 1.431807e+03 1.489495e+01
2.400000e+02 3.662742e+01 8.116967e+01 2.644023e+01 1.431808e+03 1.489516e+01
2.400500e+02 3.666644e+01 8.120730e+01 2.646372e+01 1.431808e+03 1.489537e+01
2.401000e+02 3.653376e+01 8.107464e+01 2.650725e+01 1.431808e+03 1.489558e+01
2.401500e+02 3.651509e+01 8.105504e+01 2.653838e+01 1.431808e+03 1.489579e+01
2.402000e+02 3.654249e+01 8.108114e+01 2.656479e+01 1.431809e+03 1.489600e+01
2.402500e+02 3.667920e+01 8.121565e+01 2.657925e+01 1.431809e+03 1.489621e+01
2.403000e+02 3.657039e+01 8.110667e+01 2.662220e+01 1.431809e+03 1.489642e+01
2.403500e+02 3.649275e+01 8.102860e+01 2.666210e+01 1.431809e+03 1.489663e+01
2.404000e+02 3.648593e+01 8.102076e+01 2.669439e+01 1.431810e+03 1.489684e+01
2.404500e+02 3.644763e+01 8.098170e+01 2.673072e+01 1.431810e+03 1.489704e+01
2.405000e+02 3.646880e+01 8.100162e+01 2.676063e+01 1.431811e+03 1.489725e+01
2.405500e+02 3.643518e+01 8.096721e+01 2.679719e+01 1.431811e+03 1.489746e+01
2.406000e+02 3.643854e+01 8.096947e+01 2.682981e+01 1.431811e+03 1.489767e+01
2.406500e+02 3.646205e+01 8.099171e+01 2.686036e+01 1.431811e+03 1.489787e+01
2.407000e+02 3.647295e+01 8.100144e+01 2.689255e+01 1.431812e+03 1.489808e+01
2.407500e+02 3.649204e+01 8.101930e+01 2.692391e+01 1.431812e+03 1.489828e+01
2.408000e+02 3.650198e+01 8.102808e+01 2.695634e+01 1.431812e+03 1.489849e+01
2.408500e+02 3.653893e+01 8.106366e+01 2.698559e+01 1.431812e+03 1.489869e+01
2.409000e+02 3.669585e+01 8.121820e+01 2.700077e+01 1.431813e+03 1.489890e+01
2.409500e+02 3.659470e+01 8.111682e+01 2.704555e+01 1.431813e+03 1.489910e+01
2.410000e+02 3.660095e+01 8.112193e+01 2.707751e+01 1.431813e+03 1.489930e+01
2.410500e+02 3.663540e+01 8.115502e+01 2.710567e+01 1.431813e+03 1.489950e+01
2.411000e+02 3.669315e+01 8.121123e+01 2.713046e+01 1.431814e+03 1.489970e+01
2.411500e+02 3.681570e+01 8.133170e+01 2.714691e+01 1.431814e+03 1.489991e+01
2.412000e+02 3.719308e+01 8.170494e+01 2.713266e+01 1.431815e+03 1.490010e+01
2.412500e+02 3.705969e+01 8.157155e+01 2.717689e+01 1.431814e+03 1.490030e+01
2.413000e+02 3.700948e+01 8.152067e+01 2.721022e+01 1.431815e+03 1.490050e+01
2.413500e+02 3.690035e+01 8.141135e+01 2.724911e+01 1.431815e+03 1.490070e+01
2.414000e+02 3.690086e+01 8.141079e+01 2.727375e+01 1.431816e+03 1.490090e+01
2.414500e+02 3.692602e+01 8.143466e+01 2.729400e+01 1.431816e+03 1.490109e+01
2.415000e+02 3.697931e+01 8.148644e+01 2.730928e+01 1.431816e+03 1.490129e+01
2.415500e+02 3.700040e+01 8.150629e+01 2.732579e+01 1.431816e+03 1.490148e+01
2.416000e+02 3.704304e+01 8.154751e+01 2.733548e+01 1.431817e+03 1.490168e+01
2.416500e+02 3.709597e+01 8.159893e+01 2.734046e+01 1.431817e+03 1.490187e+01
2.417000e+02 3.715753e+01 8.165892e+01 2.734229e+01 1.431817e+03 1.490207e+01
2.417500e+02 3.723282e+01 8.173252e+01 2.734063e+01 1.431818e+03 1.490227e+01
2.418000e+02 3.732535e+01 8.182323e+01 2.733504e+01 1.431818e+03 1.490246e+01
2.418500e+02 3.743855e+01 8.193445e+01 2.732512e+01 1.431818e+03 1.490266e+01
2.419000e+02 3.758426e+01 8.207794e+01 2.730953e+01 1.431819e+03 1.490286e+01
2.419500e+02 3.777643e+01 8.226751e+01 2.728665e+01 1.431819e+03 1.490305e+01
2.420000e+02 3.803883e+01 8.252679e+01 2.725335e+01 1.431820e+03 1.490325e+01
2.420500e+02 3.841350e+01 8.289751e+01 2.720485e+01 1.431820e+03 1.490345e+01
2.421000e+02 3.898043e+01 8.345913e+01 2.713227e+01 1.431821e+03 1.490365e+01
2.421500e+02 3.990553e+01 8.437648e+01 2.701628e+01 1.431822e+03 1.490385e+01
2.422000e+02 4.158709e+01 8.604560e+01 2.681016e+01 1.431823e+03 1.490405e+01
2.422500e+02 4.524953e+01 8.968510e+01 2.636987e+01 1.431825e+03 1.490425e+01
2.423000e+02 5.713895e+01 1.015217e+02 2.495891e+01 1.431822e+03 1.490445e+01
2.423500e+02 5.222960e+01 9.662977e+01 2.552745e+01 1.431815e+03 1.490466e+01
2.424000e+02 4.398999e+01 8.842938e+01 2.648615e+01 1.431815e+03 1.490486e+01
2.424500e+02 4.105783e+01 8.551437e+01 2.681883e+01 1.431816e+03 1.490506e+01
2.425000e+02 3.963636e+01 8.410163e+01 2.697340e+01 1.431818e+03 1.490527e+01
2.425500e+02 3.883467e+01 8.330472e+01 2.705490e+01 1.431818e+03 1.490547e+01
2.426000e+02 3.834164e+01 8.281433e+01 2.710005e+01 1.431819e+03 1.490568e+01
2.426500e+02 3.802816e+01 8.250219e+01 2.712414e+01 1.431819e+03 1.490589e+01
2.427000e+02 3.779958e+01 8.227433e+01 2.713838e+01 1.431820e+03 1.490610e+01
2.427500e+02 3.764856e+01 8.212342e+01 2.714371e+01 1.431820e+03 1.490631e+01
2.428000e+02 3.754888e+01 8.202346e+01 2.714330e+01 1.431821e+03 1.490651e+01
2.428500e+02 3.749163e+01 8.196559e+01 2.713824e+01 1.431821e+03 1.490672e+01
2.429000e+02 3.747161e+01 8.194465e+01 2.712922e+01 1.431822e+03 1.490693e+01
2.429500e+02 3.749063e+01 8.196245e+01 2.711607e+01 1.431822e+03 1.490715e+01
2.430000e+02 3.756831e+01 8.203843e+01 2.709654e+01 1.431823e+03 1.490736e+01
2.430500e+02 3.766226e+01 8.213055e+01 2.707561e+01 1.431823e+03 1.490757e+01
2.431000e+02 3.778654e+01 8.225277e+01 2.705167e+01 1.431824e+03 1.490778e+01
2.431500e+02 3.801093e+01 8.247432e+01 2.701661e+01 1.431824e+03 1.490799e+01
2.432000e+02 3.836829e+01 8.282783e+01 2.696662e+01 1.431826e+03 1.490821e+01
2.432500e+02 3.895496e+01 8.340899e+01 2.689047e+01 1.431825e+03 1.490842e+01
2.433000e+02 3.997310e+01 8.441865e+01 2.676462e+01 1.431828e+03 1.490863e+01
2.433500e+02 4.197444e+01 8.640541e+01 2.652474e+01 1.431827e+03 1.490885e+01
2.434000e+02 4.661091e+01 9.101393e+01 2.597792e+01 1.431832e+03 1.490906e+01
2.434500e+02 6.713754e+01 1.114650e+02 2.357362e+01 1.431824e+03 1.490927e+01
2.435000e+02 4.761339e+01 9.200909e+01 2.585077e+01 1.431815e+03 1.490949e+01
2.435500e+02 4.223311e+01 8.665807e+01 2.647376e+01 1.431820e+03 1.490970e+01
2.436000e+02 4.007016e+01 8.450852e+01 2.672174e+01 1.431820e+03 1.490992e+01
2.436500e+02 3.896155e+01 8.340688e+01 2.684733e+01 1.431822e+03 1.491013e+01
2.437000e+02 3.831699e+01 8.276615e+01 2.691936e+01 1.431822e+03 1.491035e+01
2.437500e+02 3.791415e+01 8.236538e+01 2.696375e+01 1.431823e+03 1.491056e+01
2.438000e+02 3.765413e+01 8.210635e+01 2.699199e+01 1.431823e+03 1.491078e+01
2.438500e+02 3.748966e+01 8.194213e+01 2.700959e+01 1.431824e+03 1.491100e+01
2.439000e+02 3.740009e+01 8.185220e+01 2.701892e+01 1.431824e+03 1.491121e+01
2.439500e+02 3.738431e+01 8.183547e+01 2.702011e+01 1.431825e+03 1.491143e+01
2.440000e+02 3.747080e+01 8.192019e+01 2.700984e+01 1.431826e+03 1.491164e+01
2.440500e+02 3.770762e+01 8.215403e+01 2.698251e+01 1.431826e+03 1.491186e+01
2.441000e+02 3.839387e+01 8.283381e+01 2.690331e+01 1.431827e+03 1.491208e+01
2.441500e+02 4.139356e+01 8.581092e+01 2.655530e+01 1.431826e+03 1.491229e+01
2.442000e+02 3.876668e+01 8.320161e+01 2.686225e+01 1.431825e+03 1.491251e+01
2.442500e+02 3.769369e+01 8.213590e+01 2.698869e+01 1.431826e+03 1.491272e+01
2.443000e+02 3.726484e+01 8.170946e+01 2.704056e+01 1.431826e+03 1.491294e+01
2.443500e+02 3.708055e+01 8.152562e+01 2.706434e+01 1.431827e+03 1.491316e+01
2.444000e+02 3.693903e+01 8.138421e+01 2.708347e+01 1.431827e+03 1.491337e+01
2.444500e+02 3.679832e+01 8.124360e+01 2.710281e+01 1.431828e+03 1.491359e+01
2.445000e+02 3.672242e+01 8.116727e+01 2.711492e+01 1.431828e+03 1.491381e+01
2.445500e+02 3.667075e+01 8.111496e+01 2.712449e+01 1.431828e+03 1.491402e+01
2.446000e+02 3.663711e+01 8.108054e+01 2.713225e+01 1.431829e+03 1.491424e+01
2.446500e+02 3.660304e+01 8.104569e+01 2.714031e+01 1.431829e+03 1.491446e+01
2.447000e+02 3.657844e+01 8.102023e+01 2.714754e+01 1.431829e+03 1.491468e+01
2.447500e+02 3.655970e+01 8.100058e+01 2.715433e+01 1.431830e+03 1.491489e+01
2.448000e+02 3.654993e+01 8.098981e+01 2.716031e+01 1.431830e+03 1.491511e+01
2.448500e+02 3.653563e+01 8.097457e+01 2.716704e+01 1.431830e+03 1.491533e+01
2.449000e+02 3.653010e+01 8.096802e+01 2.717298e+01 1.431830e+03 1.491554e+01
2.449500e+02 3.652769e+01 8.096456e+01 2.717876e+01 1.431831e+03 1.491576e+01
2.450000e+02 3.652158e+01 8.095742e+01 2.718518e+01 1.431831e+03 1.491598e+01
2.450500e+02 3.652034e+01 8.095512e+01 2.719123e+01 1.431831e+03 1.491620e+01
2.451000e+02 3.651041e+01 8.094421e+01 2.719847e+01 1.431832e+03 1.491641e+01
2.451500e+02 3.650760e+01 8.094035e+01 2.720508e+01 1.431832e+03 1.491663e+01
2.452000e+02 3.650721e+01 8.093890e+01 2.721157e+01 1.431832e+03 1.491685e+01
2.452500e+02 3.650843e+01 8.093903e+01 2.721805e+01 1.431832e+03 1.491707e+01
2.453000e+02 3.651078e+01 8.094029e+01 2.722457e+01 1.431833e+03 1.491728e+01
2.453500e+02 3.651416e+01 8.094257e+01 2.723112e+01 1.431833e+03 1.491750e+01
2.454000e+02 3.651859e+01 8.094589e+01 2.723770e+01 1.431833e+03 1.491772e+01
2.454500e+02 3.652412e+01 8.095030e+01 2.724430e+01 1.431834e+03 1.491794e+01
2.455000e+02 3.653128e+01 8.095633e+01 2.725085e+01 1.431834e+03 1.491815e+01
2.455500e+02 3.654246e+01 8.096634e+01 2.725707e+01 1.431834e+03 1.491837e+01
2.456000e+02 3.654647e+01 8.096924e+01 2.726427e+01 1.431834e+03 1.491859e+01
2.456500e+02 3.655722e+01 8.097883e+01 2.727080e+01 1.431835e+03 1.491881e+01
2.457000e+02 3.656876e+01 8.098920e+01 2.727737e+01 1.431835e+03 1.491902e+01
2.457500e+02 3.659083e+01 8.101001e+01 2.728283e+01 1.431835e+03 1.491924e+01
2.458000e+02 3.665015e+01 8.106775e+01 2.728405e+01 1.431835e+03 1.491946e+01
2.458500e+02 3.660487e+01 8.102178e+01 2.729761e+01 1.431836e+03 1.491968e+01
2.459000e+02 3.660436e+01 8.102020e+01 2.730605e+01 1.431836e+03 1.491990e+01
2.459500e+02 3.661097e+01 8.102569e+01 2.731376e+01 1.431836e+03 1.492011e+01
2.460000e+02 3.662040e+01 8.103397e+01 2.732125e+01 1.431837e+03 1.492033e+01
2.460500e+02 3.663154e+01 8.104394e+01 2.732864e+01 1.431837e+03 1.492055e+01
2.461000e+02 3.664409e+01 8.105531e+01 2.733596e+01 1.431837e+03 1.492077e+01
2.461500e+02 3.665813e+01 8.106815e+01 2.734320e+01 1.431837e+03 1.492099e+01
2.462000e+02 3.667396e+01 8.108278e+01 2.735032e+01 1.431838e+03 1.492121e+01
2.462500e+02 3.669312e+01 8.110071e+01 2.735714e+01 1.431838e+03 1.492142e+01
2.463000e+02 3.671830e+01 8.112459e+01 2.736335e+01 1.431838e+03 1.492164e+01
2.463500e+02 3.673664e+01 8.114170e+01 2.737044e+01 1.431839e+03 1.492186e+01
2.464000e+02 3.677054e+01 8.117424e+01 2.737578e+01 1.431839e+03 1.492208e+01
2.464500e+02 3.683581e+01 8.123788e+01 2.737752e+01 1.431839e+03 1.492230e+01
2.465000e+02 3.707597e+01 8.147493e+01 2.735879e+01 1.431839e+03 1.492252e+01
2.465500e+02 3.699024e+01 8.138885e+01 2.737841e+01 1.431840e+03 1.492273e+01
2.466000e+02 3.686472e+01 8.126333e+01 2.740280e+01 1.431840e+03 1.492295e+01
2.466500e+02 3.684645e+01 8.124414e+01 2.741465e+01 1.431840e+03 1.492317e+01
2.467000e+02 3.685083e+01 8.124742e+01 2.742391e+01 1.431840e+03 1.492339e+01
2.467500e+02 3.686217e+01 8.125759e+01 2.743243e+01 1.431841e+03 1.492361e+01
2.468000e+02 3.687889e+01 8.127309e+01 2.744038e+01 1.431841e+03 1.492383e+01
2.468500e+02 3.689907e+01 8.129202e+01 2.744798e+01 1.431841e+03 1.492405e+01
2.469000e+02 3.692206e+01 8.131375e+01 2.745532e+01 1.431842e+03 1.492427e+01
2.469500e+02 3.694783e+01 8.133822e+01 2.746239e+01 1.431842e+03 1.492448e+01
2.470000e+02 3.697713e+01 8.136621e+01 2.746910e+01 1.431842e+03 1.492470e+01
2.470500e+02 3.700913e+01 8.139687e+01 2.747555e+01 1.431843e+03 1.492492e+01
2.471000e+02 3.705004e+01 8.143635e+01 2.748101e+01 1.431843e+03 1.492514e+01
2.471500e+02 3.708394e+01 8.146889e+01 2.748734e+01 1.431843e+03 1.492536e+01
2.472000e+02 3.712276e+01 8.150630e+01 2.749314e+01 1.431843e+03 1.492558e+01
2.472500e+02 3.717112e+01 8.155319e+01 2.749786e+01 1.431844e+03 1.492580e+01
2.473000e+02 3.722705e+01 8.160758e+01 2.750174e+01 1.431844e+03 1.492602e+01
2.473500e+02 3.728925e+01 8.166817e+01 2.750492e+01 1.431844e+03 1.492624e+01
2.474000e+02 3.736667e+01 8.174388e+01 2.750634e+01 1.431845e+03 1.492646e+01
2.474500e+02 3.746316e+01 8.183849e+01 2.750554e+01 1.431845e+03 1.492668e+01
2.475000e+02 3.758787e+01 8.196108e+01 2.750144e+01 1.431846e+03 1.492690e+01
2.475500e+02 3.775803e+01 8.212877e+01 2.749199e+01 1.431846e+03 1.492712e+01
2.476000e+02 3.800937e+01 8.237699e+01 2.747295e+01 1.431846e+03 1.492734e+01
2.476500e+02 3.842916e+01 8.279233e+01 2.743396e+01 1.431847e+03 1.492756e+01
2.477000e+02 3.930114e+01 8.365647e+01 2.734132e+01 1.431848e+03 1.492777e+01
2.477500e+02 4.241498e+01 8.674731e+01 2.698234e+01 1.431847e+03 1.492799e+01
2.478000e+02 4.040828e+01 8.475327e+01 2.723148e+01 1.431846e+03 1.492821e+01
2.478500e+02 3.934845e+01 8.370018e+01 2.736823e+01 1.431847e+03 1.492843e+01
2.479000e+02 3.919754e+01 8.354934e+01 2.739709e+01 1.431847e+03 1.492865e+01
2.479500e+02 3.943948e+01 8.378836e+01 2.737931e+01 1.431849e+03 1.492887e+01
2.480000e+02 4.005752e+01 8.440072e+01 2.731682e+01 1.431849e+03 1.492909e+01
2.480500e+02 4.129293e+01 8.562627e+01 2.718080e+01 1.431850e+03 1.492931e+01
2.481000e+02 4.396219e+01 8.827714e+01 2.687378e+01 1.431851e+03 1.492953e+01
2.481500e+02 5.169244e+01 9.596622e+01 2.596206e+01 1.431852e+03 1.492975e+01
2.482000e+02 5.851658e+01 1.027626e+02 2.515677e+01 1.431845e+03 1.492998e+01
2.482500e+02 4.558587e+01 8.988799e+01 2.671289e+01 1.431842e+03 1.493020e+01
2.483000e+02 4.194705e+01 8.627052e+01 2.715829e+01 1.431845e+03 1.493042e+01
2.483500e+02 4.032889e+01 8.466255e+01 2.736260e+01 1.431845e+03 1.493064e+01
2.484000e+02 3.945284e+01 8.379190e+01 2.747847e+01 1.431846e+03 1.493086e+01
2.484500e+02 3.893673e+01 8.327868e+01 2.755149e+01 1.431846e+03 1.493108e+01
2.485000e+02 3.861103e+01 8.295446e+01 2.760186e+01 1.431847e+03 1.493130e+01
2.485500e+02 3.839169e+01 8.273579e+01 2.763960e+01 1.431848e+03 1.493152e+01
2.486000e+02 3.824426e+01 8.258846e+01 2.766881e+01 1.431848e+03 1.493174e+01
2.486500e+02 3.814585e+01 8.248978e+01 2.769223e+01 1.431849e+03 1.493196e+01
2.487000e+02 3.809261e+01 8.243590e+01 2.771030e+01 1.431849e+03 1.493218e+01
2.487500e+02 3.804148e+01 8.238411e+01 2.772816e+01 1.431849e+03 1.493240e+01
2.488000e+02 3.800484e+01 8.234669e+01 2.774435e+01 1.431850e+03 1.493262e+01
2.488500e+02 3.799171e+01 8.233259e+01 2.775776e+01 1.431850e+03 1.493284e+01
2.489000e+02 3.799401e+01 8.233381e+01 2.776938e+01 1.431851e+03 1.493307e+01
2.489500e+02 3.800961e+01 8.234820e+01 2.777945e+01 1.431851e+03 1.493329e+01
2.490000e+02 3.803865e+01 8.237593e+01 2.778795e+01 1.431852e+03 1.493351e+01
2.490500e+02 3.808863e+01 8.242442e+01 2.779398e+01 1.431852e+03 1.493373e+01
2.491000e+02 3.813034e+01 8.246472e+01 2.780105e+01 1.431852e+03 1.493395e+01
2.491500e+02 3.819641e+01 8.252918e+01 2.780523e+01 1.431853e+03 1.493417e+01
2.492000e+02 3.827328e+01 8.260435e+01 2.780815e+01 1.431853e+03 1.493439e+01
2.492500e+02 3.837374e+01 8.270292e+01 2.780828e+01 1.431853e+03 1.493462e+01
2.493000e+02 3.849981e+01 8.282691e+01 2.780537e+01 1.431854e+03 1.493484e+01
2.493500e+02 3.865875e+01 8.298350e+01 2.779854e+01 1.431854e+03 1.493506e+01
2.494000e+02 3.886208e+01 8.318415e+01 2.778640e+01 1.431855e+03 1.493528e+01
2.494500e+02 3.912814e+01 8.344704e+01 2.776673e+01 1.431855e+03 1.493550e+01
2.495000e+02 3.948696e+01 8.380203e+01 2.773590e+01 1.431856e+03 1.493573e+01
2.495500e+02 3.999139e+01 8.430157e+01 2.768754e+01 1.431857e+03 1.493595e+01
2.496000e+02 4.074246e+01 8.504608e+01 2.760941e+01 1.431858e+03 1.493617e+01
2.496500e+02 4.195607e+01 8.625015e+01 2.747540e+01 1.431859e+03 1.493639e+01
2.497000e+02 4.419257e+01 8.847119e+01 2.721765e+01 1.431860e+03 1.493661e+01
2.497500e+02 4.952359e+01 9.377205e+01 2.658508e+01 1.431861e+03 1.493684e+01
2.498000e+02 5.799950e+01 1.022116e+02 2.557000e+01 1.431857e+03 1.493706e+01
2.498500e+02 4.927331e+01 9.352078e+01 2.663971e+01 1.431853e+03 1.493728e+01
2.499000e+02 5.017149e+01 9.441352e+01 2.654307e+01 1.431859e+03 1.493750e+01
2.499500e+02 6.256791e+01 1.067616e+02 2.505038e+01 1.431854e+03 1.493773e+01
2.500000e+02 5.220846e+01 9.643898e+01 2.632040e+01 1.431848e+03 1.493795e+01
