2.100000e+02 3.480189e+01 8.000556e+01 2.688133e+01 1.433629e+03 1.696680e+01
2.100500e+02 3.480589e+01 8.000845e+01 2.687107e+01 1.433629e+03 1.696705e+01
2.101000e+02 3.480831e+01 8.000977e+01 2.686104e+01 1.433629e+03 1.696730e+01
2.101500e+02 3.482871e+01 8.002894e+01 2.684899e+01 1.433630e+03 1.696755e+01
2.102000e+02 3.493959e+01 8.013797e+01 2.682658e+01 1.433630e+03 1.696780e+01
2.102500e+02 3.486698e+01 8.006478e+01 2.682523e+01 1.433631e+03 1.696806e+01
2.103000e+02 3.488630e+01 8.008288e+01 2.681333e+01 1.433631e+03 1.696831e+01
2.103500e+02 3.497278e+01 8.016768e+01 2.679367e+01 1.433631e+03 1.696856e+01
2.104000e+02 3.529667e+01 8.048826e+01 2.674679e+01 1.433631e+03 1.696881e+01
2.104500e+02 3.526978e+01 8.046047e+01 2.674007e+01 1.433632e+03 1.696906e+01
2.105000e+02 3.503191e+01 8.022314e+01 2.675750e+01 1.433632e+03 1.696931e+01
2.105500e+02 3.501210e+01 8.020239e+01 2.674997e+01 1.433632e+03 1.696956e+01
2.106000e+02 3.507550e+01 8.026426e+01 2.673296e+01 1.433633e+03 1.696981e+01
2.106500e+02 3.523187e+01 8.041848e+01 2.670536e+01 1.433633e+03 1.697006e+01
2.107000e+02 3.557455e+01 8.075775e+01 2.665655e+01 1.433633e+03 1.697031e+01
2.107500e+02 3.651999e+01 8.169593e+01 2.653897e+01 1.433635e+03 1.697056e+01
2.108000e+02 3.944996e+01 8.460752e+01 2.619475e+01 1.433633e+03 1.697081e+01
2.108500e+02 3.628515e+01 8.146041e+01 2.654695e+01 1.433632e+03 1.697106e+01
2.109000e+02 3.545960e+01 8.063923e+01 2.663186e+01 1.433633e+03 1.697131e+01
2.109500e+02 3.511452e+01 8.029542e+01 2.666203e+01 1.433633e+03 1.697156e+01
2.110000e+02 3.492958e+01 8.011068e+01 2.667404e+01 1.433634e+03 1.697181e+01
2.110500e+02 3.481635e+01 7.999716e+01 2.667800e+01 1.433634e+03 1.697206e+01
2.111000e+02 3.474004e+01 7.992030e+01 2.667790e+01 1.433635e+03 1.697231e+01
2.111500e+02 3.468868e+01 7.986822e+01 2.667511e+01 1.433635e+03 1.697256e+01
2.112000e+02 3.464293e+01 7.982171e+01 2.667183e+01 1.433635e+03 1.697281e+01
2.112500e+02 3.460734e+01 7.978529e+01 2.666754e+01 1.433636e+03 1.697306e+01
2.113000e+02 3.457907e+01 7.975614e+01 2.666259e+01 1.433636e+03 1.697331e+01
2.113500e+02 3.455552e+01 7.973167e+01 2.665726e+01 1.433636e+03 1.697356e+01
2.114000e+02 3.453536e+01 7.971058e+01 2.665170e+01 1.433637e+03 1.697380e+01
2.114500e+02 3.451776e+01 7.969203e+01 2.664602e+01 1.433637e+03 1.697405e+01
2.115000e+02 3.450216e+01 7.967545e+01 2.664027e+01 1.433637e+03 1.697430e+01
2.115500e+02 3.448814e+01 7.966045e+01 2.663450e+01 1.433638e+03 1.697455e+01
2.116000e+02 3.447542e+01 7.964673e+01 2.662874e+01 1.433638e+03 1.697480e+01
2.116500e+02 3.446377e+01 7.963409e+01 2.662302e+01 1.433638e+03 1.697504e+01
2.117000e+02 3.445304e+01 7.962236e+01 2.661734e+01 1.433639e+03 1.697529e+01
2.117500e+02 3.444310e+01 7.961140e+01 2.661173e+01 1.433639e+03 1.697554e+01
2.118000e+02 3.443383e+01 7.960112e+01 2.660619e+01 1.433639e+03 1.697579e+01
2.118500e+02 3.442518e+01 7.959145e+01 2.660073e+01 1.433639e+03 1.697603e+01
2.119000e+02 3.441707e+01 7.958232e+01 2.659535e+01 1.433640e+03 1.697628e+01
2.119500e+02 3.440947e+01 7.957369e+01 2.659005e+01 1.433640e+03 1.697653e+01
2.120000e+02 3.440239e+01 7.956558e+01 2.658483e+01 1.433640e+03 1.697677e+01
2.120500e+02 3.439600e+01 7.955815e+01 2.657968e+01 1.433641e+03 1.697702e+01
2.121000e+02 3.439041e+01 7.955153e+01 2.657456e+01 1.433641e+03 1.697727e+01
2.121500e+02 3.438312e+01 7.954321e+01 2.656977e+01 1.433641e+03 1.697751e+01
2.122000e+02 3.437704e+01 7.953608e+01 2.656497e+01 1.433642e+03 1.697776e+01
2.122500e+02 3.437142e+01 7.952943e+01 2.656025e+01 1.433642e+03 1.697800e+01
2.123000e+02 3.436615e+01 7.952311e+01 2.655561e+01 1.433642e+03 1.697825e+01
2.123500e+02 3.436120e+01 7.951712e+01 2.655106e+01 1.433642e+03 1.697850e+01
2.124000e+02 3.435657e+01 7.951144e+01 2.654659e+01 1.433643e+03 1.697874e+01
2.124500e+02 3.435226e+01 7.950608e+01 2.654220e+01 1.433643e+03 1.697899e+01
2.125000e+02 3.434844e+01 7.950121e+01 2.653787e+01 1.433643e+03 1.697923e+01
2.125500e+02 3.434493e+01 7.949664e+01 2.653362e+01 1.433644e+03 1.697948e+01
2.126000e+02 3.434271e+01 7.949336e+01 2.652934e+01 1.433644e+03 1.697972e+01
2.126500e+02 3.434250e+01 7.949207e+01 2.652494e+01 1.433644e+03 1.697997e+01
2.127000e+02 3.433776e+01 7.948627e+01 2.652117e+01 1.433645e+03 1.698021e+01
2.127500e+02 3.433496e+01 7.948241e+01 2.651728e+01 1.433645e+03 1.698046e+01
2.128000e+02 3.433379e+01 7.948018e+01 2.651331e+01 1.433645e+03 1.698070e+01
2.128500e+02 3.434674e+01 7.949195e+01 2.650785e+01 1.433645e+03 1.698094e+01
2.129000e+02 3.433313e+01 7.947736e+01 2.650550e+01 1.433646e+03 1.698119e+01
2.129500e+02 3.432321e+01 7.946643e+01 2.650282e+01 1.433646e+03 1.698143e+01
2.130000e+02 3.431894e+01 7.946111e+01 2.649962e+01 1.433646e+03 1.698168e+01
2.130500e+02 3.431568e+01 7.945679e+01 2.649639e+01 1.433647e+03 1.698192e+01
2.131000e+02 3.431330e+01 7.945335e+01 2.649317e+01 1.433647e+03 1.698216e+01
2.131500e+02 3.431144e+01 7.945043e+01 2.648998e+01 1.433647e+03 1.698241e+01
2.132000e+02 3.431002e+01 7.944793e+01 2.648684e+01 1.433647e+03 1.698265e+01
2.132500e+02 3.430891e+01 7.944575e+01 2.648376e+01 1.433648e+03 1.698289e+01
2.133000e+02 3.430822e+01 7.944398e+01 2.648072e+01 1.433648e+03 1.698314e+01
2.133500e+02 3.430842e+01 7.944310e+01 2.647768e+01 1.433648e+03 1.698338e+01
2.134000e+02 3.430804e+01 7.944165e+01 2.647479e+01 1.433649e+03 1.698362e+01
2.134500e+02 3.431184e+01 7.944433e+01 2.647152e+01 1.433649e+03 1.698386e+01
2.135000e+02 3.430764e+01 7.943908e+01 2.646925e+01 1.433649e+03 1.698411e+01
2.135500e+02 3.430726e+01 7.943763e+01 2.646663e+01 1.433649e+03 1.698435e+01
2.136000e+02 3.430745e+01 7.943674e+01 2.646403e+01 1.433650e+03 1.698459e+01
2.136500e+02 3.430821e+01 7.943641e+01 2.646146e+01 1.433650e+03 1.698483e+01
2.137000e+02 3.430946e+01 7.943657e+01 2.645891e+01 1.433650e+03 1.698508e+01
2.137500e+02 3.431123e+01 7.943724e+01 2.645640e+01 1.433651e+03 1.698532e+01
2.138000e+02 3.431354e+01 7.943846e+01 2.645390e+01 1.433651e+03 1.698556e+01
2.138500e+02 3.431647e+01 7.944028e+01 2.645142e+01 1.433651e+03 1.698580e+01
2.139000e+02 3.432007e+01 7.944278e+01 2.644895e+01 1.433652e+03 1.698604e+01
2.139500e+02 3.432444e+01 7.944604e+01 2.644647e+01 1.433652e+03 1.698628e+01
2.140000e+02 3.432967e+01 7.945015e+01 2.644397e+01 1.433652e+03 1.698653e+01
2.140500e+02 3.433595e+01 7.945529e+01 2.644144e+01 1.433652e+03 1.698677e+01
2.141000e+02 3.434344e+01 7.946165e+01 2.643885e+01 1.433653e+03 1.698701e+01
2.141500e+02 3.435238e+01 7.946944e+01 2.643618e+01 1.433653e+03 1.698725e+01
2.142000e+02 3.436308e+01 7.947899e+01 2.643339e+01 1.433653e+03 1.698749e+01
2.142500e+02 3.437595e+01 7.949068e+01 2.643043e+01 1.433654e+03 1.698773e+01
2.143000e+02 3.439152e+01 7.950505e+01 2.642724e+01 1.433654e+03 1.698797e+01
2.143500e+02 3.441053e+01 7.952284e+01 2.642374e+01 1.433654e+03 1.698821e+01
2.144000e+02 3.443401e+01 7.954506e+01 2.641982e+01 1.433655e+03 1.698845e+01
2.144500e+02 3.446342e+01 7.957318e+01 2.641530e+01 1.433655e+03 1.698869e+01
2.145000e+02 3.450095e+01 7.960935e+01 2.640994e+01 1.433655e+03 1.698893e+01
2.145500e+02 3.454993e+01 7.965689e+01 2.640337e+01 1.433655e+03 1.698917e+01
2.146000e+02 3.461572e+01 7.972112e+01 2.639498e+01 1.433656e+03 1.698941e+01
2.146500e+02 3.470680e+01 7.981045e+01 2.638382e+01 1.433656e+03 1.698965e+01
2.147000e+02 3.483948e+01 7.994108e+01 2.636804e+01 1.433657e+03 1.698989e+01
2.147500e+02 3.504452e+01 8.014355e+01 2.634419e+01 1.433657e+03 1.699013e+01
2.148000e+02 3.538935e+01 8.048486e+01 2.630467e+01 1.433658e+03 1.699037e+01
2.148500e+02 3.604585e+01 8.113572e+01 2.623012e+01 1.433658e+03 1.699061e+01
2.149000e+02 3.760077e+01 8.267943e+01 2.605439e+01 1.433660e+03 1.699085e+01
2.149500e+02 4.466144e+01 8.970184e+01 2.525747e+01 1.433657e+03 1.699109e+01
2.150000e+02 3.828326e+01 8.335555e+01 2.597660e+01 1.433654e+03 1.699133e+01
2.150500e+02 3.627906e+01 8.136301e+01 2.620207e+01 1.433656e+03 1.699157e+01
2.151000e+02 3.550540e+01 8.059358e+01 2.628893e+01 1.433656e+03 1.699181e+01
2.151500e+02 3.511947e+01 8.020930e+01 2.633217e+01 1.433657e+03 1.699205e+01
2.152000e+02 3.488727e+01 7.997770e+01 2.635817e+01 1.433657e+03 1.699229e+01
2.152500e+02 3.474065e+01 7.983107e+01 2.637460e+01 1.433658e+03 1.699253e+01
2.153000e+02 3.464226e+01 7.973233e+01 2.638567e+01 1.433658e+03 1.699277e+01
2.153500e+02 3.457270e+01 7.966220e+01 2.639356e+01 1.433659e+03 1.699301e+01
2.154000e+02 3.452185e+01 7.961064e+01 2.639941e+01 1.433659e+03 1.699324e+01
2.154500e+02 3.448445e+01 7.957245e+01 2.640382e+01 1.433659e+03 1.699348e+01
2.155000e+02 3.446504e+01 7.955209e+01 2.640626e+01 1.433660e+03 1.699372e+01
2.155500e+02 3.443056e+01 7.951680e+01 2.641047e+01 1.433660e+03 1.699396e+01
2.156000e+02 3.441072e+01 7.949603e+01 2.641309e+01 1.433660e+03 1.699420e+01
2.156500e+02 3.439557e+01 7.947991e+01 2.641525e+01 1.433661e+03 1.699444e+01
2.157000e+02 3.438383e+01 7.946717e+01 2.641709e+01 1.433661e+03 1.699467e+01
2.157500e+02 3.437378e+01 7.945612e+01 2.641880e+01 1.433661e+03 1.699491e+01
2.158000e+02 3.436655e+01 7.944787e+01 2.642026e+01 1.433661e+03 1.699515e+01
2.158500e+02 3.436192e+01 7.944219e+01 2.642149e+01 1.433662e+03 1.699539e+01
2.159000e+02 3.436074e+01 7.943994e+01 2.642240e+01 1.433662e+03 1.699563e+01
2.159500e+02 3.436679e+01 7.944487e+01 2.642255e+01 1.433662e+03 1.699586e+01
2.160000e+02 3.440578e+01 7.948249e+01 2.641906e+01 1.433663e+03 1.699610e+01
2.160500e+02 3.439058e+01 7.946631e+01 2.642173e+01 1.433663e+03 1.699634e+01
2.161000e+02 3.436983e+01 7.944464e+01 2.642509e+01 1.433663e+03 1.699658e+01
2.161500e+02 3.435311e+01 7.942697e+01 2.642805e+01 1.433664e+03 1.699681e+01
2.162000e+02 3.434133e+01 7.941420e+01 2.643052e+01 1.433664e+03 1.699705e+01
2.162500e+02 3.433621e+01 7.940804e+01 2.643230e+01 1.433664e+03 1.699729e+01
2.163000e+02 3.433369e+01 7.940446e+01 2.643385e+01 1.433664e+03 1.699753e+01
2.163500e+02 3.433374e+01 7.940343e+01 2.643517e+01 1.433665e+03 1.699776e+01
2.164000e+02 3.433334e+01 7.940196e+01 2.643660e+01 1.433665e+03 1.699800e+01
2.164500e+02 3.433059e+01 7.939814e+01 2.643836e+01 1.433665e+03 1.699824e+01
2.165000e+02 3.433003e+01 7.939651e+01 2.643992e+01 1.433666e+03 1.699848e+01
2.165500e+02 3.433020e+01 7.939561e+01 2.644147e+01 1.433666e+03 1.699871e+01
2.166000e+02 3.433084e+01 7.939515e+01 2.644302e+01 1.433666e+03 1.699895e+01
2.166500e+02 3.433184e+01 7.939507e+01 2.644459e+01 1.433666e+03 1.699919e+01
2.167000e+02 3.433319e+01 7.939533e+01 2.644618e+01 1.433667e+03 1.699942e+01
2.167500e+02 3.433495e+01 7.939600e+01 2.644778e+01 1.433667e+03 1.699966e+01
2.168000e+02 3.433736e+01 7.939731e+01 2.644937e+01 1.433667e+03 1.699990e+01
2.168500e+02 3.434157e+01 7.940041e+01 2.645081e+01 1.433668e+03 1.700013e+01
2.169000e+02 3.434524e+01 7.940297e+01 2.645237e+01 1.433668e+03 1.700037e+01
2.169500e+02 3.434372e+01 7.940038e+01 2.645458e+01 1.433668e+03 1.700061e+01
2.170000e+02 3.434503e+01 7.940061e+01 2.645652e+01 1.433668e+03 1.700084e+01
2.170500e+02 3.434712e+01 7.940160e+01 2.645843e+01 1.433669e+03 1.700108e+01
2.171000e+02 3.434963e+01 7.940302e+01 2.646035e+01 1.433669e+03 1.700132e+01
2.171500e+02 3.435249e+01 7.940477e+01 2.646230e+01 1.433669e+03 1.700155e+01
2.172000e+02 3.435572e+01 7.940690e+01 2.646426e+01 1.433669e+03 1.700179e+01
2.172500e+02 3.435967e+01 7.940974e+01 2.646619e+01 1.433670e+03 1.700202e+01
2.173000e+02 3.436354e+01 7.941251e+01 2.646819e+01 1.433670e+03 1.700226e+01
2.173500e+02 3.436829e+01 7.941614e+01 2.647015e+01 1.433670e+03 1.700250e+01
2.174000e+02 3.437509e+01 7.942181e+01 2.647194e+01 1.433671e+03 1.700273e+01
2.174500e+02 3.438720e+01 7.943274e+01 2.647318e+01 1.433671e+03 1.700297e+01
2.175000e+02 3.443200e+01 7.947612e+01 2.647079e+01 1.433671e+03 1.700320e+01
2.175500e+02 3.439806e+01 7.944137e+01 2.647734e+01 1.433671e+03 1.700344e+01
2.176000e+02 3.439086e+01 7.943314e+01 2.648094e+01 1.433672e+03 1.700368e+01
2.176500e+02 3.439075e+01 7.943195e+01 2.648379e+01 1.433672e+03 1.700391e+01
2.177000e+02 3.439304e+01 7.943314e+01 2.648642e+01 1.433672e+03 1.700415e+01
2.177500e+02 3.439661e+01 7.943561e+01 2.648897e+01 1.433673e+03 1.700438e+01
2.178000e+02 3.440124e+01 7.943912e+01 2.649146e+01 1.433673e+03 1.700462e+01
2.178500e+02 3.440766e+01 7.944442e+01 2.649380e+01 1.433673e+03 1.700485e+01
2.179000e+02 3.441360e+01 7.944923e+01 2.649626e+01 1.433673e+03 1.700509e+01
2.179500e+02 3.442224e+01 7.945673e+01 2.649846e+01 1.433674e+03 1.700532e+01
2.180000e+02 3.443627e+01 7.946958e+01 2.650011e+01 1.433674e+03 1.700556e+01
2.180500e+02 3.446519e+01 7.949720e+01 2.650014e+01 1.433674e+03 1.700580e+01
2.181000e+02 3.457372e+01 7.960382e+01 2.649124e+01 1.433674e+03 1.700603e+01
2.181500e+02 3.453052e+01 7.955987e+01 2.649953e+01 1.433675e+03 1.700627e+01
2.182000e+02 3.446932e+01 7.949805e+01 2.650991e+01 1.433675e+03 1.700650e+01
2.182500e+02 3.445478e+01 7.948255e+01 2.651507e+01 1.433675e+03 1.700674e+01
2.183000e+02 3.445159e+01 7.947831e+01 2.651902e+01 1.433676e+03 1.700697e+01
2.183500e+02 3.445155e+01 7.947719e+01 2.652266e+01 1.433676e+03 1.700721e+01
2.184000e+02 3.445410e+01 7.947864e+01 2.652607e+01 1.433676e+03 1.700744e+01
2.184500e+02 3.445938e+01 7.948280e+01 2.652923e+01 1.433676e+03 1.700768e+01
2.185000e+02 3.446110e+01 7.948343e+01 2.653285e+01 1.433677e+03 1.700791e+01
2.185500e+02 3.446460e+01 7.948582e+01 2.653633e+01 1.433677e+03 1.700815e+01
2.186000e+02 3.447047e+01 7.949057e+01 2.653960e+01 1.433677e+03 1.700838e+01
2.186500e+02 3.447275e+01 7.949175e+01 2.654333e+01 1.433677e+03 1.700862e+01
2.187000e+02 3.447734e+01 7.949523e+01 2.654686e+01 1.433678e+03 1.700885e+01
2.187500e+02 3.448175e+01 7.949852e+01 2.655047e+01 1.433678e+03 1.700909e+01
2.188000e+02 3.448636e+01 7.950203e+01 2.655411e+01 1.433678e+03 1.700932e+01
2.188500e+02 3.449144e+01 7.950599e+01 2.655777e+01 1.433679e+03 1.700956e+01
2.189000e+02 3.449686e+01 7.951028e+01 2.656144e+01 1.433679e+03 1.700979e+01
2.189500e+02 3.450265e+01 7.951495e+01 2.656513e+01 1.433679e+03 1.701002e+01
2.190000e+02 3.450901e+01 7.952019e+01 2.656882e+01 1.433679e+03 1.701026e+01
2.190500e+02 3.451653e+01 7.952657e+01 2.657244e+01 1.433680e+03 1.701049e+01
2.191000e+02 3.452794e+01 7.953682e+01 2.657567e+01 1.433680e+03 1.701073e+01
2.191500e+02 3.454369e+01 7.955137e+01 2.657848e+01 1.433680e+03 1.701096e+01
2.192000e+02 3.454080e+01 7.954742e+01 2.658346e+01 1.433681e+03 1.701120e+01
2.192500e+02 3.455156e+01 7.955702e+01 2.658696e+01 1.433681e+03 1.701143e+01
2.193000e+02 3.458309e+01 7.958722e+01 2.658816e+01 1.433681e+03 1.701167e+01
2.193500e+02 3.458008e+01 7.958316e+01 2.659335e+01 1.433681e+03 1.701190e+01
2.194000e+02 3.456624e+01 7.956835e+01 2.659982e+01 1.433682e+03 1.701214e+01
2.194500e+02 3.456581e+01 7.956684e+01 2.660484e+01 1.433682e+03 1.701237e+01
2.195000e+02 3.456897e+01 7.956890e+01 2.660951e+01 1.433682e+03 1.701260e+01
2.195500e+02 3.457372e+01 7.957253e+01 2.661408e+01 1.433682e+03 1.701284e+01
2.196000e+02 3.457906e+01 7.957675e+01 2.661864e+01 1.433683e+03 1.701307e+01
2.196500e+02 3.458501e+01 7.958158e+01 2.662319e+01 1.433683e+03 1.701331e+01
2.197000e+02 3.459148e+01 7.958692e+01 2.662776e+01 1.433683e+03 1.701354e+01
2.197500e+02 3.459853e+01 7.959284e+01 2.663232e+01 1.433684e+03 1.701378e+01
2.198000e+02 3.460648e+01 7.959965e+01 2.663686e+01 1.433684e+03 1.701401e+01
2.198500e+02 3.461626e+01 7.960828e+01 2.664125e+01 1.433684e+03 1.701424e+01
2.199000e+02 3.463182e+01 7.962264e+01 2.664506e+01 1.433684e+03 1.701448e+01
2.199500e+02 3.469889e+01 7.968811e+01 2.664308e+01 1.433685e+03 1.701471e+01
2.200000e+02 3.464521e+01 7.963377e+01 2.665490e+01 1.433685e+03 1.701495e+01
2.200500e+02 3.464411e+01 7.963160e+01 2.666081e+01 1.433685e+03 1.701518e+01
2.201000e+02 3.464745e+01 7.963383e+01 2.666630e+01 1.433685e+03 1.701542e+01
2.201500e+02 3.465292e+01 7.963819e+01 2.667161e+01 1.433686e+03 1.701565e+01
2.202000e+02 3.465933e+01 7.964346e+01 2.667690e+01 1.433686e+03 1.701588e+01
2.202500e+02 3.466624e+01 7.964925e+01 2.668220e+01 1.433686e+03 1.701612e+01
2.203000e+02 3.467353e+01 7.965540e+01 2.668754e+01 1.433687e+03 1.701635e+01
2.203500e+02 3.468121e+01 7.966194e+01 2.669291e+01 1.433687e+03 1.701659e+01
2.204000e+02 3.469033e+01 7.966991e+01 2.669820e+01 1.433687e+03 1.701682e+01
2.204500e+02 3.469666e+01 7.967512e+01 2.670389e+01 1.433687e+03 1.701705e+01
2.205000e+02 3.470456e+01 7.968188e+01 2.670948e+01 1.433688e+03 1.701729e+01
2.205500e+02 3.471306e+01 7.968924e+01 2.671509e+01 1.433688e+03 1.701752e+01
2.206000e+02 3.472254e+01 7.969756e+01 2.672066e+01 1.433688e+03 1.701776e+01
2.206500e+02 3.473453e+01 7.970838e+01 2.672604e+01 1.433688e+03 1.701799e+01
2.207000e+02 3.476002e+01 7.973260e+01 2.672997e+01 1.433689e+03 1.701822e+01
2.207500e+02 3.476649e+01 7.973794e+01 2.673616e+01 1.433689e+03 1.701846e+01
2.208000e+02 3.475970e+01 7.973012e+01 2.674395e+01 1.433689e+03 1.701869e+01
2.208500e+02 3.476395e+01 7.973326e+01 2.675057e+01 1.433690e+03 1.701893e+01
2.209000e+02 3.477087e+01 7.973906e+01 2.675699e+01 1.433690e+03 1.701916e+01
2.209500e+02 3.477882e+01 7.974586e+01 2.676338e+01 1.433690e+03 1.701939e+01
2.210000e+02 3.478733e+01 7.975323e+01 2.676981e+01 1.433690e+03 1.701963e+01
2.210500e+02 3.479627e+01 7.976103e+01 2.677629e+01 1.433691e+03 1.701986e+01
2.211000e+02 3.480565e+01 7.976925e+01 2.678283e+01 1.433691e+03 1.702010e+01
2.211500e+02 3.481557e+01 7.977801e+01 2.678941e+01 1.433691e+03 1.702033e+01
2.212000e+02 3.482640e+01 7.978769e+01 2.679599e+01 1.433691e+03 1.702056e+01
2.212500e+02 3.483933e+01 7.979943e+01 2.680244e+01 1.433692e+03 1.702080e+01
2.213000e+02 3.486037e+01 7.981924e+01 2.680808e+01 1.433692e+03 1.702103e+01
2.213500e+02 3.486546e+01 7.982321e+01 2.681565e+01 1.433692e+03 1.702127e+01
2.214000e+02 3.486774e+01 7.982439e+01 2.682367e+01 1.433693e+03 1.702150e+01
2.214500e+02 3.487465e+01 7.983017e+01 2.683128e+01 1.433693e+03 1.702173e+01
2.215000e+02 3.488307e+01 7.983745e+01 2.683884e+01 1.433693e+03 1.702197e+01
2.215500e+02 3.489271e+01 7.984593e+01 2.684639e+01 1.433693e+03 1.702220e+01
2.216000e+02 3.490247e+01 7.985454e+01 2.685405e+01 1.433694e+03 1.702244e+01
2.216500e+02 3.491248e+01 7.986339e+01 2.686183e+01 1.433694e+03 1.702267e+01
2.217000e+02 3.492291e+01 7.987267e+01 2.686969e+01 1.433694e+03 1.702290e+01
2.217500e+02 3.493363e+01 7.988223e+01 2.687766e+01 1.433694e+03 1.702314e+01
2.218000e+02 3.494459e+01 7.989203e+01 2.688575e+01 1.433695e+03 1.702337e+01
2.218500e+02 3.495578e+01 7.990205e+01 2.689396e+01 1.433695e+03 1.702361e+01
2.219000e+02 3.496718e+01 7.991229e+01 2.690231e+01 1.433695e+03 1.702384e+01
2.219500e+02 3.497882e+01 7.992275e+01 2.691078e+01 1.433696e+03 1.702407e+01
2.220000e+02 3.499068e+01 7.993345e+01 2.691940e+01 1.433696e+03 1.702431e+01
2.220500e+02 3.500278e+01 7.994438e+01 2.692815e+01 1.433696e+03 1.702454e+01
2.221000e+02 3.501515e+01 7.995557e+01 2.693705e+01 1.433696e+03 1.702478e+01
2.221500e+02 3.502781e+01 7.996705e+01 2.694610e+01 1.433697e+03 1.702501e+01
2.222000e+02 3.504081e+01 7.997887e+01 2.695529e+01 1.433697e+03 1.702524e+01
2.222500e+02 3.505425e+01 7.999113e+01 2.696462e+01 1.433697e+03 1.702548e+01
2.223000e+02 3.506836e+01 8.000406e+01 2.697408e+01 1.433697e+03 1.702571e+01
2.223500e+02 3.508379e+01 8.001829e+01 2.698358e+01 1.433698e+03 1.702595e+01
2.224000e+02 3.510348e+01 8.003675e+01 2.699280e+01 1.433698e+03 1.702618e+01
2.224500e+02 3.512096e+01 8.005302e+01 2.700250e+01 1.433698e+03 1.702641e+01
2.225000e+02 3.512642e+01 8.005735e+01 2.701381e+01 1.433699e+03 1.702665e+01
2.225500e+02 3.513837e+01 8.006814e+01 2.702460e+01 1.433699e+03 1.702688e+01
2.226000e+02 3.515203e+01 8.008062e+01 2.703544e+01 1.433699e+03 1.702712e+01
2.226500e+02 3.516653e+01 8.009393e+01 2.704643e+01 1.433699e+03 1.702735e+01
2.227000e+02 3.518162e+01 8.010782e+01 2.705761e+01 1.433700e+03 1.702759e+01
2.227500e+02 3.519723e+01 8.012224e+01 2.706899e+01 1.433700e+03 1.702782e+01
2.228000e+02 3.521320e+01 8.013700e+01 2.708061e+01 1.433700e+03 1.702805e+01
2.228500e+02 3.522968e+01 8.015228e+01 2.709246e+01 1.433700e+03 1.702829e+01
2.229000e+02 3.524668e+01 8.016807e+01 2.710455e+01 1.433701e+03 1.702852e+01
2.229500e+02 3.526434e+01 8.018451e+01 2.711686e+01 1.433701e+03 1.702876e+01
2.230000e+02 3.528359e+01 8.020254e+01 2.712931e+01 1.433701e+03 1.702899e+01
2.230500e+02 3.530244e+01 8.022017e+01 2.714214e+01 1.433702e+03 1.702923e+01
2.231000e+02 3.532202e+01 8.023852e+01 2.715522e+01 1.433702e+03 1.702946e+01
2.231500e+02 3.534264e+01 8.025790e+01 2.716854e+01 1.433702e+03 1.702969e+01
2.232000e+02 3.537131e+01 8.028528e+01 2.718129e+01 1.433702e+03 1.702993e+01
2.232500e+02 3.539712e+01 8.030981e+01 2.719475e+01 1.433703e+03 1.703016e+01
2.233000e+02 3.541240e+01 8.032390e+01 2.720983e+01 1.433703e+03 1.703040e+01
2.233500e+02 3.542501e+01 8.033533e+01 2.722563e+01 1.433703e+03 1.703063e+01
2.234000e+02 3.545079e+01 8.035983e+01 2.724031e+01 1.433703e+03 1.703086e+01
2.234500e+02 3.546432e+01 8.037218e+01 2.725687e+01 1.433704e+03 1.703110e+01
2.235000e+02 3.548397e+01 8.039060e+01 2.727316e+01 1.433704e+03 1.703133e+01
2.235500e+02 3.550589e+01 8.041128e+01 2.728965e+01 1.433704e+03 1.703157e+01
2.236000e+02 3.552908e+01 8.043322e+01 2.730649e+01 1.433705e+03 1.703180e+01
2.236500e+02 3.555335e+01 8.045622e+01 2.732369e+01 1.433705e+03 1.703203e+01
2.237000e+02 3.557878e+01 8.048038e+01 2.734128e+01 1.433705e+03 1.703227e+01
2.237500e+02 3.560565e+01 8.050597e+01 2.735922e+01 1.433705e+03 1.703250e+01
2.238000e+02 3.563439e+01 8.053341e+01 2.737750e+01 1.433706e+03 1.703274e+01
2.238500e+02 3.566990e+01 8.056757e+01 2.739554e+01 1.433706e+03 1.703297e+01
2.239000e+02 3.574114e+01 8.063720e+01 2.740996e+01 1.433706e+03 1.703320e+01
2.239500e+02 3.572370e+01 8.061881e+01 2.743540e+01 1.433706e+03 1.703344e+01
2.240000e+02 3.574734e+01 8.064119e+01 2.745661e+01 1.433707e+03 1.703367e+01
2.240500e+02 3.577558e+01 8.066814e+01 2.747791e+01 1.433707e+03 1.703390e+01
2.241000e+02 3.580533e+01 8.069659e+01 2.749967e+01 1.433707e+03 1.703413e+01
2.241500e+02 3.583690e+01 8.072684e+01 2.752185e+01 1.433708e+03 1.703437e+01
2.242000e+02 3.586981e+01 8.075842e+01 2.754453e+01 1.433708e+03 1.703460e+01
2.242500e+02 3.590394e+01 8.079122e+01 2.756772e+01 1.433708e+03 1.703483e+01
2.243000e+02 3.593927e+01 8.082521e+01 2.759144e+01 1.433708e+03 1.703506e+01
2.243500e+02 3.597583e+01 8.086042e+01 2.761567e+01 1.433709e+03 1.703529e+01
2.244000e+02 3.601368e+01 8.089690e+01 2.764042e+01 1.433709e+03 1.703553e+01
2.244500e+02 3.605291e+01 8.093476e+01 2.766566e+01 1.433709e+03 1.703576e+01
2.245000e+02 3.609368e+01 8.097415e+01 2.769137e+01 1.433709e+03 1.703599e+01
2.245500e+02 3.613629e+01 8.101537e+01 2.771748e+01 1.433710e+03 1.703622e+01
2.246000e+02 3.618129e+01 8.105895e+01 2.774393e+01 1.433710e+03 1.703645e+01
2.246500e+02 3.622997e+01 8.110619e+01 2.777051e+01 1.433710e+03 1.703667e+01
2.247000e+02 3.628624e+01 8.116097e+01 2.779673e+01 1.433711e+03 1.703690e+01
2.247500e+02 3.637282e+01 8.124584e+01 2.781983e+01 1.433711e+03 1.703713e+01
2.248000e+02 3.641936e+01 8.129095e+01 2.784816e+01 1.433711e+03 1.703736e+01
2.248500e+02 3.663388e+01 8.150283e+01 2.785675e+01 1.433711e+03 1.703759e+01
2.249000e+02 3.650582e+01 8.137462e+01 2.790672e+01 1.433712e+03 1.703781e+01
2.249500e+02 3.652729e+01 8.139486e+01 2.793901e+01 1.433712e+03 1.703804e+01
2.250000e+02 3.657493e+01 8.144107e+01 2.796830e+01 1.433712e+03 1.703826e+01
2.250500e+02 3.662405e+01 8.148875e+01 2.799744e+01 1.433712e+03 1.703849e+01
2.251000e+02 3.666720e+01 8.153051e+01 2.802723e+01 1.433713e+03 1.703871e+01
2.251500e+02 3.672019e+01 8.158203e+01 2.805562e+01 1.433713e+03 1.703893e+01
2.252000e+02 3.677804e+01 8.163838e+01 2.808306e+01 1.433713e+03 1.703915e+01
2.252500e+02 3.683077e+01 8.168966e+01 2.811061e+01 1.433713e+03 1.703937e+01
2.253000e+02 3.688878e+01 8.174617e+01 2.813685e+01 1.433714e+03 1.703959e+01
2.253500e+02 3.694939e+01 8.180526e+01 2.816193e+01 1.433714e+03 1.703981e+01
2.254000e+02 3.701257e+01 8.186692e+01 2.818566e+01 1.433714e+03 1.704003e+01
2.254500e+02 3.707855e+01 8.193135e+01 2.820782e+01 1.433715e+03 1.704024e+01
2.255000e+02 3.714788e+01 8.199910e+01 2.822817e+01 1.433715e+03 1.704046e+01
2.255500e+02 3.722144e+01 8.207106e+01 2.824641e+01 1.433715e+03 1.704068e+01
2.256000e+02 3.730068e+01 8.214865e+01 2.826217e+01 1.433716e+03 1.704089e+01
2.256500e+02 3.738794e+01 8.223422e+01 2.827500e+01 1.433716e+03 1.704110e+01
2.257000e+02 3.748710e+01 8.233161e+01 2.828429e+01 1.433716e+03 1.704132e+01
2.257500e+02 3.760567e+01 8.244828e+01 2.828905e+01 1.433716e+03 1.704153e+01
2.258000e+02 3.775607e+01 8.259656e+01 2.828772e+01 1.433717e+03 1.704174e+01
2.258500e+02 3.793142e+01 8.276963e+01 2.828091e+01 1.433717e+03 1.704195e+01
2.259000e+02 3.819443e+01 8.302978e+01 2.825932e+01 1.433718e+03 1.704216e+01
2.259500e+02 3.862688e+01 8.345829e+01 2.821120e+01 1.433718e+03 1.704237e+01
2.260000e+02 3.949636e+01 8.432111e+01 2.810580e+01 1.433719e+03 1.704258e+01
2.260500e+02 4.344088e+01 8.824208e+01 2.762070e+01 1.433718e+03 1.704279e+01
2.261000e+02 4.059301e+01 8.540890e+01 2.796690e+01 1.433716e+03 1.704300e+01
2.261500e+02 3.897138e+01 8.379620e+01 2.816028e+01 1.433717e+03 1.704321e+01
2.262000e+02 3.841579e+01 8.324315e+01 2.822082e+01 1.433717e+03 1.704343e+01
2.262500e+02 3.809190e+01 8.292034e+01 2.825099e+01 1.433717e+03 1.704364e+01
2.263000e+02 3.788239e+01 8.271117e+01 2.826534e+01 1.433718e+03 1.704386e+01
2.263500e+02 3.772982e+01 8.255855e+01 2.827111e+01 1.433718e+03 1.704407e+01
2.264000e+02 3.761043e+01 8.243890e+01 2.827138e+01 1.433718e+03 1.704429e+01
2.264500e+02 3.751239e+01 8.234046e+01 2.826780e+01 1.433719e+03 1.704451e+01
2.265000e+02 3.742938e+01 8.225695e+01 2.826133e+01 1.433719e+03 1.704473e+01
2.265500e+02 3.735859e+01 8.218557e+01 2.825249e+01 1.433719e+03 1.704495e+01
2.266000e+02 3.730634e+01 8.213260e+01 2.824069e+01 1.433719e+03 1.704517e+01
2.266500e+02 3.723345e+01 8.205914e+01 2.823087e+01 1.433720e+03 1.704539e+01
2.267000e+02 3.717295e+01 8.199799e+01 2.821916e+01 1.433720e+03 1.704561e+01
2.267500e+02 3.711580e+01 8.194017e+01 2.820680e+01 1.433720e+03 1.704583e+01
2.268000e+02 3.706572e+01 8.188936e+01 2.819346e+01 1.433721e+03 1.704606e+01
2.268500e+02 3.702188e+01 8.184475e+01 2.817938e+01 1.433721e+03 1.704628e+01
2.269000e+02 3.697586e+01 8.179798e+01 2.816567e+01 1.433721e+03 1.704651e+01
2.269500e+02 3.693183e+01 8.175318e+01 2.815192e+01 1.433721e+03 1.704674e+01
2.270000e+02 3.689181e+01 8.171237e+01 2.813798e+01 1.433722e+03 1.704696e+01
2.270500e+02 3.685447e+01 8.167422e+01 2.812408e+01 1.433722e+03 1.704719e+01
2.271000e+02 3.681943e+01 8.163836e+01 2.811032e+01 1.433722e+03 1.704742e+01
2.271500e+02 3.678647e+01 8.160455e+01 2.809679e+01 1.433722e+03 1.704765e+01
2.272000e+02 3.675546e+01 8.157268e+01 2.808355e+01 1.433723e+03 1.704788e+01
2.272500e+02 3.672632e+01 8.154268e+01 2.807063e+01 1.433723e+03 1.704811e+01
2.273000e+02 3.669893e+01 8.151441e+01 2.805809e+01 1.433723e+03 1.704834e+01
2.273500e+02 3.667319e+01 8.148777e+01 2.804596e+01 1.433724e+03 1.704857e+01
2.274000e+02 3.664893e+01 8.146261e+01 2.803428e+01 1.433724e+03 1.704880e+01
2.274500e+02 3.662599e+01 8.143876e+01 2.802307e+01 1.433724e+03 1.704903e+01
2.275000e+02 3.660467e+01 8.141652e+01 2.801231e+01 1.433724e+03 1.704926e+01
2.275500e+02 3.658454e+01 8.139546e+01 2.800206e+01 1.433725e+03 1.704949e+01
2.276000e+02 3.656596e+01 8.137593e+01 2.799226e+01 1.433725e+03 1.704973e+01
2.276500e+02 3.654882e+01 8.135784e+01 2.798293e+01 1.433725e+03 1.704996e+01
2.277000e+02 3.653335e+01 8.134140e+01 2.797403e+01 1.433726e+03 1.705019e+01
2.277500e+02 3.652123e+01 8.132829e+01 2.796536e+01 1.433726e+03 1.705043e+01
2.278000e+02 3.650563e+01 8.131173e+01 2.795772e+01 1.433726e+03 1.705066e+01
2.278500e+02 3.649175e+01 8.129687e+01 2.795048e+01 1.433726e+03 1.705089e+01
2.279000e+02 3.648055e+01 8.128468e+01 2.794351e+01 1.433727e+03 1.705113e+01
2.279500e+02 3.647190e+01 8.127501e+01 2.793681e+01 1.433727e+03 1.705136e+01
2.280000e+02 3.645911e+01 8.126123e+01 2.793117e+01 1.433727e+03 1.705160e+01
2.280500e+02 3.644975e+01 8.125086e+01 2.792566e+01 1.433728e+03 1.705183e+01
2.281000e+02 3.644177e+01 8.124186e+01 2.792052e+01 1.433728e+03 1.705206e+01
2.281500e+02 3.643460e+01 8.123366e+01 2.791580e+01 1.433728e+03 1.705230e+01
2.282000e+02 3.642853e+01 8.122656e+01 2.791145e+01 1.433728e+03 1.705253e+01
2.282500e+02 3.642355e+01 8.122054e+01 2.790745e+01 1.433729e+03 1.705277e+01
2.283000e+02 3.642120e+01 8.121713e+01 2.790361e+01 1.433729e+03 1.705300e+01
2.283500e+02 3.641596e+01 8.121085e+01 2.790058e+01 1.433729e+03 1.705324e+01
2.284000e+02 3.641252e+01 8.120635e+01 2.789776e+01 1.433729e+03 1.705347e+01
2.284500e+02 3.641037e+01 8.120313e+01 2.789523e+01 1.433730e+03 1.705371e+01
2.285000e+02 3.640913e+01 8.120083e+01 2.789299e+01 1.433730e+03 1.705394e+01
2.285500e+02 3.640874e+01 8.119936e+01 2.789105e+01 1.433730e+03 1.705418e+01
2.286000e+02 3.640920e+01 8.119874e+01 2.788940e+01 1.433731e+03 1.705441e+01
2.286500e+02 3.641052e+01 8.119897e+01 2.788801e+01 1.433731e+03 1.705465e+01
2.287000e+02 3.641274e+01 8.120009e+01 2.788688e+01 1.433731e+03 1.705488e+01
2.287500e+02 3.641595e+01 8.120219e+01 2.788597e+01 1.433731e+03 1.705512e+01
2.288000e+02 3.642025e+01 8.120539e+01 2.788527e+01 1.433732e+03 1.705535e+01
2.288500e+02 3.642518e+01 8.120920e+01 2.788482e+01 1.433732e+03 1.705559e+01
2.289000e+02 3.643156e+01 8.121445e+01 2.788450e+01 1.433732e+03 1.705582e+01
2.289500e+02 3.643947e+01 8.122122e+01 2.788431e+01 1.433733e+03 1.705606e+01
2.290000e+02 3.644941e+01 8.123001e+01 2.788416e+01 1.433733e+03 1.705629e+01
2.290500e+02 3.646367e+01 8.124308e+01 2.788378e+01 1.433733e+03 1.705653e+01
2.291000e+02 3.647664e+01 8.125488e+01 2.788382e+01 1.433733e+03 1.705676e+01
2.291500e+02 3.648982e+01 8.126687e+01 2.788410e+01 1.433734e+03 1.705700e+01
2.292000e+02 3.650953e+01 8.128535e+01 2.788385e+01 1.433734e+03 1.705723e+01
2.292500e+02 3.653573e+01 8.131028e+01 2.788307e+01 1.433734e+03 1.705747e+01
2.293000e+02 3.657145e+01 8.134465e+01 2.788138e+01 1.433735e+03 1.705770e+01
2.293500e+02 3.662296e+01 8.139469e+01 2.787803e+01 1.433735e+03 1.705794e+01
2.294000e+02 3.670373e+01 8.147378e+01 2.787139e+01 1.433735e+03 1.705818e+01
2.294500e+02 3.684467e+01 8.161259e+01 2.785774e+01 1.433736e+03 1.705841e+01
2.295000e+02 3.714904e+01 8.191365e+01 2.782469e+01 1.433736e+03 1.705865e+01
2.295500e+02 3.814559e+01 8.290203e+01 2.770874e+01 1.433736e+03 1.705888e+01
2.296000e+02 3.815209e+01 8.290740e+01 2.771180e+01 1.433736e+03 1.705912e+01
2.296500e+02 3.718029e+01 8.194142e+01 2.783250e+01 1.433736e+03 1.705935e+01
2.297000e+02 3.689800e+01 8.166012e+01 2.787061e+01 1.433736e+03 1.705959e+01
2.297500e+02 3.677860e+01 8.154053e+01 2.788935e+01 1.433737e+03 1.705982e+01
2.298000e+02 3.672035e+01 8.148163e+01 2.790093e+01 1.433737e+03 1.706006e+01
2.298500e+02 3.669156e+01 8.145198e+01 2.790914e+01 1.433737e+03 1.706029e+01
2.299000e+02 3.667914e+01 8.143858e+01 2.791555e+01 1.433738e+03 1.706053e+01
2.299500e+02 3.667735e+01 8.143572e+01 2.792083e+01 1.433738e+03 1.706076e+01
2.300000e+02 3.668488e+01 8.144211e+01 2.792516e+01 1.433738e+03 1.706100e+01
2.300500e+02 3.669646e+01 8.145252e+01 2.792914e+01 1.433739e+03 1.706124e+01
2.301000e+02 3.670720e+01 8.146211e+01 2.793338e+01 1.433739e+03 1.706147e+01
2.301500e+02 3.671891e+01 8.147264e+01 2.793763e+01 1.433739e+03 1.706171e+01
2.302000e+02 3.673779e+01 8.149030e+01 2.794117e+01 1.433740e+03 1.706194e+01
2.302500e+02 3.676116e+01 8.151242e+01 2.794430e+01 1.433740e+03 1.706218e+01
2.303000e+02 3.678944e+01 8.153941e+01 2.794697e+01 1.433740e+03 1.706241e+01
2.303500e+02 3.682598e+01 8.157459e+01 2.794877e+01 1.433741e+03 1.706265e+01
2.304000e+02 3.685922e+01 8.160651e+01 2.795110e+01 1.433741e+03 1.706288e+01
2.304500e+02 3.690569e+01 8.165155e+01 2.795195e+01 1.433741e+03 1.706312e+01
2.305000e+02 3.697280e+01 8.171708e+01 2.795044e+01 1.433741e+03 1.706335e+01
2.305500e+02 3.705687e+01 8.179944e+01 2.794701e+01 1.433742e+03 1.706359e+01
2.306000e+02 3.703016e+01 8.177186e+01 2.795703e+01 1.433742e+03 1.706383e+01
2.306500e+02 3.705405e+01 8.179448e+01 2.796107e+01 1.433742e+03 1.706406e+01
2.307000e+02 3.709607e+01 8.183511e+01 2.796304e+01 1.433743e+03 1.706430e+01
2.307500e+02 3.715387e+01 8.189140e+01 2.796322e+01 1.433743e+03 1.706453e+01
2.308000e+02 3.722960e+01 8.196550e+01 2.796135e+01 1.433743e+03 1.706477e+01
2.308500e+02 3.732834e+01 8.206243e+01 2.795680e+01 1.433744e+03 1.706500e+01
2.309000e+02 3.745880e+01 8.219087e+01 2.794853e+01 1.433744e+03 1.706524e+01
2.309500e+02 3.763575e+01 8.236545e+01 2.793474e+01 1.433745e+03 1.706547e+01
2.310000e+02 3.788499e+01 8.261183e+01 2.791232e+01 1.433745e+03 1.706571e+01
2.310500e+02 3.825502e+01 8.297817e+01 2.787539e+01 1.433746e+03 1.706594e+01
2.311000e+02 3.884958e+01 8.356756e+01 2.781139e+01 1.433746e+03 1.706618e+01
2.311500e+02 3.987123e+01 8.458138e+01 2.769579e+01 1.433747e+03 1.706642e+01
2.312000e+02 4.200193e+01 8.669799e+01 2.744595e+01 1.433748e+03 1.706665e+01
2.312500e+02 4.812915e+01 9.279310e+01 2.671146e+01 1.433749e+03 1.706689e+01
2.313000e+02 5.199704e+01 9.664405e+01 2.625006e+01 1.433743e+03 1.706712e+01
2.313500e+02 4.299209e+01 8.767925e+01 2.735038e+01 1.433741e+03 1.706736e+01
2.314000e+02 4.033063e+01 8.503242e+01 2.768122e+01 1.433743e+03 1.706759e+01
2.314500e+02 3.913561e+01 8.384406e+01 2.783450e+01 1.433743e+03 1.706783e+01
2.315000e+02 3.849085e+01 8.320260e+01 2.792126e+01 1.433744e+03 1.706807e+01
2.315500e+02 3.810415e+01 8.281751e+01 2.797687e+01 1.433745e+03 1.706830e+01
2.316000e+02 3.785570e+01 8.256975e+01 2.801584e+01 1.433745e+03 1.706854e+01
2.316500e+02 3.768853e+01 8.240269e+01 2.804507e+01 1.433746e+03 1.706877e+01
2.317000e+02 3.757261e+01 8.228654e+01 2.806819e+01 1.433746e+03 1.706901e+01
2.317500e+02 3.749093e+01 8.220437e+01 2.808724e+01 1.433746e+03 1.706924e+01
2.318000e+02 3.743331e+01 8.214608e+01 2.810346e+01 1.433747e+03 1.706948e+01
2.318500e+02 3.739353e+01 8.210552e+01 2.811759e+01 1.433747e+03 1.706971e+01
2.319000e+02 3.736832e+01 8.207942e+01 2.813003e+01 1.433748e+03 1.706995e+01
2.319500e+02 3.735946e+01 8.206954e+01 2.814054e+01 1.433748e+03 1.707019e+01
2.320000e+02 3.737965e+01 8.208850e+01 2.814758e+01 1.433748e+03 1.707042e+01
2.320500e+02 3.734094e+01 8.204899e+01 2.816182e+01 1.433749e+03 1.707066e+01
2.321000e+02 3.733694e+01 8.204394e+01 2.817187e+01 1.433749e+03 1.707089e+01
2.321500e+02 3.734143e+01 8.204732e+01 2.818091e+01 1.433749e+03 1.707113e+01
2.322000e+02 3.735134e+01 8.205608e+01 2.818930e+01 1.433750e+03 1.707136e+01
2.322500e+02 3.736570e+01 8.206924e+01 2.819714e+01 1.433750e+03 1.707160e+01
2.323000e+02 3.738412e+01 8.208645e+01 2.820447e+01 1.433750e+03 1.707183e+01
2.323500e+02 3.740664e+01 8.210772e+01 2.821126e+01 1.433751e+03 1.707207e+01
2.324000e+02 3.743383e+01 8.213364e+01 2.821744e+01 1.433751e+03 1.707231e+01
2.324500e+02 3.746788e+01 8.216635e+01 2.822273e+01 1.433751e+03 1.707254e+01
2.325000e+02 3.751962e+01 8.221663e+01 2.822579e+01 1.433752e+03 1.707278e+01
2.325500e+02 3.755442e+01 8.225009e+01 2.823084e+01 1.433752e+03 1.707301e+01
2.326000e+02 3.757299e+01 8.226744e+01 2.823778e+01 1.433752e+03 1.707325e+01
2.326500e+02 3.761293e+01 8.230601e+01 2.824204e+01 1.433752e+03 1.707348e+01
2.327000e+02 3.767539e+01 8.236693e+01 2.824345e+01 1.433753e+03 1.707372e+01
2.327500e+02 3.771758e+01 8.240774e+01 2.824725e+01 1.433753e+03 1.707395e+01
2.328000e+02 3.774906e+01 8.243790e+01 2.825229e+01 1.433753e+03 1.707419e+01
2.328500e+02 3.779912e+01 8.248652e+01 2.825498e+01 1.433754e+03 1.707442e+01
2.329000e+02 3.785927e+01 8.254515e+01 2.825638e+01 1.433754e+03 1.707466e+01
2.329500e+02 3.793307e+01 8.261733e+01 2.825606e+01 1.433754e+03 1.707490e+01
2.330000e+02 3.802203e+01 8.270458e+01 2.825385e+01 1.433755e+03 1.707513e+01
2.330500e+02 3.807594e+01 8.275702e+01 2.825590e+01 1.433755e+03 1.707537e+01
2.331000e+02 3.815776e+01 8.283716e+01 2.825453e+01 1.433755e+03 1.707560e+01
2.331500e+02 3.825153e+01 8.292918e+01 2.825169e+01 1.433756e+03 1.707584e+01
2.332000e+02 3.835677e+01 8.303259e+01 2.824745e+01 1.433756e+03 1.707608e+01
2.332500e+02 3.847545e+01 8.314936e+01 2.824158e+01 1.433756e+03 1.707631e+01
2.333000e+02 3.861343e+01 8.328529e+01 2.823337e+01 1.433757e+03 1.707655e+01
2.333500e+02 3.881537e+01 8.348474e+01 2.821735e+01 1.433757e+03 1.707679e+01
2.334000e+02 3.891323e+01 8.358085e+01 2.821413e+01 1.433757e+03 1.707702e+01
2.334500e+02 3.907742e+01 8.374282e+01 2.820281e+01 1.433757e+03 1.707726e+01
2.335000e+02 3.927173e+01 8.393472e+01 2.818785e+01 1.433758e+03 1.707750e+01
2.335500e+02 3.949558e+01 8.415598e+01 2.816930e+01 1.433758e+03 1.707773e+01
2.336000e+02 3.975378e+01 8.441138e+01 2.814658e+01 1.433759e+03 1.707797e+01
2.336500e+02 4.005457e+01 8.470912e+01 2.811867e+01 1.433759e+03 1.707821e+01
2.337000e+02 4.041111e+01 8.506227e+01 2.808395e+01 1.433759e+03 1.707844e+01
2.337500e+02 4.084476e+01 8.549208e+01 2.803979e+01 1.433759e+03 1.707868e+01
2.338000e+02 4.139456e+01 8.603739e+01 2.798136e+01 1.433760e+03 1.707892e+01
2.338500e+02 4.215679e+01 8.679397e+01 2.789679e+01 1.433760e+03 1.707915e+01
2.339000e+02 4.344870e+01 8.807740e+01 2.774696e+01 1.433761e+03 1.707939e+01
2.339500e+02 4.772914e+01 9.233513e+01 2.722849e+01 1.433759e+03 1.707963e+01
2.340000e+02 4.323743e+01 8.786512e+01 2.779172e+01 1.433757e+03 1.707986e+01
2.340500e+02 4.214170e+01 8.677459e+01 2.793629e+01 1.433759e+03 1.708010e+01
2.341000e+02 4.142330e+01 8.605941e+01 2.803446e+01 1.433758e+03 1.708034e+01
2.341500e+02 4.092757e+01 8.556565e+01 2.810528e+01 1.433759e+03 1.708058e+01
2.342000e+02 4.054864e+01 8.518803e+01 2.816179e+01 1.433759e+03 1.708081e+01
2.342500e+02 4.022027e+01 8.486068e+01 2.821216e+01 1.433760e+03 1.708105e+01
2.343000e+02 3.997667e+01 8.461758e+01 2.825215e+01 1.433760e+03 1.708129e+01
2.343500e+02 3.979976e+01 8.444075e+01 2.828399e+01 1.433760e+03 1.708153e+01
2.344000e+02 3.955441e+01 8.419595e+01 2.832436e+01 1.433761e+03 1.708176e+01
2.344500e+02 3.938550e+01 8.402709e+01 2.835536e+01 1.433761e+03 1.708200e+01
2.345000e+02 3.924910e+01 8.389053e+01 2.838243e+01 1.433761e+03 1.708224e+01
2.345500e+02 3.916020e+01 8.380116e+01 2.840369e+01 1.433762e+03 1.708248e+01
2.346000e+02 3.901822e+01 8.365907e+01 2.843159e+01 1.433762e+03 1.708271e+01
2.346500e+02 3.892087e+01 8.356132e+01 2.845403e+01 1.433762e+03 1.708295e+01
2.347000e+02 3.884984e+01 8.348969e+01 2.847329e+01 1.433763e+03 1.708319e+01
2.347500e+02 3.878323e+01 8.342247e+01 2.849206e+01 1.433763e+03 1.708343e+01
2.348000e+02 3.873288e+01 8.337138e+01 2.850888e+01 1.433763e+03 1.708367e+01
2.348500e+02 3.869617e+01 8.333385e+01 2.852407e+01 1.433764e+03 1.708390e+01
2.349000e+02 3.867206e+01 8.330883e+01 2.853776e+01 1.433764e+03 1.708414e+01
2.349500e+02 3.866106e+01 8.329681e+01 2.854989e+01 1.433765e+03 1.708438e+01
2.350000e+02 3.866538e+01 8.330002e+01 2.856017e+01 1.433765e+03 1.708462e+01
2.350500e+02 3.869395e+01 8.332731e+01 2.856749e+01 1.433765e+03 1.708486e+01
2.351000e+02 3.873325e+01 8.336525e+01 2.857354e+01 1.433766e+03 1.708509e+01
2.351500e+02 3.875201e+01 8.338279e+01 2.858220e+01 1.433766e+03 1.708533e+01
2.352000e+02 3.881109e+01 8.344037e+01 2.858589e+01 1.433766e+03 1.708557e+01
2.352500e+02 3.890230e+01 8.352986e+01 2.858565e+01 1.433767e+03 1.708581e+01
2.353000e+02 3.903274e+01 8.365831e+01 2.858057e+01 1.433767e+03 1.708605e+01
2.353500e+02 3.921717e+01 8.384038e+01 2.856883e+01 1.433768e+03 1.708629e+01
2.354000e+02 3.948148e+01 8.410180e+01 2.854718e+01 1.433768e+03 1.708652e+01
2.354500e+02 3.987229e+01 8.448889e+01 2.850982e+01 1.433770e+03 1.708676e+01
2.355000e+02 4.047966e+01 8.509118e+01 2.844550e+01 1.433770e+03 1.708700e+01
2.355500e+02 4.149693e+01 8.610094e+01 2.833007e+01 1.433772e+03 1.708724e+01
2.356000e+02 4.341034e+01 8.800198e+01 2.810279e+01 1.433771e+03 1.708748e+01
2.356500e+02 4.783215e+01 9.240007e+01 2.756197e+01 1.433776e+03 1.708772e+01
2.357000e+02 6.507810e+01 1.095860e+02 2.541515e+01 1.433770e+03 1.708796e+01
2.357500e+02 5.150372e+01 9.605357e+01 2.712512e+01 1.433761e+03 1.708820e+01
2.358000e+02 4.473894e+01 8.931892e+01 2.798233e+01 1.433764e+03 1.708843e+01
2.358500e+02 4.229831e+01 8.689091e+01 2.829889e+01 1.433764e+03 1.708867e+01
2.359000e+02 4.096335e+01 8.556306e+01 2.847740e+01 1.433766e+03 1.708891e+01
2.359500e+02 4.016460e+01 8.476839e+01 2.858903e+01 1.433766e+03 1.708915e+01
2.360000e+02 3.969375e+01 8.429960e+01 2.865979e+01 1.433768e+03 1.708939e+01
2.360500e+02 3.939135e+01 8.399817e+01 2.870959e+01 1.433768e+03 1.708963e+01
2.361000e+02 3.917099e+01 8.377825e+01 2.874921e+01 1.433769e+03 1.708987e+01
2.361500e+02 3.901445e+01 8.362172e+01 2.878094e+01 1.433769e+03 1.709011e+01
2.362000e+02 3.890954e+01 8.351646e+01 2.880628e+01 1.433770e+03 1.709035e+01
2.362500e+02 3.883755e+01 8.344390e+01 2.882758e+01 1.433770e+03 1.709059e+01
2.363000e+02 3.879419e+01 8.339976e+01 2.884537e+01 1.433771e+03 1.709083e+01
2.363500e+02 3.876932e+01 8.337397e+01 2.886092e+01 1.433771e+03 1.709107e+01
2.364000e+02 3.875724e+01 8.336090e+01 2.887493e+01 1.433772e+03 1.709131e+01
2.364500e+02 3.876488e+01 8.336741e+01 2.888655e+01 1.433772e+03 1.709155e+01
2.365000e+02 3.879199e+01 8.339324e+01 2.889580e+01 1.433773e+03 1.709179e+01
2.365500e+02 3.884199e+01 8.344180e+01 2.890225e+01 1.433772e+03 1.709202e+01
2.366000e+02 3.893699e+01 8.353505e+01 2.890312e+01 1.433774e+03 1.709226e+01
2.366500e+02 3.900589e+01 8.360238e+01 2.890733e+01 1.433773e+03 1.709250e+01
2.367000e+02 3.910359e+01 8.369830e+01 2.890800e+01 1.433775e+03 1.709274e+01
2.367500e+02 3.925940e+01 8.385195e+01 2.890143e+01 1.433774e+03 1.709298e+01
2.368000e+02 3.947896e+01 8.406890e+01 2.888691e+01 1.433776e+03 1.709322e+01
2.368500e+02 3.979500e+01 8.438170e+01 2.886029e+01 1.433775e+03 1.709346e+01
2.369000e+02 4.024670e+01 8.482929e+01 2.881663e+01 1.433777e+03 1.709370e+01
2.369500e+02 4.094217e+01 8.551914e+01 2.874225e+01 1.433777e+03 1.709394e+01
2.370000e+02 4.214972e+01 8.671809e+01 2.860325e+01 1.433780e+03 1.709419e+01
2.370500e+02 4.451277e+01 8.906650e+01 2.831817e+01 1.433779e+03 1.709443e+01
2.371000e+02 5.043183e+01 9.495610e+01 2.758283e+01 1.433785e+03 1.709467e+01
2.371500e+02 7.194476e+01 1.164040e+02 2.486847e+01 1.433775e+03 1.709491e+01
2.372000e+02 4.904295e+01 9.357104e+01 2.778506e+01 1.433765e+03 1.709515e+01
2.372500e+02 4.405534e+01 8.860720e+01 2.843012e+01 1.433772e+03 1.709539e+01
2.373000e+02 4.197764e+01 8.654050e+01 2.870697e+01 1.433771e+03 1.709563e+01
2.373500e+02 4.087754e+01 8.544621e+01 2.886029e+01 1.433774e+03 1.709587e+01
2.374000e+02 4.022770e+01 8.479955e+01 2.895681e+01 1.433773e+03 1.709611e+01
2.374500e+02 3.981668e+01 8.439020e+01 2.902327e+01 1.433775e+03 1.709635e+01
2.375000e+02 3.954355e+01 8.411785e+01 2.907243e+01 1.433775e+03 1.709659e+01
2.375500e+02 3.936281e+01 8.393729e+01 2.911003e+01 1.433776e+03 1.709683e+01
2.376000e+02 3.924712e+01 8.382132e+01 2.913954e+01 1.433776e+03 1.709707e+01
2.376500e+02 3.911325e+01 8.368731e+01 2.917151e+01 1.433777e+03 1.709732e+01
2.377000e+02 3.903072e+01 8.360428e+01 2.919712e+01 1.433777e+03 1.709756e+01
2.377500e+02 3.897316e+01 8.354604e+01 2.921971e+01 1.433778e+03 1.709780e+01
2.378000e+02 3.893318e+01 8.350526e+01 2.924024e+01 1.433778e+03 1.709804e+01
2.378500e+02 3.890669e+01 8.347788e+01 2.925920e+01 1.433779e+03 1.709828e+01
2.379000e+02 3.889124e+01 8.346146e+01 2.927694e+01 1.433778e+03 1.709852e+01
2.379500e+02 3.888534e+01 8.345451e+01 2.929363e+01 1.433779e+03 1.709876e+01
2.380000e+02 3.888894e+01 8.345701e+01 2.930930e+01 1.433779e+03 1.709901e+01
2.380500e+02 3.889846e+01 8.346538e+01 2.932439e+01 1.433780e+03 1.709925e+01
2.381000e+02 3.891733e+01 8.348303e+01 2.933847e+01 1.433780e+03 1.709949e+01
2.381500e+02 3.894564e+01 8.351006e+01 2.935154e+01 1.433781e+03 1.709973e+01
2.382000e+02 3.898563e+01 8.354868e+01 2.936332e+01 1.433781e+03 1.709997e+01
2.382500e+02 3.904243e+01 8.360399e+01 2.937315e+01 1.433782e+03 1.710022e+01
2.383000e+02 3.912877e+01 8.368863e+01 2.937941e+01 1.433782e+03 1.710046e+01
2.383500e+02 3.928915e+01 8.384679e+01 2.937641e+01 1.433782e+03 1.710070e+01
2.384000e+02 3.966383e+01 8.421778e+01 2.934619e+01 1.433782e+03 1.710094e+01
2.384500e+02 3.998101e+01 8.453170e+01 2.932350e+01 1.433783e+03 1.710118e+01
2.385000e+02 3.952199e+01 8.407476e+01 2.940048e+01 1.433783e+03 1.710143e+01
2.385500e+02 3.948049e+01 8.403246e+01 2.942425e+01 1.433784e+03 1.710167e+01
2.386000e+02 3.954055e+01 8.409102e+01 2.943526e+01 1.433784e+03 1.710191e+01
2.386500e+02 3.966715e+01 8.421565e+01 2.943800e+01 1.433785e+03 1.710215e+01
2.387000e+02 3.985535e+01 8.440147e+01 2.943309e+01 1.433785e+03 1.710240e+01
2.387500e+02 4.005368e+01 8.459736e+01 2.942713e+01 1.433786e+03 1.710264e+01
2.388000e+02 4.035225e+01 8.489284e+01 2.940855e+01 1.433786e+03 1.710288e+01
2.388500e+02 4.080748e+01 8.534397e+01 2.937006e+01 1.433787e+03 1.710312e+01
2.389000e+02 4.152552e+01 8.605630e+01 2.929794e+01 1.433787e+03 1.710337e+01
2.389500e+02 4.273980e+01 8.726201e+01 2.916198e+01 1.433790e+03 1.710361e+01
2.390000e+02 4.514154e+01 8.964906e+01 2.887271e+01 1.433789e+03 1.710385e+01
2.390500e+02 5.134640e+01 9.582354e+01 2.809103e+01 1.433794e+03 1.710410e+01
2.391000e+02 6.869629e+01 1.131185e+02 2.586192e+01 1.433785e+03 1.710434e+01
2.391500e+02 4.900663e+01 9.349173e+01 2.843635e+01 1.433777e+03 1.710458e+01
2.392000e+02 4.447695e+01 8.898370e+01 2.904536e+01 1.433782e+03 1.710482e+01
2.392500e+02 4.260949e+01 8.712593e+01 2.931013e+01 1.433782e+03 1.710507e+01
2.393000e+02 4.169129e+01 8.621230e+01 2.945252e+01 1.433784e+03 1.710531e+01
2.393500e+02 4.111624e+01 8.563983e+01 2.955100e+01 1.433784e+03 1.710555e+01
2.394000e+02 4.082825e+01 8.535263e+01 2.961278e+01 1.433785e+03 1.710580e+01
2.394500e+02 4.058824e+01 8.511313e+01 2.966886e+01 1.433785e+03 1.710604e+01
2.395000e+02 4.047114e+01 8.499571e+01 2.970949e+01 1.433786e+03 1.710628e+01
2.395500e+02 4.056995e+01 8.509278e+01 2.972256e+01 1.433786e+03 1.710653e+01
2.396000e+02 4.053078e+01 8.505278e+01 2.975411e+01 1.433787e+03 1.710677e+01
2.396500e+02 4.025478e+01 8.477755e+01 2.981708e+01 1.433787e+03 1.710701e+01
2.397000e+02 4.018828e+01 8.471043e+01 2.985332e+01 1.433788e+03 1.710725e+01
2.397500e+02 4.018058e+01 8.470169e+01 2.988246e+01 1.433788e+03 1.710750e+01
2.398000e+02 4.020478e+01 8.472464e+01 2.990800e+01 1.433789e+03 1.710774e+01
2.398500e+02 4.045729e+01 8.497436e+01 2.990424e+01 1.433789e+03 1.710798e+01
2.399000e+02 4.029800e+01 8.481505e+01 2.995496e+01 1.433789e+03 1.710822e+01
2.399500e+02 4.030763e+01 8.482354e+01 2.998416e+01 1.433789e+03 1.710847e+01
2.400000e+02 4.032152e+01 8.483624e+01 3.001340e+01 1.433790e+03 1.710871e+01
2.400500e+02 4.036346e+01 8.487681e+01 3.003957e+01 1.433790e+03 1.710895e+01
2.401000e+02 4.023658e+01 8.474971e+01 3.008853e+01 1.433790e+03 1.710919e+01
2.401500e+02 4.022199e+01 8.473413e+01 3.012335e+01 1.433790e+03 1.710943e+01
2.402000e+02 4.025283e+01 8.476367e+01 3.015277e+01 1.433791e+03 1.710967e+01
2.402500e+02 4.039132e+01 8.490014e+01 3.016856e+01 1.433791e+03 1.710991e+01
2.403000e+02 4.028848e+01 8.479691e+01 3.021676e+01 1.433792e+03 1.711015e+01
2.403500e+02 4.021644e+01 8.472427e+01 3.026147e+01 1.433792e+03 1.711039e+01
2.404000e+02 4.021381e+01 8.472059e+01 3.029752e+01 1.433792e+03 1.711063e+01
2.404500e+02 4.018096e+01 8.468687e+01 3.033806e+01 1.433792e+03 1.711087e+01
2.405000e+02 4.020638e+01 8.471103e+01 3.037132e+01 1.433793e+03 1.711111e+01
2.405500e+02 4.017806e+01 8.468182e+01 3.041211e+01 1.433793e+03 1.711135e+01
2.406000e+02 4.018611e+01 8.468873e+01 3.044840e+01 1.433794e+03 1.711159e+01
2.406500e+02 4.021406e+01 8.471541e+01 3.048231e+01 1.433794e+03 1.711183e+01
2.407000e+02 4.022963e+01 8.472978e+01 3.051805e+01 1.433794e+03 1.711206e+01
2.407500e+02 4.025328e+01 8.475219e+01 3.055282e+01 1.433794e+03 1.711230e+01
2.408000e+02 4.026793e+01 8.476565e+01 3.058879e+01 1.433795e+03 1.711253e+01
2.408500e+02 4.030913e+01 8.480548e+01 3.062112e+01 1.433795e+03 1.711277e+01
2.409000e+02 4.046774e+01 8.496193e+01 3.063747e+01 1.433795e+03 1.711300e+01
2.409500e+02 4.037364e+01 8.486738e+01 3.068736e+01 1.433795e+03 1.711324e+01
2.410000e+02 4.038461e+01 8.487719e+01 3.072270e+01 1.433796e+03 1.711347e+01
2.410500e+02 4.042317e+01 8.491441e+01 3.075370e+01 1.433796e+03 1.711370e+01
2.411000e+02 4.048449e+01 8.497422e+01 3.078087e+01 1.433797e+03 1.711393e+01
2.411500e+02 4.060895e+01 8.509675e+01 3.079857e+01 1.433797e+03 1.711416e+01
2.412000e+02 4.098149e+01 8.546571e+01 3.078165e+01 1.433797e+03 1.711439e+01
2.412500e+02 4.085695e+01 8.534092e+01 3.083060e+01 1.433797e+03 1.711462e+01
2.413000e+02 4.081203e+01 8.529521e+01 3.086742e+01 1.433798e+03 1.711485e+01
2.413500e+02 4.070925e+01 8.519203e+01 3.091056e+01 1.433798e+03 1.711508e+01
2.414000e+02 4.071362e+01 8.519529e+01 3.093754e+01 1.433798e+03 1.711531e+01
2.414500e+02 4.074196e+01 8.522235e+01 3.095955e+01 1.433799e+03 1.711553e+01
2.415000e+02 4.079773e+01 8.527666e+01 3.097596e+01 1.433799e+03 1.711576e+01
2.415500e+02 4.082172e+01 8.529940e+01 3.099392e+01 1.433799e+03 1.711598e+01
2.416000e+02 4.086666e+01 8.534295e+01 3.100452e+01 1.433800e+03 1.711621e+01
2.416500e+02 4.092151e+01 8.539636e+01 3.101004e+01 1.433800e+03 1.711643e+01
2.417000e+02 4.098469e+01 8.545803e+01 3.101206e+01 1.433801e+03 1.711665e+01
2.417500e+02 4.106117e+01 8.553292e+01 3.101013e+01 1.433801e+03 1.711688e+01
2.418000e+02 4.115443e+01 8.562447e+01 3.100375e+01 1.433801e+03 1.711711e+01
2.418500e+02 4.126785e+01 8.573605e+01 3.099246e+01 1.433802e+03 1.711733e+01
2.419000e+02 4.141306e+01 8.587922e+01 3.097474e+01 1.433802e+03 1.711756e+01
2.419500e+02 4.160376e+01 8.606760e+01 3.094874e+01 1.433803e+03 1.711779e+01
2.420000e+02 4.186331e+01 8.632439e+01 3.091099e+01 1.433803e+03 1.711801e+01
2.420500e+02 4.223300e+01 8.669065e+01 3.085600e+01 1.433804e+03 1.711824e+01
2.421000e+02 4.279135e+01 8.724444e+01 3.077365e+01 1.433804e+03 1.711847e+01
2.421500e+02 4.370123e+01 8.814778e+01 3.064196e+01 1.433805e+03 1.711870e+01
2.422000e+02 4.535384e+01 8.978994e+01 3.040780e+01 1.433806e+03 1.711893e+01
2.422500e+02 4.895265e+01 9.336945e+01 2.990736e+01 1.433808e+03 1.711916e+01
2.423000e+02 6.064589e+01 1.050173e+02 2.830201e+01 1.433805e+03 1.711940e+01
2.423500e+02 5.581436e+01 1.002007e+02 2.894962e+01 1.433798e+03 1.711963e+01
2.424000e+02 4.771128e+01 9.213074e+01 3.004092e+01 1.433799e+03 1.711986e+01
2.424500e+02 4.482795e+01 8.926147e+01 3.041985e+01 1.433799e+03 1.712010e+01
2.425000e+02 4.342868e+01 8.786919e+01 3.059625e+01 1.433801e+03 1.712034e+01
2.425500e+02 4.263805e+01 8.708227e+01 3.068956e+01 1.433801e+03 1.712057e+01
2.426000e+02 4.215058e+01 8.659676e+01 3.074152e+01 1.433803e+03 1.712081e+01
2.426500e+02 4.183951e+01 8.628659e+01 3.076951e+01 1.433803e+03 1.712105e+01
2.427000e+02 4.161214e+01 8.605960e+01 3.078623e+01 1.433804e+03 1.712129e+01
2.427500e+02 4.146112e+01 8.590848e+01 3.079279e+01 1.433804e+03 1.712153e+01
2.428000e+02 4.136077e+01 8.580770e+01 3.079276e+01 1.433805e+03 1.712177e+01
2.428500e+02 4.130235e+01 8.574858e+01 3.078741e+01 1.433805e+03 1.712201e+01
2.429000e+02 4.128079e+01 8.572607e+01 3.077750e+01 1.433806e+03 1.712225e+01
2.429500e+02 4.129787e+01 8.574195e+01 3.076284e+01 1.433806e+03 1.712249e+01
2.430000e+02 4.137286e+01 8.581536e+01 3.074088e+01 1.433807e+03 1.712274e+01
2.430500e+02 4.146384e+01 8.590465e+01 3.071733e+01 1.433807e+03 1.712298e+01
2.431000e+02 4.158542e+01 8.602435e+01 3.069024e+01 1.433808e+03 1.712322e+01
2.431500e+02 4.180541e+01 8.624183e+01 3.065048e+01 1.433808e+03 1.712347e+01
2.432000e+02 4.215627e+01 8.658934e+01 3.059370e+01 1.433810e+03 1.712371e+01
2.432500e+02 4.273251e+01 8.716087e+01 3.050715e+01 1.433809e+03 1.712396e+01
2.433000e+02 4.373263e+01 8.815384e+01 3.036407e+01 1.433812e+03 1.712420e+01
2.433500e+02 4.569850e+01 9.010748e+01 3.009131e+01 1.433811e+03 1.712445e+01
2.434000e+02 5.025465e+01 9.464004e+01 2.946937e+01 1.433817e+03 1.712470e+01
2.434500e+02 7.044577e+01 1.147653e+02 2.673306e+01 1.433808e+03 1.712494e+01
2.435000e+02 5.123925e+01 9.561809e+01 2.932493e+01 1.433799e+03 1.712519e+01
2.435500e+02 4.594840e+01 9.035163e+01 3.003411e+01 1.433805e+03 1.712544e+01
2.436000e+02 4.382095e+01 8.823508e+01 3.031656e+01 1.433804e+03 1.712568e+01
2.436500e+02 4.272939e+01 8.714904e+01 3.045981e+01 1.433806e+03 1.712593e+01
2.437000e+02 4.209372e+01 8.651630e+01 3.054214e+01 1.433806e+03 1.712618e+01
2.437500e+02 4.169564e+01 8.611970e+01 3.059300e+01 1.433808e+03 1.712643e+01
2.438000e+02 4.143803e+01 8.586270e+01 3.062547e+01 1.433808e+03 1.712667e+01
2.438500e+02 4.127450e+01 8.569917e+01 3.064580e+01 1.433809e+03 1.712692e+01
2.439000e+02 4.118476e+01 8.560895e+01 3.065670e+01 1.433809e+03 1.712717e+01
2.439500e+02 4.116772e+01 8.559093e+01 3.065831e+01 1.433810e+03 1.712742e+01
2.440000e+02 4.125130e+01 8.567287e+01 3.064685e+01 1.433810e+03 1.712767e+01
2.440500e+02 4.148270e+01 8.590164e+01 3.061596e+01 1.433811e+03 1.712792e+01
2.441000e+02 4.215575e+01 8.656922e+01 3.052604e+01 1.433811e+03 1.712817e+01
2.441500e+02 4.510197e+01 8.949668e+01 3.013028e+01 1.433811e+03 1.712841e+01
2.442000e+02 4.252022e+01 8.692919e+01 3.047963e+01 1.433810e+03 1.712866e+01
2.442500e+02 4.146499e+01 8.587970e+01 3.062367e+01 1.433811e+03 1.712891e+01
2.443000e+02 4.104292e+01 8.545937e+01 3.068283e+01 1.433811e+03 1.712916e+01
2.443500e+02 4.086114e+01 8.527775e+01 3.071002e+01 1.433812e+03 1.712941e+01
2.444000e+02 4.072078e+01 8.513726e+01 3.073199e+01 1.433812e+03 1.712966e+01
2.444500e+02 4.058257e+01 8.499892e+01 3.075403e+01 1.433813e+03 1.712991e+01
2.445000e+02 4.050755e+01 8.492334e+01 3.076789e+01 1.433813e+03 1.713016e+01
2.445500e+02 4.045641e+01 8.487147e+01 3.077886e+01 1.433813e+03 1.713041e+01
2.446000e+02 4.042308e+01 8.483729e+01 3.078775e+01 1.433813e+03 1.713066e+01
2.446500e+02 4.038943e+01 8.480279e+01 3.079697e+01 1.433814e+03 1.713091e+01
2.447000e+02 4.036517e+01 8.477762e+01 3.080523e+01 1.433814e+03 1.713116e+01
2.447500e+02 4.034676e+01 8.475826e+01 3.081297e+01 1.433815e+03 1.713141e+01
2.448000e+02 4.033718e+01 8.474766e+01 3.081979e+01 1.433815e+03 1.713166e+01
2.448500e+02 4.032337e+01 8.473286e+01 3.082744e+01 1.433815e+03 1.713191e+01
2.449000e+02 4.031818e+01 8.472663e+01 3.083417e+01 1.433815e+03 1.713216e+01
2.449500e+02 4.031613e+01 8.472351e+01 3.084073e+01 1.433816e+03 1.713241e+01
2.450000e+02 4.031050e+01 8.471683e+01 3.084799e+01 1.433816e+03 1.713266e+01
2.450500e+02 4.030972e+01 8.471498e+01 3.085482e+01 1.433817e+03 1.713291e+01
2.451000e+02 4.030047e+01 8.470470e+01 3.086301e+01 1.433817e+03 1.713316e+01
2.451500e+02 4.029826e+01 8.470142e+01 3.087046e+01 1.433817e+03 1.713341e+01
2.452000e+02 4.029848e+01 8.470057e+01 3.087778e+01 1.433817e+03 1.713366e+01
2.452500e+02 4.030033e+01 8.470132e+01 3.088507e+01 1.433818e+03 1.713391e+01
2.453000e+02 4.030336e+01 8.470324e+01 3.089239e+01 1.433818e+03 1.713416e+01
2.453500e+02 4.030743e+01 8.470620e+01 3.089975e+01 1.433818e+03 1.713441e+01
2.454000e+02 4.031259e+01 8.471023e+01 3.090713e+01 1.433819e+03 1.713466e+01
2.454500e+02 4.031886e+01 8.471538e+01 3.091453e+01 1.433819e+03 1.713491e+01
2.455000e+02 4.032677e+01 8.472215e+01 3.092187e+01 1.433819e+03 1.713516e+01
2.455500e+02 4.033861e+01 8.473282e+01 3.092883e+01 1.433820e+03 1.713541e+01
2.456000e+02 4.034357e+01 8.473667e+01 3.093688e+01 1.433820e+03 1.713566e+01
2.456500e+02 4.035514e+01 8.474707e+01 3.094417e+01 1.433820e+03 1.713591e+01
2.457000e+02 4.036751e+01 8.475827e+01 3.095150e+01 1.433821e+03 1.713616e+01
2.457500e+02 4.039026e+01 8.477978e+01 3.095756e+01 1.433821e+03 1.713641e+01
2.458000e+02 4.044957e+01 8.483759e+01 3.095880e+01 1.433821e+03 1.713666e+01
2.458500e+02 4.040629e+01 8.479352e+01 3.097407e+01 1.433822e+03 1.713691e+01
2.459000e+02 4.040695e+01 8.479310e+01 3.098350e+01 1.433822e+03 1.713716e+01
2.459500e+02 4.041465e+01 8.479966e+01 3.099211e+01 1.433822e+03 1.713741e+01
2.460000e+02 4.042515e+01 8.480900e+01 3.100045e+01 1.433822e+03 1.713766e+01
2.460500e+02 4.043736e+01 8.482004e+01 3.100868e+01 1.433823e+03 1.713792e+01
2.461000e+02 4.045098e+01 8.483248e+01 3.101682e+01 1.433823e+03 1.713817e+01
2.461500e+02 4.046609e+01 8.484641e+01 3.102487e+01 1.433823e+03 1.713842e+01
2.462000e+02 4.048301e+01 8.486212e+01 3.103277e+01 1.433824e+03 1.713867e+01
2.462500e+02 4.050322e+01 8.488111e+01 3.104033e+01 1.433824e+03 1.713892e+01
2.463000e+02 4.052937e+01 8.490599e+01 3.104718e+01 1.433824e+03 1.713917e+01
2.463500e+02 4.054882e+01 8.492422e+01 3.105504e+01 1.433825e+03 1.713942e+01
2.464000e+02 4.058357e+01 8.495763e+01 3.106091e+01 1.433825e+03 1.713967e+01
2.464500e+02 4.064907e+01 8.502160e+01 3.106268e+01 1.433825e+03 1.713992e+01
2.465000e+02 4.088537e+01 8.525515e+01 3.104130e+01 1.433826e+03 1.714018e+01
2.465500e+02 4.080295e+01 8.517223e+01 3.106336e+01 1.433826e+03 1.714043e+01
2.466000e+02 4.068225e+01 8.505129e+01 3.109073e+01 1.433826e+03 1.714068e+01
2.466500e+02 4.066603e+01 8.503410e+01 3.110397e+01 1.433826e+03 1.714093e+01
2.467000e+02 4.067204e+01 8.503898e+01 3.111426e+01 1.433827e+03 1.714118e+01
2.467500e+02 4.068492e+01 8.505069e+01 3.112368e+01 1.433827e+03 1.714143e+01
2.468000e+02 4.070312e+01 8.506767e+01 3.113246e+01 1.433827e+03 1.714169e+01
2.468500e+02 4.072475e+01 8.508807e+01 3.114085e+01 1.433828e+03 1.714194e+01
2.469000e+02 4.074920e+01 8.511127e+01 3.114892e+01 1.433828e+03 1.714219e+01
2.469500e+02 4.077643e+01 8.513722e+01 3.115668e+01 1.433828e+03 1.714244e+01
2.470000e+02 4.080718e+01 8.516667e+01 3.116402e+01 1.433829e+03 1.714269e+01
2.470500e+02 4.084067e+01 8.519884e+01 3.117105e+01 1.433829e+03 1.714294e+01
2.471000e+02 4.088296e+01 8.523976e+01 3.117694e+01 1.433829e+03 1.714320e+01
2.471500e+02 4.091845e+01 8.527391e+01 3.118382e+01 1.433830e+03 1.714345e+01
2.472000e+02 4.095883e+01 8.531293e+01 3.119009e+01 1.433830e+03 1.714370e+01
2.472500e+02 4.100868e+01 8.536135e+01 3.119512e+01 1.433830e+03 1.714395e+01
2.473000e+02 4.106605e+01 8.541723e+01 3.119917e+01 1.433831e+03 1.714421e+01
2.473500e+02 4.112970e+01 8.547936e+01 3.120240e+01 1.433831e+03 1.714446e+01
2.474000e+02 4.120840e+01 8.555643e+01 3.120363e+01 1.433832e+03 1.714471e+01
2.474500e+02 4.130593e+01 8.565220e+01 3.120231e+01 1.433832e+03 1.714496e+01
2.475000e+02 4.143128e+01 8.577561e+01 3.119723e+01 1.433832e+03 1.714522e+01
2.475500e+02 4.160138e+01 8.594346e+01 3.118604e+01 1.433833e+03 1.714547e+01
2.476000e+02 4.185128e+01 8.619060e+01 3.116393e+01 1.433833e+03 1.714572e+01
2.476500e+02 4.226663e+01 8.660211e+01 3.111913e+01 1.433834e+03 1.714597e+01
2.477000e+02 4.312612e+01 8.745498e+01 3.101331e+01 1.433835e+03 1.714623e+01
2.477500e+02 4.618860e+01 9.049832e+01 3.060445e+01 1.433834e+03 1.714648e+01
2.478000e+02 4.422017e+01 8.854012e+01 3.088741e+01 1.433833e+03 1.714673e+01
2.478500e+02 4.318256e+01 8.750779e+01 3.104246e+01 1.433834e+03 1.714698e+01
2.479000e+02 4.303786e+01 8.736292e+01 3.107478e+01 1.433835e+03 1.714724e+01
2.479500e+02 4.327888e+01 8.760133e+01 3.105406e+01 1.433836e+03 1.714749e+01
2.480000e+02 4.388911e+01 8.820669e+01 3.098250e+01 1.433836e+03 1.714774e+01
2.480500e+02 4.510529e+01 8.941455e+01 3.082739e+01 1.433838e+03 1.714800e+01
2.481000e+02 4.772914e+01 9.202296e+01 3.047793e+01 1.433838e+03 1.714825e+01
2.481500e+02 5.532600e+01 9.958480e+01 2.944084e+01 1.433840e+03 1.714850e+01
2.482000e+02 6.203447e+01 1.062691e+02 2.852477e+01 1.433833e+03 1.714876e+01
2.482500e+02 4.932874e+01 9.361124e+01 3.029424e+01 1.433829e+03 1.714901e+01
2.483000e+02 4.575588e+01 9.005595e+01 3.080051e+01 1.433832e+03 1.714926e+01
2.483500e+02 4.416722e+01 8.847547e+01 3.103275e+01 1.433832e+03 1.714952e+01
2.484000e+02 4.330697e+01 8.761944e+01 3.116448e+01 1.433834e+03 1.714977e+01
2.484500e+02 4.280011e+01 8.711471e+01 3.124749e+01 1.433834e+03 1.715003e+01
2.485000e+02 4.248028e+01 8.679587e+01 3.130474e+01 1.433835e+03 1.715028e+01
2.485500e+02 4.226504e+01 8.658096e+01 3.134761e+01 1.433835e+03 1.715053e+01
2.486000e+02 4.212060e+01 8.643638e+01 3.138075e+01 1.433836e+03 1.715079e+01
2.486500e+02 4.202448e+01 8.633983e+01 3.140728e+01 1.433836e+03 1.715104e+01
2.487000e+02 4.197283e+01 8.628743e+01 3.142770e+01 1.433837e+03 1.715130e+01
2.487500e+02 4.192361e+01 8.623746e+01 3.144785e+01 1.433837e+03 1.715155e+01
2.488000e+02 4.188881e+01 8.620181e+01 3.146605e+01 1.433838e+03 1.715180e+01
2.488500e+02 4.187724e+01 8.618923e+01 3.148109e+01 1.433838e+03 1.715206e+01
2.489000e+02 4.188100e+01 8.619188e+01 3.149406e+01 1.433839e+03 1.715231e+01
2.489500e+02 4.189800e+01 8.620767e+01 3.150523e+01 1.433839e+03 1.715257e+01
2.490000e+02 4.192836e+01 8.623675e+01 3.151460e+01 1.433839e+03 1.715282e+01
2.490500e+02 4.197947e+01 8.628642e+01 3.152114e+01 1.433840e+03 1.715308e+01
2.491000e+02 4.202264e+01 8.632822e+01 3.152883e+01 1.433840e+03 1.715333e+01
2.491500e+02 4.208988e+01 8.639392e+01 3.153321e+01 1.433841e+03 1.715359e+01
2.492000e+02 4.216800e+01 8.647043e+01 3.153613e+01 1.433841e+03 1.715384e+01
2.492500e+02 4.226944e+01 8.657011e+01 3.153584e+01 1.433841e+03 1.715410e+01
2.493000e+02 4.239623e+01 8.669497e+01 3.153207e+01 1.433842e+03 1.715435e+01
2.493500e+02 4.255550e+01 8.685211e+01 3.152381e+01 1.433842e+03 1.715461e+01
2.494000e+02 4.275858e+01 8.705277e+01 3.150948e+01 1.433843e+03 1.715486e+01
2.494500e+02 4.302345e+01 8.731484e+01 3.148656e+01 1.433844e+03 1.715512e+01
2.495000e+02 4.337961e+01 8.766764e+01 3.145092e+01 1.433844e+03 1.715537e+01
2.495500e+02 4.387891e+01 8.816272e+01 3.139532e+01 1.433845e+03 1.715563e+01
2.496000e+02 4.462050e+01 8.889871e+01 3.130586e+01 1.433846e+03 1.715588e+01
2.496500e+02 4.581629e+01 9.008643e+01 3.115287e+01 1.433847e+03 1.715614e+01
2.497000e+02 4.801666e+01 9.227378e+01 3.085921e+01 1.433848e+03 1.715639e+01
2.497500e+02 5.325887e+01 9.749041e+01 3.013914e+01 1.433849e+03 1.715665e+01
2.498000e+02 6.159853e+01 1.057986e+02 2.898330e+01 1.433846e+03 1.715691e+01
2.498500e+02 5.301656e+01 9.724691e+01 3.020065e+01 1.433842e+03 1.715716e+01
2.499000e+02 5.390035e+01 9.812589e+01 3.009053e+01 1.433847e+03 1.715742e+01
2.499500e+02 6.609177e+01 1.102753e+02 2.839180e+01 1.433842e+03 1.715767e+01
2.500000e+02 5.590458e+01 1.001199e+02 2.983683e+01 1.433837e+03 1.715793e+01
