2.100000e+02 4.328231e+01 8.843850e+01 3.352434e+01 2.025740e+03 2.195231e+01
2.100500e+02 4.328859e+01 8.844364e+01 3.351108e+01 2.025741e+03 2.195264e+01
2.101000e+02 4.329256e+01 8.844648e+01 3.349823e+01 2.025741e+03 2.195297e+01
2.101500e+02 4.332101e+01 8.847370e+01 3.348180e+01 2.025742e+03 2.195329e+01
2.102000e+02 4.347284e+01 8.862374e+01 3.344710e+01 2.025742e+03 2.195362e+01
2.102500e+02 4.337440e+01 8.852464e+01 3.344954e+01 2.025742e+03 2.195394e+01
2.103000e+02 4.340131e+01 8.855031e+01 3.343338e+01 2.025743e+03 2.195427e+01
2.103500e+02 4.351947e+01 8.866684e+01 3.340359e+01 2.025743e+03 2.195459e+01
2.104000e+02 4.396007e+01 8.910438e+01 3.332600e+01 2.025743e+03 2.195492e+01
2.104500e+02 4.392422e+01 8.906758e+01 3.331901e+01 2.025744e+03 2.195524e+01
2.105000e+02 4.360178e+01 8.874546e+01 3.335443e+01 2.025744e+03 2.195557e+01
2.105500e+02 4.357554e+01 8.871823e+01 3.334601e+01 2.025745e+03 2.195589e+01
2.106000e+02 4.366231e+01 8.880350e+01 3.332090e+01 2.025745e+03 2.195621e+01
2.106500e+02 4.387532e+01 8.901446e+01 3.327718e+01 2.025746e+03 2.195654e+01
2.107000e+02 4.434104e+01 8.947704e+01 3.319620e+01 2.025746e+03 2.195686e+01
2.107500e+02 4.562265e+01 9.075215e+01 3.299478e+01 2.025748e+03 2.195718e+01
2.108000e+02 4.957591e+01 9.468943e+01 3.239868e+01 2.025746e+03 2.195751e+01
2.108500e+02 4.530665e+01 9.043523e+01 3.301783e+01 2.025744e+03 2.195783e+01
2.109000e+02 4.418858e+01 8.932081e+01 3.317124e+01 2.025746e+03 2.195815e+01
2.109500e+02 4.372122e+01 8.885440e+01 3.322865e+01 2.025746e+03 2.195847e+01
2.110000e+02 4.347110e+01 8.860430e+01 3.325414e+01 2.025747e+03 2.195880e+01
2.110500e+02 4.331832e+01 8.845109e+01 3.326543e+01 2.025747e+03 2.195912e+01
2.111000e+02 4.321564e+01 8.834778e+01 3.326950e+01 2.025748e+03 2.195944e+01
2.111500e+02 4.314683e+01 8.827817e+01 3.326877e+01 2.025748e+03 2.195976e+01
2.112000e+02 4.308559e+01 8.821611e+01 3.326710e+01 2.025749e+03 2.196008e+01
2.112500e+02 4.303813e+01 8.816777e+01 3.326361e+01 2.025749e+03 2.196041e+01
2.113000e+02 4.300056e+01 8.812927e+01 3.325885e+01 2.025750e+03 2.196073e+01
2.113500e+02 4.296938e+01 8.809713e+01 3.325335e+01 2.025750e+03 2.196105e+01
2.114000e+02 4.294278e+01 8.806954e+01 3.324739e+01 2.025750e+03 2.196137e+01
2.114500e+02 4.291961e+01 8.804538e+01 3.324111e+01 2.025751e+03 2.196169e+01
2.115000e+02 4.289912e+01 8.802388e+01 3.323465e+01 2.025751e+03 2.196201e+01
2.115500e+02 4.288076e+01 8.800449e+01 3.322807e+01 2.025752e+03 2.196233e+01
2.116000e+02 4.286413e+01 8.798683e+01 3.322144e+01 2.025752e+03 2.196265e+01
2.116500e+02 4.284894e+01 8.797061e+01 3.321479e+01 2.025752e+03 2.196297e+01
2.117000e+02 4.283496e+01 8.795559e+01 3.320815e+01 2.025753e+03 2.196329e+01
2.117500e+02 4.282201e+01 8.794160e+01 3.320155e+01 2.025753e+03 2.196361e+01
2.118000e+02 4.280998e+01 8.792852e+01 3.319501e+01 2.025754e+03 2.196393e+01
2.118500e+02 4.279874e+01 8.791623e+01 3.318853e+01 2.025754e+03 2.196425e+01
2.119000e+02 4.278823e+01 8.790466e+01 3.318212e+01 2.025754e+03 2.196457e+01
2.119500e+02 4.277838e+01 8.789375e+01 3.317580e+01 2.025755e+03 2.196489e+01
2.120000e+02 4.276922e+01 8.788353e+01 3.316954e+01 2.025755e+03 2.196521e+01
2.120500e+02 4.276097e+01 8.787421e+01 3.316333e+01 2.025756e+03 2.196552e+01
2.121000e+02 4.275380e+01 8.786597e+01 3.315712e+01 2.025756e+03 2.196584e+01
2.121500e+02 4.274429e+01 8.785540e+01 3.315142e+01 2.025756e+03 2.196616e+01
2.122000e+02 4.273640e+01 8.784645e+01 3.314565e+01 2.025757e+03 2.196648e+01
2.122500e+02 4.272913e+01 8.783810e+01 3.313994e+01 2.025757e+03 2.196680e+01
2.123000e+02 4.272231e+01 8.783021e+01 3.313433e+01 2.025757e+03 2.196711e+01
2.123500e+02 4.271591e+01 8.782274e+01 3.312880e+01 2.025758e+03 2.196743e+01
2.124000e+02 4.270992e+01 8.781567e+01 3.312336e+01 2.025758e+03 2.196775e+01
2.124500e+02 4.270437e+01 8.780904e+01 3.311801e+01 2.025759e+03 2.196806e+01
2.125000e+02 4.269945e+01 8.780305e+01 3.311271e+01 2.025759e+03 2.196838e+01
2.125500e+02 4.269494e+01 8.779745e+01 3.310750e+01 2.025759e+03 2.196870e+01
2.126000e+02 4.269217e+01 8.779359e+01 3.310217e+01 2.025760e+03 2.196902e+01
2.126500e+02 4.269212e+01 8.779244e+01 3.309658e+01 2.025760e+03 2.196933e+01
2.127000e+02 4.268589e+01 8.778513e+01 3.309203e+01 2.025761e+03 2.196965e+01
2.127500e+02 4.268228e+01 8.778044e+01 3.308723e+01 2.025761e+03 2.196996e+01
2.128000e+02 4.268089e+01 8.777794e+01 3.308224e+01 2.025761e+03 2.197028e+01
2.128500e+02 4.269873e+01 8.779460e+01 3.307458e+01 2.025762e+03 2.197059e+01
2.129000e+02 4.268034e+01 8.777519e+01 3.307233e+01 2.025762e+03 2.197091e+01
2.129500e+02 4.266699e+01 8.776079e+01 3.306948e+01 2.025762e+03 2.197122e+01
2.130000e+02 4.266130e+01 8.775403e+01 3.306563e+01 2.025763e+03 2.197154e+01
2.130500e+02 4.265699e+01 8.774863e+01 3.306171e+01 2.025763e+03 2.197185e+01
2.131000e+02 4.265386e+01 8.774442e+01 3.305773e+01 2.025764e+03 2.197217e+01
2.131500e+02 4.265142e+01 8.774089e+01 3.305377e+01 2.025764e+03 2.197248e+01
2.132000e+02 4.264956e+01 8.773793e+01 3.304985e+01 2.025764e+03 2.197280e+01
2.132500e+02 4.264811e+01 8.773538e+01 3.304599e+01 2.025765e+03 2.197311e+01
2.133000e+02 4.264721e+01 8.773338e+01 3.304217e+01 2.025765e+03 2.197343e+01
2.133500e+02 4.264752e+01 8.773258e+01 3.303828e+01 2.025765e+03 2.197374e+01
2.134000e+02 4.264702e+01 8.773098e+01 3.303463e+01 2.025766e+03 2.197405e+01
2.134500e+02 4.265217e+01 8.773501e+01 3.303026e+01 2.025766e+03 2.197437e+01
2.135000e+02 4.264645e+01 8.772821e+01 3.302760e+01 2.025767e+03 2.197468e+01
2.135500e+02 4.264590e+01 8.772656e+01 3.302428e+01 2.025767e+03 2.197499e+01
2.136000e+02 4.264611e+01 8.772567e+01 3.302097e+01 2.025767e+03 2.197531e+01
2.136500e+02 4.264707e+01 8.772552e+01 3.301766e+01 2.025768e+03 2.197562e+01
2.137000e+02 4.264869e+01 8.772603e+01 3.301436e+01 2.025768e+03 2.197593e+01
2.137500e+02 4.265099e+01 8.772721e+01 3.301106e+01 2.025769e+03 2.197625e+01
2.138000e+02 4.265401e+01 8.772912e+01 3.300777e+01 2.025769e+03 2.197656e+01
2.138500e+02 4.265784e+01 8.773183e+01 3.300446e+01 2.025769e+03 2.197687e+01
2.139000e+02 4.266258e+01 8.773544e+01 3.300112e+01 2.025770e+03 2.197718e+01
2.139500e+02 4.266834e+01 8.774007e+01 3.299774e+01 2.025770e+03 2.197749e+01
2.140000e+02 4.267525e+01 8.774583e+01 3.299429e+01 2.025771e+03 2.197781e+01
2.140500e+02 4.268355e+01 8.775299e+01 3.299074e+01 2.025771e+03 2.197812e+01
2.141000e+02 4.269347e+01 8.776176e+01 3.298705e+01 2.025771e+03 2.197843e+01
2.141500e+02 4.270535e+01 8.777248e+01 3.298318e+01 2.025772e+03 2.197874e+01
2.142000e+02 4.271958e+01 8.778554e+01 3.297906e+01 2.025772e+03 2.197905e+01
2.142500e+02 4.273673e+01 8.780150e+01 3.297461e+01 2.025772e+03 2.197936e+01
2.143000e+02 4.275752e+01 8.782108e+01 3.296973e+01 2.025773e+03 2.197968e+01
2.143500e+02 4.278294e+01 8.784528e+01 3.296427e+01 2.025773e+03 2.197999e+01
2.144000e+02 4.281439e+01 8.787548e+01 3.295803e+01 2.025774e+03 2.198030e+01
2.144500e+02 4.285388e+01 8.791367e+01 3.295071e+01 2.025774e+03 2.198061e+01
2.145000e+02 4.290433e+01 8.796278e+01 3.294189e+01 2.025775e+03 2.198092e+01
2.145500e+02 4.297030e+01 8.802733e+01 3.293090e+01 2.025775e+03 2.198123e+01
2.146000e+02 4.305906e+01 8.811456e+01 3.291669e+01 2.025776e+03 2.198154e+01
2.146500e+02 4.318210e+01 8.823592e+01 3.289757e+01 2.025776e+03 2.198185e+01
2.147000e+02 4.336159e+01 8.841345e+01 3.287032e+01 2.025777e+03 2.198216e+01
2.147500e+02 4.363923e+01 8.868869e+01 3.282887e+01 2.025777e+03 2.198247e+01
2.148000e+02 4.410645e+01 8.915266e+01 3.275988e+01 2.025778e+03 2.198278e+01
2.148500e+02 4.499577e+01 9.003692e+01 3.262949e+01 2.025778e+03 2.198309e+01
2.149000e+02 4.709826e+01 9.212953e+01 3.232236e+01 2.025781e+03 2.198340e+01
2.149500e+02 5.656020e+01 1.015589e+02 3.094173e+01 2.025777e+03 2.198371e+01
2.150000e+02 4.801863e+01 9.304407e+01 3.218701e+01 2.025773e+03 2.198402e+01
2.150500e+02 4.531068e+01 9.034603e+01 3.258117e+01 2.025776e+03 2.198433e+01
2.151000e+02 4.426247e+01 8.930134e+01 3.273347e+01 2.025776e+03 2.198464e+01
2.151500e+02 4.373920e+01 8.877936e+01 3.280938e+01 2.025777e+03 2.198494e+01
2.152000e+02 4.342425e+01 8.846477e+01 3.285502e+01 2.025777e+03 2.198525e+01
2.152500e+02 4.322544e+01 8.826580e+01 3.288383e+01 2.025778e+03 2.198556e+01
2.153000e+02 4.309206e+01 8.813194e+01 3.290319e+01 2.025778e+03 2.198587e+01
2.153500e+02 4.299778e+01 8.803701e+01 3.291694e+01 2.025779e+03 2.198618e+01
2.154000e+02 4.292887e+01 8.796733e+01 3.292708e+01 2.025779e+03 2.198649e+01
2.154500e+02 4.287819e+01 8.791579e+01 3.293465e+01 2.025780e+03 2.198680e+01
2.155000e+02 4.285202e+01 8.788864e+01 3.293873e+01 2.025780e+03 2.198710e+01
2.155500e+02 4.280509e+01 8.784083e+01 3.294591e+01 2.025781e+03 2.198741e+01
2.156000e+02 4.277813e+01 8.781290e+01 3.295027e+01 2.025781e+03 2.198772e+01
2.156500e+02 4.275750e+01 8.779128e+01 3.295379e+01 2.025782e+03 2.198803e+01
2.157000e+02 4.274148e+01 8.777423e+01 3.295671e+01 2.025782e+03 2.198834e+01
2.157500e+02 4.272774e+01 8.775945e+01 3.295939e+01 2.025783e+03 2.198864e+01
2.158000e+02 4.271779e+01 8.774845e+01 3.296159e+01 2.025783e+03 2.198895e+01
2.158500e+02 4.271135e+01 8.774093e+01 3.296336e+01 2.025783e+03 2.198926e+01
2.159000e+02 4.270957e+01 8.773806e+01 3.296453e+01 2.025784e+03 2.198957e+01
2.159500e+02 4.271761e+01 8.774496e+01 3.296435e+01 2.025784e+03 2.198987e+01
2.160000e+02 4.277039e+01 8.779638e+01 3.295773e+01 2.025784e+03 2.199018e+01
2.160500e+02 4.274950e+01 8.777449e+01 3.296192e+01 2.025785e+03 2.199049e+01
2.161000e+02 4.272107e+01 8.774509e+01 3.296729e+01 2.025785e+03 2.199079e+01
2.161500e+02 4.269809e+01 8.772112e+01 3.297193e+01 2.025786e+03 2.199110e+01
2.162000e+02 4.268180e+01 8.770381e+01 3.297568e+01 2.025786e+03 2.199141e+01
2.162500e+02 4.267455e+01 8.769549e+01 3.297819e+01 2.025786e+03 2.199171e+01
2.163000e+02 4.267082e+01 8.769068e+01 3.298026e+01 2.025787e+03 2.199202e+01
2.163500e+02 4.267058e+01 8.768933e+01 3.298190e+01 2.025787e+03 2.199233e+01
2.164000e+02 4.266972e+01 8.768738e+01 3.298371e+01 2.025787e+03 2.199263e+01
2.164500e+02 4.266562e+01 8.768219e+01 3.298606e+01 2.025788e+03 2.199294e+01
2.165000e+02 4.266451e+01 8.767999e+01 3.298805e+01 2.025788e+03 2.199325e+01
2.165500e+02 4.266438e+01 8.767876e+01 3.298998e+01 2.025789e+03 2.199355e+01
2.166000e+02 4.266486e+01 8.767813e+01 3.299188e+01 2.025789e+03 2.199386e+01
2.166500e+02 4.266583e+01 8.767800e+01 3.299379e+01 2.025789e+03 2.199417e+01
2.167000e+02 4.266728e+01 8.767833e+01 3.299571e+01 2.025790e+03 2.199447e+01
2.167500e+02 4.266926e+01 8.767921e+01 3.299762e+01 2.025790e+03 2.199478e+01
2.168000e+02 4.267212e+01 8.768094e+01 3.299947e+01 2.025790e+03 2.199508e+01
2.168500e+02 4.267740e+01 8.768510e+01 3.300105e+01 2.025791e+03 2.199539e+01
2.169000e+02 4.268196e+01 8.768853e+01 3.300280e+01 2.025791e+03 2.199569e+01
2.169500e+02 4.267943e+01 8.768492e+01 3.300566e+01 2.025791e+03 2.199600e+01
2.170000e+02 4.268076e+01 8.768514e+01 3.300803e+01 2.025792e+03 2.199631e+01
2.170500e+02 4.268314e+01 8.768640e+01 3.301032e+01 2.025792e+03 2.199661e+01
2.171000e+02 4.268608e+01 8.768822e+01 3.301260e+01 2.025793e+03 2.199692e+01
2.171500e+02 4.268947e+01 8.769050e+01 3.301489e+01 2.025793e+03 2.199722e+01
2.172000e+02 4.269337e+01 8.769327e+01 3.301717e+01 2.025793e+03 2.199753e+01
2.172500e+02 4.269824e+01 8.769702e+01 3.301939e+01 2.025794e+03 2.199783e+01
2.173000e+02 4.270299e+01 8.770064e+01 3.302169e+01 2.025794e+03 2.199814e+01
2.173500e+02 4.270892e+01 8.770544e+01 3.302390e+01 2.025794e+03 2.199844e+01
2.174000e+02 4.271764e+01 8.771301e+01 3.302577e+01 2.025795e+03 2.199875e+01
2.174500e+02 4.273356e+01 8.772775e+01 3.302665e+01 2.025795e+03 2.199905e+01
2.175000e+02 4.279389e+01 8.778668e+01 3.302113e+01 2.025795e+03 2.199936e+01
2.175500e+02 4.274724e+01 8.773916e+01 3.303130e+01 2.025796e+03 2.199966e+01
2.176000e+02 4.273689e+01 8.772776e+01 3.303624e+01 2.025796e+03 2.199997e+01
2.176500e+02 4.273618e+01 8.772595e+01 3.303984e+01 2.025797e+03 2.200027e+01
2.177000e+02 4.273871e+01 8.772737e+01 3.304304e+01 2.025797e+03 2.200057e+01
2.177500e+02 4.274299e+01 8.773052e+01 3.304606e+01 2.025797e+03 2.200088e+01
2.178000e+02 4.274869e+01 8.773509e+01 3.304894e+01 2.025798e+03 2.200118e+01
2.178500e+02 4.275683e+01 8.774209e+01 3.305153e+01 2.025798e+03 2.200149e+01
2.179000e+02 4.276429e+01 8.774841e+01 3.305430e+01 2.025798e+03 2.200179e+01
2.179500e+02 4.277543e+01 8.775839e+01 3.305660e+01 2.025799e+03 2.200210e+01
2.180000e+02 4.279389e+01 8.777566e+01 3.305791e+01 2.025799e+03 2.200240e+01
2.180500e+02 4.283259e+01 8.781306e+01 3.305632e+01 2.025800e+03 2.200270e+01
2.181000e+02 4.297962e+01 8.795827e+01 3.303898e+01 2.025800e+03 2.200301e+01
2.181500e+02 4.292018e+01 8.789802e+01 3.305188e+01 2.025800e+03 2.200331e+01
2.182000e+02 4.283631e+01 8.781346e+01 3.306842e+01 2.025800e+03 2.200362e+01
2.182500e+02 4.281591e+01 8.779206e+01 3.307576e+01 2.025801e+03 2.200392e+01
2.183000e+02 4.281094e+01 8.778601e+01 3.308092e+01 2.025801e+03 2.200422e+01
2.183500e+02 4.281025e+01 8.778422e+01 3.308552e+01 2.025802e+03 2.200453e+01
2.184000e+02 4.281306e+01 8.778592e+01 3.308969e+01 2.025802e+03 2.200483e+01
2.184500e+02 4.281958e+01 8.779130e+01 3.309339e+01 2.025802e+03 2.200514e+01
2.185000e+02 4.282125e+01 8.779186e+01 3.309786e+01 2.025803e+03 2.200544e+01
2.185500e+02 4.282533e+01 8.779482e+01 3.310206e+01 2.025803e+03 2.200574e+01
2.186000e+02 4.283263e+01 8.780098e+01 3.310586e+01 2.025803e+03 2.200605e+01
2.186500e+02 4.283504e+01 8.780228e+01 3.311045e+01 2.025804e+03 2.200635e+01
2.187000e+02 4.284059e+01 8.780669e+01 3.311465e+01 2.025804e+03 2.200665e+01
2.187500e+02 4.284587e+01 8.781084e+01 3.311897e+01 2.025804e+03 2.200696e+01
2.188000e+02 4.285143e+01 8.781528e+01 3.312332e+01 2.025805e+03 2.200726e+01
2.188500e+02 4.285761e+01 8.782033e+01 3.312765e+01 2.025805e+03 2.200756e+01
2.189000e+02 4.286424e+01 8.782582e+01 3.313199e+01 2.025806e+03 2.200787e+01
2.189500e+02 4.287138e+01 8.783182e+01 3.313634e+01 2.025806e+03 2.200817e+01
2.190000e+02 4.287928e+01 8.783858e+01 3.314064e+01 2.025806e+03 2.200847e+01
2.190500e+02 4.288874e+01 8.784689e+01 3.314480e+01 2.025807e+03 2.200878e+01
2.191000e+02 4.290351e+01 8.786048e+01 3.314825e+01 2.025807e+03 2.200908e+01
2.191500e+02 4.292420e+01 8.787997e+01 3.315091e+01 2.025807e+03 2.200938e+01
2.192000e+02 4.291944e+01 8.787413e+01 3.315738e+01 2.025808e+03 2.200969e+01
2.192500e+02 4.293328e+01 8.788680e+01 3.316120e+01 2.025808e+03 2.200999e+01
2.193000e+02 4.297533e+01 8.792754e+01 3.316096e+01 2.025808e+03 2.201029e+01
2.193500e+02 4.297045e+01 8.792158e+01 3.316768e+01 2.025809e+03 2.201059e+01
2.194000e+02 4.295085e+01 8.790097e+01 3.317664e+01 2.025809e+03 2.201090e+01
2.194500e+02 4.294945e+01 8.789848e+01 3.318301e+01 2.025809e+03 2.201120e+01
2.195000e+02 4.295293e+01 8.790084e+01 3.318875e+01 2.025810e+03 2.201150e+01
2.195500e+02 4.295856e+01 8.790535e+01 3.319425e+01 2.025810e+03 2.201181e+01
2.196000e+02 4.296500e+01 8.791064e+01 3.319972e+01 2.025811e+03 2.201211e+01
2.196500e+02 4.297224e+01 8.791675e+01 3.320515e+01 2.025811e+03 2.201241e+01
2.197000e+02 4.298019e+01 8.792356e+01 3.321056e+01 2.025811e+03 2.201271e+01
2.197500e+02 4.298893e+01 8.793115e+01 3.321595e+01 2.025812e+03 2.201302e+01
2.198000e+02 4.299886e+01 8.793993e+01 3.322124e+01 2.025812e+03 2.201332e+01
2.198500e+02 4.301130e+01 8.795120e+01 3.322624e+01 2.025812e+03 2.201362e+01
2.199000e+02 4.303156e+01 8.797027e+01 3.323019e+01 2.025813e+03 2.201392e+01
2.199500e+02 4.312227e+01 8.805942e+01 3.322386e+01 2.025813e+03 2.201423e+01
2.200000e+02 4.304799e+01 8.798440e+01 3.324189e+01 2.025813e+03 2.201453e+01
2.200500e+02 4.304559e+01 8.798092e+01 3.324943e+01 2.025814e+03 2.201483e+01
2.201000e+02 4.304921e+01 8.798341e+01 3.325619e+01 2.025814e+03 2.201513e+01
2.201500e+02 4.305573e+01 8.798880e+01 3.326260e+01 2.025814e+03 2.201544e+01
2.202000e+02 4.306351e+01 8.799544e+01 3.326893e+01 2.025815e+03 2.201574e+01
2.202500e+02 4.307197e+01 8.800276e+01 3.327525e+01 2.025815e+03 2.201604e+01
2.203000e+02 4.308093e+01 8.801058e+01 3.328160e+01 2.025816e+03 2.201634e+01
2.203500e+02 4.309041e+01 8.801890e+01 3.328797e+01 2.025816e+03 2.201665e+01
2.204000e+02 4.310184e+01 8.802917e+01 3.329415e+01 2.025816e+03 2.201695e+01
2.204500e+02 4.310948e+01 8.803567e+01 3.330099e+01 2.025817e+03 2.201725e+01
2.205000e+02 4.311923e+01 8.804427e+01 3.330762e+01 2.025817e+03 2.201755e+01
2.205500e+02 4.312979e+01 8.805367e+01 3.331423e+01 2.025817e+03 2.201786e+01
2.206000e+02 4.314166e+01 8.806439e+01 3.332076e+01 2.025818e+03 2.201816e+01
2.206500e+02 4.315694e+01 8.807849e+01 3.332690e+01 2.025818e+03 2.201846e+01
2.207000e+02 4.319062e+01 8.811090e+01 3.333043e+01 2.025818e+03 2.201876e+01
2.207500e+02 4.319834e+01 8.811747e+01 3.333790e+01 2.025819e+03 2.201907e+01
2.208000e+02 4.318805e+01 8.810614e+01 3.334814e+01 2.025819e+03 2.201937e+01
2.208500e+02 4.319277e+01 8.810973e+01 3.335629e+01 2.025819e+03 2.201967e+01
2.209000e+02 4.320112e+01 8.811694e+01 3.336401e+01 2.025820e+03 2.201997e+01
2.209500e+02 4.321084e+01 8.812551e+01 3.337166e+01 2.025820e+03 2.202028e+01
2.210000e+02 4.322132e+01 8.813483e+01 3.337932e+01 2.025821e+03 2.202058e+01
2.210500e+02 4.323237e+01 8.814473e+01 3.338702e+01 2.025821e+03 2.202088e+01
2.211000e+02 4.324400e+01 8.815519e+01 3.339476e+01 2.025821e+03 2.202118e+01
2.211500e+02 4.325635e+01 8.816639e+01 3.340253e+01 2.025822e+03 2.202148e+01
2.212000e+02 4.326994e+01 8.817881e+01 3.341025e+01 2.025822e+03 2.202179e+01
2.212500e+02 4.328636e+01 8.819404e+01 3.341768e+01 2.025822e+03 2.202209e+01
2.213000e+02 4.331378e+01 8.822022e+01 3.342363e+01 2.025823e+03 2.202239e+01
2.213500e+02 4.331952e+01 8.822483e+01 3.343294e+01 2.025823e+03 2.202269e+01
2.214000e+02 4.332145e+01 8.822564e+01 3.344295e+01 2.025823e+03 2.202300e+01
2.214500e+02 4.332963e+01 8.823269e+01 3.345219e+01 2.025824e+03 2.202330e+01
2.215000e+02 4.333986e+01 8.824177e+01 3.346129e+01 2.025824e+03 2.202360e+01
2.215500e+02 4.335172e+01 8.825246e+01 3.347030e+01 2.025824e+03 2.202390e+01
2.216000e+02 4.336374e+01 8.826332e+01 3.347945e+01 2.025825e+03 2.202421e+01
2.216500e+02 4.337608e+01 8.827449e+01 3.348872e+01 2.025825e+03 2.202451e+01
2.217000e+02 4.338898e+01 8.828623e+01 3.349808e+01 2.025826e+03 2.202481e+01
2.217500e+02 4.340225e+01 8.829833e+01 3.350756e+01 2.025826e+03 2.202511e+01
2.218000e+02 4.341583e+01 8.831074e+01 3.351718e+01 2.025826e+03 2.202541e+01
2.218500e+02 4.342971e+01 8.832345e+01 3.352695e+01 2.025827e+03 2.202572e+01
2.219000e+02 4.344385e+01 8.833642e+01 3.353686e+01 2.025827e+03 2.202602e+01
2.219500e+02 4.345829e+01 8.834968e+01 3.354693e+01 2.025827e+03 2.202632e+01
2.220000e+02 4.347302e+01 8.836324e+01 3.355716e+01 2.025828e+03 2.202662e+01
2.220500e+02 4.348806e+01 8.837710e+01 3.356756e+01 2.025828e+03 2.202693e+01
2.221000e+02 4.350344e+01 8.839130e+01 3.357812e+01 2.025828e+03 2.202723e+01
2.221500e+02 4.351918e+01 8.840586e+01 3.358886e+01 2.025829e+03 2.202753e+01
2.222000e+02 4.353537e+01 8.842087e+01 3.359975e+01 2.025829e+03 2.202783e+01
2.222500e+02 4.355214e+01 8.843646e+01 3.361080e+01 2.025829e+03 2.202814e+01
2.223000e+02 4.356980e+01 8.845292e+01 3.362196e+01 2.025830e+03 2.202844e+01
2.223500e+02 4.358922e+01 8.847115e+01 3.363312e+01 2.025830e+03 2.202874e+01
2.224000e+02 4.361440e+01 8.849509e+01 3.364367e+01 2.025831e+03 2.202904e+01
2.224500e+02 4.363656e+01 8.851604e+01 3.365495e+01 2.025831e+03 2.202935e+01
2.225000e+02 4.364236e+01 8.852071e+01 3.366895e+01 2.025831e+03 2.202965e+01
2.225500e+02 4.365696e+01 8.853414e+01 3.368192e+01 2.025832e+03 2.202995e+01
2.226000e+02 4.367384e+01 8.854984e+01 3.369486e+01 2.025832e+03 2.203025e+01
2.226500e+02 4.369184e+01 8.856664e+01 3.370794e+01 2.025832e+03 2.203056e+01
2.227000e+02 4.371060e+01 8.858421e+01 3.372122e+01 2.025833e+03 2.203086e+01
2.227500e+02 4.373005e+01 8.860245e+01 3.373474e+01 2.025833e+03 2.203116e+01
2.228000e+02 4.374994e+01 8.862115e+01 3.374853e+01 2.025833e+03 2.203147e+01
2.228500e+02 4.377049e+01 8.864049e+01 3.376258e+01 2.025834e+03 2.203177e+01
2.229000e+02 4.379172e+01 8.866051e+01 3.377690e+01 2.025834e+03 2.203207e+01
2.229500e+02 4.381380e+01 8.868138e+01 3.379148e+01 2.025834e+03 2.203237e+01
2.230000e+02 4.383800e+01 8.870436e+01 3.380613e+01 2.025835e+03 2.203268e+01
2.230500e+02 4.386163e+01 8.872677e+01 3.382127e+01 2.025835e+03 2.203298e+01
2.231000e+02 4.388620e+01 8.875012e+01 3.383670e+01 2.025836e+03 2.203328e+01
2.231500e+02 4.391213e+01 8.877482e+01 3.385236e+01 2.025836e+03 2.203358e+01
2.232000e+02 4.394896e+01 8.881036e+01 3.386684e+01 2.025836e+03 2.203389e+01
2.232500e+02 4.398189e+01 8.884202e+01 3.388238e+01 2.025837e+03 2.203419e+01
2.233000e+02 4.400043e+01 8.885937e+01 3.390058e+01 2.025837e+03 2.203449e+01
2.233500e+02 4.401528e+01 8.887305e+01 3.391983e+01 2.025837e+03 2.203479e+01
2.234000e+02 4.404798e+01 8.890448e+01 3.393692e+01 2.025838e+03 2.203510e+01
2.234500e+02 4.406401e+01 8.891933e+01 3.395707e+01 2.025838e+03 2.203540e+01
2.235000e+02 4.408829e+01 8.894238e+01 3.397654e+01 2.025838e+03 2.203570e+01
2.235500e+02 4.411559e+01 8.896845e+01 3.399612e+01 2.025839e+03 2.203600e+01
2.236000e+02 4.414455e+01 8.899617e+01 3.401606e+01 2.025839e+03 2.203631e+01
2.236500e+02 4.417491e+01 8.902527e+01 3.403641e+01 2.025840e+03 2.203661e+01
2.237000e+02 4.420679e+01 8.905590e+01 3.405716e+01 2.025840e+03 2.203691e+01
2.237500e+02 4.424057e+01 8.908840e+01 3.407829e+01 2.025840e+03 2.203721e+01
2.238000e+02 4.427679e+01 8.912335e+01 3.409972e+01 2.025841e+03 2.203751e+01
2.238500e+02 4.432215e+01 8.916738e+01 3.412046e+01 2.025841e+03 2.203781e+01
2.239000e+02 4.441624e+01 8.925991e+01 3.413450e+01 2.025841e+03 2.203812e+01
2.239500e+02 4.438926e+01 8.923196e+01 3.416768e+01 2.025842e+03 2.203842e+01
2.240000e+02 4.441827e+01 8.925973e+01 3.419311e+01 2.025842e+03 2.203872e+01
2.240500e+02 4.445346e+01 8.929364e+01 3.421836e+01 2.025842e+03 2.203902e+01
2.241000e+02 4.449061e+01 8.932950e+01 3.424410e+01 2.025843e+03 2.203932e+01
2.241500e+02 4.453015e+01 8.936775e+01 3.427027e+01 2.025843e+03 2.203962e+01
2.242000e+02 4.457142e+01 8.940772e+01 3.429698e+01 2.025844e+03 2.203992e+01
2.242500e+02 4.461426e+01 8.944925e+01 3.432426e+01 2.025844e+03 2.204022e+01
2.243000e+02 4.465865e+01 8.949232e+01 3.435213e+01 2.025844e+03 2.204052e+01
2.243500e+02 4.470461e+01 8.953696e+01 3.438058e+01 2.025845e+03 2.204082e+01
2.244000e+02 4.475224e+01 8.958325e+01 3.440959e+01 2.025845e+03 2.204112e+01
2.244500e+02 4.480165e+01 8.963132e+01 3.443913e+01 2.025845e+03 2.204142e+01
2.245000e+02 4.485307e+01 8.968139e+01 3.446917e+01 2.025846e+03 2.204171e+01
2.245500e+02 4.490690e+01 8.973385e+01 3.449961e+01 2.025846e+03 2.204201e+01
2.246000e+02 4.496388e+01 8.978946e+01 3.453032e+01 2.025846e+03 2.204231e+01
2.246500e+02 4.502578e+01 8.984996e+01 3.456098e+01 2.025847e+03 2.204260e+01
2.247000e+02 4.509791e+01 8.992065e+01 3.459074e+01 2.025847e+03 2.204290e+01
2.247500e+02 4.521106e+01 9.003216e+01 3.461476e+01 2.025847e+03 2.204319e+01
2.248000e+02 4.526989e+01 9.008960e+01 3.464773e+01 2.025848e+03 2.204349e+01
2.248500e+02 4.555748e+01 9.037473e+01 3.464571e+01 2.025848e+03 2.204378e+01
2.249000e+02 4.537840e+01 9.019539e+01 3.471645e+01 2.025848e+03 2.204407e+01
2.249500e+02 4.540309e+01 9.021885e+01 3.475590e+01 2.025849e+03 2.204436e+01
2.250000e+02 4.546327e+01 9.027765e+01 3.479001e+01 2.025849e+03 2.204465e+01
2.250500e+02 4.552546e+01 9.033844e+01 3.482386e+01 2.025849e+03 2.204494e+01
2.251000e+02 4.557953e+01 9.039115e+01 3.485889e+01 2.025850e+03 2.204523e+01
2.251500e+02 4.564700e+01 9.045720e+01 3.489156e+01 2.025850e+03 2.204552e+01
2.252000e+02 4.572109e+01 9.052984e+01 3.492277e+01 2.025851e+03 2.204580e+01
2.252500e+02 4.578833e+01 9.059567e+01 3.495444e+01 2.025851e+03 2.204609e+01
2.253000e+02 4.586281e+01 9.066870e+01 3.498415e+01 2.025851e+03 2.204637e+01
2.253500e+02 4.594092e+01 9.074534e+01 3.501226e+01 2.025852e+03 2.204666e+01
2.254000e+02 4.602265e+01 9.082560e+01 3.503853e+01 2.025852e+03 2.204694e+01
2.254500e+02 4.610833e+01 9.090977e+01 3.506269e+01 2.025852e+03 2.204722e+01
2.255000e+02 4.619871e+01 9.099863e+01 3.508438e+01 2.025853e+03 2.204750e+01
2.255500e+02 4.629502e+01 9.109340e+01 3.510317e+01 2.025853e+03 2.204777e+01
2.256000e+02 4.639922e+01 9.119602e+01 3.511852e+01 2.025854e+03 2.204805e+01
2.256500e+02 4.651452e+01 9.130969e+01 3.512972e+01 2.025854e+03 2.204833e+01
2.257000e+02 4.664615e+01 9.143962e+01 3.513577e+01 2.025854e+03 2.204860e+01
2.257500e+02 4.680429e+01 9.159595e+01 3.513496e+01 2.025855e+03 2.204888e+01
2.258000e+02 4.700572e+01 9.179538e+01 3.512460e+01 2.025855e+03 2.204915e+01
2.258500e+02 4.724112e+01 9.202864e+01 3.510584e+01 2.025855e+03 2.204942e+01
2.259000e+02 4.759525e+01 9.238012e+01 3.506309e+01 2.025856e+03 2.204969e+01
2.259500e+02 4.817836e+01 9.295964e+01 3.497649e+01 2.025856e+03 2.204996e+01
2.260000e+02 4.935072e+01 9.412606e+01 3.479174e+01 2.025858e+03 2.205023e+01
2.260500e+02 5.464548e+01 9.940050e+01 3.395010e+01 2.025856e+03 2.205050e+01
2.261000e+02 5.082621e+01 9.559357e+01 3.455167e+01 2.025854e+03 2.205078e+01
2.261500e+02 4.864239e+01 9.341728e+01 3.489089e+01 2.025855e+03 2.205105e+01
2.262000e+02 4.789277e+01 9.266971e+01 3.500007e+01 2.025855e+03 2.205133e+01
2.262500e+02 4.745589e+01 9.223361e+01 3.505726e+01 2.025856e+03 2.205161e+01
2.263000e+02 4.717373e+01 9.195157e+01 3.508773e+01 2.025856e+03 2.205188e+01
2.263500e+02 4.696868e+01 9.174632e+01 3.510399e+01 2.025857e+03 2.205216e+01
2.264000e+02 4.680867e+01 9.158591e+01 3.511137e+01 2.025857e+03 2.205244e+01
2.264500e+02 4.667766e+01 9.145439e+01 3.511265e+01 2.025857e+03 2.205273e+01
2.265000e+02 4.656710e+01 9.134322e+01 3.510941e+01 2.025858e+03 2.205301e+01
2.265500e+02 4.647318e+01 9.124862e+01 3.510247e+01 2.025858e+03 2.205329e+01
2.266000e+02 4.640448e+01 9.117913e+01 3.509071e+01 2.025859e+03 2.205358e+01
2.266500e+02 4.630780e+01 9.108178e+01 3.508271e+01 2.025859e+03 2.205386e+01
2.267000e+02 4.622802e+01 9.100126e+01 3.507158e+01 2.025859e+03 2.205415e+01
2.267500e+02 4.615274e+01 9.092522e+01 3.505946e+01 2.025860e+03 2.205444e+01
2.268000e+02 4.608707e+01 9.085876e+01 3.504569e+01 2.025860e+03 2.205473e+01
2.268500e+02 4.602986e+01 9.080070e+01 3.503060e+01 2.025860e+03 2.205502e+01
2.269000e+02 4.596967e+01 9.073968e+01 3.501613e+01 2.025861e+03 2.205531e+01
2.269500e+02 4.591215e+01 9.068133e+01 3.500149e+01 2.025861e+03 2.205560e+01
2.270000e+02 4.586002e+01 9.062834e+01 3.498637e+01 2.025862e+03 2.205590e+01
2.270500e+02 4.581148e+01 9.057892e+01 3.497114e+01 2.025862e+03 2.205619e+01
2.271000e+02 4.576599e+01 9.053255e+01 3.495595e+01 2.025862e+03 2.205649e+01
2.271500e+02 4.572326e+01 9.048891e+01 3.494092e+01 2.025863e+03 2.205678e+01
2.272000e+02 4.568310e+01 9.044783e+01 3.492614e+01 2.025863e+03 2.205708e+01
2.272500e+02 4.564540e+01 9.040921e+01 3.491166e+01 2.025863e+03 2.205738e+01
2.273000e+02 4.561000e+01 9.037287e+01 3.489754e+01 2.025864e+03 2.205767e+01
2.273500e+02 4.557675e+01 9.033868e+01 3.488383e+01 2.025864e+03 2.205797e+01
2.274000e+02 4.554542e+01 9.030639e+01 3.487060e+01 2.025864e+03 2.205827e+01
2.274500e+02 4.551581e+01 9.027582e+01 3.485789e+01 2.025865e+03 2.205857e+01
2.275000e+02 4.548830e+01 9.024734e+01 3.484564e+01 2.025865e+03 2.205887e+01
2.275500e+02 4.546233e+01 9.022039e+01 3.483395e+01 2.025866e+03 2.205917e+01
2.276000e+02 4.543836e+01 9.019543e+01 3.482275e+01 2.025866e+03 2.205947e+01
2.276500e+02 4.541628e+01 9.017235e+01 3.481205e+01 2.025866e+03 2.205977e+01
2.277000e+02 4.539637e+01 9.015144e+01 3.480179e+01 2.025867e+03 2.206007e+01
2.277500e+02 4.538093e+01 9.013496e+01 3.479161e+01 2.025867e+03 2.206037e+01
2.278000e+02 4.536069e+01 9.011371e+01 3.478294e+01 2.025867e+03 2.206067e+01
2.278500e+02 4.534270e+01 9.009471e+01 3.477466e+01 2.025868e+03 2.206098e+01
2.279000e+02 4.532828e+01 9.007926e+01 3.476657e+01 2.025868e+03 2.206128e+01
2.279500e+02 4.531724e+01 9.006717e+01 3.475866e+01 2.025868e+03 2.206158e+01
2.280000e+02 4.530050e+01 9.004940e+01 3.475234e+01 2.025869e+03 2.206188e+01
2.280500e+02 4.528835e+01 9.003621e+01 3.474598e+01 2.025869e+03 2.206219e+01
2.281000e+02 4.527800e+01 9.002481e+01 3.474000e+01 2.025870e+03 2.206249e+01
2.281500e+02 4.526868e+01 9.001443e+01 3.473450e+01 2.025870e+03 2.206279e+01
2.282000e+02 4.526079e+01 9.000548e+01 3.472940e+01 2.025870e+03 2.206310e+01
2.282500e+02 4.525433e+01 8.999794e+01 3.472468e+01 2.025871e+03 2.206340e+01
2.283000e+02 4.525138e+01 8.999390e+01 3.472000e+01 2.025871e+03 2.206370e+01
2.283500e+02 4.524442e+01 8.998587e+01 3.471651e+01 2.025871e+03 2.206400e+01
2.284000e+02 4.523985e+01 8.998022e+01 3.471320e+01 2.025872e+03 2.206431e+01
2.284500e+02 4.523698e+01 8.997626e+01 3.471015e+01 2.025872e+03 2.206461e+01
2.285000e+02 4.523529e+01 8.997348e+01 3.470743e+01 2.025873e+03 2.206492e+01
2.285500e+02 4.523471e+01 8.997180e+01 3.470504e+01 2.025873e+03 2.206522e+01
2.286000e+02 4.523522e+01 8.997120e+01 3.470296e+01 2.025873e+03 2.206552e+01
2.286500e+02 4.523684e+01 8.997171e+01 3.470116e+01 2.025874e+03 2.206583e+01
2.287000e+02 4.523963e+01 8.997339e+01 3.469963e+01 2.025874e+03 2.206613e+01
2.287500e+02 4.524373e+01 8.997636e+01 3.469833e+01 2.025874e+03 2.206643e+01
2.288000e+02 4.524926e+01 8.998076e+01 3.469723e+01 2.025875e+03 2.206674e+01
2.288500e+02 4.525558e+01 8.998595e+01 3.469640e+01 2.025875e+03 2.206704e+01
2.289000e+02 4.526382e+01 8.999305e+01 3.469567e+01 2.025876e+03 2.206735e+01
2.289500e+02 4.527410e+01 9.000217e+01 3.469499e+01 2.025876e+03 2.206765e+01
2.290000e+02 4.528709e+01 9.001399e+01 3.469426e+01 2.025876e+03 2.206795e+01
2.290500e+02 4.530587e+01 9.003158e+01 3.469298e+01 2.025877e+03 2.206826e+01
2.291000e+02 4.532287e+01 9.004740e+01 3.469231e+01 2.025877e+03 2.206856e+01
2.291500e+02 4.534010e+01 9.006344e+01 3.469194e+01 2.025877e+03 2.206887e+01
2.292000e+02 4.536613e+01 9.008824e+01 3.469051e+01 2.025878e+03 2.206917e+01
2.292500e+02 4.540092e+01 9.012176e+01 3.468803e+01 2.025878e+03 2.206947e+01
2.293000e+02 4.544858e+01 9.016808e+01 3.468385e+01 2.025879e+03 2.206978e+01
2.293500e+02 4.551758e+01 9.023564e+01 3.467665e+01 2.025879e+03 2.207008e+01
2.294000e+02 4.562622e+01 9.034265e+01 3.466357e+01 2.025880e+03 2.207039e+01
2.294500e+02 4.581635e+01 9.053076e+01 3.463810e+01 2.025880e+03 2.207069e+01
2.295000e+02 4.622780e+01 9.093914e+01 3.457855e+01 2.025881e+03 2.207099e+01
2.295500e+02 4.757504e+01 9.227911e+01 3.437395e+01 2.025881e+03 2.207130e+01
2.296000e+02 4.758304e+01 9.228597e+01 3.437745e+01 2.025880e+03 2.207160e+01
2.296500e+02 4.626773e+01 9.097557e+01 3.458666e+01 2.025880e+03 2.207191e+01
2.297000e+02 4.588464e+01 9.059320e+01 3.465138e+01 2.025881e+03 2.207221e+01
2.297500e+02 4.572213e+01 9.043038e+01 3.468208e+01 2.025881e+03 2.207251e+01
2.298000e+02 4.564244e+01 9.034996e+01 3.470015e+01 2.025882e+03 2.207282e+01
2.298500e+02 4.560266e+01 9.030927e+01 3.471222e+01 2.025882e+03 2.207312e+01
2.299000e+02 4.558502e+01 9.029061e+01 3.472106e+01 2.025883e+03 2.207343e+01
2.299500e+02 4.558173e+01 9.028624e+01 3.472787e+01 2.025883e+03 2.207373e+01
2.300000e+02 4.559104e+01 9.029440e+01 3.473291e+01 2.025883e+03 2.207403e+01
2.300500e+02 4.560579e+01 9.030798e+01 3.473729e+01 2.025884e+03 2.207434e+01
2.301000e+02 4.561937e+01 9.032039e+01 3.474204e+01 2.025884e+03 2.207464e+01
2.301500e+02 4.563417e+01 9.033401e+01 3.474677e+01 2.025885e+03 2.207495e+01
2.302000e+02 4.565867e+01 9.035729e+01 3.475017e+01 2.025885e+03 2.207525e+01
2.302500e+02 4.568920e+01 9.038657e+01 3.475280e+01 2.025885e+03 2.207556e+01
2.303000e+02 4.572633e+01 9.042242e+01 3.475456e+01 2.025886e+03 2.207586e+01
2.303500e+02 4.577459e+01 9.046934e+01 3.475475e+01 2.025886e+03 2.207616e+01
2.304000e+02 4.581833e+01 9.051176e+01 3.475580e+01 2.025887e+03 2.207647e+01
2.304500e+02 4.587992e+01 9.057195e+01 3.475423e+01 2.025887e+03 2.207677e+01
2.305000e+02 4.596941e+01 9.065991e+01 3.474845e+01 2.025888e+03 2.207708e+01
2.305500e+02 4.608176e+01 9.077061e+01 3.473926e+01 2.025888e+03 2.207738e+01
2.306000e+02 4.604404e+01 9.073197e+01 3.475359e+01 2.025888e+03 2.207769e+01
2.306500e+02 4.607474e+01 9.076142e+01 3.475741e+01 2.025889e+03 2.207799e+01
2.307000e+02 4.612992e+01 9.081523e+01 3.475755e+01 2.025889e+03 2.207829e+01
2.307500e+02 4.620636e+01 9.089020e+01 3.475451e+01 2.025890e+03 2.207860e+01
2.308000e+02 4.630698e+01 9.098924e+01 3.474783e+01 2.025890e+03 2.207890e+01
2.308500e+02 4.643862e+01 9.111915e+01 3.473644e+01 2.025891e+03 2.207921e+01
2.309000e+02 4.661308e+01 9.129168e+01 3.471849e+01 2.025891e+03 2.207951e+01
2.309500e+02 4.685026e+01 9.152665e+01 3.469086e+01 2.025892e+03 2.207981e+01
2.310000e+02 4.718503e+01 9.185876e+01 3.464811e+01 2.025893e+03 2.208012e+01
2.310500e+02 4.768277e+01 9.235314e+01 3.457999e+01 2.025893e+03 2.208042e+01
2.311000e+02 4.848319e+01 9.314891e+01 3.446464e+01 2.025894e+03 2.208073e+01
2.311500e+02 4.985805e+01 9.451685e+01 3.425950e+01 2.025895e+03 2.208103e+01
2.312000e+02 5.271857e+01 9.736512e+01 3.382182e+01 2.025897e+03 2.208134e+01
2.312500e+02 6.087493e+01 1.054943e+02 3.255419e+01 2.025897e+03 2.208164e+01
2.313000e+02 6.596628e+01 1.105715e+02 3.176564e+01 2.025890e+03 2.208195e+01
2.313500e+02 5.404087e+01 9.867931e+01 3.364478e+01 2.025886e+03 2.208225e+01
2.314000e+02 5.047042e+01 9.512117e+01 3.421443e+01 2.025889e+03 2.208255e+01
2.314500e+02 4.886069e+01 9.351702e+01 3.447713e+01 2.025889e+03 2.208286e+01
2.315000e+02 4.799058e+01 9.264960e+01 3.462417e+01 2.025891e+03 2.208316e+01
2.315500e+02 4.746818e+01 9.212845e+01 3.471691e+01 2.025891e+03 2.208347e+01
2.316000e+02 4.713229e+01 9.179300e+01 3.478057e+01 2.025892e+03 2.208377e+01
2.316500e+02 4.690610e+01 9.156675e+01 3.482717e+01 2.025893e+03 2.208408e+01
2.317000e+02 4.674909e+01 9.140937e+01 3.486306e+01 2.025894e+03 2.208438e+01
2.317500e+02 4.663827e+01 9.129797e+01 3.489182e+01 2.025894e+03 2.208469e+01
2.318000e+02 4.655989e+01 9.121886e+01 3.491560e+01 2.025895e+03 2.208499e+01
2.318500e+02 4.650558e+01 9.116370e+01 3.493570e+01 2.025895e+03 2.208529e+01
2.319000e+02 4.647089e+01 9.112807e+01 3.495281e+01 2.025896e+03 2.208560e+01
2.319500e+02 4.645827e+01 9.111441e+01 3.496653e+01 2.025896e+03 2.208590e+01
2.320000e+02 4.648512e+01 9.114002e+01 3.497412e+01 2.025896e+03 2.208621e+01
2.320500e+02 4.643171e+01 9.108577e+01 3.499437e+01 2.025897e+03 2.208651e+01
2.321000e+02 4.642546e+01 9.107844e+01 3.500725e+01 2.025897e+03 2.208682e+01
2.321500e+02 4.643067e+01 9.108252e+01 3.501836e+01 2.025898e+03 2.208712e+01
2.322000e+02 4.644317e+01 9.109386e+01 3.502833e+01 2.025898e+03 2.208742e+01
2.322500e+02 4.646165e+01 9.111115e+01 3.503734e+01 2.025898e+03 2.208773e+01
2.323000e+02 4.648561e+01 9.113389e+01 3.504547e+01 2.025899e+03 2.208803e+01
2.323500e+02 4.651509e+01 9.116212e+01 3.505269e+01 2.025899e+03 2.208834e+01
2.324000e+02 4.655087e+01 9.119663e+01 3.505885e+01 2.025900e+03 2.208864e+01
2.324500e+02 4.659591e+01 9.124035e+01 3.506348e+01 2.025900e+03 2.208895e+01
2.325000e+02 4.666488e+01 9.130789e+01 3.506425e+01 2.025901e+03 2.208925e+01
2.325500e+02 4.671090e+01 9.135258e+01 3.506854e+01 2.025901e+03 2.208955e+01
2.326000e+02 4.673496e+01 9.137542e+01 3.507618e+01 2.025902e+03 2.208986e+01
2.326500e+02 4.678792e+01 9.142703e+01 3.507916e+01 2.025902e+03 2.209016e+01
2.327000e+02 4.687135e+01 9.150897e+01 3.507721e+01 2.025902e+03 2.209047e+01
2.327500e+02 4.692736e+01 9.156360e+01 3.507948e+01 2.025903e+03 2.209077e+01
2.328000e+02 4.696885e+01 9.160379e+01 3.508394e+01 2.025903e+03 2.209108e+01
2.328500e+02 4.703549e+01 9.166902e+01 3.508433e+01 2.025903e+03 2.209138e+01
2.329000e+02 4.711579e+01 9.174783e+01 3.508250e+01 2.025904e+03 2.209169e+01
2.329500e+02 4.721454e+01 9.184502e+01 3.507768e+01 2.025904e+03 2.209199e+01
2.330000e+02 4.733388e+01 9.196270e+01 3.506955e+01 2.025905e+03 2.209229e+01
2.330500e+02 4.740562e+01 9.203300e+01 3.506892e+01 2.025905e+03 2.209260e+01
2.331000e+02 4.751518e+01 9.214095e+01 3.506228e+01 2.025906e+03 2.209290e+01
2.331500e+02 4.764091e+01 9.226499e+01 3.505307e+01 2.025906e+03 2.209321e+01
2.332000e+02 4.778213e+01 9.240447e+01 3.504142e+01 2.025907e+03 2.209351e+01
2.332500e+02 4.794151e+01 9.256202e+01 3.502691e+01 2.025907e+03 2.209382e+01
2.333000e+02 4.812695e+01 9.274551e+01 3.500830e+01 2.025907e+03 2.209413e+01
2.333500e+02 4.839878e+01 9.301502e+01 3.497602e+01 2.025908e+03 2.209443e+01
2.334000e+02 4.852996e+01 9.314450e+01 3.496608e+01 2.025908e+03 2.209474e+01
2.334500e+02 4.875070e+01 9.336316e+01 3.494199e+01 2.025909e+03 2.209504e+01
2.335000e+02 4.901204e+01 9.362225e+01 3.491150e+01 2.025909e+03 2.209535e+01
2.335500e+02 4.931315e+01 9.392095e+01 3.487474e+01 2.025909e+03 2.209565e+01
2.336000e+02 4.966043e+01 9.426565e+01 3.483071e+01 2.025910e+03 2.209596e+01
2.336500e+02 5.006491e+01 9.466732e+01 3.477762e+01 2.025910e+03 2.209627e+01
2.337000e+02 5.054414e+01 9.514345e+01 3.471270e+01 2.025911e+03 2.209657e+01
2.337500e+02 5.112661e+01 9.572245e+01 3.463139e+01 2.025911e+03 2.209688e+01
2.338000e+02 5.186441e+01 9.645623e+01 3.452539e+01 2.025912e+03 2.209718e+01
2.338500e+02 5.288604e+01 9.747284e+01 3.437420e+01 2.025912e+03 2.209749e+01
2.339000e+02 5.461450e+01 9.919392e+01 3.411040e+01 2.025913e+03 2.209780e+01
2.339500e+02 6.030754e+01 1.048677e+02 3.321457e+01 2.025911e+03 2.209810e+01
2.340000e+02 5.432914e+01 9.890733e+01 3.417885e+01 2.025908e+03 2.209841e+01
2.340500e+02 5.285999e+01 9.744243e+01 3.442465e+01 2.025910e+03 2.209872e+01
2.341000e+02 5.189425e+01 9.647927e+01 3.459041e+01 2.025909e+03 2.209902e+01
2.341500e+02 5.122619e+01 9.581274e+01 3.470885e+01 2.025910e+03 2.209933e+01
2.342000e+02 5.071445e+01 9.530195e+01 3.480252e+01 2.025910e+03 2.209964e+01
2.342500e+02 5.027029e+01 9.485851e+01 3.488552e+01 2.025911e+03 2.209994e+01
2.343000e+02 4.993998e+01 9.452848e+01 3.495049e+01 2.025911e+03 2.210025e+01
2.343500e+02 4.969967e+01 9.428808e+01 3.500119e+01 2.025912e+03 2.210056e+01
2.344000e+02 4.936645e+01 9.395517e+01 3.506684e+01 2.025912e+03 2.210086e+01
2.344500e+02 4.913644e+01 9.372506e+01 3.511611e+01 2.025913e+03 2.210117e+01
2.345000e+02 4.895026e+01 9.353858e+01 3.515848e+01 2.025913e+03 2.210148e+01
2.345500e+02 4.882842e+01 9.341617e+01 3.519066e+01 2.025914e+03 2.210178e+01
2.346000e+02 4.863434e+01 9.322184e+01 3.523448e+01 2.025914e+03 2.210209e+01
2.346500e+02 4.850074e+01 9.308773e+01 3.526872e+01 2.025915e+03 2.210240e+01
2.347000e+02 4.840268e+01 9.298900e+01 3.529737e+01 2.025915e+03 2.210271e+01
2.347500e+02 4.831049e+01 9.289612e+01 3.532515e+01 2.025916e+03 2.210301e+01
2.348000e+02 4.824024e+01 9.282509e+01 3.534951e+01 2.025916e+03 2.210332e+01
2.348500e+02 4.818839e+01 9.277236e+01 3.537100e+01 2.025917e+03 2.210363e+01
2.349000e+02 4.815351e+01 9.273653e+01 3.538984e+01 2.025917e+03 2.210394e+01
2.349500e+02 4.813626e+01 9.271826e+01 3.540594e+01 2.025918e+03 2.210424e+01
2.350000e+02 4.813966e+01 9.272053e+01 3.541879e+01 2.025918e+03 2.210455e+01
2.350500e+02 4.817574e+01 9.275534e+01 3.542647e+01 2.025919e+03 2.210486e+01
2.351000e+02 4.822620e+01 9.280447e+01 3.543191e+01 2.025919e+03 2.210517e+01
2.351500e+02 4.824883e+01 9.282589e+01 3.544188e+01 2.025920e+03 2.210547e+01
2.352000e+02 4.832581e+01 9.290141e+01 3.544319e+01 2.025920e+03 2.210578e+01
2.352500e+02 4.844604e+01 9.301999e+01 3.543761e+01 2.025921e+03 2.210609e+01
2.353000e+02 4.861906e+01 9.319113e+01 3.542360e+01 2.025921e+03 2.210640e+01
2.353500e+02 4.886478e+01 9.343464e+01 3.539794e+01 2.025923e+03 2.210671e+01
2.354000e+02 4.921801e+01 9.378521e+01 3.535503e+01 2.025923e+03 2.210701e+01
2.354500e+02 4.974144e+01 9.430526e+01 3.528474e+01 2.025925e+03 2.210732e+01
2.355000e+02 5.055593e+01 9.511520e+01 3.516758e+01 2.025925e+03 2.210763e+01
2.355500e+02 5.192017e+01 9.647281e+01 3.496179e+01 2.025927e+03 2.210794e+01
2.356000e+02 5.448139e+01 9.902330e+01 3.456283e+01 2.025927e+03 2.210825e+01
2.356500e+02 6.036396e+01 1.048857e+02 3.362739e+01 2.025933e+03 2.210856e+01
2.357000e+02 8.275937e+01 1.272323e+02 3.002127e+01 2.025924e+03 2.210886e+01
2.357500e+02 6.520295e+01 1.097094e+02 3.287266e+01 2.025912e+03 2.210917e+01
2.358000e+02 5.624827e+01 1.007796e+02 3.433345e+01 2.025917e+03 2.210948e+01
2.358500e+02 5.298442e+01 9.752627e+01 3.487493e+01 2.025916e+03 2.210979e+01
2.359000e+02 5.119155e+01 9.573932e+01 3.517903e+01 2.025920e+03 2.211010e+01
2.359500e+02 5.011636e+01 9.466749e+01 3.536737e+01 2.025919e+03 2.211041e+01
2.360000e+02 4.948162e+01 9.403437e+01 3.548470e+01 2.025922e+03 2.211072e+01
2.360500e+02 4.907351e+01 9.362695e+01 3.556553e+01 2.025921e+03 2.211103e+01
2.361000e+02 4.877562e+01 9.332928e+01 3.562866e+01 2.025923e+03 2.211134e+01
2.361500e+02 4.856362e+01 9.311712e+01 3.567801e+01 2.025923e+03 2.211164e+01
2.362000e+02 4.842113e+01 9.297417e+01 3.571622e+01 2.025925e+03 2.211195e+01
2.362500e+02 4.832288e+01 9.287527e+01 3.574736e+01 2.025924e+03 2.211226e+01
2.363000e+02 4.826312e+01 9.281467e+01 3.577237e+01 2.025926e+03 2.211257e+01
2.363500e+02 4.822817e+01 9.277877e+01 3.579345e+01 2.025925e+03 2.211288e+01
2.364000e+02 4.821034e+01 9.275992e+01 3.581185e+01 2.025927e+03 2.211319e+01
2.364500e+02 4.821897e+01 9.276740e+01 3.582605e+01 2.025927e+03 2.211350e+01
2.365000e+02 4.825374e+01 9.280091e+01 3.583610e+01 2.025928e+03 2.211381e+01
2.365500e+02 4.831928e+01 9.286504e+01 3.584125e+01 2.025928e+03 2.211412e+01
2.366000e+02 4.844541e+01 9.298950e+01 3.583664e+01 2.025930e+03 2.211443e+01
2.366500e+02 4.853610e+01 9.307866e+01 3.583787e+01 2.025929e+03 2.211474e+01
2.367000e+02 4.866548e+01 9.320635e+01 3.583289e+01 2.025931e+03 2.211505e+01
2.367500e+02 4.887311e+01 9.341193e+01 3.581527e+01 2.025930e+03 2.211536e+01
2.368000e+02 4.916651e+01 9.370292e+01 3.578376e+01 2.025933e+03 2.211567e+01
2.368500e+02 4.958972e+01 9.412315e+01 3.573118e+01 2.025932e+03 2.211598e+01
2.369000e+02 5.019529e+01 9.472500e+01 3.564892e+01 2.025935e+03 2.211629e+01
2.369500e+02 5.112819e+01 9.565289e+01 3.551331e+01 2.025934e+03 2.211660e+01
2.370000e+02 5.274714e+01 9.726427e+01 3.526570e+01 2.025938e+03 2.211691e+01
2.370500e+02 5.590629e+01 1.004108e+02 3.476639e+01 2.025936e+03 2.211722e+01
2.371000e+02 6.375193e+01 1.082316e+02 3.350031e+01 2.025945e+03 2.211753e+01
2.371500e+02 9.139858e+01 1.358260e+02 2.898949e+01 2.025931e+03 2.211784e+01
2.372000e+02 6.191692e+01 1.063993e+02 3.383261e+01 2.025917e+03 2.211816e+01
2.372500e+02 5.528933e+01 9.979149e+01 3.493373e+01 2.025927e+03 2.211847e+01
2.373000e+02 5.250683e+01 9.701821e+01 3.540610e+01 2.025925e+03 2.211878e+01
2.373500e+02 5.102842e+01 9.554464e+01 3.566544e+01 2.025929e+03 2.211909e+01
2.374000e+02 5.015347e+01 9.467227e+01 3.582631e+01 2.025928e+03 2.211940e+01
2.374500e+02 4.959934e+01 9.411943e+01 3.593489e+01 2.025931e+03 2.211971e+01
2.375000e+02 4.923066e+01 9.375127e+01 3.601333e+01 2.025930e+03 2.212002e+01
2.375500e+02 4.898633e+01 9.350693e+01 3.607159e+01 2.025932e+03 2.212033e+01
2.376000e+02 4.882954e+01 9.334975e+01 3.611571e+01 2.025932e+03 2.212065e+01
2.376500e+02 4.864803e+01 9.316795e+01 3.616407e+01 2.025933e+03 2.212096e+01
2.377000e+02 4.853564e+01 9.305498e+01 3.620130e+01 2.025933e+03 2.212127e+01
2.377500e+02 4.845680e+01 9.297539e+01 3.623321e+01 2.025935e+03 2.212158e+01
2.378000e+02 4.840155e+01 9.291929e+01 3.626145e+01 2.025934e+03 2.212189e+01
2.378500e+02 4.836440e+01 9.288120e+01 3.628692e+01 2.025936e+03 2.212220e+01
2.379000e+02 4.834202e+01 9.285783e+01 3.631017e+01 2.025936e+03 2.212252e+01
2.379500e+02 4.833241e+01 9.284715e+01 3.633154e+01 2.025937e+03 2.212283e+01
2.380000e+02 4.833553e+01 9.284916e+01 3.635104e+01 2.025937e+03 2.212314e+01
2.380500e+02 4.834650e+01 9.285897e+01 3.636947e+01 2.025938e+03 2.212345e+01
2.381000e+02 4.837000e+01 9.288125e+01 3.638606e+01 2.025938e+03 2.212377e+01
2.381500e+02 4.840612e+01 9.291610e+01 3.640080e+01 2.025939e+03 2.212408e+01
2.382000e+02 4.845791e+01 9.296654e+01 3.641320e+01 2.025939e+03 2.212439e+01
2.382500e+02 4.853228e+01 9.303947e+01 3.642212e+01 2.025940e+03 2.212470e+01
2.383000e+02 4.864644e+01 9.315199e+01 3.642471e+01 2.025940e+03 2.212502e+01
2.383500e+02 4.886049e+01 9.336395e+01 3.641104e+01 2.025941e+03 2.212533e+01
2.384000e+02 4.936374e+01 9.386383e+01 3.634974e+01 2.025941e+03 2.212564e+01
2.384500e+02 4.978908e+01 9.428618e+01 3.630153e+01 2.025942e+03 2.212596e+01
2.385000e+02 4.916645e+01 9.366521e+01 3.642720e+01 2.025941e+03 2.212627e+01
2.385500e+02 4.910732e+01 9.360524e+01 3.645988e+01 2.025943e+03 2.212658e+01
2.386000e+02 4.918517e+01 9.368164e+01 3.647017e+01 2.025943e+03 2.212690e+01
2.386500e+02 4.935269e+01 9.384730e+01 3.646591e+01 2.025944e+03 2.212721e+01
2.387000e+02 4.960309e+01 9.409547e+01 3.644819e+01 2.025944e+03 2.212752e+01
2.387500e+02 4.986682e+01 9.435693e+01 3.642856e+01 2.025946e+03 2.212784e+01
2.388000e+02 5.026540e+01 9.475267e+01 3.638681e+01 2.025945e+03 2.212815e+01
2.388500e+02 5.087455e+01 9.535811e+01 3.631031e+01 2.025948e+03 2.212846e+01
2.389000e+02 5.183650e+01 9.631496e+01 3.617527e+01 2.025947e+03 2.212878e+01
2.389500e+02 5.346258e+01 9.793351e+01 3.592962e+01 2.025951e+03 2.212909e+01
2.390000e+02 5.667059e+01 1.011288e+02 3.541981e+01 2.025950e+03 2.212940e+01
2.390500e+02 6.488599e+01 1.093187e+02 3.407215e+01 2.025957e+03 2.212972e+01
2.391000e+02 8.725868e+01 1.316469e+02 3.035029e+01 2.025944e+03 2.213003e+01
2.391500e+02 6.179598e+01 1.062348e+02 3.464069e+01 2.025932e+03 2.213035e+01
2.392000e+02 5.577423e+01 1.002311e+02 3.567614e+01 2.025940e+03 2.213066e+01
2.392500e+02 5.327344e+01 9.773842e+01 3.612310e+01 2.025939e+03 2.213097e+01
2.393000e+02 5.203986e+01 9.650860e+01 3.635868e+01 2.025943e+03 2.213129e+01
2.393500e+02 5.126534e+01 9.573615e+01 3.651808e+01 2.025942e+03 2.213160e+01
2.394000e+02 5.087653e+01 9.534787e+01 3.661349e+01 2.025944e+03 2.213192e+01
2.394500e+02 5.055198e+01 9.502360e+01 3.669881e+01 2.025944e+03 2.213223e+01
2.395000e+02 5.039269e+01 9.486389e+01 3.675702e+01 2.025946e+03 2.213254e+01
2.395500e+02 5.052408e+01 9.499360e+01 3.676699e+01 2.025946e+03 2.213286e+01
2.396000e+02 5.046947e+01 9.493812e+01 3.680889e+01 2.025947e+03 2.213317e+01
2.396500e+02 5.009531e+01 9.456447e+01 3.690535e+01 2.025946e+03 2.213348e+01
2.397000e+02 5.000334e+01 9.447180e+01 3.695498e+01 2.025948e+03 2.213380e+01
2.397500e+02 4.999048e+01 9.445789e+01 3.699197e+01 2.025948e+03 2.213411e+01
2.398000e+02 5.002051e+01 9.448667e+01 3.702241e+01 2.025949e+03 2.213443e+01
2.398500e+02 5.035899e+01 9.482257e+01 3.700136e+01 2.025949e+03 2.213474e+01
2.399000e+02 5.014052e+01 9.460394e+01 3.707529e+01 2.025950e+03 2.213505e+01
2.399500e+02 5.015031e+01 9.461258e+01 3.711131e+01 2.025950e+03 2.213536e+01
2.400000e+02 5.016579e+01 9.462689e+01 3.714711e+01 2.025950e+03 2.213568e+01
2.400500e+02 5.021891e+01 9.467866e+01 3.717725e+01 2.025950e+03 2.213599e+01
2.401000e+02 5.004433e+01 9.450375e+01 3.724686e+01 2.025951e+03 2.213630e+01
2.401500e+02 5.002101e+01 9.447941e+01 3.729151e+01 2.025951e+03 2.213661e+01
2.402000e+02 5.005883e+01 9.451597e+01 3.732648e+01 2.025952e+03 2.213692e+01
2.402500e+02 5.024169e+01 9.469691e+01 3.733740e+01 2.025952e+03 2.213724e+01
2.403000e+02 5.009900e+01 9.455374e+01 3.740458e+01 2.025953e+03 2.213755e+01
2.403500e+02 4.999768e+01 9.445176e+01 3.746541e+01 2.025953e+03 2.213786e+01
2.404000e+02 4.999008e+01 9.444309e+01 3.751087e+01 2.025954e+03 2.213817e+01
2.404500e+02 4.994125e+01 9.439337e+01 3.756400e+01 2.025954e+03 2.213848e+01
2.405000e+02 4.997112e+01 9.442200e+01 3.760419e+01 2.025954e+03 2.213878e+01
2.405500e+02 4.992840e+01 9.437836e+01 3.765733e+01 2.025955e+03 2.213909e+01
2.406000e+02 4.993472e+01 9.438354e+01 3.770247e+01 2.025955e+03 2.213940e+01
2.406500e+02 4.996780e+01 9.441536e+01 3.774333e+01 2.025955e+03 2.213971e+01
2.407000e+02 4.998414e+01 9.443053e+01 3.778731e+01 2.025956e+03 2.214001e+01
2.407500e+02 5.001137e+01 9.445653e+01 3.782955e+01 2.025956e+03 2.214032e+01
2.408000e+02 5.002644e+01 9.447043e+01 3.787391e+01 2.025957e+03 2.214062e+01
2.408500e+02 5.007733e+01 9.451998e+01 3.791196e+01 2.025957e+03 2.214092e+01
2.409000e+02 5.028683e+01 9.472745e+01 3.792223e+01 2.025958e+03 2.214123e+01
2.409500e+02 5.015503e+01 9.459512e+01 3.799128e+01 2.025958e+03 2.214153e+01
2.410000e+02 5.016519e+01 9.460413e+01 3.803514e+01 2.025959e+03 2.214183e+01
2.410500e+02 5.021266e+01 9.465029e+01 3.807177e+01 2.025959e+03 2.214213e+01
2.411000e+02 5.029093e+01 9.472710e+01 3.810209e+01 2.025959e+03 2.214243e+01
2.411500e+02 5.045468e+01 9.488902e+01 3.811635e+01 2.025960e+03 2.214273e+01
2.412000e+02 5.095420e+01 9.538527e+01 3.807058e+01 2.025960e+03 2.214302e+01
2.412500e+02 5.078081e+01 9.521152e+01 3.814079e+01 2.025960e+03 2.214332e+01
2.413000e+02 5.071617e+01 9.514605e+01 3.819032e+01 2.025961e+03 2.214361e+01
2.413500e+02 5.057359e+01 9.500298e+01 3.825165e+01 2.025961e+03 2.214391e+01
2.414000e+02 5.057583e+01 9.500410e+01 3.828563e+01 2.025962e+03 2.214420e+01
2.414500e+02 5.061058e+01 9.503760e+01 3.831179e+01 2.025962e+03 2.214449e+01
2.415000e+02 5.068250e+01 9.510810e+01 3.832912e+01 2.025963e+03 2.214479e+01
2.415500e+02 5.071174e+01 9.513610e+01 3.835046e+01 2.025963e+03 2.214508e+01
2.416000e+02 5.076940e+01 9.519240e+01 3.836095e+01 2.025964e+03 2.214536e+01
2.416500e+02 5.084060e+01 9.526218e+01 3.836426e+01 2.025964e+03 2.214565e+01
2.417000e+02 5.092318e+01 9.534329e+01 3.836264e+01 2.025965e+03 2.214595e+01
2.417500e+02 5.102385e+01 9.544243e+01 3.835521e+01 2.025965e+03 2.214624e+01
2.418000e+02 5.114728e+01 9.556422e+01 3.834112e+01 2.025966e+03 2.214653e+01
2.418500e+02 5.129798e+01 9.571317e+01 3.831958e+01 2.025966e+03 2.214682e+01
2.419000e+02 5.149162e+01 9.590487e+01 3.828790e+01 2.025967e+03 2.214711e+01
2.419500e+02 5.174656e+01 9.615763e+01 3.824289e+01 2.025967e+03 2.214741e+01
2.420000e+02 5.209415e+01 9.650266e+01 3.817858e+01 2.025968e+03 2.214770e+01
2.420500e+02 5.258975e+01 9.699512e+01 3.808543e+01 2.025969e+03 2.214800e+01
2.421000e+02 5.333847e+01 9.773974e+01 3.794569e+01 2.025970e+03 2.214829e+01
2.421500e+02 5.455774e+01 9.895319e+01 3.772134e+01 2.025971e+03 2.214859e+01
2.422000e+02 5.676737e+01 1.011537e+02 3.732109e+01 2.025972e+03 2.214889e+01
2.422500e+02 6.155261e+01 1.059224e+02 3.646607e+01 2.025975e+03 2.214919e+01
2.423000e+02 7.683139e+01 1.211637e+02 3.376148e+01 2.025971e+03 2.214949e+01
2.423500e+02 7.056970e+01 1.149139e+02 3.485095e+01 2.025961e+03 2.214979e+01
2.424000e+02 5.990882e+01 1.042803e+02 3.671204e+01 2.025962e+03 2.215009e+01
2.424500e+02 5.606922e+01 1.004524e+02 3.737080e+01 2.025963e+03 2.215040e+01
2.425000e+02 5.419847e+01 9.858749e+01 3.768254e+01 2.025965e+03 2.215070e+01
2.425500e+02 5.314013e+01 9.753217e+01 3.785107e+01 2.025965e+03 2.215101e+01
2.426000e+02 5.248770e+01 9.688126e+01 3.794808e+01 2.025967e+03 2.215131e+01
2.426500e+02 5.207188e+01 9.646605e+01 3.800353e+01 2.025967e+03 2.215162e+01
2.427000e+02 5.176821e+01 9.616254e+01 3.803940e+01 2.025969e+03 2.215193e+01
2.427500e+02 5.156704e+01 9.596111e+01 3.805753e+01 2.025968e+03 2.215224e+01
2.428000e+02 5.143383e+01 9.582735e+01 3.806409e+01 2.025970e+03 2.215255e+01
2.428500e+02 5.135684e+01 9.574958e+01 3.806126e+01 2.025970e+03 2.215286e+01
2.429000e+02 5.132923e+01 9.572098e+01 3.805030e+01 2.025971e+03 2.215318e+01
2.429500e+02 5.135341e+01 9.574395e+01 3.803087e+01 2.025971e+03 2.215349e+01
2.430000e+02 5.145529e+01 9.584428e+01 3.799852e+01 2.025973e+03 2.215380e+01
2.430500e+02 5.157862e+01 9.596598e+01 3.796312e+01 2.025972e+03 2.215412e+01
2.431000e+02 5.174255e+01 9.612810e+01 3.792137e+01 2.025974e+03 2.215443e+01
2.431500e+02 5.203871e+01 9.642191e+01 3.785729e+01 2.025974e+03 2.215475e+01
2.432000e+02 5.251044e+01 9.689058e+01 3.776337e+01 2.025977e+03 2.215507e+01
2.432500e+02 5.328433e+01 9.766022e+01 3.761755e+01 2.025976e+03 2.215538e+01
2.433000e+02 5.462529e+01 9.899485e+01 3.737364e+01 2.025980e+03 2.215570e+01
2.433500e+02 5.725298e+01 1.016119e+02 3.690610e+01 2.025978e+03 2.215602e+01
2.434000e+02 6.329934e+01 1.076382e+02 3.584279e+01 2.025986e+03 2.215634e+01
2.434500e+02 8.934398e+01 1.336294e+02 3.128682e+01 2.025974e+03 2.215665e+01
2.435000e+02 6.459850e+01 1.089315e+02 3.560219e+01 2.025962e+03 2.215697e+01
2.435500e+02 5.758890e+01 1.019422e+02 3.681883e+01 2.025969e+03 2.215729e+01
2.436000e+02 5.474798e+01 9.911038e+01 3.730860e+01 2.025968e+03 2.215761e+01
2.436500e+02 5.328614e+01 9.765313e+01 3.755855e+01 2.025972e+03 2.215793e+01
2.437000e+02 5.243402e+01 9.680336e+01 3.770290e+01 2.025972e+03 2.215825e+01
2.437500e+02 5.190035e+01 9.627081e+01 3.779244e+01 2.025974e+03 2.215857e+01
2.438000e+02 5.155520e+01 9.592602e+01 3.784981e+01 2.025974e+03 2.215889e+01
2.438500e+02 5.133637e+01 9.570702e+01 3.788582e+01 2.025975e+03 2.215921e+01
2.439000e+02 5.121668e+01 9.558674e+01 3.790519e+01 2.025975e+03 2.215953e+01
2.439500e+02 5.119471e+01 9.556376e+01 3.790817e+01 2.025976e+03 2.215985e+01
2.440000e+02 5.130814e+01 9.567559e+01 3.788817e+01 2.025977e+03 2.216018e+01
2.440500e+02 5.162046e+01 9.598545e+01 3.783412e+01 2.025978e+03 2.216050e+01
2.441000e+02 5.252654e+01 9.688661e+01 3.767725e+01 2.025979e+03 2.216082e+01
2.441500e+02 5.647471e+01 1.008185e+02 3.699104e+01 2.025978e+03 2.216114e+01
2.442000e+02 5.301729e+01 9.737313e+01 3.759509e+01 2.025976e+03 2.216146e+01
2.442500e+02 5.159876e+01 9.595941e+01 3.784446e+01 2.025978e+03 2.216178e+01
2.443000e+02 5.103066e+01 9.539266e+01 3.794625e+01 2.025978e+03 2.216211e+01
2.443500e+02 5.078598e+01 9.514796e+01 3.799220e+01 2.025979e+03 2.216243e+01
2.444000e+02 5.059747e+01 9.495918e+01 3.802882e+01 2.025979e+03 2.216275e+01
2.444500e+02 5.041088e+01 9.477232e+01 3.806554e+01 2.025980e+03 2.216307e+01
2.445000e+02 5.030977e+01 9.467056e+01 3.808779e+01 2.025980e+03 2.216339e+01
2.445500e+02 5.024079e+01 9.460078e+01 3.810485e+01 2.025981e+03 2.216372e+01
2.446000e+02 5.019574e+01 9.455483e+01 3.811813e+01 2.025981e+03 2.216404e+01
2.446500e+02 5.015018e+01 9.450837e+01 3.813188e+01 2.025982e+03 2.216436e+01
2.447000e+02 5.011719e+01 9.447443e+01 3.814379e+01 2.025982e+03 2.216468e+01
2.447500e+02 5.009204e+01 9.444828e+01 3.815468e+01 2.025983e+03 2.216501e+01
2.448000e+02 5.007875e+01 9.443395e+01 3.816383e+01 2.025983e+03 2.216533e+01
2.448500e+02 5.005960e+01 9.441378e+01 3.817433e+01 2.025984e+03 2.216565e+01
2.449000e+02 5.005208e+01 9.440519e+01 3.818311e+01 2.025984e+03 2.216597e+01
2.449500e+02 5.004872e+01 9.440074e+01 3.819146e+01 2.025984e+03 2.216630e+01
2.450000e+02 5.004047e+01 9.439143e+01 3.820095e+01 2.025985e+03 2.216662e+01
2.450500e+02 5.003873e+01 9.438858e+01 3.820958e+01 2.025985e+03 2.216694e+01
2.451000e+02 5.002549e+01 9.437430e+01 3.822048e+01 2.025986e+03 2.216727e+01
2.451500e+02 5.002171e+01 9.436943e+01 3.822998e+01 2.025986e+03 2.216759e+01
2.452000e+02 5.002118e+01 9.436780e+01 3.823917e+01 2.025986e+03 2.216791e+01
2.452500e+02 5.002280e+01 9.436830e+01 3.824822e+01 2.025987e+03 2.216824e+01
2.453000e+02 5.002595e+01 9.437034e+01 3.825724e+01 2.025987e+03 2.216856e+01
2.453500e+02 5.003049e+01 9.437374e+01 3.826623e+01 2.025988e+03 2.216888e+01
2.454000e+02 5.003644e+01 9.437856e+01 3.827519e+01 2.025988e+03 2.216921e+01
2.454500e+02 5.004387e+01 9.438485e+01 3.828410e+01 2.025989e+03 2.216953e+01
2.455000e+02 5.005347e+01 9.439330e+01 3.829283e+01 2.025989e+03 2.216985e+01
2.455500e+02 5.006839e+01 9.440705e+01 3.830083e+01 2.025989e+03 2.217018e+01
2.456000e+02 5.007391e+01 9.441144e+01 3.831065e+01 2.025990e+03 2.217050e+01
2.456500e+02 5.008835e+01 9.442470e+01 3.831910e+01 2.025990e+03 2.217082e+01
2.457000e+02 5.010385e+01 9.443902e+01 3.832753e+01 2.025991e+03 2.217115e+01
2.457500e+02 5.013331e+01 9.446725e+01 3.833369e+01 2.025991e+03 2.217147e+01
2.458000e+02 5.021211e+01 9.454457e+01 3.833137e+01 2.025991e+03 2.217180e+01
2.458500e+02 5.015240e+01 9.448404e+01 3.835347e+01 2.025992e+03 2.217212e+01
2.459000e+02 5.015199e+01 9.448252e+01 3.836534e+01 2.025992e+03 2.217244e+01
2.459500e+02 5.016104e+01 9.449043e+01 3.837570e+01 2.025993e+03 2.217277e+01
2.460000e+02 5.017384e+01 9.450206e+01 3.838555e+01 2.025993e+03 2.217309e+01
2.460500e+02 5.018892e+01 9.451596e+01 3.839514e+01 2.025993e+03 2.217342e+01
2.461000e+02 5.020588e+01 9.453174e+01 3.840454e+01 2.025994e+03 2.217374e+01
2.461500e+02 5.022483e+01 9.454949e+01 3.841371e+01 2.025994e+03 2.217406e+01
2.462000e+02 5.024618e+01 9.456964e+01 3.842260e+01 2.025995e+03 2.217439e+01
2.462500e+02 5.027195e+01 9.459418e+01 3.843084e+01 2.025995e+03 2.217471e+01
2.463000e+02 5.030569e+01 9.462667e+01 3.843779e+01 2.025995e+03 2.217504e+01
2.463500e+02 5.033038e+01 9.465014e+01 3.844645e+01 2.025996e+03 2.217536e+01
2.464000e+02 5.037569e+01 9.469413e+01 3.845160e+01 2.025996e+03 2.217569e+01
2.464500e+02 5.046249e+01 9.477943e+01 3.844956e+01 2.025997e+03 2.217601e+01
2.465000e+02 5.078011e+01 9.509451e+01 3.840701e+01 2.025997e+03 2.217634e+01
2.465500e+02 5.066729e+01 9.498109e+01 3.844029e+01 2.025997e+03 2.217666e+01
2.466000e+02 5.050227e+01 9.481572e+01 3.848289e+01 2.025998e+03 2.217699e+01
2.466500e+02 5.047867e+01 9.479111e+01 3.850070e+01 2.025998e+03 2.217731e+01
2.467000e+02 5.048504e+01 9.479635e+01 3.851333e+01 2.025999e+03 2.217764e+01
2.467500e+02 5.050065e+01 9.481078e+01 3.852443e+01 2.025999e+03 2.217796e+01
2.468000e+02 5.052338e+01 9.483230e+01 3.853436e+01 2.025999e+03 2.217829e+01
2.468500e+02 5.055071e+01 9.485840e+01 3.854358e+01 2.026000e+03 2.217861e+01
2.469000e+02 5.058181e+01 9.488825e+01 3.855221e+01 2.026000e+03 2.217894e+01
2.469500e+02 5.061659e+01 9.492177e+01 3.856028e+01 2.026001e+03 2.217926e+01
2.470000e+02 5.065609e+01 9.495998e+01 3.856760e+01 2.026001e+03 2.217959e+01
2.470500e+02 5.069921e+01 9.500180e+01 3.857436e+01 2.026002e+03 2.217991e+01
2.471000e+02 5.075414e+01 9.505537e+01 3.857910e+01 2.026002e+03 2.218024e+01
2.471500e+02 5.079983e+01 9.509975e+01 3.858555e+01 2.026003e+03 2.218057e+01
2.472000e+02 5.085206e+01 9.515064e+01 3.859091e+01 2.026003e+03 2.218089e+01
2.472500e+02 5.091698e+01 9.521415e+01 3.859409e+01 2.026004e+03 2.218122e+01
2.473000e+02 5.099194e+01 9.528767e+01 3.859555e+01 2.026004e+03 2.218154e+01
2.473500e+02 5.107527e+01 9.536952e+01 3.859559e+01 2.026004e+03 2.218187e+01
2.474000e+02 5.117879e+01 9.547146e+01 3.859211e+01 2.026005e+03 2.218220e+01
2.474500e+02 5.130756e+01 9.559856e+01 3.858420e+01 2.026006e+03 2.218252e+01
2.475000e+02 5.147369e+01 9.576284e+01 3.856972e+01 2.026006e+03 2.218285e+01
2.475500e+02 5.169994e+01 9.598698e+01 3.854462e+01 2.026007e+03 2.218317e+01
2.476000e+02 5.203344e+01 9.631793e+01 3.850051e+01 2.026007e+03 2.218350e+01
2.476500e+02 5.258926e+01 9.687025e+01 3.841694e+01 2.026008e+03 2.218383e+01
2.477000e+02 5.374104e+01 9.801613e+01 3.822749e+01 2.026009e+03 2.218415e+01
2.477500e+02 5.783448e+01 1.020930e+02 3.751495e+01 2.026009e+03 2.218448e+01
2.478000e+02 5.520163e+01 9.946871e+01 3.799810e+01 2.026007e+03 2.218481e+01
2.478500e+02 5.380735e+01 9.807884e+01 3.826123e+01 2.026009e+03 2.218513e+01
2.479000e+02 5.360981e+01 9.788099e+01 3.831168e+01 2.026009e+03 2.218546e+01
2.479500e+02 5.393003e+01 9.819880e+01 3.827006e+01 2.026011e+03 2.218579e+01
2.480000e+02 5.474507e+01 9.900947e+01 3.814033e+01 2.026011e+03 2.218612e+01
2.480500e+02 5.636958e+01 1.006267e+02 3.786629e+01 2.026013e+03 2.218644e+01
2.481000e+02 5.986355e+01 1.041073e+02 3.725863e+01 2.026014e+03 2.218677e+01
2.481500e+02 6.986959e+01 1.140840e+02 3.548768e+01 2.026016e+03 2.218710e+01
2.482000e+02 7.856221e+01 1.227568e+02 3.394883e+01 2.026006e+03 2.218743e+01
2.482500e+02 6.198046e+01 1.062141e+02 3.692628e+01 2.026001e+03 2.218775e+01
2.483000e+02 5.723015e+01 1.014785e+02 3.779005e+01 2.026005e+03 2.218808e+01
2.483500e+02 5.510582e+01 9.936102e+01 3.818513e+01 2.026005e+03 2.218841e+01
2.484000e+02 5.395246e+01 9.821113e+01 3.840702e+01 2.026007e+03 2.218874e+01
2.484500e+02 5.327181e+01 9.753217e+01 3.854463e+01 2.026008e+03 2.218906e+01
2.485000e+02 5.284177e+01 9.710282e+01 3.863760e+01 2.026009e+03 2.218939e+01
2.485500e+02 5.255196e+01 9.681314e+01 3.870561e+01 2.026009e+03 2.218972e+01
2.486000e+02 5.235709e+01 9.661799e+01 3.875674e+01 2.026010e+03 2.219005e+01
2.486500e+02 5.222702e+01 9.648738e+01 3.879636e+01 2.026011e+03 2.219038e+01
2.487000e+02 5.215663e+01 9.641619e+01 3.882537e+01 2.026012e+03 2.219070e+01
2.487500e+02 5.208926e+01 9.634800e+01 3.885392e+01 2.026012e+03 2.219103e+01
2.488000e+02 5.204112e+01 9.629897e+01 3.887909e+01 2.026013e+03 2.219136e+01
2.488500e+02 5.202412e+01 9.628093e+01 3.889876e+01 2.026013e+03 2.219169e+01
2.489000e+02 5.202761e+01 9.628330e+01 3.891481e+01 2.026014e+03 2.219202e+01
2.489500e+02 5.204876e+01 9.630325e+01 3.892776e+01 2.026014e+03 2.219235e+01
2.490000e+02 5.208776e+01 9.634097e+01 3.893756e+01 2.026015e+03 2.219268e+01
2.490500e+02 5.215452e+01 9.640633e+01 3.894243e+01 2.026016e+03 2.219301e+01
2.491000e+02 5.221046e+01 9.646092e+01 3.894931e+01 2.026016e+03 2.219334e+01
2.491500e+02 5.229864e+01 9.654761e+01 3.895044e+01 2.026017e+03 2.219366e+01
2.492000e+02 5.240124e+01 9.664865e+01 3.894903e+01 2.026017e+03 2.219399e+01
2.492500e+02 5.253506e+01 9.678078e+01 3.894205e+01 2.026018e+03 2.219432e+01
2.493000e+02 5.270277e+01 9.694667e+01 3.892902e+01 2.026019e+03 2.219465e+01
2.493500e+02 5.291394e+01 9.715582e+01 3.890820e+01 2.026019e+03 2.219498e+01
2.494000e+02 5.318372e+01 9.742336e+01 3.887685e+01 2.026020e+03 2.219531e+01
2.494500e+02 5.353622e+01 9.777327e+01 3.883061e+01 2.026021e+03 2.219564e+01
2.495000e+02 5.401089e+01 9.824487e+01 3.876235e+01 2.026022e+03 2.219597e+01
2.495500e+02 5.467697e+01 9.890715e+01 3.865954e+01 2.026023e+03 2.219630e+01
2.496000e+02 5.566663e+01 9.989182e+01 3.849825e+01 2.026024e+03 2.219663e+01
2.496500e+02 5.726135e+01 1.014795e+02 3.822755e+01 2.026025e+03 2.219696e+01
2.497000e+02 6.018802e+01 1.043949e+02 3.771577e+01 2.026027e+03 2.219729e+01
2.497500e+02 6.710681e+01 1.112921e+02 3.648093e+01 2.026029e+03 2.219762e+01
2.498000e+02 7.794135e+01 1.221007e+02 3.453479e+01 2.026024e+03 2.219795e+01
2.498500e+02 6.678285e+01 1.109667e+02 3.657299e+01 2.026018e+03 2.219828e+01
2.499000e+02 6.794058e+01 1.121203e+02 3.637996e+01 2.026026e+03 2.219862e+01
2.499500e+02 8.368937e+01 1.278347e+02 3.353924e+01 2.026019e+03 2.219895e+01
2.500000e+02 7.056070e+01 1.147316e+02 3.593818e+01 2.026011e+03 2.219928e+01
