2.100000e+02 4.173787e+01 8.690127e+01 3.202998e+01 2.024680e+03 2.089049e+01
2.100500e+02 4.174489e+01 8.690715e+01 3.201715e+01 2.024681e+03 2.089080e+01
2.101000e+02 4.174944e+01 8.691057e+01 3.200474e+01 2.024681e+03 2.089111e+01
2.101500e+02 4.177873e+01 8.693862e+01 3.198889e+01 2.024682e+03 2.089142e+01
2.102000e+02 4.193294e+01 8.709098e+01 3.195550e+01 2.024682e+03 2.089173e+01
2.102500e+02 4.183371e+01 8.699113e+01 3.195777e+01 2.024683e+03 2.089204e+01
2.103000e+02 4.186136e+01 8.701754e+01 3.194219e+01 2.024683e+03 2.089234e+01
2.103500e+02 4.198105e+01 8.713555e+01 3.191358e+01 2.024684e+03 2.089265e+01
2.104000e+02 4.242598e+01 8.757726e+01 3.183926e+01 2.024684e+03 2.089296e+01
2.104500e+02 4.239030e+01 8.754065e+01 3.183244e+01 2.024684e+03 2.089327e+01
2.105000e+02 4.206555e+01 8.721633e+01 3.186617e+01 2.024684e+03 2.089358e+01
2.105500e+02 4.203955e+01 8.718935e+01 3.185799e+01 2.024685e+03 2.089389e+01
2.106000e+02 4.212744e+01 8.727572e+01 3.183386e+01 2.024685e+03 2.089420e+01
2.106500e+02 4.234252e+01 8.748867e+01 3.179196e+01 2.024686e+03 2.089450e+01
2.107000e+02 4.281215e+01 8.795499e+01 3.171448e+01 2.024686e+03 2.089481e+01
2.107500e+02 4.410325e+01 8.923918e+01 3.152205e+01 2.024688e+03 2.089512e+01
2.108000e+02 4.808691e+01 9.320574e+01 3.095254e+01 2.024686e+03 2.089543e+01
2.108500e+02 4.378643e+01 8.892154e+01 3.154370e+01 2.024685e+03 2.089573e+01
2.109000e+02 4.266123e+01 8.780035e+01 3.168995e+01 2.024686e+03 2.089604e+01
2.109500e+02 4.219122e+01 8.733146e+01 3.174459e+01 2.024686e+03 2.089635e+01
2.110000e+02 4.194002e+01 8.708037e+01 3.176875e+01 2.024687e+03 2.089665e+01
2.110500e+02 4.178687e+01 8.692686e+01 3.177934e+01 2.024687e+03 2.089696e+01
2.111000e+02 4.168418e+01 8.682357e+01 3.178305e+01 2.024688e+03 2.089727e+01
2.111500e+02 4.161559e+01 8.675421e+01 3.178217e+01 2.024688e+03 2.089757e+01
2.112000e+02 4.155461e+01 8.669243e+01 3.178041e+01 2.024689e+03 2.089788e+01
2.112500e+02 4.150749e+01 8.664444e+01 3.177691e+01 2.024689e+03 2.089818e+01
2.113000e+02 4.147031e+01 8.660635e+01 3.177220e+01 2.024690e+03 2.089849e+01
2.113500e+02 4.143955e+01 8.657464e+01 3.176679e+01 2.024690e+03 2.089880e+01
2.114000e+02 4.141338e+01 8.654750e+01 3.176093e+01 2.024690e+03 2.089910e+01
2.114500e+02 4.139065e+01 8.652378e+01 3.175479e+01 2.024691e+03 2.089941e+01
2.115000e+02 4.137060e+01 8.650273e+01 3.174847e+01 2.024691e+03 2.089971e+01
2.115500e+02 4.135267e+01 8.648379e+01 3.174204e+01 2.024692e+03 2.090002e+01
2.116000e+02 4.133648e+01 8.646657e+01 3.173556e+01 2.024692e+03 2.090032e+01
2.116500e+02 4.132171e+01 8.645078e+01 3.172907e+01 2.024692e+03 2.090063e+01
2.117000e+02 4.130815e+01 8.643618e+01 3.172259e+01 2.024693e+03 2.090093e+01
2.117500e+02 4.129562e+01 8.642262e+01 3.171615e+01 2.024693e+03 2.090123e+01
2.118000e+02 4.128399e+01 8.640994e+01 3.170977e+01 2.024694e+03 2.090154e+01
2.118500e+02 4.127315e+01 8.639805e+01 3.170345e+01 2.024694e+03 2.090184e+01
2.119000e+02 4.126302e+01 8.638688e+01 3.169721e+01 2.024694e+03 2.090214e+01
2.119500e+02 4.125356e+01 8.637636e+01 3.169104e+01 2.024695e+03 2.090245e+01
2.120000e+02 4.124477e+01 8.636651e+01 3.168495e+01 2.024695e+03 2.090275e+01
2.120500e+02 4.123688e+01 8.635757e+01 3.167889e+01 2.024695e+03 2.090305e+01
2.121000e+02 4.123008e+01 8.634969e+01 3.167285e+01 2.024696e+03 2.090336e+01
2.121500e+02 4.122090e+01 8.633947e+01 3.166729e+01 2.024696e+03 2.090366e+01
2.122000e+02 4.121335e+01 8.633085e+01 3.166166e+01 2.024697e+03 2.090396e+01
2.122500e+02 4.120641e+01 8.632284e+01 3.165610e+01 2.024697e+03 2.090426e+01
2.123000e+02 4.119992e+01 8.631528e+01 3.165062e+01 2.024697e+03 2.090457e+01
2.123500e+02 4.119383e+01 8.630813e+01 3.164524e+01 2.024698e+03 2.090487e+01
2.124000e+02 4.118815e+01 8.630137e+01 3.163994e+01 2.024698e+03 2.090517e+01
2.124500e+02 4.118290e+01 8.629505e+01 3.163472e+01 2.024698e+03 2.090547e+01
2.125000e+02 4.117828e+01 8.628935e+01 3.162956e+01 2.024699e+03 2.090577e+01
2.125500e+02 4.117406e+01 8.628405e+01 3.162448e+01 2.024699e+03 2.090607e+01
2.126000e+02 4.117159e+01 8.628049e+01 3.161929e+01 2.024699e+03 2.090638e+01
2.126500e+02 4.117185e+01 8.627965e+01 3.161385e+01 2.024700e+03 2.090668e+01
2.127000e+02 4.116588e+01 8.627261e+01 3.160941e+01 2.024700e+03 2.090698e+01
2.127500e+02 4.116254e+01 8.626818e+01 3.160473e+01 2.024701e+03 2.090728e+01
2.128000e+02 4.116142e+01 8.626597e+01 3.159988e+01 2.024701e+03 2.090758e+01
2.128500e+02 4.117977e+01 8.628313e+01 3.159245e+01 2.024701e+03 2.090788e+01
2.129000e+02 4.116143e+01 8.626378e+01 3.159022e+01 2.024702e+03 2.090818e+01
2.129500e+02 4.114820e+01 8.624951e+01 3.158741e+01 2.024702e+03 2.090848e+01
2.130000e+02 4.114271e+01 8.624296e+01 3.158365e+01 2.024702e+03 2.090878e+01
2.130500e+02 4.113860e+01 8.623776e+01 3.157982e+01 2.024703e+03 2.090908e+01
2.131000e+02 4.113568e+01 8.623375e+01 3.157594e+01 2.024703e+03 2.090938e+01
2.131500e+02 4.113344e+01 8.623043e+01 3.157208e+01 2.024703e+03 2.090968e+01
2.132000e+02 4.113178e+01 8.622768e+01 3.156825e+01 2.024704e+03 2.090998e+01
2.132500e+02 4.113052e+01 8.622533e+01 3.156449e+01 2.024704e+03 2.091027e+01
2.133000e+02 4.112982e+01 8.622352e+01 3.156075e+01 2.024705e+03 2.091057e+01
2.133500e+02 4.113031e+01 8.622292e+01 3.155697e+01 2.024705e+03 2.091087e+01
2.134000e+02 4.112999e+01 8.622149e+01 3.155340e+01 2.024705e+03 2.091117e+01
2.134500e+02 4.113534e+01 8.622572e+01 3.154916e+01 2.024706e+03 2.091147e+01
2.135000e+02 4.112974e+01 8.621904e+01 3.154654e+01 2.024706e+03 2.091177e+01
2.135500e+02 4.112934e+01 8.621755e+01 3.154331e+01 2.024706e+03 2.091206e+01
2.136000e+02 4.112969e+01 8.621680e+01 3.154008e+01 2.024707e+03 2.091236e+01
2.136500e+02 4.113079e+01 8.621679e+01 3.153685e+01 2.024707e+03 2.091266e+01
2.137000e+02 4.113254e+01 8.621743e+01 3.153363e+01 2.024708e+03 2.091296e+01
2.137500e+02 4.113496e+01 8.621874e+01 3.153042e+01 2.024708e+03 2.091325e+01
2.138000e+02 4.113811e+01 8.622077e+01 3.152721e+01 2.024708e+03 2.091355e+01
2.138500e+02 4.114206e+01 8.622359e+01 3.152399e+01 2.024709e+03 2.091385e+01
2.139000e+02 4.114690e+01 8.622732e+01 3.152075e+01 2.024709e+03 2.091415e+01
2.139500e+02 4.115276e+01 8.623205e+01 3.151746e+01 2.024709e+03 2.091444e+01
2.140000e+02 4.115977e+01 8.623791e+01 3.151411e+01 2.024710e+03 2.091474e+01
2.140500e+02 4.116816e+01 8.624516e+01 3.151067e+01 2.024710e+03 2.091504e+01
2.141000e+02 4.117817e+01 8.625402e+01 3.150710e+01 2.024711e+03 2.091533e+01
2.141500e+02 4.119013e+01 8.626482e+01 3.150336e+01 2.024711e+03 2.091563e+01
2.142000e+02 4.120446e+01 8.627797e+01 3.149938e+01 2.024711e+03 2.091593e+01
2.142500e+02 4.122169e+01 8.629402e+01 3.149510e+01 2.024712e+03 2.091622e+01
2.143000e+02 4.124257e+01 8.631369e+01 3.149040e+01 2.024712e+03 2.091652e+01
2.143500e+02 4.126810e+01 8.633799e+01 3.148515e+01 2.024712e+03 2.091681e+01
2.144000e+02 4.129969e+01 8.636831e+01 3.147916e+01 2.024713e+03 2.091711e+01
2.144500e+02 4.133933e+01 8.640665e+01 3.147215e+01 2.024713e+03 2.091740e+01
2.145000e+02 4.139001e+01 8.645596e+01 3.146370e+01 2.024714e+03 2.091770e+01
2.145500e+02 4.145628e+01 8.652079e+01 3.145319e+01 2.024714e+03 2.091800e+01
2.146000e+02 4.154549e+01 8.660844e+01 3.143960e+01 2.024715e+03 2.091829e+01
2.146500e+02 4.166920e+01 8.673043e+01 3.142134e+01 2.024715e+03 2.091859e+01
2.147000e+02 4.184976e+01 8.690898e+01 3.139532e+01 2.024716e+03 2.091888e+01
2.147500e+02 4.212920e+01 8.718591e+01 3.135573e+01 2.024716e+03 2.091918e+01
2.148000e+02 4.259962e+01 8.765292e+01 3.128986e+01 2.024717e+03 2.091947e+01
2.148500e+02 4.349528e+01 8.854320e+01 3.116535e+01 2.024717e+03 2.091977e+01
2.149000e+02 4.561260e+01 9.064998e+01 3.087216e+01 2.024720e+03 2.092006e+01
2.149500e+02 5.514419e+01 1.001469e+02 2.955378e+01 2.024716e+03 2.092035e+01
2.150000e+02 4.653945e+01 9.157075e+01 3.074287e+01 2.024712e+03 2.092065e+01
2.150500e+02 4.381262e+01 8.885465e+01 3.111903e+01 2.024715e+03 2.092094e+01
2.151000e+02 4.275709e+01 8.780300e+01 3.126435e+01 2.024715e+03 2.092124e+01
2.151500e+02 4.223037e+01 8.727776e+01 3.133672e+01 2.024716e+03 2.092153e+01
2.152000e+02 4.191341e+01 8.696129e+01 3.138021e+01 2.024716e+03 2.092182e+01
2.152500e+02 4.171350e+01 8.676129e+01 3.140763e+01 2.024717e+03 2.092212e+01
2.153000e+02 4.157949e+01 8.662686e+01 3.142602e+01 2.024717e+03 2.092241e+01
2.153500e+02 4.148485e+01 8.653161e+01 3.143906e+01 2.024718e+03 2.092271e+01
2.154000e+02 4.141573e+01 8.646175e+01 3.144866e+01 2.024718e+03 2.092300e+01
2.154500e+02 4.136496e+01 8.641014e+01 3.145581e+01 2.024719e+03 2.092329e+01
2.155000e+02 4.133900e+01 8.638321e+01 3.145961e+01 2.024719e+03 2.092359e+01
2.155500e+02 4.129181e+01 8.633517e+01 3.146642e+01 2.024720e+03 2.092388e+01
2.156000e+02 4.126485e+01 8.630725e+01 3.147051e+01 2.024720e+03 2.092417e+01
2.156500e+02 4.124426e+01 8.628567e+01 3.147380e+01 2.024720e+03 2.092446e+01
2.157000e+02 4.122828e+01 8.626867e+01 3.147654e+01 2.024721e+03 2.092476e+01
2.157500e+02 4.121458e+01 8.625395e+01 3.147903e+01 2.024721e+03 2.092505e+01
2.158000e+02 4.120469e+01 8.624301e+01 3.148108e+01 2.024721e+03 2.092534e+01
2.158500e+02 4.119831e+01 8.623557e+01 3.148272e+01 2.024722e+03 2.092564e+01
2.159000e+02 4.119663e+01 8.623279e+01 3.148378e+01 2.024722e+03 2.092593e+01
2.159500e+02 4.120481e+01 8.623983e+01 3.148356e+01 2.024723e+03 2.092622e+01
2.160000e+02 4.125807e+01 8.629171e+01 3.147719e+01 2.024723e+03 2.092651e+01
2.160500e+02 4.123706e+01 8.626971e+01 3.148115e+01 2.024723e+03 2.092680e+01
2.161000e+02 4.120848e+01 8.624019e+01 3.148622e+01 2.024724e+03 2.092710e+01
2.161500e+02 4.118540e+01 8.621612e+01 3.149061e+01 2.024724e+03 2.092739e+01
2.162000e+02 4.116901e+01 8.619872e+01 3.149415e+01 2.024724e+03 2.092768e+01
2.162500e+02 4.116174e+01 8.619038e+01 3.149651e+01 2.024725e+03 2.092797e+01
2.163000e+02 4.115800e+01 8.618557e+01 3.149845e+01 2.024725e+03 2.092826e+01
2.163500e+02 4.115778e+01 8.618425e+01 3.149998e+01 2.024726e+03 2.092856e+01
2.164000e+02 4.115691e+01 8.618229e+01 3.150166e+01 2.024726e+03 2.092885e+01
2.164500e+02 4.115277e+01 8.617707e+01 3.150388e+01 2.024726e+03 2.092914e+01
2.165000e+02 4.115163e+01 8.617484e+01 3.150574e+01 2.024727e+03 2.092943e+01
2.165500e+02 4.115148e+01 8.617359e+01 3.150755e+01 2.024727e+03 2.092972e+01
2.166000e+02 4.115194e+01 8.617294e+01 3.150934e+01 2.024727e+03 2.093001e+01
2.166500e+02 4.115288e+01 8.617279e+01 3.151113e+01 2.024728e+03 2.093030e+01
2.167000e+02 4.115429e+01 8.617309e+01 3.151293e+01 2.024728e+03 2.093060e+01
2.167500e+02 4.115625e+01 8.617394e+01 3.151473e+01 2.024728e+03 2.093089e+01
2.168000e+02 4.115907e+01 8.617564e+01 3.151647e+01 2.024729e+03 2.093118e+01
2.168500e+02 4.116433e+01 8.617978e+01 3.151795e+01 2.024729e+03 2.093147e+01
2.169000e+02 4.116886e+01 8.618318e+01 3.151960e+01 2.024729e+03 2.093176e+01
2.169500e+02 4.116625e+01 8.617949e+01 3.152231e+01 2.024730e+03 2.093205e+01
2.170000e+02 4.116751e+01 8.617965e+01 3.152455e+01 2.024730e+03 2.093234e+01
2.170500e+02 4.116982e+01 8.618084e+01 3.152671e+01 2.024731e+03 2.093263e+01
2.171000e+02 4.117270e+01 8.618261e+01 3.152887e+01 2.024731e+03 2.093292e+01
2.171500e+02 4.117602e+01 8.618482e+01 3.153103e+01 2.024731e+03 2.093321e+01
2.172000e+02 4.117985e+01 8.618753e+01 3.153319e+01 2.024732e+03 2.093350e+01
2.172500e+02 4.118466e+01 8.619121e+01 3.153529e+01 2.024732e+03 2.093379e+01
2.173000e+02 4.118934e+01 8.619477e+01 3.153747e+01 2.024732e+03 2.093408e+01
2.173500e+02 4.119520e+01 8.619950e+01 3.153956e+01 2.024733e+03 2.093437e+01
2.174000e+02 4.120386e+01 8.620701e+01 3.154133e+01 2.024733e+03 2.093466e+01
2.174500e+02 4.121978e+01 8.622175e+01 3.154216e+01 2.024733e+03 2.093495e+01
2.175000e+02 4.128044e+01 8.628099e+01 3.153687e+01 2.024734e+03 2.093524e+01
2.175500e+02 4.123331e+01 8.623300e+01 3.154657e+01 2.024734e+03 2.093553e+01
2.176000e+02 4.122275e+01 8.622141e+01 3.155127e+01 2.024734e+03 2.093582e+01
2.176500e+02 4.122190e+01 8.621946e+01 3.155470e+01 2.024735e+03 2.093611e+01
2.177000e+02 4.122431e+01 8.622076e+01 3.155774e+01 2.024735e+03 2.093640e+01
2.177500e+02 4.122847e+01 8.622380e+01 3.156061e+01 2.024735e+03 2.093669e+01
2.178000e+02 4.123407e+01 8.622827e+01 3.156335e+01 2.024736e+03 2.093698e+01
2.178500e+02 4.124212e+01 8.623518e+01 3.156582e+01 2.024736e+03 2.093727e+01
2.179000e+02 4.124948e+01 8.624140e+01 3.156846e+01 2.024736e+03 2.093756e+01
2.179500e+02 4.126054e+01 8.625131e+01 3.157064e+01 2.024737e+03 2.093785e+01
2.180000e+02 4.127900e+01 8.626856e+01 3.157188e+01 2.024737e+03 2.093814e+01
2.180500e+02 4.131787e+01 8.630613e+01 3.157035e+01 2.024738e+03 2.093843e+01
2.181000e+02 4.146616e+01 8.645254e+01 3.155374e+01 2.024738e+03 2.093872e+01
2.181500e+02 4.140592e+01 8.639151e+01 3.156608e+01 2.024738e+03 2.093901e+01
2.182000e+02 4.132108e+01 8.630603e+01 3.158189e+01 2.024738e+03 2.093930e+01
2.182500e+02 4.130031e+01 8.628427e+01 3.158890e+01 2.024739e+03 2.093958e+01
2.183000e+02 4.129511e+01 8.627800e+01 3.159383e+01 2.024739e+03 2.093987e+01
2.183500e+02 4.129422e+01 8.627601e+01 3.159822e+01 2.024740e+03 2.094016e+01
2.184000e+02 4.129687e+01 8.627755e+01 3.160220e+01 2.024740e+03 2.094045e+01
2.184500e+02 4.130323e+01 8.628278e+01 3.160572e+01 2.024740e+03 2.094074e+01
2.185000e+02 4.130472e+01 8.628316e+01 3.161000e+01 2.024741e+03 2.094103e+01
2.185500e+02 4.130863e+01 8.628596e+01 3.161401e+01 2.024741e+03 2.094132e+01
2.186000e+02 4.131579e+01 8.629198e+01 3.161763e+01 2.024741e+03 2.094161e+01
2.186500e+02 4.131801e+01 8.629308e+01 3.162202e+01 2.024742e+03 2.094190e+01
2.187000e+02 4.132338e+01 8.629733e+01 3.162603e+01 2.024742e+03 2.094218e+01
2.187500e+02 4.132848e+01 8.630130e+01 3.163016e+01 2.024742e+03 2.094247e+01
2.188000e+02 4.133387e+01 8.630556e+01 3.163431e+01 2.024743e+03 2.094276e+01
2.188500e+02 4.133987e+01 8.631043e+01 3.163846e+01 2.024743e+03 2.094305e+01
2.189000e+02 4.134632e+01 8.631575e+01 3.164261e+01 2.024743e+03 2.094334e+01
2.189500e+02 4.135327e+01 8.632157e+01 3.164676e+01 2.024744e+03 2.094363e+01
2.190000e+02 4.136100e+01 8.632815e+01 3.165088e+01 2.024744e+03 2.094392e+01
2.190500e+02 4.137030e+01 8.633630e+01 3.165485e+01 2.024744e+03 2.094420e+01
2.191000e+02 4.138495e+01 8.634978e+01 3.165816e+01 2.024745e+03 2.094449e+01
2.191500e+02 4.140562e+01 8.636924e+01 3.166070e+01 2.024745e+03 2.094478e+01
2.192000e+02 4.140047e+01 8.636302e+01 3.166690e+01 2.024745e+03 2.094507e+01
2.192500e+02 4.141415e+01 8.637552e+01 3.167056e+01 2.024746e+03 2.094536e+01
2.193000e+02 4.145624e+01 8.641629e+01 3.167034e+01 2.024746e+03 2.094565e+01
2.193500e+02 4.145105e+01 8.641003e+01 3.167677e+01 2.024746e+03 2.094593e+01
2.194000e+02 4.143104e+01 8.638903e+01 3.168534e+01 2.024747e+03 2.094622e+01
2.194500e+02 4.142936e+01 8.638626e+01 3.169144e+01 2.024747e+03 2.094651e+01
2.195000e+02 4.143259e+01 8.638838e+01 3.169693e+01 2.024747e+03 2.094680e+01
2.195500e+02 4.143798e+01 8.639264e+01 3.170220e+01 2.024748e+03 2.094709e+01
2.196000e+02 4.144418e+01 8.639771e+01 3.170744e+01 2.024748e+03 2.094738e+01
2.196500e+02 4.145119e+01 8.640358e+01 3.171264e+01 2.024748e+03 2.094766e+01
2.197000e+02 4.145891e+01 8.641016e+01 3.171783e+01 2.024749e+03 2.094795e+01
2.197500e+02 4.146741e+01 8.641752e+01 3.172298e+01 2.024749e+03 2.094824e+01
2.198000e+02 4.147712e+01 8.642607e+01 3.172806e+01 2.024750e+03 2.094853e+01
2.198500e+02 4.148934e+01 8.643714e+01 3.173286e+01 2.024750e+03 2.094881e+01
2.199000e+02 4.150947e+01 8.645606e+01 3.173664e+01 2.024750e+03 2.094910e+01
2.199500e+02 4.160105e+01 8.654605e+01 3.173056e+01 2.024751e+03 2.094939e+01
2.200000e+02 4.152538e+01 8.646968e+01 3.174786e+01 2.024751e+03 2.094968e+01
2.200500e+02 4.152262e+01 8.646585e+01 3.175509e+01 2.024751e+03 2.094997e+01
2.201000e+02 4.152592e+01 8.646803e+01 3.176156e+01 2.024752e+03 2.095025e+01
2.201500e+02 4.153216e+01 8.647313e+01 3.176772e+01 2.024752e+03 2.095054e+01
2.202000e+02 4.153965e+01 8.647948e+01 3.177379e+01 2.024752e+03 2.095083e+01
2.202500e+02 4.154783e+01 8.648652e+01 3.177985e+01 2.024753e+03 2.095112e+01
2.203000e+02 4.155651e+01 8.649406e+01 3.178594e+01 2.024753e+03 2.095141e+01
2.203500e+02 4.156570e+01 8.650210e+01 3.179205e+01 2.024753e+03 2.095169e+01
2.204000e+02 4.157685e+01 8.651209e+01 3.179798e+01 2.024754e+03 2.095198e+01
2.204500e+02 4.158418e+01 8.651829e+01 3.180455e+01 2.024754e+03 2.095227e+01
2.205000e+02 4.159364e+01 8.652659e+01 3.181091e+01 2.024754e+03 2.095256e+01
2.205500e+02 4.160390e+01 8.653570e+01 3.181726e+01 2.024755e+03 2.095284e+01
2.206000e+02 4.161549e+01 8.654613e+01 3.182353e+01 2.024755e+03 2.095313e+01
2.206500e+02 4.163051e+01 8.655997e+01 3.182942e+01 2.024755e+03 2.095342e+01
2.207000e+02 4.166415e+01 8.659233e+01 3.183281e+01 2.024756e+03 2.095371e+01
2.207500e+02 4.167146e+01 8.659851e+01 3.183999e+01 2.024756e+03 2.095399e+01
2.208000e+02 4.166065e+01 8.658665e+01 3.184982e+01 2.024756e+03 2.095428e+01
2.208500e+02 4.166498e+01 8.658986e+01 3.185764e+01 2.024757e+03 2.095457e+01
2.209000e+02 4.167297e+01 8.659672e+01 3.186506e+01 2.024757e+03 2.095486e+01
2.209500e+02 4.168234e+01 8.660494e+01 3.187241e+01 2.024757e+03 2.095515e+01
2.210000e+02 4.169247e+01 8.661392e+01 3.187976e+01 2.024758e+03 2.095543e+01
2.210500e+02 4.170317e+01 8.662346e+01 3.188716e+01 2.024758e+03 2.095572e+01
2.211000e+02 4.171444e+01 8.663357e+01 3.189460e+01 2.024758e+03 2.095601e+01
2.211500e+02 4.172644e+01 8.664441e+01 3.190206e+01 2.024759e+03 2.095630e+01
2.212000e+02 4.173968e+01 8.665648e+01 3.190948e+01 2.024759e+03 2.095658e+01
2.212500e+02 4.175575e+01 8.667136e+01 3.191663e+01 2.024759e+03 2.095687e+01
2.213000e+02 4.178290e+01 8.669726e+01 3.192237e+01 2.024760e+03 2.095716e+01
2.213500e+02 4.178822e+01 8.670146e+01 3.193130e+01 2.024760e+03 2.095745e+01
2.214000e+02 4.178968e+01 8.670181e+01 3.194092e+01 2.024760e+03 2.095773e+01
2.214500e+02 4.179744e+01 8.670843e+01 3.194980e+01 2.024761e+03 2.095802e+01
2.215000e+02 4.180725e+01 8.671709e+01 3.195854e+01 2.024761e+03 2.095831e+01
2.215500e+02 4.181869e+01 8.672737e+01 3.196720e+01 2.024761e+03 2.095860e+01
2.216000e+02 4.183028e+01 8.673780e+01 3.197600e+01 2.024762e+03 2.095888e+01
2.216500e+02 4.184218e+01 8.674854e+01 3.198492e+01 2.024762e+03 2.095917e+01
2.217000e+02 4.185465e+01 8.675985e+01 3.199392e+01 2.024763e+03 2.095946e+01
2.217500e+02 4.186748e+01 8.677151e+01 3.200304e+01 2.024763e+03 2.095975e+01
2.218000e+02 4.188061e+01 8.678347e+01 3.201230e+01 2.024763e+03 2.096004e+01
2.218500e+02 4.189403e+01 8.679572e+01 3.202169e+01 2.024764e+03 2.096032e+01
2.219000e+02 4.190771e+01 8.680823e+01 3.203123e+01 2.024764e+03 2.096061e+01
2.219500e+02 4.192167e+01 8.682102e+01 3.204092e+01 2.024764e+03 2.096090e+01
2.220000e+02 4.193593e+01 8.683409e+01 3.205076e+01 2.024765e+03 2.096119e+01
2.220500e+02 4.195048e+01 8.684747e+01 3.206076e+01 2.024765e+03 2.096147e+01
2.221000e+02 4.196535e+01 8.686117e+01 3.207093e+01 2.024765e+03 2.096176e+01
2.221500e+02 4.198060e+01 8.687523e+01 3.208126e+01 2.024766e+03 2.096205e+01
2.222000e+02 4.199627e+01 8.688972e+01 3.209175e+01 2.024766e+03 2.096234e+01
2.222500e+02 4.201252e+01 8.690478e+01 3.210239e+01 2.024766e+03 2.096262e+01
2.223000e+02 4.202964e+01 8.692072e+01 3.211313e+01 2.024767e+03 2.096291e+01
2.223500e+02 4.204854e+01 8.693842e+01 3.212387e+01 2.024767e+03 2.096320e+01
2.224000e+02 4.207321e+01 8.696186e+01 3.213405e+01 2.024767e+03 2.096349e+01
2.224500e+02 4.209484e+01 8.698227e+01 3.214491e+01 2.024768e+03 2.096378e+01
2.225000e+02 4.209997e+01 8.698628e+01 3.215838e+01 2.024768e+03 2.096406e+01
2.225500e+02 4.211395e+01 8.699908e+01 3.217087e+01 2.024768e+03 2.096435e+01
2.226000e+02 4.213022e+01 8.701416e+01 3.218333e+01 2.024769e+03 2.096464e+01
2.226500e+02 4.214759e+01 8.703034e+01 3.219593e+01 2.024769e+03 2.096493e+01
2.227000e+02 4.216571e+01 8.704727e+01 3.220872e+01 2.024769e+03 2.096522e+01
2.227500e+02 4.218451e+01 8.706487e+01 3.222174e+01 2.024770e+03 2.096550e+01
2.228000e+02 4.220374e+01 8.708290e+01 3.223503e+01 2.024770e+03 2.096579e+01
2.228500e+02 4.222362e+01 8.710157e+01 3.224857e+01 2.024770e+03 2.096608e+01
2.229000e+02 4.224415e+01 8.712090e+01 3.226237e+01 2.024771e+03 2.096637e+01
2.229500e+02 4.226553e+01 8.714106e+01 3.227641e+01 2.024771e+03 2.096665e+01
2.230000e+02 4.228904e+01 8.716335e+01 3.229054e+01 2.024771e+03 2.096694e+01
2.230500e+02 4.231193e+01 8.718502e+01 3.230514e+01 2.024772e+03 2.096723e+01
2.231000e+02 4.233575e+01 8.720762e+01 3.232001e+01 2.024772e+03 2.096752e+01
2.231500e+02 4.236093e+01 8.723156e+01 3.233511e+01 2.024772e+03 2.096781e+01
2.232000e+02 4.239708e+01 8.726642e+01 3.234909e+01 2.024773e+03 2.096809e+01
2.232500e+02 4.242931e+01 8.729738e+01 3.236407e+01 2.024773e+03 2.096838e+01
2.233000e+02 4.244694e+01 8.731382e+01 3.238161e+01 2.024774e+03 2.096867e+01
2.233500e+02 4.246081e+01 8.732652e+01 3.240017e+01 2.024774e+03 2.096896e+01
2.234000e+02 4.249268e+01 8.735712e+01 3.241666e+01 2.024774e+03 2.096925e+01
2.234500e+02 4.250771e+01 8.737097e+01 3.243608e+01 2.024774e+03 2.096953e+01
2.235000e+02 4.253104e+01 8.739308e+01 3.245485e+01 2.024775e+03 2.096982e+01
2.235500e+02 4.255739e+01 8.741819e+01 3.247374e+01 2.024775e+03 2.097011e+01
2.236000e+02 4.258538e+01 8.744493e+01 3.249298e+01 2.024776e+03 2.097040e+01
2.236500e+02 4.261475e+01 8.747304e+01 3.251260e+01 2.024776e+03 2.097068e+01
2.237000e+02 4.264562e+01 8.750265e+01 3.253263e+01 2.024776e+03 2.097097e+01
2.237500e+02 4.267836e+01 8.753413e+01 3.255302e+01 2.024777e+03 2.097126e+01
2.238000e+02 4.271355e+01 8.756803e+01 3.257370e+01 2.024777e+03 2.097155e+01
2.238500e+02 4.275793e+01 8.761108e+01 3.259373e+01 2.024777e+03 2.097183e+01
2.239000e+02 4.285173e+01 8.770329e+01 3.260733e+01 2.024778e+03 2.097212e+01
2.239500e+02 4.282271e+01 8.767332e+01 3.263932e+01 2.024778e+03 2.097241e+01
2.240000e+02 4.285045e+01 8.769982e+01 3.266386e+01 2.024778e+03 2.097269e+01
2.240500e+02 4.288440e+01 8.773249e+01 3.268824e+01 2.024779e+03 2.097298e+01
2.241000e+02 4.292028e+01 8.776708e+01 3.271309e+01 2.024779e+03 2.097327e+01
2.241500e+02 4.295854e+01 8.780404e+01 3.273837e+01 2.024779e+03 2.097355e+01
2.242000e+02 4.299850e+01 8.784269e+01 3.276417e+01 2.024780e+03 2.097384e+01
2.242500e+02 4.304001e+01 8.788289e+01 3.279053e+01 2.024780e+03 2.097412e+01
2.243000e+02 4.308303e+01 8.792459e+01 3.281746e+01 2.024780e+03 2.097441e+01
2.243500e+02 4.312761e+01 8.796783e+01 3.284496e+01 2.024781e+03 2.097469e+01
2.244000e+02 4.317382e+01 8.801270e+01 3.287300e+01 2.024781e+03 2.097498e+01
2.244500e+02 4.322179e+01 8.805933e+01 3.290157e+01 2.024781e+03 2.097526e+01
2.245000e+02 4.327176e+01 8.810793e+01 3.293062e+01 2.024782e+03 2.097554e+01
2.245500e+02 4.332410e+01 8.815891e+01 3.296008e+01 2.024782e+03 2.097583e+01
2.246000e+02 4.337961e+01 8.821303e+01 3.298980e+01 2.024783e+03 2.097611e+01
2.246500e+02 4.344004e+01 8.827205e+01 3.301949e+01 2.024783e+03 2.097639e+01
2.247000e+02 4.351076e+01 8.834131e+01 3.304833e+01 2.024783e+03 2.097667e+01
2.247500e+02 4.362280e+01 8.845168e+01 3.307171e+01 2.024783e+03 2.097695e+01
2.248000e+02 4.368013e+01 8.850762e+01 3.310364e+01 2.024784e+03 2.097723e+01
2.248500e+02 4.396928e+01 8.879420e+01 3.310199e+01 2.024784e+03 2.097751e+01
2.249000e+02 4.378543e+01 8.861018e+01 3.317023e+01 2.024784e+03 2.097779e+01
2.249500e+02 4.380820e+01 8.863173e+01 3.320841e+01 2.024785e+03 2.097806e+01
2.250000e+02 4.386682e+01 8.868896e+01 3.324151e+01 2.024785e+03 2.097834e+01
2.250500e+02 4.392747e+01 8.874820e+01 3.327438e+01 2.024785e+03 2.097862e+01
2.251000e+02 4.397990e+01 8.879927e+01 3.330838e+01 2.024786e+03 2.097889e+01
2.251500e+02 4.404592e+01 8.886385e+01 3.334015e+01 2.024786e+03 2.097916e+01
2.252000e+02 4.411863e+01 8.893510e+01 3.337054e+01 2.024787e+03 2.097944e+01
2.252500e+02 4.418450e+01 8.899954e+01 3.340137e+01 2.024787e+03 2.097971e+01
2.253000e+02 4.425771e+01 8.907128e+01 3.343035e+01 2.024787e+03 2.097998e+01
2.253500e+02 4.433465e+01 8.914673e+01 3.345779e+01 2.024788e+03 2.098024e+01
2.254000e+02 4.441531e+01 8.922590e+01 3.348349e+01 2.024788e+03 2.098051e+01
2.254500e+02 4.450002e+01 8.930909e+01 3.350717e+01 2.024788e+03 2.098078e+01
2.255000e+02 4.458956e+01 8.939709e+01 3.352848e+01 2.024789e+03 2.098104e+01
2.255500e+02 4.468518e+01 8.949114e+01 3.354701e+01 2.024789e+03 2.098131e+01
2.256000e+02 4.478885e+01 8.959320e+01 3.356223e+01 2.024789e+03 2.098157e+01
2.256500e+02 4.490380e+01 8.970649e+01 3.357347e+01 2.024790e+03 2.098183e+01
2.257000e+02 4.503533e+01 8.983628e+01 3.357976e+01 2.024790e+03 2.098210e+01
2.257500e+02 4.519368e+01 8.999277e+01 3.357946e+01 2.024790e+03 2.098236e+01
2.258000e+02 4.539575e+01 9.019277e+01 3.356999e+01 2.024791e+03 2.098262e+01
2.258500e+02 4.563217e+01 9.042697e+01 3.355243e+01 2.024791e+03 2.098287e+01
2.259000e+02 4.598837e+01 9.078041e+01 3.351178e+01 2.024792e+03 2.098313e+01
2.259500e+02 4.657551e+01 9.136377e+01 3.342899e+01 2.024792e+03 2.098339e+01
2.260000e+02 4.775659e+01 9.253855e+01 3.325229e+01 2.024794e+03 2.098365e+01
2.260500e+02 5.309531e+01 9.785555e+01 3.244749e+01 2.024792e+03 2.098390e+01
2.261000e+02 4.924235e+01 9.401590e+01 3.302248e+01 2.024789e+03 2.098417e+01
2.261500e+02 4.704261e+01 9.182435e+01 3.334601e+01 2.024791e+03 2.098443e+01
2.262000e+02 4.628754e+01 9.107157e+01 3.344988e+01 2.024791e+03 2.098469e+01
2.262500e+02 4.584771e+01 9.063267e+01 3.350406e+01 2.024792e+03 2.098495e+01
2.263000e+02 4.556395e+01 9.034914e+01 3.353269e+01 2.024792e+03 2.098522e+01
2.263500e+02 4.535802e+01 9.014307e+01 3.354773e+01 2.024792e+03 2.098548e+01
2.264000e+02 4.519754e+01 8.998226e+01 3.355428e+01 2.024793e+03 2.098575e+01
2.264500e+02 4.506637e+01 8.985062e+01 3.355500e+01 2.024793e+03 2.098602e+01
2.265000e+02 4.495587e+01 8.973955e+01 3.355141e+01 2.024793e+03 2.098629e+01
2.265500e+02 4.486220e+01 8.964523e+01 3.354429e+01 2.024794e+03 2.098656e+01
2.266000e+02 4.479405e+01 8.957631e+01 3.353257e+01 2.024794e+03 2.098683e+01
2.266500e+02 4.469763e+01 8.947926e+01 3.352446e+01 2.024795e+03 2.098710e+01
2.267000e+02 4.461835e+01 8.939927e+01 3.351337e+01 2.024795e+03 2.098737e+01
2.267500e+02 4.454356e+01 8.932375e+01 3.350135e+01 2.024795e+03 2.098765e+01
2.268000e+02 4.447852e+01 8.925793e+01 3.348777e+01 2.024796e+03 2.098792e+01
2.268500e+02 4.442201e+01 8.920059e+01 3.347295e+01 2.024796e+03 2.098820e+01
2.269000e+02 4.436250e+01 8.914028e+01 3.345873e+01 2.024796e+03 2.098848e+01
2.269500e+02 4.430568e+01 8.908265e+01 3.344436e+01 2.024797e+03 2.098876e+01
2.270000e+02 4.425428e+01 8.903041e+01 3.342956e+01 2.024797e+03 2.098904e+01
2.270500e+02 4.420648e+01 8.898175e+01 3.341465e+01 2.024797e+03 2.098932e+01
2.271000e+02 4.416175e+01 8.893613e+01 3.339981e+01 2.024798e+03 2.098960e+01
2.271500e+02 4.411976e+01 8.889326e+01 3.338514e+01 2.024798e+03 2.098988e+01
2.272000e+02 4.408033e+01 8.885293e+01 3.337071e+01 2.024798e+03 2.099016e+01
2.272500e+02 4.404336e+01 8.881505e+01 3.335658e+01 2.024799e+03 2.099044e+01
2.273000e+02 4.400868e+01 8.877944e+01 3.334282e+01 2.024799e+03 2.099073e+01
2.273500e+02 4.397613e+01 8.874595e+01 3.332947e+01 2.024799e+03 2.099101e+01
2.274000e+02 4.394547e+01 8.871435e+01 3.331658e+01 2.024800e+03 2.099129e+01
2.274500e+02 4.391651e+01 8.868444e+01 3.330420e+01 2.024800e+03 2.099158e+01
2.275000e+02 4.388963e+01 8.865660e+01 3.329227e+01 2.024800e+03 2.099186e+01
2.275500e+02 4.386426e+01 8.863026e+01 3.328089e+01 2.024801e+03 2.099215e+01
2.276000e+02 4.384087e+01 8.860589e+01 3.326999e+01 2.024801e+03 2.099244e+01
2.276500e+02 4.381935e+01 8.858338e+01 3.325957e+01 2.024802e+03 2.099272e+01
2.277000e+02 4.379997e+01 8.856300e+01 3.324959e+01 2.024802e+03 2.099301e+01
2.277500e+02 4.378505e+01 8.854706e+01 3.323969e+01 2.024802e+03 2.099329e+01
2.278000e+02 4.376526e+01 8.852627e+01 3.323124e+01 2.024803e+03 2.099358e+01
2.278500e+02 4.374771e+01 8.850770e+01 3.322319e+01 2.024803e+03 2.099387e+01
2.279000e+02 4.373372e+01 8.849269e+01 3.321531e+01 2.024803e+03 2.099416e+01
2.279500e+02 4.372311e+01 8.848104e+01 3.320761e+01 2.024804e+03 2.099444e+01
2.280000e+02 4.370667e+01 8.846359e+01 3.320145e+01 2.024804e+03 2.099473e+01
2.280500e+02 4.369485e+01 8.845072e+01 3.319525e+01 2.024804e+03 2.099502e+01
2.281000e+02 4.368481e+01 8.843964e+01 3.318943e+01 2.024805e+03 2.099531e+01
2.281500e+02 4.367578e+01 8.842955e+01 3.318406e+01 2.024805e+03 2.099560e+01
2.282000e+02 4.366815e+01 8.842086e+01 3.317909e+01 2.024805e+03 2.099588e+01
2.282500e+02 4.366193e+01 8.841357e+01 3.317449e+01 2.024806e+03 2.099617e+01
2.283000e+02 4.365924e+01 8.840980e+01 3.316993e+01 2.024806e+03 2.099646e+01
2.283500e+02 4.365243e+01 8.840193e+01 3.316651e+01 2.024806e+03 2.099675e+01
2.284000e+02 4.364802e+01 8.839644e+01 3.316327e+01 2.024807e+03 2.099704e+01
2.284500e+02 4.364529e+01 8.839262e+01 3.316029e+01 2.024807e+03 2.099733e+01
2.285000e+02 4.364373e+01 8.838997e+01 3.315763e+01 2.024808e+03 2.099762e+01
2.285500e+02 4.364325e+01 8.838840e+01 3.315529e+01 2.024808e+03 2.099790e+01
2.286000e+02 4.364384e+01 8.838789e+01 3.315324e+01 2.024808e+03 2.099819e+01
2.286500e+02 4.364553e+01 8.838847e+01 3.315148e+01 2.024809e+03 2.099848e+01
2.287000e+02 4.364838e+01 8.839020e+01 3.314998e+01 2.024809e+03 2.099877e+01
2.287500e+02 4.365250e+01 8.839320e+01 3.314870e+01 2.024809e+03 2.099906e+01
2.288000e+02 4.365805e+01 8.839762e+01 3.314761e+01 2.024810e+03 2.099935e+01
2.288500e+02 4.366437e+01 8.840281e+01 3.314679e+01 2.024810e+03 2.099964e+01
2.289000e+02 4.367260e+01 8.840990e+01 3.314607e+01 2.024810e+03 2.099993e+01
2.289500e+02 4.368285e+01 8.841899e+01 3.314540e+01 2.024811e+03 2.100022e+01
2.290000e+02 4.369581e+01 8.843079e+01 3.314469e+01 2.024811e+03 2.100051e+01
2.290500e+02 4.371459e+01 8.844837e+01 3.314346e+01 2.024811e+03 2.100080e+01
2.291000e+02 4.373155e+01 8.846414e+01 3.314282e+01 2.024812e+03 2.100109e+01
2.291500e+02 4.374870e+01 8.848010e+01 3.314246e+01 2.024812e+03 2.100137e+01
2.292000e+02 4.377471e+01 8.850488e+01 3.314110e+01 2.024813e+03 2.100166e+01
2.292500e+02 4.380952e+01 8.853841e+01 3.313874e+01 2.024813e+03 2.100195e+01
2.293000e+02 4.385728e+01 8.858482e+01 3.313476e+01 2.024813e+03 2.100224e+01
2.293500e+02 4.392654e+01 8.865261e+01 3.312790e+01 2.024814e+03 2.100253e+01
2.294000e+02 4.403576e+01 8.876016e+01 3.311542e+01 2.024814e+03 2.100282e+01
2.294500e+02 4.422712e+01 8.894943e+01 3.309111e+01 2.024815e+03 2.100311e+01
2.295000e+02 4.464161e+01 8.936071e+01 3.303424e+01 2.024815e+03 2.100340e+01
2.295500e+02 4.599947e+01 9.071080e+01 3.283881e+01 2.024815e+03 2.100369e+01
2.296000e+02 4.600725e+01 9.071743e+01 3.284217e+01 2.024815e+03 2.100398e+01
2.296500e+02 4.468099e+01 8.939658e+01 3.304205e+01 2.024815e+03 2.100427e+01
2.297000e+02 4.429449e+01 8.901095e+01 3.310389e+01 2.024815e+03 2.100456e+01
2.297500e+02 4.413038e+01 8.884660e+01 3.313324e+01 2.024816e+03 2.100485e+01
2.298000e+02 4.404976e+01 8.876529e+01 3.315051e+01 2.024816e+03 2.100514e+01
2.298500e+02 4.400937e+01 8.872401e+01 3.316206e+01 2.024817e+03 2.100542e+01
2.299000e+02 4.399127e+01 8.870490e+01 3.317053e+01 2.024817e+03 2.100571e+01
2.299500e+02 4.398762e+01 8.870018e+01 3.317707e+01 2.024818e+03 2.100600e+01
2.300000e+02 4.399664e+01 8.870805e+01 3.318192e+01 2.024818e+03 2.100629e+01
2.300500e+02 4.401113e+01 8.872137e+01 3.318614e+01 2.024818e+03 2.100658e+01
2.301000e+02 4.402443e+01 8.873350e+01 3.319071e+01 2.024819e+03 2.100687e+01
2.301500e+02 4.403888e+01 8.874676e+01 3.319529e+01 2.024819e+03 2.100716e+01
2.302000e+02 4.406309e+01 8.876975e+01 3.319858e+01 2.024820e+03 2.100745e+01
2.302500e+02 4.409336e+01 8.879877e+01 3.320115e+01 2.024820e+03 2.100774e+01
2.303000e+02 4.413024e+01 8.883435e+01 3.320290e+01 2.024820e+03 2.100803e+01
2.303500e+02 4.417832e+01 8.888108e+01 3.320315e+01 2.024821e+03 2.100832e+01
2.304000e+02 4.422177e+01 8.892321e+01 3.320423e+01 2.024821e+03 2.100861e+01
2.304500e+02 4.428320e+01 8.898322e+01 3.320281e+01 2.024822e+03 2.100890e+01
2.305000e+02 4.437269e+01 8.907114e+01 3.319739e+01 2.024822e+03 2.100919e+01
2.305500e+02 4.448514e+01 8.918192e+01 3.318871e+01 2.024822e+03 2.100948e+01
2.306000e+02 4.444644e+01 8.914232e+01 3.320249e+01 2.024823e+03 2.100977e+01
2.306500e+02 4.447659e+01 8.917121e+01 3.320623e+01 2.024823e+03 2.101005e+01
2.307000e+02 4.453136e+01 8.922460e+01 3.320648e+01 2.024824e+03 2.101034e+01
2.307500e+02 4.460750e+01 8.929925e+01 3.320370e+01 2.024824e+03 2.101063e+01
2.308000e+02 4.470796e+01 8.939809e+01 3.319745e+01 2.024824e+03 2.101092e+01
2.308500e+02 4.483961e+01 8.952797e+01 3.318672e+01 2.024825e+03 2.101121e+01
2.309000e+02 4.501435e+01 8.970073e+01 3.316973e+01 2.024826e+03 2.101150e+01
2.309500e+02 4.525226e+01 8.993634e+01 3.314351e+01 2.024826e+03 2.101179e+01
2.310000e+02 4.558847e+01 9.026978e+01 3.310285e+01 2.024827e+03 2.101208e+01
2.310500e+02 4.608890e+01 9.076668e+01 3.303797e+01 2.024828e+03 2.101237e+01
2.311000e+02 4.689440e+01 9.156727e+01 3.292798e+01 2.024828e+03 2.101266e+01
2.311500e+02 4.827890e+01 9.294440e+01 3.273222e+01 2.024830e+03 2.101295e+01
2.312000e+02 5.116054e+01 9.581300e+01 3.231439e+01 2.024831e+03 2.101324e+01
2.312500e+02 5.937701e+01 1.040006e+02 3.110419e+01 2.024831e+03 2.101353e+01
2.313000e+02 6.450525e+01 1.091140e+02 3.035142e+01 2.024824e+03 2.101382e+01
2.313500e+02 5.249137e+01 9.713541e+01 3.214556e+01 2.024820e+03 2.101411e+01
2.314000e+02 4.889349e+01 9.355078e+01 3.268954e+01 2.024823e+03 2.101440e+01
2.314500e+02 4.727129e+01 9.193468e+01 3.294041e+01 2.024824e+03 2.101469e+01
2.315000e+02 4.639456e+01 9.106094e+01 3.308080e+01 2.024825e+03 2.101498e+01
2.315500e+02 4.586828e+01 9.053610e+01 3.316933e+01 2.024825e+03 2.101527e+01
2.316000e+02 4.552997e+01 9.019835e+01 3.323009e+01 2.024826e+03 2.101556e+01
2.316500e+02 4.530218e+01 8.997058e+01 3.327458e+01 2.024827e+03 2.101585e+01
2.317000e+02 4.514405e+01 8.981215e+01 3.330883e+01 2.024828e+03 2.101614e+01
2.317500e+02 4.503243e+01 8.969999e+01 3.333629e+01 2.024828e+03 2.101643e+01
2.318000e+02 4.495344e+01 8.962030e+01 3.335900e+01 2.024829e+03 2.101672e+01
2.318500e+02 4.489865e+01 8.956469e+01 3.337820e+01 2.024829e+03 2.101701e+01
2.319000e+02 4.486361e+01 8.952873e+01 3.339456e+01 2.024830e+03 2.101730e+01
2.319500e+02 4.485079e+01 8.951487e+01 3.340768e+01 2.024830e+03 2.101758e+01
2.320000e+02 4.487794e+01 8.954078e+01 3.341492e+01 2.024830e+03 2.101787e+01
2.320500e+02 4.482359e+01 8.948561e+01 3.343434e+01 2.024831e+03 2.101816e+01
2.321000e+02 4.481700e+01 8.947795e+01 3.344668e+01 2.024831e+03 2.101845e+01
2.321500e+02 4.482196e+01 8.948178e+01 3.345734e+01 2.024831e+03 2.101874e+01
2.322000e+02 4.483424e+01 8.949290e+01 3.346690e+01 2.024832e+03 2.101903e+01
2.322500e+02 4.485252e+01 8.950999e+01 3.347557e+01 2.024832e+03 2.101932e+01
2.323000e+02 4.487631e+01 8.953255e+01 3.348339e+01 2.024833e+03 2.101961e+01
2.323500e+02 4.490563e+01 8.956063e+01 3.349034e+01 2.024833e+03 2.101990e+01
2.324000e+02 4.494130e+01 8.959501e+01 3.349628e+01 2.024834e+03 2.102019e+01
2.324500e+02 4.498627e+01 8.963865e+01 3.350077e+01 2.024834e+03 2.102048e+01
2.325000e+02 4.505535e+01 8.970628e+01 3.350156e+01 2.024835e+03 2.102077e+01
2.325500e+02 4.510130e+01 8.975089e+01 3.350572e+01 2.024835e+03 2.102106e+01
2.326000e+02 4.512511e+01 8.977348e+01 3.351308e+01 2.024835e+03 2.102135e+01
2.326500e+02 4.517804e+01 8.982504e+01 3.351598e+01 2.024836e+03 2.102164e+01
2.327000e+02 4.526167e+01 8.990715e+01 3.351418e+01 2.024836e+03 2.102193e+01
2.327500e+02 4.531765e+01 8.996175e+01 3.351640e+01 2.024836e+03 2.102222e+01
2.328000e+02 4.535902e+01 9.000180e+01 3.352072e+01 2.024837e+03 2.102251e+01
2.328500e+02 4.542572e+01 9.006706e+01 3.352116e+01 2.024837e+03 2.102280e+01
2.329000e+02 4.550618e+01 9.014602e+01 3.351946e+01 2.024838e+03 2.102309e+01
2.329500e+02 4.560527e+01 9.024351e+01 3.351491e+01 2.024838e+03 2.102338e+01
2.330000e+02 4.572521e+01 9.036175e+01 3.350718e+01 2.024839e+03 2.102367e+01
2.330500e+02 4.579686e+01 9.043195e+01 3.350666e+01 2.024839e+03 2.102396e+01
2.331000e+02 4.590679e+01 9.054023e+01 3.350038e+01 2.024839e+03 2.102425e+01
2.331500e+02 4.603301e+01 9.066473e+01 3.349165e+01 2.024840e+03 2.102454e+01
2.332000e+02 4.617486e+01 9.080478e+01 3.348058e+01 2.024840e+03 2.102483e+01
2.332500e+02 4.633501e+01 9.096304e+01 3.346678e+01 2.024840e+03 2.102512e+01
2.333000e+02 4.652142e+01 9.114745e+01 3.344906e+01 2.024841e+03 2.102541e+01
2.333500e+02 4.679502e+01 9.141863e+01 3.341827e+01 2.024841e+03 2.102570e+01
2.334000e+02 4.692663e+01 9.154852e+01 3.340885e+01 2.024842e+03 2.102599e+01
2.334500e+02 4.714863e+01 9.176836e+01 3.338590e+01 2.024842e+03 2.102628e+01
2.335000e+02 4.741154e+01 9.202894e+01 3.335684e+01 2.024843e+03 2.102657e+01
2.335500e+02 4.771452e+01 9.232942e+01 3.332180e+01 2.024843e+03 2.102686e+01
2.336000e+02 4.806401e+01 9.267621e+01 3.327981e+01 2.024844e+03 2.102715e+01
2.336500e+02 4.847110e+01 9.308037e+01 3.322919e+01 2.024844e+03 2.102744e+01
2.337000e+02 4.895344e+01 9.355948e+01 3.316727e+01 2.024844e+03 2.102773e+01
2.337500e+02 4.953970e+01 9.414210e+01 3.308972e+01 2.024844e+03 2.102803e+01
2.338000e+02 5.028231e+01 9.488048e+01 3.298861e+01 2.024845e+03 2.102832e+01
2.338500e+02 5.131074e+01 9.590362e+01 3.284439e+01 2.024845e+03 2.102861e+01
2.339000e+02 5.305121e+01 9.763628e+01 3.259266e+01 2.024847e+03 2.102890e+01
2.339500e+02 5.878339e+01 1.033481e+02 3.173785e+01 2.024844e+03 2.102919e+01
2.340000e+02 5.276254e+01 9.734646e+01 3.265817e+01 2.024841e+03 2.102948e+01
2.340500e+02 5.128196e+01 9.587051e+01 3.289292e+01 2.024843e+03 2.102977e+01
2.341000e+02 5.030847e+01 9.489987e+01 3.305123e+01 2.024843e+03 2.103007e+01
2.341500e+02 4.963477e+01 9.422789e+01 3.316441e+01 2.024844e+03 2.103036e+01
2.342000e+02 4.911841e+01 9.371264e+01 3.325394e+01 2.024844e+03 2.103065e+01
2.342500e+02 4.867005e+01 9.326514e+01 3.333332e+01 2.024844e+03 2.103094e+01
2.343000e+02 4.833636e+01 9.293184e+01 3.339547e+01 2.024845e+03 2.103123e+01
2.343500e+02 4.809364e+01 9.268911e+01 3.344397e+01 2.024845e+03 2.103153e+01
2.344000e+02 4.775660e+01 9.235250e+01 3.350684e+01 2.024845e+03 2.103182e+01
2.344500e+02 4.752384e+01 9.211972e+01 3.355403e+01 2.024846e+03 2.103211e+01
2.345000e+02 4.733528e+01 9.193093e+01 3.359463e+01 2.024846e+03 2.103240e+01
2.345500e+02 4.721188e+01 9.180701e+01 3.362544e+01 2.024847e+03 2.103269e+01
2.346000e+02 4.701499e+01 9.160995e+01 3.366748e+01 2.024847e+03 2.103299e+01
2.346500e+02 4.687932e+01 9.147382e+01 3.370033e+01 2.024848e+03 2.103328e+01
2.347000e+02 4.677952e+01 9.137341e+01 3.372782e+01 2.024848e+03 2.103357e+01
2.347500e+02 4.668553e+01 9.127877e+01 3.375452e+01 2.024849e+03 2.103386e+01
2.348000e+02 4.661367e+01 9.120614e+01 3.377794e+01 2.024849e+03 2.103416e+01
2.348500e+02 4.656031e+01 9.115194e+01 3.379862e+01 2.024850e+03 2.103445e+01
2.349000e+02 4.652402e+01 9.111473e+01 3.381679e+01 2.024850e+03 2.103474e+01
2.349500e+02 4.650547e+01 9.109516e+01 3.383233e+01 2.024851e+03 2.103503e+01
2.350000e+02 4.650768e+01 9.109626e+01 3.384479e+01 2.024851e+03 2.103533e+01
2.350500e+02 4.654277e+01 9.113008e+01 3.385232e+01 2.024852e+03 2.103562e+01
2.351000e+02 4.659230e+01 9.117826e+01 3.385771e+01 2.024852e+03 2.103591e+01
2.351500e+02 4.661373e+01 9.119849e+01 3.386744e+01 2.024853e+03 2.103620e+01
2.352000e+02 4.668986e+01 9.127314e+01 3.386891e+01 2.024853e+03 2.103650e+01
2.352500e+02 4.680951e+01 9.139111e+01 3.386381e+01 2.024854e+03 2.103679e+01
2.353000e+02 4.698231e+01 9.156197e+01 3.385067e+01 2.024854e+03 2.103708e+01
2.353500e+02 4.722830e+01 9.180569e+01 3.382643e+01 2.024856e+03 2.103738e+01
2.354000e+02 4.758262e+01 9.215723e+01 3.378570e+01 2.024856e+03 2.103767e+01
2.354500e+02 4.810845e+01 9.267951e+01 3.371884e+01 2.024858e+03 2.103796e+01
2.355000e+02 4.892768e+01 9.349394e+01 3.360720e+01 2.024858e+03 2.103826e+01
2.355500e+02 5.030117e+01 9.486040e+01 3.341089e+01 2.024860e+03 2.103855e+01
2.356000e+02 5.288136e+01 9.742917e+01 3.303003e+01 2.024860e+03 2.103884e+01
2.356500e+02 5.880890e+01 1.033353e+02 3.213676e+01 2.024866e+03 2.103914e+01
2.357000e+02 8.137928e+01 1.258544e+02 2.869229e+01 2.024857e+03 2.103943e+01
2.357500e+02 6.368341e+01 1.081937e+02 3.141625e+01 2.024845e+03 2.103972e+01
2.358000e+02 5.465887e+01 9.919567e+01 3.281146e+01 2.024850e+03 2.104002e+01
2.358500e+02 5.136921e+01 9.591738e+01 3.332865e+01 2.024849e+03 2.104031e+01
2.359000e+02 4.956157e+01 9.411618e+01 3.361919e+01 2.024852e+03 2.104061e+01
2.359500e+02 4.847754e+01 9.303586e+01 3.379912e+01 2.024852e+03 2.104090e+01
2.360000e+02 4.783771e+01 9.239786e+01 3.391120e+01 2.024854e+03 2.104119e+01
2.360500e+02 4.742640e+01 9.198738e+01 3.398839e+01 2.024854e+03 2.104149e+01
2.361000e+02 4.712598e+01 9.168729e+01 3.404872e+01 2.024856e+03 2.104178e+01
2.361500e+02 4.691206e+01 9.147330e+01 3.409589e+01 2.024856e+03 2.104208e+01
2.362000e+02 4.676816e+01 9.132900e+01 3.413243e+01 2.024857e+03 2.104237e+01
2.362500e+02 4.666875e+01 9.122897e+01 3.416224e+01 2.024857e+03 2.104266e+01
2.363000e+02 4.660804e+01 9.116745e+01 3.418621e+01 2.024858e+03 2.104296e+01
2.363500e+02 4.657223e+01 9.113072e+01 3.420644e+01 2.024858e+03 2.104325e+01
2.364000e+02 4.655359e+01 9.111107e+01 3.422412e+01 2.024860e+03 2.104355e+01
2.364500e+02 4.656152e+01 9.111786e+01 3.423781e+01 2.024859e+03 2.104384e+01
2.365000e+02 4.659571e+01 9.115077e+01 3.424755e+01 2.024861e+03 2.104414e+01
2.365500e+02 4.666081e+01 9.121445e+01 3.425261e+01 2.024860e+03 2.104443e+01
2.366000e+02 4.678690e+01 9.133882e+01 3.424838e+01 2.024862e+03 2.104473e+01
2.366500e+02 4.687713e+01 9.142751e+01 3.424974e+01 2.024862e+03 2.104502e+01
2.367000e+02 4.700628e+01 9.155492e+01 3.424520e+01 2.024863e+03 2.104532e+01
2.367500e+02 4.721420e+01 9.176074e+01 3.422858e+01 2.024863e+03 2.104561e+01
2.368000e+02 4.750850e+01 9.205253e+01 3.419872e+01 2.024865e+03 2.104591e+01
2.368500e+02 4.793357e+01 9.247449e+01 3.414874e+01 2.024864e+03 2.104620e+01
2.369000e+02 4.854243e+01 9.307943e+01 3.407042e+01 2.024867e+03 2.104650e+01
2.369500e+02 4.948129e+01 9.401298e+01 3.394113e+01 2.024866e+03 2.104679e+01
2.370000e+02 5.111181e+01 9.563546e+01 3.370485e+01 2.024870e+03 2.104709e+01
2.370500e+02 5.429499e+01 9.880519e+01 3.322809e+01 2.024869e+03 2.104738e+01
2.371000e+02 6.220087e+01 1.066847e+02 3.201903e+01 2.024878e+03 2.104768e+01
2.371500e+02 9.007619e+01 1.345053e+02 2.770838e+01 2.024863e+03 2.104797e+01
2.372000e+02 6.035038e+01 1.048373e+02 3.233663e+01 2.024850e+03 2.104827e+01
2.372500e+02 5.367032e+01 9.817837e+01 3.338841e+01 2.024859e+03 2.104857e+01
2.373000e+02 5.086541e+01 9.538342e+01 3.383967e+01 2.024857e+03 2.104886e+01
2.373500e+02 4.937502e+01 9.389831e+01 3.408742e+01 2.024861e+03 2.104916e+01
2.374000e+02 4.849306e+01 9.301923e+01 3.424109e+01 2.024861e+03 2.104945e+01
2.374500e+02 4.793456e+01 9.246221e+01 3.434481e+01 2.024863e+03 2.104975e+01
2.375000e+02 4.756295e+01 9.209126e+01 3.441974e+01 2.024863e+03 2.105005e+01
2.375500e+02 4.731663e+01 9.184502e+01 3.447541e+01 2.024865e+03 2.105034e+01
2.376000e+02 4.715847e+01 9.168652e+01 3.451758e+01 2.024864e+03 2.105064e+01
2.376500e+02 4.697531e+01 9.150315e+01 3.456382e+01 2.024866e+03 2.105094e+01
2.377000e+02 4.686174e+01 9.138903e+01 3.459943e+01 2.024865e+03 2.105123e+01
2.377500e+02 4.678188e+01 9.130847e+01 3.462999e+01 2.024867e+03 2.105153e+01
2.378000e+02 4.672574e+01 9.125150e+01 3.465706e+01 2.024867e+03 2.105183e+01
2.378500e+02 4.668774e+01 9.121259e+01 3.468149e+01 2.024868e+03 2.105212e+01
2.379000e+02 4.666457e+01 9.118843e+01 3.470381e+01 2.024868e+03 2.105242e+01
2.379500e+02 4.665418e+01 9.117699e+01 3.472435e+01 2.024869e+03 2.105272e+01
2.380000e+02 4.665656e+01 9.117826e+01 3.474311e+01 2.024869e+03 2.105301e+01
2.380500e+02 4.666676e+01 9.118730e+01 3.476087e+01 2.024870e+03 2.105331e+01
2.381000e+02 4.668953e+01 9.120885e+01 3.477688e+01 2.024870e+03 2.105361e+01
2.381500e+02 4.672495e+01 9.124300e+01 3.479115e+01 2.024871e+03 2.105390e+01
2.382000e+02 4.677610e+01 9.129279e+01 3.480318e+01 2.024871e+03 2.105420e+01
2.382500e+02 4.684997e+01 9.136519e+01 3.481189e+01 2.024872e+03 2.105450e+01
2.383000e+02 4.696390e+01 9.147746e+01 3.481457e+01 2.024872e+03 2.105480e+01
2.383500e+02 4.717857e+01 9.168997e+01 3.480171e+01 2.024873e+03 2.105510e+01
2.384000e+02 4.768508e+01 9.219293e+01 3.474331e+01 2.024873e+03 2.105539e+01
2.384500e+02 4.811305e+01 9.261776e+01 3.469742e+01 2.024874e+03 2.105569e+01
2.385000e+02 4.748285e+01 9.198946e+01 3.481788e+01 2.024873e+03 2.105599e+01
2.385500e+02 4.742148e+01 9.192729e+01 3.484940e+01 2.024875e+03 2.105629e+01
2.386000e+02 4.749825e+01 9.200258e+01 3.485954e+01 2.024875e+03 2.105658e+01
2.386500e+02 4.766543e+01 9.216785e+01 3.485576e+01 2.024876e+03 2.105688e+01
2.387000e+02 4.791605e+01 9.241617e+01 3.483915e+01 2.024876e+03 2.105718e+01
2.387500e+02 4.817996e+01 9.267773e+01 3.482074e+01 2.024878e+03 2.105748e+01
2.388000e+02 4.857983e+01 9.307463e+01 3.478121e+01 2.024877e+03 2.105778e+01
2.388500e+02 4.919199e+01 9.368289e+01 3.470846e+01 2.024880e+03 2.105808e+01
2.389000e+02 5.015998e+01 9.464549e+01 3.457977e+01 2.024879e+03 2.105837e+01
2.389500e+02 5.179761e+01 9.627511e+01 3.434540e+01 2.024883e+03 2.105867e+01
2.390000e+02 5.503054e+01 9.949453e+01 3.385857e+01 2.024882e+03 2.105897e+01
2.390500e+02 6.331123e+01 1.077481e+02 3.257126e+01 2.024889e+03 2.105927e+01
2.391000e+02 8.587322e+01 1.302635e+02 2.901388e+01 2.024875e+03 2.105957e+01
2.391500e+02 6.019410e+01 1.046377e+02 3.311486e+01 2.024864e+03 2.105987e+01
2.392000e+02 5.412207e+01 9.858494e+01 3.410439e+01 2.024872e+03 2.106017e+01
2.392500e+02 5.159980e+01 9.607145e+01 3.453162e+01 2.024871e+03 2.106046e+01
2.393000e+02 5.035562e+01 9.483141e+01 3.475681e+01 2.024875e+03 2.106076e+01
2.393500e+02 4.957393e+01 9.405205e+01 3.490929e+01 2.024874e+03 2.106106e+01
2.394000e+02 4.918135e+01 9.366013e+01 3.500059e+01 2.024876e+03 2.106136e+01
2.394500e+02 4.885362e+01 9.333278e+01 3.508223e+01 2.024876e+03 2.106166e+01
2.395000e+02 4.869238e+01 9.317118e+01 3.513801e+01 2.024878e+03 2.106196e+01
2.395500e+02 4.882399e+01 9.330108e+01 3.514773e+01 2.024877e+03 2.106226e+01
2.396000e+02 4.876819e+01 9.324443e+01 3.518795e+01 2.024878e+03 2.106256e+01
2.396500e+02 4.839016e+01 9.286705e+01 3.528029e+01 2.024878e+03 2.106285e+01
2.397000e+02 4.829649e+01 9.277272e+01 3.532793e+01 2.024879e+03 2.106315e+01
2.397500e+02 4.828249e+01 9.275768e+01 3.536350e+01 2.024879e+03 2.106345e+01
2.398000e+02 4.831174e+01 9.278569e+01 3.539283e+01 2.024880e+03 2.106375e+01
2.398500e+02 4.865304e+01 9.312428e+01 3.537280e+01 2.024880e+03 2.106405e+01
2.399000e+02 4.843028e+01 9.290146e+01 3.544391e+01 2.024881e+03 2.106435e+01
2.399500e+02 4.843841e+01 9.290845e+01 3.547870e+01 2.024881e+03 2.106464e+01
2.400000e+02 4.845244e+01 9.292130e+01 3.551325e+01 2.024882e+03 2.106494e+01
2.400500e+02 4.850433e+01 9.297185e+01 3.554242e+01 2.024882e+03 2.106524e+01
2.401000e+02 4.832676e+01 9.279401e+01 3.560928e+01 2.024883e+03 2.106553e+01
2.401500e+02 4.830153e+01 9.276780e+01 3.565234e+01 2.024883e+03 2.106583e+01
2.402000e+02 4.833790e+01 9.280289e+01 3.568616e+01 2.024884e+03 2.106613e+01
2.402500e+02 4.852036e+01 9.298338e+01 3.569703e+01 2.024884e+03 2.106642e+01
2.403000e+02 4.837469e+01 9.283730e+01 3.576164e+01 2.024884e+03 2.106672e+01
2.403500e+02 4.827065e+01 9.273264e+01 3.582022e+01 2.024884e+03 2.106701e+01
2.404000e+02 4.826127e+01 9.272221e+01 3.586409e+01 2.024885e+03 2.106731e+01
2.404500e+02 4.820981e+01 9.266988e+01 3.591538e+01 2.024885e+03 2.106760e+01
2.405000e+02 4.823785e+01 9.269669e+01 3.595430e+01 2.024886e+03 2.106790e+01
2.405500e+02 4.819264e+01 9.265059e+01 3.600561e+01 2.024886e+03 2.106819e+01
2.406000e+02 4.819687e+01 9.265370e+01 3.604930e+01 2.024887e+03 2.106848e+01
2.406500e+02 4.822805e+01 9.268362e+01 3.608891e+01 2.024887e+03 2.106877e+01
2.407000e+02 4.824236e+01 9.269675e+01 3.613153e+01 2.024887e+03 2.106907e+01
2.407500e+02 4.826763e+01 9.272080e+01 3.617249e+01 2.024888e+03 2.106936e+01
2.408000e+02 4.828065e+01 9.273266e+01 3.621550e+01 2.024888e+03 2.106965e+01
2.408500e+02 4.832980e+01 9.278047e+01 3.625249e+01 2.024888e+03 2.106993e+01
2.409000e+02 4.853929e+01 9.298786e+01 3.626288e+01 2.024889e+03 2.107022e+01
2.409500e+02 4.840384e+01 9.285195e+01 3.632958e+01 2.024889e+03 2.107051e+01
2.410000e+02 4.841192e+01 9.285889e+01 3.637217e+01 2.024890e+03 2.107080e+01
2.410500e+02 4.845771e+01 9.290335e+01 3.640784e+01 2.024890e+03 2.107108e+01
2.411000e+02 4.853465e+01 9.297882e+01 3.643748e+01 2.024891e+03 2.107136e+01
2.411500e+02 4.869816e+01 9.314046e+01 3.645172e+01 2.024891e+03 2.107165e+01
2.412000e+02 4.920199e+01 9.364084e+01 3.640830e+01 2.024892e+03 2.107193e+01
2.412500e+02 4.902359e+01 9.346216e+01 3.647633e+01 2.024891e+03 2.107221e+01
2.413000e+02 4.895626e+01 9.339404e+01 3.652437e+01 2.024892e+03 2.107249e+01
2.413500e+02 4.881020e+01 9.324756e+01 3.658371e+01 2.024892e+03 2.107277e+01
2.414000e+02 4.881062e+01 9.324687e+01 3.661682e+01 2.024893e+03 2.107305e+01
2.414500e+02 4.884395e+01 9.327894e+01 3.664242e+01 2.024893e+03 2.107333e+01
2.415000e+02 4.891487e+01 9.334842e+01 3.665954e+01 2.024894e+03 2.107361e+01
2.415500e+02 4.894277e+01 9.337508e+01 3.668039e+01 2.024894e+03 2.107388e+01
2.416000e+02 4.899945e+01 9.343039e+01 3.669069e+01 2.024895e+03 2.107416e+01
2.416500e+02 4.906986e+01 9.349937e+01 3.669399e+01 2.024895e+03 2.107443e+01
2.417000e+02 4.915179e+01 9.357982e+01 3.669251e+01 2.024896e+03 2.107471e+01
2.417500e+02 4.925203e+01 9.367849e+01 3.668545e+01 2.024896e+03 2.107499e+01
2.418000e+02 4.937527e+01 9.380006e+01 3.667200e+01 2.024897e+03 2.107526e+01
2.418500e+02 4.952607e+01 9.394906e+01 3.665139e+01 2.024897e+03 2.107554e+01
2.419000e+02 4.972022e+01 9.414123e+01 3.662107e+01 2.024898e+03 2.107582e+01
2.419500e+02 4.997626e+01 9.439500e+01 3.657797e+01 2.024898e+03 2.107610e+01
2.420000e+02 5.032580e+01 9.474188e+01 3.651639e+01 2.024899e+03 2.107638e+01
2.420500e+02 5.082470e+01 9.523748e+01 3.642720e+01 2.024900e+03 2.107666e+01
2.421000e+02 5.157899e+01 9.598744e+01 3.629343e+01 2.024901e+03 2.107694e+01
2.421500e+02 5.280805e+01 9.721032e+01 3.607877e+01 2.024902e+03 2.107722e+01
2.422000e+02 5.503617e+01 9.942871e+01 3.569592e+01 2.024903e+03 2.107751e+01
2.422500e+02 5.986172e+01 1.042367e+02 3.487838e+01 2.024906e+03 2.107779e+01
2.423000e+02 7.526565e+01 1.196010e+02 3.229345e+01 2.024902e+03 2.107808e+01
2.423500e+02 6.895325e+01 1.133012e+02 3.333427e+01 2.024892e+03 2.107837e+01
2.424000e+02 5.820526e+01 1.025822e+02 3.511245e+01 2.024893e+03 2.107865e+01
2.424500e+02 5.433393e+01 9.872354e+01 3.574171e+01 2.024894e+03 2.107894e+01
2.425000e+02 5.244826e+01 9.684420e+01 3.603926e+01 2.024896e+03 2.107923e+01
2.425500e+02 5.138210e+01 9.578140e+01 3.619990e+01 2.024896e+03 2.107952e+01
2.426000e+02 5.072540e+01 9.512643e+01 3.629219e+01 2.024898e+03 2.107982e+01
2.426500e+02 5.030739e+01 9.470915e+01 3.634474e+01 2.024898e+03 2.108011e+01
2.427000e+02 5.000232e+01 9.440434e+01 3.637863e+01 2.024899e+03 2.108040e+01
2.427500e+02 4.980057e+01 9.420239e+01 3.639559e+01 2.024899e+03 2.108070e+01
2.428000e+02 4.966726e+01 9.406859e+01 3.640152e+01 2.024901e+03 2.108100e+01
2.428500e+02 4.959054e+01 9.399111e+01 3.639849e+01 2.024900e+03 2.108129e+01
2.429000e+02 4.956350e+01 9.396309e+01 3.638774e+01 2.024902e+03 2.108159e+01
2.429500e+02 4.958856e+01 9.398693e+01 3.636893e+01 2.024902e+03 2.108189e+01
2.430000e+02 4.969188e+01 9.408867e+01 3.633778e+01 2.024904e+03 2.108219e+01
2.430500e+02 4.981687e+01 9.421199e+01 3.630373e+01 2.024903e+03 2.108249e+01
2.431000e+02 4.998231e+01 9.437556e+01 3.626369e+01 2.024905e+03 2.108279e+01
2.431500e+02 5.028112e+01 9.467193e+01 3.620233e+01 2.024904e+03 2.108309e+01
2.432000e+02 5.075692e+01 9.514451e+01 3.611247e+01 2.024907e+03 2.108339e+01
2.432500e+02 5.153746e+01 9.592056e+01 3.597300e+01 2.024906e+03 2.108369e+01
2.433000e+02 5.288996e+01 9.726633e+01 3.573979e+01 2.024910e+03 2.108399e+01
2.433500e+02 5.554038e+01 9.990540e+01 3.529280e+01 2.024909e+03 2.108429e+01
2.434000e+02 6.163767e+01 1.059814e+02 3.427652e+01 2.024917e+03 2.108460e+01
2.434500e+02 8.790592e+01 1.321934e+02 2.992120e+01 2.024905e+03 2.108490e+01
2.435000e+02 6.294743e+01 1.072850e+02 3.404649e+01 2.024892e+03 2.108520e+01
2.435500e+02 5.588082e+01 1.002401e+02 3.520884e+01 2.024900e+03 2.108551e+01
2.436000e+02 5.301683e+01 9.738601e+01 3.567668e+01 2.024899e+03 2.108581e+01
2.436500e+02 5.154365e+01 9.591784e+01 3.591532e+01 2.024902e+03 2.108611e+01
2.437000e+02 5.068540e+01 9.506223e+01 3.605303e+01 2.024902e+03 2.108642e+01
2.437500e+02 5.014831e+01 9.452642e+01 3.613837e+01 2.024904e+03 2.108672e+01
2.438000e+02 4.980127e+01 9.417987e+01 3.619296e+01 2.024904e+03 2.108703e+01
2.438500e+02 4.958155e+01 9.396005e+01 3.622717e+01 2.024905e+03 2.108733e+01
2.439000e+02 4.946171e+01 9.383966e+01 3.624550e+01 2.024906e+03 2.108764e+01
2.439500e+02 4.944034e+01 9.381729e+01 3.624817e+01 2.024907e+03 2.108794e+01
2.440000e+02 4.955546e+01 9.393077e+01 3.622889e+01 2.024907e+03 2.108825e+01
2.440500e+02 4.987109e+01 9.424384e+01 3.617709e+01 2.024908e+03 2.108855e+01
2.441000e+02 5.078544e+01 9.515296e+01 3.602704e+01 2.024909e+03 2.108886e+01
2.441500e+02 5.476900e+01 9.911906e+01 3.537091e+01 2.024908e+03 2.108917e+01
2.442000e+02 5.128124e+01 9.564437e+01 3.594831e+01 2.024907e+03 2.108947e+01
2.442500e+02 4.985131e+01 9.421972e+01 3.618649e+01 2.024908e+03 2.108978e+01
2.443000e+02 4.927876e+01 9.364872e+01 3.628367e+01 2.024908e+03 2.109008e+01
2.443500e+02 4.903240e+01 9.340243e+01 3.632748e+01 2.024909e+03 2.109039e+01
2.444000e+02 4.884308e+01 9.321290e+01 3.636231e+01 2.024909e+03 2.109070e+01
2.444500e+02 4.865478e+01 9.302441e+01 3.639740e+01 2.024910e+03 2.109100e+01
2.445000e+02 4.855305e+01 9.292207e+01 3.641860e+01 2.024910e+03 2.109131e+01
2.445500e+02 4.848368e+01 9.285193e+01 3.643485e+01 2.024911e+03 2.109162e+01
2.446000e+02 4.843842e+01 9.280579e+01 3.644748e+01 2.024911e+03 2.109192e+01
2.446500e+02 4.839259e+01 9.275908e+01 3.646058e+01 2.024912e+03 2.109223e+01
2.447000e+02 4.835940e+01 9.272495e+01 3.647192e+01 2.024912e+03 2.109254e+01
2.447500e+02 4.833405e+01 9.269862e+01 3.648231e+01 2.024913e+03 2.109284e+01
2.448000e+02 4.832068e+01 9.268422e+01 3.649103e+01 2.024913e+03 2.109315e+01
2.448500e+02 4.830127e+01 9.266380e+01 3.650106e+01 2.024914e+03 2.109346e+01
2.449000e+02 4.829359e+01 9.265505e+01 3.650945e+01 2.024914e+03 2.109376e+01
2.449500e+02 4.829007e+01 9.265044e+01 3.651743e+01 2.024915e+03 2.109407e+01
2.450000e+02 4.828160e+01 9.264091e+01 3.652651e+01 2.024915e+03 2.109438e+01
2.450500e+02 4.827964e+01 9.263786e+01 3.653477e+01 2.024915e+03 2.109469e+01
2.451000e+02 4.826607e+01 9.262326e+01 3.654521e+01 2.024916e+03 2.109499e+01
2.451500e+02 4.826202e+01 9.261812e+01 3.655432e+01 2.024916e+03 2.109530e+01
2.452000e+02 4.826120e+01 9.261621e+01 3.656314e+01 2.024916e+03 2.109561e+01
2.452500e+02 4.826253e+01 9.261643e+01 3.657182e+01 2.024917e+03 2.109592e+01
2.453000e+02 4.826539e+01 9.261817e+01 3.658048e+01 2.024917e+03 2.109622e+01
2.453500e+02 4.826961e+01 9.262126e+01 3.658912e+01 2.024918e+03 2.109653e+01
2.454000e+02 4.827524e+01 9.262577e+01 3.659774e+01 2.024918e+03 2.109684e+01
2.454500e+02 4.828234e+01 9.263173e+01 3.660631e+01 2.024918e+03 2.109715e+01
2.455000e+02 4.829162e+01 9.263986e+01 3.661471e+01 2.024919e+03 2.109746e+01
2.455500e+02 4.830628e+01 9.265334e+01 3.662241e+01 2.024919e+03 2.109776e+01
2.456000e+02 4.831134e+01 9.265727e+01 3.663187e+01 2.024920e+03 2.109807e+01
2.456500e+02 4.832542e+01 9.267019e+01 3.664001e+01 2.024920e+03 2.109838e+01
2.457000e+02 4.834056e+01 9.268415e+01 3.664815e+01 2.024920e+03 2.109869e+01
2.457500e+02 4.836977e+01 9.271211e+01 3.665411e+01 2.024921e+03 2.109899e+01
2.458000e+02 4.844879e+01 9.278964e+01 3.665197e+01 2.024921e+03 2.109930e+01
2.458500e+02 4.838796e+01 9.272800e+01 3.667318e+01 2.024922e+03 2.109961e+01
2.459000e+02 4.838698e+01 9.272593e+01 3.668461e+01 2.024922e+03 2.109992e+01
2.459500e+02 4.839553e+01 9.273334e+01 3.669460e+01 2.024922e+03 2.110023e+01
2.460000e+02 4.840785e+01 9.274449e+01 3.670411e+01 2.024923e+03 2.110054e+01
2.460500e+02 4.842245e+01 9.275791e+01 3.671337e+01 2.024923e+03 2.110085e+01
2.461000e+02 4.843893e+01 9.277321e+01 3.672245e+01 2.024923e+03 2.110115e+01
2.461500e+02 4.845740e+01 9.279049e+01 3.673133e+01 2.024924e+03 2.110146e+01
2.462000e+02 4.847828e+01 9.281017e+01 3.673993e+01 2.024924e+03 2.110177e+01
2.462500e+02 4.850360e+01 9.283426e+01 3.674791e+01 2.024925e+03 2.110208e+01
2.463000e+02 4.853696e+01 9.286635e+01 3.675466e+01 2.024925e+03 2.110239e+01
2.463500e+02 4.856118e+01 9.288935e+01 3.676305e+01 2.024926e+03 2.110270e+01
2.464000e+02 4.860621e+01 9.293305e+01 3.676809e+01 2.024926e+03 2.110301e+01
2.464500e+02 4.869315e+01 9.301846e+01 3.676624e+01 2.024926e+03 2.110332e+01
2.465000e+02 4.901374e+01 9.333638e+01 3.672553e+01 2.024927e+03 2.110362e+01
2.465500e+02 4.889892e+01 9.322102e+01 3.675751e+01 2.024927e+03 2.110393e+01
2.466000e+02 4.873092e+01 9.305274e+01 3.679848e+01 2.024927e+03 2.110424e+01
2.466500e+02 4.870621e+01 9.302705e+01 3.681565e+01 2.024928e+03 2.110455e+01
2.467000e+02 4.871178e+01 9.303149e+01 3.682787e+01 2.024928e+03 2.110486e+01
2.467500e+02 4.872665e+01 9.304518e+01 3.683862e+01 2.024929e+03 2.110517e+01
2.468000e+02 4.874870e+01 9.306602e+01 3.684827e+01 2.024929e+03 2.110548e+01
2.468500e+02 4.877537e+01 9.309146e+01 3.685723e+01 2.024929e+03 2.110579e+01
2.469000e+02 4.880581e+01 9.312065e+01 3.686564e+01 2.024930e+03 2.110610e+01
2.469500e+02 4.883995e+01 9.315351e+01 3.687351e+01 2.024930e+03 2.110641e+01
2.470000e+02 4.887881e+01 9.319108e+01 3.688067e+01 2.024931e+03 2.110672e+01
2.470500e+02 4.892128e+01 9.323224e+01 3.688730e+01 2.024931e+03 2.110703e+01
2.471000e+02 4.897564e+01 9.328523e+01 3.689202e+01 2.024931e+03 2.110734e+01
2.471500e+02 4.902064e+01 9.332891e+01 3.689836e+01 2.024932e+03 2.110765e+01
2.472000e+02 4.907220e+01 9.337912e+01 3.690368e+01 2.024932e+03 2.110796e+01
2.472500e+02 4.913652e+01 9.344202e+01 3.690691e+01 2.024933e+03 2.110827e+01
2.473000e+02 4.921093e+01 9.351496e+01 3.690852e+01 2.024933e+03 2.110858e+01
2.473500e+02 4.929369e+01 9.359622e+01 3.690878e+01 2.024934e+03 2.110889e+01
2.474000e+02 4.939678e+01 9.369772e+01 3.690568e+01 2.024934e+03 2.110920e+01
2.474500e+02 4.952531e+01 9.382452e+01 3.689836e+01 2.024935e+03 2.110951e+01
2.475000e+02 4.969145e+01 9.398877e+01 3.688476e+01 2.024935e+03 2.110982e+01
2.475500e+02 4.991820e+01 9.421334e+01 3.686101e+01 2.024936e+03 2.111013e+01
2.476000e+02 5.025312e+01 9.454559e+01 3.681911e+01 2.024937e+03 2.111044e+01
2.476500e+02 5.081229e+01 9.510108e+01 3.673950e+01 2.024937e+03 2.111075e+01
2.477000e+02 5.197258e+01 9.625511e+01 3.655868e+01 2.024938e+03 2.111106e+01
2.477500e+02 5.610029e+01 1.003651e+02 3.587782e+01 2.024938e+03 2.111137e+01
2.478000e+02 5.344259e+01 9.771668e+01 3.633997e+01 2.024936e+03 2.111168e+01
2.478500e+02 5.203462e+01 9.631355e+01 3.659176e+01 2.024938e+03 2.111199e+01
2.479000e+02 5.183365e+01 9.611235e+01 3.664027e+01 2.024938e+03 2.111231e+01
2.479500e+02 5.215505e+01 9.643125e+01 3.660076e+01 2.024940e+03 2.111262e+01
2.480000e+02 5.297578e+01 9.724737e+01 3.647701e+01 2.024940e+03 2.111293e+01
2.480500e+02 5.461340e+01 9.887721e+01 3.621525e+01 2.024942e+03 2.111324e+01
2.481000e+02 5.813731e+01 1.023869e+02 3.563449e+01 2.024943e+03 2.111355e+01
2.481500e+02 6.822962e+01 1.124481e+02 3.394168e+01 2.024945e+03 2.111386e+01
2.482000e+02 7.699798e+01 1.211956e+02 3.247053e+01 2.024935e+03 2.111417e+01
2.482500e+02 6.027058e+01 1.045097e+02 3.531715e+01 2.024930e+03 2.111449e+01
2.483000e+02 5.547769e+01 9.973256e+01 3.614304e+01 2.024934e+03 2.111480e+01
2.483500e+02 5.333415e+01 9.759647e+01 3.652082e+01 2.024934e+03 2.111511e+01
2.484000e+02 5.217044e+01 9.643659e+01 3.673297e+01 2.024936e+03 2.111542e+01
2.484500e+02 5.148373e+01 9.575179e+01 3.686453e+01 2.024937e+03 2.111573e+01
2.485000e+02 5.104987e+01 9.531878e+01 3.695341e+01 2.024938e+03 2.111604e+01
2.485500e+02 5.075742e+01 9.502656e+01 3.701845e+01 2.024938e+03 2.111636e+01
2.486000e+02 5.056068e+01 9.482962e+01 3.706735e+01 2.024939e+03 2.111667e+01
2.486500e+02 5.042924e+01 9.469768e+01 3.710527e+01 2.024940e+03 2.111698e+01
2.487000e+02 5.035798e+01 9.462565e+01 3.713306e+01 2.024941e+03 2.111729e+01
2.487500e+02 5.028954e+01 9.455642e+01 3.716044e+01 2.024941e+03 2.111761e+01
2.488000e+02 5.024039e+01 9.450640e+01 3.718461e+01 2.024942e+03 2.111792e+01
2.488500e+02 5.022260e+01 9.448759e+01 3.720353e+01 2.024942e+03 2.111823e+01
2.489000e+02 5.022540e+01 9.448927e+01 3.721900e+01 2.024943e+03 2.111854e+01
2.489500e+02 5.024593e+01 9.450859e+01 3.723153e+01 2.024943e+03 2.111886e+01
2.490000e+02 5.028437e+01 9.454575e+01 3.724106e+01 2.024944e+03 2.111917e+01
2.490500e+02 5.035073e+01 9.461070e+01 3.724590e+01 2.024944e+03 2.111948e+01
2.491000e+02 5.040607e+01 9.466467e+01 3.725267e+01 2.024945e+03 2.111980e+01
2.491500e+02 5.049388e+01 9.475096e+01 3.725396e+01 2.024945e+03 2.112011e+01
2.492000e+02 5.059606e+01 9.485156e+01 3.725285e+01 2.024946e+03 2.112042e+01
2.492500e+02 5.072967e+01 9.498345e+01 3.724642e+01 2.024947e+03 2.112074e+01
2.493000e+02 5.089738e+01 9.514928e+01 3.723423e+01 2.024947e+03 2.112105e+01
2.493500e+02 5.110881e+01 9.535864e+01 3.721461e+01 2.024948e+03 2.112136e+01
2.494000e+02 5.137928e+01 9.562677e+01 3.718495e+01 2.024949e+03 2.112168e+01
2.494500e+02 5.173308e+01 9.597788e+01 3.714107e+01 2.024949e+03 2.112199e+01
2.495000e+02 5.221003e+01 9.645163e+01 3.707616e+01 2.024950e+03 2.112231e+01
2.495500e+02 5.288002e+01 9.711761e+01 3.697822e+01 2.024951e+03 2.112262e+01
2.496000e+02 5.387639e+01 9.810870e+01 3.682440e+01 2.024952e+03 2.112293e+01
2.496500e+02 5.548313e+01 9.970791e+01 3.656598e+01 2.024954e+03 2.112325e+01
2.497000e+02 5.843336e+01 1.026462e+02 3.607712e+01 2.024955e+03 2.112356e+01
2.497500e+02 6.540879e+01 1.095987e+02 3.489731e+01 2.024957e+03 2.112388e+01
2.498000e+02 7.633287e+01 1.204955e+02 3.303764e+01 2.024952e+03 2.112419e+01
2.498500e+02 6.508112e+01 1.092697e+02 3.498551e+01 2.024946e+03 2.112451e+01
2.499000e+02 6.624843e+01 1.104326e+02 3.480108e+01 2.024954e+03 2.112482e+01
2.499500e+02 8.212984e+01 1.262779e+02 3.208611e+01 2.024947e+03 2.112513e+01
2.500000e+02 6.888940e+01 1.130644e+02 3.437912e+01 2.024939e+03 2.112545e+01
