2.100000e+02 3.264133e+01 7.786104e+01 2.480897e+01 1.432415e+03 1.552263e+01
2.100500e+02 3.264623e+01 7.786482e+01 2.479934e+01 1.432415e+03 1.552286e+01
2.101000e+02 3.264941e+01 7.786689e+01 2.478994e+01 1.432415e+03 1.552309e+01
2.101500e+02 3.267078e+01 7.788702e+01 2.477867e+01 1.432416e+03 1.552332e+01
2.102000e+02 3.278388e+01 7.799815e+01 2.475783e+01 1.432416e+03 1.552355e+01
2.102500e+02 3.271093e+01 7.792469e+01 2.475646e+01 1.432416e+03 1.552378e+01
2.103000e+02 3.273116e+01 7.794369e+01 2.474534e+01 1.432416e+03 1.552401e+01
2.103500e+02 3.281924e+01 7.803000e+01 2.472705e+01 1.432417e+03 1.552424e+01
2.104000e+02 3.314719e+01 7.835433e+01 2.468370e+01 1.432417e+03 1.552447e+01
2.104500e+02 3.312074e+01 7.832701e+01 2.467735e+01 1.432417e+03 1.552470e+01
2.105000e+02 3.288113e+01 7.808817e+01 2.469323e+01 1.432417e+03 1.552493e+01
2.105500e+02 3.286185e+01 7.806797e+01 2.468613e+01 1.432418e+03 1.552516e+01
2.106000e+02 3.292661e+01 7.813114e+01 2.467030e+01 1.432418e+03 1.552539e+01
2.106500e+02 3.308529e+01 7.828751e+01 2.464471e+01 1.432419e+03 1.552562e+01
2.107000e+02 3.343213e+01 7.863062e+01 2.459959e+01 1.432419e+03 1.552584e+01
2.107500e+02 3.438742e+01 7.957777e+01 2.449117e+01 1.432420e+03 1.552607e+01
2.108000e+02 3.734442e+01 8.251413e+01 2.417425e+01 1.432419e+03 1.552630e+01
2.108500e+02 3.415224e+01 7.934213e+01 2.449813e+01 1.432418e+03 1.552653e+01
2.109000e+02 3.331956e+01 7.851459e+01 2.457613e+01 1.432419e+03 1.552676e+01
2.109500e+02 3.297203e+01 7.816866e+01 2.460372e+01 1.432419e+03 1.552699e+01
2.110000e+02 3.278624e+01 7.798326e+01 2.461459e+01 1.432419e+03 1.552721e+01
2.110500e+02 3.267287e+01 7.786972e+01 2.461806e+01 1.432420e+03 1.552744e+01
2.111000e+02 3.259677e+01 7.779315e+01 2.461778e+01 1.432420e+03 1.552767e+01
2.111500e+02 3.254585e+01 7.774156e+01 2.461502e+01 1.432420e+03 1.552790e+01
2.112000e+02 3.250057e+01 7.769557e+01 2.461181e+01 1.432421e+03 1.552812e+01
2.112500e+02 3.246553e+01 7.765973e+01 2.460769e+01 1.432421e+03 1.552835e+01
2.113000e+02 3.243784e+01 7.763120e+01 2.460296e+01 1.432421e+03 1.552858e+01
2.113500e+02 3.241490e+01 7.760736e+01 2.459788e+01 1.432421e+03 1.552881e+01
2.114000e+02 3.239535e+01 7.758690e+01 2.459259e+01 1.432422e+03 1.552903e+01
2.114500e+02 3.237837e+01 7.756898e+01 2.458720e+01 1.432422e+03 1.552926e+01
2.115000e+02 3.236337e+01 7.755303e+01 2.458174e+01 1.432422e+03 1.552949e+01
2.115500e+02 3.234995e+01 7.753865e+01 2.457627e+01 1.432423e+03 1.552971e+01
2.116000e+02 3.233782e+01 7.752554e+01 2.457081e+01 1.432423e+03 1.552994e+01
2.116500e+02 3.232676e+01 7.751349e+01 2.456539e+01 1.432423e+03 1.553017e+01
2.117000e+02 3.231660e+01 7.750234e+01 2.456001e+01 1.432424e+03 1.553039e+01
2.117500e+02 3.230721e+01 7.749195e+01 2.455470e+01 1.432424e+03 1.553062e+01
2.118000e+02 3.229849e+01 7.748223e+01 2.454945e+01 1.432424e+03 1.553084e+01
2.118500e+02 3.229037e+01 7.747310e+01 2.454428e+01 1.432424e+03 1.553107e+01
2.119000e+02 3.228278e+01 7.746450e+01 2.453919e+01 1.432425e+03 1.553130e+01
2.119500e+02 3.227569e+01 7.745640e+01 2.453417e+01 1.432425e+03 1.553152e+01
2.120000e+02 3.226911e+01 7.744880e+01 2.452924e+01 1.432425e+03 1.553175e+01
2.120500e+02 3.226320e+01 7.744186e+01 2.452436e+01 1.432425e+03 1.553197e+01
2.121000e+02 3.225810e+01 7.743573e+01 2.451952e+01 1.432426e+03 1.553220e+01
2.121500e+02 3.225126e+01 7.742787e+01 2.451498e+01 1.432426e+03 1.553242e+01
2.122000e+02 3.224562e+01 7.742121e+01 2.451043e+01 1.432426e+03 1.553265e+01
2.122500e+02 3.224044e+01 7.741500e+01 2.450596e+01 1.432427e+03 1.553287e+01
2.123000e+02 3.223560e+01 7.740913e+01 2.450157e+01 1.432427e+03 1.553310e+01
2.123500e+02 3.223107e+01 7.740356e+01 2.449726e+01 1.432427e+03 1.553332e+01
2.124000e+02 3.222685e+01 7.739829e+01 2.449302e+01 1.432427e+03 1.553354e+01
2.124500e+02 3.222294e+01 7.739335e+01 2.448887e+01 1.432428e+03 1.553377e+01
2.125000e+02 3.221952e+01 7.738888e+01 2.448477e+01 1.432428e+03 1.553399e+01
2.125500e+02 3.221639e+01 7.738470e+01 2.448075e+01 1.432428e+03 1.553422e+01
2.126000e+02 3.221455e+01 7.738181e+01 2.447669e+01 1.432429e+03 1.553444e+01
2.126500e+02 3.221474e+01 7.738092e+01 2.447254e+01 1.432429e+03 1.553466e+01
2.127000e+02 3.221033e+01 7.737547e+01 2.446895e+01 1.432429e+03 1.553489e+01
2.127500e+02 3.220788e+01 7.737197e+01 2.446527e+01 1.432429e+03 1.553511e+01
2.128000e+02 3.220706e+01 7.737008e+01 2.446151e+01 1.432430e+03 1.553533e+01
2.128500e+02 3.222054e+01 7.738238e+01 2.445638e+01 1.432430e+03 1.553556e+01
2.129000e+02 3.220710e+01 7.736797e+01 2.445412e+01 1.432430e+03 1.553578e+01
2.129500e+02 3.219740e+01 7.735729e+01 2.445156e+01 1.432430e+03 1.553600e+01
2.130000e+02 3.219340e+01 7.735225e+01 2.444851e+01 1.432431e+03 1.553622e+01
2.130500e+02 3.219042e+01 7.734821e+01 2.444545e+01 1.432431e+03 1.553645e+01
2.131000e+02 3.218832e+01 7.734506e+01 2.444239e+01 1.432431e+03 1.553667e+01
2.131500e+02 3.218673e+01 7.734241e+01 2.443936e+01 1.432431e+03 1.553689e+01
2.132000e+02 3.218557e+01 7.734018e+01 2.443638e+01 1.432432e+03 1.553711e+01
2.132500e+02 3.218471e+01 7.733826e+01 2.443346e+01 1.432432e+03 1.553734e+01
2.133000e+02 3.218427e+01 7.733675e+01 2.443057e+01 1.432432e+03 1.553756e+01
2.133500e+02 3.218471e+01 7.733612e+01 2.442769e+01 1.432433e+03 1.553778e+01
2.134000e+02 3.218457e+01 7.733490e+01 2.442494e+01 1.432433e+03 1.553800e+01
2.134500e+02 3.218862e+01 7.733784e+01 2.442186e+01 1.432433e+03 1.553822e+01
2.135000e+02 3.218458e+01 7.733277e+01 2.441968e+01 1.432433e+03 1.553845e+01
2.135500e+02 3.218440e+01 7.733151e+01 2.441719e+01 1.432434e+03 1.553867e+01
2.136000e+02 3.218478e+01 7.733082e+01 2.441472e+01 1.432434e+03 1.553889e+01
2.136500e+02 3.218571e+01 7.733067e+01 2.441228e+01 1.432434e+03 1.553911e+01
2.137000e+02 3.218714e+01 7.733101e+01 2.440986e+01 1.432434e+03 1.553933e+01
2.137500e+02 3.218906e+01 7.733185e+01 2.440748e+01 1.432435e+03 1.553955e+01
2.138000e+02 3.219153e+01 7.733322e+01 2.440511e+01 1.432435e+03 1.553977e+01
2.138500e+02 3.219460e+01 7.733519e+01 2.440276e+01 1.432435e+03 1.553999e+01
2.139000e+02 3.219834e+01 7.733783e+01 2.440042e+01 1.432436e+03 1.554021e+01
2.139500e+02 3.220284e+01 7.734122e+01 2.439807e+01 1.432436e+03 1.554044e+01
2.140000e+02 3.220819e+01 7.734545e+01 2.439571e+01 1.432436e+03 1.554066e+01
2.140500e+02 3.221457e+01 7.735071e+01 2.439332e+01 1.432436e+03 1.554088e+01
2.141000e+02 3.222217e+01 7.735716e+01 2.439088e+01 1.432437e+03 1.554110e+01
2.141500e+02 3.223121e+01 7.736506e+01 2.438837e+01 1.432437e+03 1.554132e+01
2.142000e+02 3.224200e+01 7.737469e+01 2.438575e+01 1.432437e+03 1.554154e+01
2.142500e+02 3.225496e+01 7.738646e+01 2.438297e+01 1.432437e+03 1.554176e+01
2.143000e+02 3.227062e+01 7.740092e+01 2.438000e+01 1.432438e+03 1.554198e+01
2.143500e+02 3.228973e+01 7.741880e+01 2.437673e+01 1.432438e+03 1.554220e+01
2.144000e+02 3.231332e+01 7.744111e+01 2.437308e+01 1.432438e+03 1.554242e+01
2.144500e+02 3.234287e+01 7.746935e+01 2.436889e+01 1.432439e+03 1.554264e+01
2.145000e+02 3.238059e+01 7.750567e+01 2.436393e+01 1.432439e+03 1.554286e+01
2.145500e+02 3.242982e+01 7.755342e+01 2.435785e+01 1.432439e+03 1.554308e+01
2.146000e+02 3.249601e+01 7.761798e+01 2.435011e+01 1.432440e+03 1.554330e+01
2.146500e+02 3.258769e+01 7.770783e+01 2.433981e+01 1.432440e+03 1.554351e+01
2.147000e+02 3.272135e+01 7.783931e+01 2.432527e+01 1.432441e+03 1.554373e+01
2.147500e+02 3.292806e+01 7.804326e+01 2.430331e+01 1.432441e+03 1.554395e+01
2.148000e+02 3.327596e+01 7.838728e+01 2.426691e+01 1.432442e+03 1.554417e+01
2.148500e+02 3.393864e+01 7.904371e+01 2.419826e+01 1.432442e+03 1.554439e+01
2.149000e+02 3.550844e+01 8.060094e+01 2.403646e+01 1.432444e+03 1.554461e+01
2.149500e+02 4.263226e+01 8.768208e+01 2.330316e+01 1.432441e+03 1.554483e+01
2.150000e+02 3.619750e+01 8.128309e+01 2.396475e+01 1.432438e+03 1.554505e+01
2.150500e+02 3.417430e+01 7.927326e+01 2.417224e+01 1.432440e+03 1.554527e+01
2.151000e+02 3.339344e+01 7.849737e+01 2.425211e+01 1.432440e+03 1.554548e+01
2.151500e+02 3.300420e+01 7.811017e+01 2.429182e+01 1.432441e+03 1.554570e+01
2.152000e+02 3.277015e+01 7.787697e+01 2.431567e+01 1.432441e+03 1.554592e+01
2.152500e+02 3.262255e+01 7.772951e+01 2.433070e+01 1.432442e+03 1.554614e+01
2.153000e+02 3.252362e+01 7.763033e+01 2.434080e+01 1.432442e+03 1.554636e+01
2.153500e+02 3.245377e+01 7.756000e+01 2.434798e+01 1.432442e+03 1.554658e+01
2.154000e+02 3.240278e+01 7.750836e+01 2.435329e+01 1.432442e+03 1.554679e+01
2.154500e+02 3.236534e+01 7.747016e+01 2.435727e+01 1.432443e+03 1.554701e+01
2.155000e+02 3.234611e+01 7.745003e+01 2.435944e+01 1.432443e+03 1.554723e+01
2.155500e+02 3.231146e+01 7.741460e+01 2.436325e+01 1.432443e+03 1.554745e+01
2.156000e+02 3.229165e+01 7.739389e+01 2.436560e+01 1.432444e+03 1.554767e+01
2.156500e+02 3.227655e+01 7.737784e+01 2.436752e+01 1.432444e+03 1.554788e+01
2.157000e+02 3.226487e+01 7.736519e+01 2.436916e+01 1.432444e+03 1.554810e+01
2.157500e+02 3.225488e+01 7.735421e+01 2.437068e+01 1.432445e+03 1.554832e+01
2.158000e+02 3.224771e+01 7.734603e+01 2.437197e+01 1.432445e+03 1.554854e+01
2.158500e+02 3.224314e+01 7.734043e+01 2.437305e+01 1.432445e+03 1.554875e+01
2.159000e+02 3.224204e+01 7.733827e+01 2.437383e+01 1.432445e+03 1.554897e+01
2.159500e+02 3.224823e+01 7.734334e+01 2.437392e+01 1.432446e+03 1.554919e+01
2.160000e+02 3.228766e+01 7.738135e+01 2.437067e+01 1.432446e+03 1.554941e+01
2.160500e+02 3.227236e+01 7.736511e+01 2.437308e+01 1.432446e+03 1.554962e+01
2.161000e+02 3.225146e+01 7.734332e+01 2.437613e+01 1.432446e+03 1.554984e+01
2.161500e+02 3.223460e+01 7.732554e+01 2.437881e+01 1.432447e+03 1.555006e+01
2.162000e+02 3.222272e+01 7.731269e+01 2.438105e+01 1.432447e+03 1.555027e+01
2.162500e+02 3.221756e+01 7.730649e+01 2.438265e+01 1.432447e+03 1.555049e+01
2.163000e+02 3.221501e+01 7.730290e+01 2.438404e+01 1.432447e+03 1.555071e+01
2.163500e+02 3.221505e+01 7.730186e+01 2.438522e+01 1.432448e+03 1.555092e+01
2.164000e+02 3.221463e+01 7.730037e+01 2.438650e+01 1.432448e+03 1.555114e+01
2.164500e+02 3.221180e+01 7.729650e+01 2.438808e+01 1.432448e+03 1.555136e+01
2.165000e+02 3.221120e+01 7.729483e+01 2.438949e+01 1.432448e+03 1.555157e+01
2.165500e+02 3.221132e+01 7.729388e+01 2.439088e+01 1.432449e+03 1.555179e+01
2.166000e+02 3.221189e+01 7.729338e+01 2.439228e+01 1.432449e+03 1.555201e+01
2.166500e+02 3.221283e+01 7.729324e+01 2.439370e+01 1.432449e+03 1.555222e+01
2.167000e+02 3.221412e+01 7.729345e+01 2.439513e+01 1.432450e+03 1.555244e+01
2.167500e+02 3.221582e+01 7.729406e+01 2.439658e+01 1.432450e+03 1.555266e+01
2.168000e+02 3.221816e+01 7.729531e+01 2.439802e+01 1.432450e+03 1.555287e+01
2.168500e+02 3.222230e+01 7.729834e+01 2.439932e+01 1.432450e+03 1.555309e+01
2.169000e+02 3.222590e+01 7.730084e+01 2.440074e+01 1.432451e+03 1.555330e+01
2.169500e+02 3.222425e+01 7.729813e+01 2.440275e+01 1.432451e+03 1.555352e+01
2.170000e+02 3.222545e+01 7.729826e+01 2.440451e+01 1.432451e+03 1.555374e+01
2.170500e+02 3.222744e+01 7.729915e+01 2.440625e+01 1.432451e+03 1.555395e+01
2.171000e+02 3.222984e+01 7.730046e+01 2.440801e+01 1.432452e+03 1.555417e+01
2.171500e+02 3.223258e+01 7.730210e+01 2.440978e+01 1.432452e+03 1.555438e+01
2.172000e+02 3.223569e+01 7.730412e+01 2.441156e+01 1.432452e+03 1.555460e+01
2.172500e+02 3.223953e+01 7.730685e+01 2.441333e+01 1.432452e+03 1.555482e+01
2.173000e+02 3.224328e+01 7.730950e+01 2.441515e+01 1.432453e+03 1.555503e+01
2.173500e+02 3.224790e+01 7.731301e+01 2.441694e+01 1.432453e+03 1.555525e+01
2.174000e+02 3.225459e+01 7.731857e+01 2.441857e+01 1.432453e+03 1.555546e+01
2.174500e+02 3.226664e+01 7.732944e+01 2.441971e+01 1.432453e+03 1.555568e+01
2.175000e+02 3.231167e+01 7.737302e+01 2.441750e+01 1.432454e+03 1.555589e+01
2.175500e+02 3.227724e+01 7.733781e+01 2.442352e+01 1.432454e+03 1.555611e+01
2.176000e+02 3.226977e+01 7.732933e+01 2.442682e+01 1.432454e+03 1.555632e+01
2.176500e+02 3.226945e+01 7.732795e+01 2.442943e+01 1.432454e+03 1.555654e+01
2.177000e+02 3.227155e+01 7.732896e+01 2.443185e+01 1.432455e+03 1.555676e+01
2.177500e+02 3.227495e+01 7.733125e+01 2.443419e+01 1.432455e+03 1.555697e+01
2.178000e+02 3.227940e+01 7.733460e+01 2.443647e+01 1.432455e+03 1.555719e+01
2.178500e+02 3.228567e+01 7.733974e+01 2.443862e+01 1.432456e+03 1.555740e+01
2.179000e+02 3.229143e+01 7.734438e+01 2.444088e+01 1.432456e+03 1.555762e+01
2.179500e+02 3.229992e+01 7.735173e+01 2.444290e+01 1.432456e+03 1.555783e+01
2.180000e+02 3.231385e+01 7.736447e+01 2.444442e+01 1.432456e+03 1.555805e+01
2.180500e+02 3.234282e+01 7.739211e+01 2.444445e+01 1.432457e+03 1.555826e+01
2.181000e+02 3.245229e+01 7.749957e+01 2.443624e+01 1.432457e+03 1.555848e+01
2.181500e+02 3.240834e+01 7.745492e+01 2.444387e+01 1.432457e+03 1.555869e+01
2.182000e+02 3.234624e+01 7.739229e+01 2.445343e+01 1.432457e+03 1.555891e+01
2.182500e+02 3.233130e+01 7.737641e+01 2.445819e+01 1.432458e+03 1.555912e+01
2.183000e+02 3.232782e+01 7.737190e+01 2.446182e+01 1.432458e+03 1.555934e+01
2.183500e+02 3.232753e+01 7.737053e+01 2.446517e+01 1.432458e+03 1.555955e+01
2.184000e+02 3.232984e+01 7.737175e+01 2.446832e+01 1.432458e+03 1.555977e+01
2.184500e+02 3.233489e+01 7.737569e+01 2.447123e+01 1.432459e+03 1.555998e+01
2.185000e+02 3.233635e+01 7.737607e+01 2.447456e+01 1.432459e+03 1.556020e+01
2.185500e+02 3.233960e+01 7.737822e+01 2.447777e+01 1.432459e+03 1.556041e+01
2.186000e+02 3.234524e+01 7.738274e+01 2.448078e+01 1.432459e+03 1.556062e+01
2.186500e+02 3.234725e+01 7.738366e+01 2.448422e+01 1.432460e+03 1.556084e+01
2.187000e+02 3.235159e+01 7.738689e+01 2.448748e+01 1.432460e+03 1.556105e+01
2.187500e+02 3.235573e+01 7.738992e+01 2.449081e+01 1.432460e+03 1.556127e+01
2.188000e+02 3.236008e+01 7.739316e+01 2.449418e+01 1.432460e+03 1.556148e+01
2.188500e+02 3.236489e+01 7.739686e+01 2.449755e+01 1.432461e+03 1.556170e+01
2.189000e+02 3.237003e+01 7.740089e+01 2.450094e+01 1.432461e+03 1.556191e+01
2.189500e+02 3.237555e+01 7.740529e+01 2.450435e+01 1.432461e+03 1.556213e+01
2.190000e+02 3.238164e+01 7.741025e+01 2.450776e+01 1.432461e+03 1.556234e+01
2.190500e+02 3.238889e+01 7.741637e+01 2.451110e+01 1.432462e+03 1.556255e+01
2.191000e+02 3.240007e+01 7.742639e+01 2.451410e+01 1.432462e+03 1.556277e+01
2.191500e+02 3.241567e+01 7.744077e+01 2.451669e+01 1.432462e+03 1.556298e+01
2.192000e+02 3.241234e+01 7.743641e+01 2.452130e+01 1.432462e+03 1.556320e+01
2.192500e+02 3.242285e+01 7.744575e+01 2.452453e+01 1.432463e+03 1.556341e+01
2.193000e+02 3.245431e+01 7.747586e+01 2.452566e+01 1.432463e+03 1.556363e+01
2.193500e+02 3.245090e+01 7.747142e+01 2.453045e+01 1.432463e+03 1.556384e+01
2.194000e+02 3.243655e+01 7.745612e+01 2.453643e+01 1.432463e+03 1.556405e+01
2.194500e+02 3.243573e+01 7.745424e+01 2.454107e+01 1.432464e+03 1.556427e+01
2.195000e+02 3.243853e+01 7.745594e+01 2.454540e+01 1.432464e+03 1.556448e+01
2.195500e+02 3.244293e+01 7.745924e+01 2.454962e+01 1.432464e+03 1.556470e+01
2.196000e+02 3.244793e+01 7.746312e+01 2.455384e+01 1.432464e+03 1.556491e+01
2.196500e+02 3.245353e+01 7.746760e+01 2.455806e+01 1.432465e+03 1.556512e+01
2.197000e+02 3.245965e+01 7.747260e+01 2.456228e+01 1.432465e+03 1.556534e+01
2.197500e+02 3.246636e+01 7.747818e+01 2.456651e+01 1.432465e+03 1.556555e+01
2.198000e+02 3.247396e+01 7.748464e+01 2.457071e+01 1.432465e+03 1.556577e+01
2.198500e+02 3.248342e+01 7.749294e+01 2.457478e+01 1.432466e+03 1.556598e+01
2.199000e+02 3.249869e+01 7.750702e+01 2.457832e+01 1.432466e+03 1.556620e+01
2.199500e+02 3.256632e+01 7.757299e+01 2.457649e+01 1.432466e+03 1.556641e+01
2.200000e+02 3.251133e+01 7.751740e+01 2.458744e+01 1.432466e+03 1.556662e+01
2.200500e+02 3.250977e+01 7.751478e+01 2.459291e+01 1.432467e+03 1.556684e+01
2.201000e+02 3.251267e+01 7.751659e+01 2.459799e+01 1.432467e+03 1.556705e+01
2.201500e+02 3.251773e+01 7.752054e+01 2.460292e+01 1.432467e+03 1.556726e+01
2.202000e+02 3.252373e+01 7.752541e+01 2.460782e+01 1.432467e+03 1.556748e+01
2.202500e+02 3.253023e+01 7.753079e+01 2.461274e+01 1.432468e+03 1.556769e+01
2.203000e+02 3.253711e+01 7.753654e+01 2.461769e+01 1.432468e+03 1.556791e+01
2.203500e+02 3.254437e+01 7.754266e+01 2.462267e+01 1.432468e+03 1.556812e+01
2.204000e+02 3.255308e+01 7.755022e+01 2.462758e+01 1.432468e+03 1.556833e+01
2.204500e+02 3.255897e+01 7.755499e+01 2.463285e+01 1.432469e+03 1.556855e+01
2.205000e+02 3.256643e+01 7.756132e+01 2.463804e+01 1.432469e+03 1.556876e+01
2.205500e+02 3.257450e+01 7.756824e+01 2.464324e+01 1.432469e+03 1.556898e+01
2.206000e+02 3.258354e+01 7.757613e+01 2.464842e+01 1.432469e+03 1.556919e+01
2.206500e+02 3.259511e+01 7.758654e+01 2.465342e+01 1.432470e+03 1.556940e+01
2.207000e+02 3.262036e+01 7.761049e+01 2.465707e+01 1.432470e+03 1.556962e+01
2.207500e+02 3.262631e+01 7.761532e+01 2.466282e+01 1.432470e+03 1.556983e+01
2.208000e+02 3.261888e+01 7.760688e+01 2.467004e+01 1.432470e+03 1.557004e+01
2.208500e+02 3.262260e+01 7.760950e+01 2.467619e+01 1.432471e+03 1.557026e+01
2.209000e+02 3.262902e+01 7.761480e+01 2.468214e+01 1.432471e+03 1.557047e+01
2.209500e+02 3.263646e+01 7.762110e+01 2.468808e+01 1.432471e+03 1.557069e+01
2.210000e+02 3.264447e+01 7.762797e+01 2.469405e+01 1.432471e+03 1.557090e+01
2.210500e+02 3.265290e+01 7.763525e+01 2.470007e+01 1.432472e+03 1.557111e+01
2.211000e+02 3.266175e+01 7.764296e+01 2.470614e+01 1.432472e+03 1.557133e+01
2.211500e+02 3.267115e+01 7.765121e+01 2.471226e+01 1.432472e+03 1.557154e+01
2.212000e+02 3.268147e+01 7.766036e+01 2.471837e+01 1.432472e+03 1.557175e+01
2.212500e+02 3.269388e+01 7.767160e+01 2.472437e+01 1.432473e+03 1.557197e+01
2.213000e+02 3.271448e+01 7.769095e+01 2.472962e+01 1.432473e+03 1.557218e+01
2.213500e+02 3.271897e+01 7.769433e+01 2.473666e+01 1.432473e+03 1.557240e+01
2.214000e+02 3.272061e+01 7.769488e+01 2.474410e+01 1.432473e+03 1.557261e+01
2.214500e+02 3.272691e+01 7.770006e+01 2.475117e+01 1.432474e+03 1.557282e+01
2.215000e+02 3.273473e+01 7.770674e+01 2.475820e+01 1.432474e+03 1.557304e+01
2.215500e+02 3.274376e+01 7.771462e+01 2.476522e+01 1.432474e+03 1.557325e+01
2.216000e+02 3.275291e+01 7.772262e+01 2.477234e+01 1.432474e+03 1.557346e+01
2.216500e+02 3.276229e+01 7.773085e+01 2.477957e+01 1.432475e+03 1.557368e+01
2.217000e+02 3.277210e+01 7.773950e+01 2.478688e+01 1.432475e+03 1.557389e+01
2.217500e+02 3.278218e+01 7.774842e+01 2.479429e+01 1.432475e+03 1.557411e+01
2.218000e+02 3.279249e+01 7.775757e+01 2.480182e+01 1.432476e+03 1.557432e+01
2.218500e+02 3.280302e+01 7.776694e+01 2.480946e+01 1.432476e+03 1.557453e+01
2.219000e+02 3.281375e+01 7.777650e+01 2.481722e+01 1.432476e+03 1.557475e+01
2.219500e+02 3.282470e+01 7.778628e+01 2.482511e+01 1.432476e+03 1.557496e+01
2.220000e+02 3.283586e+01 7.779628e+01 2.483312e+01 1.432477e+03 1.557518e+01
2.220500e+02 3.284726e+01 7.780651e+01 2.484127e+01 1.432477e+03 1.557539e+01
2.221000e+02 3.285890e+01 7.781698e+01 2.484955e+01 1.432477e+03 1.557560e+01
2.221500e+02 3.287083e+01 7.782773e+01 2.485797e+01 1.432477e+03 1.557582e+01
2.222000e+02 3.288308e+01 7.783880e+01 2.486652e+01 1.432478e+03 1.557603e+01
2.222500e+02 3.289576e+01 7.785030e+01 2.487521e+01 1.432478e+03 1.557624e+01
2.223000e+02 3.290910e+01 7.786246e+01 2.488401e+01 1.432478e+03 1.557646e+01
2.223500e+02 3.292376e+01 7.787592e+01 2.489286e+01 1.432478e+03 1.557667e+01
2.224000e+02 3.294269e+01 7.789361e+01 2.490146e+01 1.432479e+03 1.557689e+01
2.224500e+02 3.295938e+01 7.790909e+01 2.491049e+01 1.432479e+03 1.557710e+01
2.225000e+02 3.296390e+01 7.791250e+01 2.492101e+01 1.432479e+03 1.557731e+01
2.225500e+02 3.297497e+01 7.792240e+01 2.493105e+01 1.432479e+03 1.557753e+01
2.226000e+02 3.298774e+01 7.793399e+01 2.494114e+01 1.432480e+03 1.557774e+01
2.226500e+02 3.300134e+01 7.794640e+01 2.495137e+01 1.432480e+03 1.557796e+01
2.227000e+02 3.301550e+01 7.795937e+01 2.496178e+01 1.432480e+03 1.557817e+01
2.227500e+02 3.303017e+01 7.797284e+01 2.497239e+01 1.432480e+03 1.557838e+01
2.228000e+02 3.304518e+01 7.798665e+01 2.498321e+01 1.432481e+03 1.557860e+01
2.228500e+02 3.306067e+01 7.800094e+01 2.499425e+01 1.432481e+03 1.557881e+01
2.229000e+02 3.307667e+01 7.801572e+01 2.500550e+01 1.432481e+03 1.557903e+01
2.229500e+02 3.309330e+01 7.803114e+01 2.501698e+01 1.432481e+03 1.557924e+01
2.230000e+02 3.311152e+01 7.804813e+01 2.502858e+01 1.432482e+03 1.557945e+01
2.230500e+02 3.312930e+01 7.806468e+01 2.504052e+01 1.432482e+03 1.557967e+01
2.231000e+02 3.314778e+01 7.808194e+01 2.505271e+01 1.432482e+03 1.557988e+01
2.231500e+02 3.316728e+01 7.810020e+01 2.506512e+01 1.432482e+03 1.558010e+01
2.232000e+02 3.319489e+01 7.812649e+01 2.507701e+01 1.432483e+03 1.558031e+01
2.232500e+02 3.321959e+01 7.814991e+01 2.508956e+01 1.432483e+03 1.558052e+01
2.233000e+02 3.323359e+01 7.816272e+01 2.510360e+01 1.432483e+03 1.558074e+01
2.233500e+02 3.324485e+01 7.817281e+01 2.511831e+01 1.432483e+03 1.558095e+01
2.234000e+02 3.326939e+01 7.819606e+01 2.513200e+01 1.432484e+03 1.558117e+01
2.234500e+02 3.328152e+01 7.820702e+01 2.514741e+01 1.432484e+03 1.558138e+01
2.235000e+02 3.329979e+01 7.822406e+01 2.516259e+01 1.432484e+03 1.558159e+01
2.235500e+02 3.332031e+01 7.824333e+01 2.517795e+01 1.432484e+03 1.558181e+01
2.236000e+02 3.334206e+01 7.826383e+01 2.519363e+01 1.432485e+03 1.558202e+01
2.236500e+02 3.336486e+01 7.828535e+01 2.520966e+01 1.432485e+03 1.558223e+01
2.237000e+02 3.338879e+01 7.830801e+01 2.522604e+01 1.432485e+03 1.558245e+01
2.237500e+02 3.341412e+01 7.833206e+01 2.524277e+01 1.432485e+03 1.558266e+01
2.238000e+02 3.344129e+01 7.835791e+01 2.525979e+01 1.432486e+03 1.558287e+01
2.238500e+02 3.347525e+01 7.839051e+01 2.527661e+01 1.432486e+03 1.558309e+01
2.239000e+02 3.354548e+01 7.845908e+01 2.529008e+01 1.432486e+03 1.558330e+01
2.239500e+02 3.352560e+01 7.843829e+01 2.531374e+01 1.432486e+03 1.558351e+01
2.240000e+02 3.354739e+01 7.845883e+01 2.533350e+01 1.432487e+03 1.558373e+01
2.240500e+02 3.357379e+01 7.848393e+01 2.535333e+01 1.432487e+03 1.558394e+01
2.241000e+02 3.360164e+01 7.851047e+01 2.537359e+01 1.432487e+03 1.558415e+01
2.241500e+02 3.363127e+01 7.853878e+01 2.539425e+01 1.432487e+03 1.558436e+01
2.242000e+02 3.366220e+01 7.856837e+01 2.541537e+01 1.432488e+03 1.558458e+01
2.242500e+02 3.369429e+01 7.859912e+01 2.543697e+01 1.432488e+03 1.558479e+01
2.243000e+02 3.372754e+01 7.863101e+01 2.545906e+01 1.432488e+03 1.558500e+01
2.243500e+02 3.376196e+01 7.866407e+01 2.548163e+01 1.432488e+03 1.558521e+01
2.244000e+02 3.379762e+01 7.869835e+01 2.550468e+01 1.432489e+03 1.558542e+01
2.244500e+02 3.383461e+01 7.873396e+01 2.552819e+01 1.432489e+03 1.558563e+01
2.245000e+02 3.387310e+01 7.877106e+01 2.555213e+01 1.432489e+03 1.558585e+01
2.245500e+02 3.391338e+01 7.880993e+01 2.557645e+01 1.432489e+03 1.558606e+01
2.246000e+02 3.395601e+01 7.885113e+01 2.560108e+01 1.432490e+03 1.558627e+01
2.246500e+02 3.400231e+01 7.889597e+01 2.562585e+01 1.432490e+03 1.558647e+01
2.247000e+02 3.405624e+01 7.894838e+01 2.565029e+01 1.432490e+03 1.558668e+01
2.247500e+02 3.414073e+01 7.903109e+01 2.567186e+01 1.432490e+03 1.558689e+01
2.248000e+02 3.418475e+01 7.907368e+01 2.569825e+01 1.432491e+03 1.558710e+01
2.248500e+02 3.439928e+01 7.928536e+01 2.570637e+01 1.432491e+03 1.558731e+01
2.249000e+02 3.426599e+01 7.915210e+01 2.575279e+01 1.432491e+03 1.558751e+01
2.249500e+02 3.428458e+01 7.916946e+01 2.578285e+01 1.432491e+03 1.558772e+01
2.250000e+02 3.432962e+01 7.921306e+01 2.581015e+01 1.432492e+03 1.558792e+01
2.250500e+02 3.437616e+01 7.925814e+01 2.583733e+01 1.432492e+03 1.558813e+01
2.251000e+02 3.441665e+01 7.929723e+01 2.586510e+01 1.432492e+03 1.558833e+01
2.251500e+02 3.446714e+01 7.934622e+01 2.589160e+01 1.432492e+03 1.558854e+01
2.252000e+02 3.452257e+01 7.940012e+01 2.591724e+01 1.432493e+03 1.558874e+01
2.252500e+02 3.457289e+01 7.944897e+01 2.594298e+01 1.432493e+03 1.558894e+01
2.253000e+02 3.462861e+01 7.950316e+01 2.596753e+01 1.432493e+03 1.558914e+01
2.253500e+02 3.468705e+01 7.956005e+01 2.599102e+01 1.432493e+03 1.558934e+01
2.254000e+02 3.474820e+01 7.961964e+01 2.601327e+01 1.432494e+03 1.558954e+01
2.254500e+02 3.481230e+01 7.968214e+01 2.603410e+01 1.432494e+03 1.558974e+01
2.255000e+02 3.487991e+01 7.974814e+01 2.605326e+01 1.432494e+03 1.558993e+01
2.255500e+02 3.495196e+01 7.981854e+01 2.607047e+01 1.432494e+03 1.559013e+01
2.256000e+02 3.502991e+01 7.989479e+01 2.608541e+01 1.432495e+03 1.559033e+01
2.256500e+02 3.511615e+01 7.997927e+01 2.609765e+01 1.432495e+03 1.559052e+01
2.257000e+02 3.521460e+01 8.007587e+01 2.610663e+01 1.432495e+03 1.559072e+01
2.257500e+02 3.533287e+01 8.019214e+01 2.611143e+01 1.432496e+03 1.559091e+01
2.258000e+02 3.548350e+01 8.034052e+01 2.611061e+01 1.432496e+03 1.559110e+01
2.258500e+02 3.565956e+01 8.051415e+01 2.610473e+01 1.432496e+03 1.559129e+01
2.259000e+02 3.592444e+01 8.077593e+01 2.608508e+01 1.432497e+03 1.559148e+01
2.259500e+02 3.636077e+01 8.120792e+01 2.604066e+01 1.432497e+03 1.559168e+01
2.260000e+02 3.723898e+01 8.207872e+01 2.594334e+01 1.432498e+03 1.559187e+01
2.260500e+02 4.122331e+01 8.603661e+01 2.549635e+01 1.432497e+03 1.559206e+01
2.261000e+02 3.834659e+01 8.317659e+01 2.581494e+01 1.432495e+03 1.559225e+01
2.261500e+02 3.670898e+01 8.154926e+01 2.599274e+01 1.432496e+03 1.559245e+01
2.262000e+02 3.614823e+01 8.099156e+01 2.604822e+01 1.432496e+03 1.559264e+01
2.262500e+02 3.582182e+01 8.066654e+01 2.607572e+01 1.432496e+03 1.559284e+01
2.263000e+02 3.561121e+01 8.045646e+01 2.608865e+01 1.432497e+03 1.559304e+01
2.263500e+02 3.545828e+01 8.030364e+01 2.609366e+01 1.432497e+03 1.559323e+01
2.264000e+02 3.533903e+01 8.018424e+01 2.609363e+01 1.432497e+03 1.559343e+01
2.264500e+02 3.524146e+01 8.008636e+01 2.609006e+01 1.432498e+03 1.559363e+01
2.265000e+02 3.515917e+01 8.000365e+01 2.608383e+01 1.432498e+03 1.559383e+01
2.265500e+02 3.508931e+01 7.993327e+01 2.607544e+01 1.432498e+03 1.559403e+01
2.266000e+02 3.503829e+01 7.988157e+01 2.606432e+01 1.432498e+03 1.559423e+01
2.266500e+02 3.496639e+01 7.980917e+01 2.605505e+01 1.432499e+03 1.559444e+01
2.267000e+02 3.490711e+01 7.974930e+01 2.604403e+01 1.432499e+03 1.559464e+01
2.267500e+02 3.485119e+01 7.969276e+01 2.603243e+01 1.432499e+03 1.559484e+01
2.268000e+02 3.480246e+01 7.964334e+01 2.601994e+01 1.432499e+03 1.559505e+01
2.268500e+02 3.476003e+01 7.960018e+01 2.600676e+01 1.432500e+03 1.559525e+01
2.269000e+02 3.471538e+01 7.955482e+01 2.599394e+01 1.432500e+03 1.559546e+01
2.269500e+02 3.467273e+01 7.951145e+01 2.598110e+01 1.432500e+03 1.559567e+01
2.270000e+02 3.463410e+01 7.947206e+01 2.596808e+01 1.432500e+03 1.559587e+01
2.270500e+02 3.459815e+01 7.943533e+01 2.595510e+01 1.432501e+03 1.559608e+01
2.271000e+02 3.456448e+01 7.940086e+01 2.594226e+01 1.432501e+03 1.559629e+01
2.271500e+02 3.453286e+01 7.936843e+01 2.592963e+01 1.432501e+03 1.559650e+01
2.272000e+02 3.450315e+01 7.933790e+01 2.591727e+01 1.432501e+03 1.559671e+01
2.272500e+02 3.447529e+01 7.930919e+01 2.590522e+01 1.432502e+03 1.559692e+01
2.273000e+02 3.444914e+01 7.928218e+01 2.589352e+01 1.432502e+03 1.559713e+01
2.273500e+02 3.442460e+01 7.925677e+01 2.588221e+01 1.432502e+03 1.559734e+01
2.274000e+02 3.440148e+01 7.923278e+01 2.587130e+01 1.432502e+03 1.559755e+01
2.274500e+02 3.437965e+01 7.921005e+01 2.586085e+01 1.432503e+03 1.559776e+01
2.275000e+02 3.435939e+01 7.918888e+01 2.585081e+01 1.432503e+03 1.559798e+01
2.275500e+02 3.434027e+01 7.916885e+01 2.584123e+01 1.432503e+03 1.559819e+01
2.276000e+02 3.432264e+01 7.915030e+01 2.583209e+01 1.432504e+03 1.559840e+01
2.276500e+02 3.430642e+01 7.913314e+01 2.582338e+01 1.432504e+03 1.559861e+01
2.277000e+02 3.429182e+01 7.911759e+01 2.581507e+01 1.432504e+03 1.559883e+01
2.277500e+02 3.428054e+01 7.910533e+01 2.580698e+01 1.432504e+03 1.559904e+01
2.278000e+02 3.426569e+01 7.908954e+01 2.579984e+01 1.432505e+03 1.559925e+01
2.278500e+02 3.425252e+01 7.907540e+01 2.579307e+01 1.432505e+03 1.559947e+01
2.279000e+02 3.424200e+01 7.906391e+01 2.578655e+01 1.432505e+03 1.559968e+01
2.279500e+02 3.423401e+01 7.905491e+01 2.578029e+01 1.432505e+03 1.559989e+01
2.280000e+02 3.422177e+01 7.904169e+01 2.577501e+01 1.432506e+03 1.560011e+01
2.280500e+02 3.421294e+01 7.903187e+01 2.576986e+01 1.432506e+03 1.560032e+01
2.281000e+02 3.420546e+01 7.902338e+01 2.576505e+01 1.432506e+03 1.560054e+01
2.281500e+02 3.419875e+01 7.901566e+01 2.576063e+01 1.432506e+03 1.560075e+01
2.282000e+02 3.419310e+01 7.900898e+01 2.575656e+01 1.432507e+03 1.560096e+01
2.282500e+02 3.418851e+01 7.900336e+01 2.575282e+01 1.432507e+03 1.560118e+01
2.283000e+02 3.418654e+01 7.900034e+01 2.574922e+01 1.432507e+03 1.560139e+01
2.283500e+02 3.418158e+01 7.899435e+01 2.574637e+01 1.432507e+03 1.560161e+01
2.284000e+02 3.417841e+01 7.899013e+01 2.574373e+01 1.432508e+03 1.560182e+01
2.284500e+02 3.417649e+01 7.898716e+01 2.574135e+01 1.432508e+03 1.560204e+01
2.285000e+02 3.417546e+01 7.898506e+01 2.573925e+01 1.432508e+03 1.560225e+01
2.285500e+02 3.417525e+01 7.898379e+01 2.573743e+01 1.432508e+03 1.560247e+01
2.286000e+02 3.417586e+01 7.898331e+01 2.573587e+01 1.432509e+03 1.560268e+01
2.286500e+02 3.417730e+01 7.898366e+01 2.573457e+01 1.432509e+03 1.560290e+01
2.287000e+02 3.417960e+01 7.898488e+01 2.573350e+01 1.432509e+03 1.560311e+01
2.287500e+02 3.418288e+01 7.898705e+01 2.573265e+01 1.432510e+03 1.560332e+01
2.288000e+02 3.418722e+01 7.899029e+01 2.573198e+01 1.432510e+03 1.560354e+01
2.288500e+02 3.419215e+01 7.899411e+01 2.573156e+01 1.432510e+03 1.560375e+01
2.289000e+02 3.419852e+01 7.899935e+01 2.573126e+01 1.432510e+03 1.560397e+01
2.289500e+02 3.420640e+01 7.900609e+01 2.573108e+01 1.432511e+03 1.560418e+01
2.290000e+02 3.421630e+01 7.901483e+01 2.573094e+01 1.432511e+03 1.560440e+01
2.290500e+02 3.423052e+01 7.902786e+01 2.573059e+01 1.432511e+03 1.560461e+01
2.291000e+02 3.424341e+01 7.903957e+01 2.573064e+01 1.432511e+03 1.560483e+01
2.291500e+02 3.425647e+01 7.905145e+01 2.573091e+01 1.432512e+03 1.560504e+01
2.292000e+02 3.427610e+01 7.906983e+01 2.573070e+01 1.432512e+03 1.560526e+01
2.292500e+02 3.430225e+01 7.909469e+01 2.573000e+01 1.432512e+03 1.560547e+01
2.293000e+02 3.433799e+01 7.912905e+01 2.572848e+01 1.432513e+03 1.560569e+01
2.293500e+02 3.438964e+01 7.917919e+01 2.572542e+01 1.432513e+03 1.560590e+01
2.294000e+02 3.447085e+01 7.925864e+01 2.571934e+01 1.432513e+03 1.560612e+01
2.294500e+02 3.461284e+01 7.939836e+01 2.570681e+01 1.432513e+03 1.560633e+01
2.295000e+02 3.491999e+01 7.970188e+01 2.567640e+01 1.432514e+03 1.560655e+01
2.295500e+02 3.592650e+01 8.069924e+01 2.556967e+01 1.432514e+03 1.560676e+01
2.296000e+02 3.593270e+01 8.070432e+01 2.557251e+01 1.432514e+03 1.560698e+01
2.296500e+02 3.495045e+01 7.972886e+01 2.568369e+01 1.432514e+03 1.560719e+01
2.297000e+02 3.466486e+01 7.944458e+01 2.571881e+01 1.432514e+03 1.560741e+01
2.297500e+02 3.454390e+01 7.932356e+01 2.573610e+01 1.432514e+03 1.560762e+01
2.298000e+02 3.448469e+01 7.926379e+01 2.574679e+01 1.432515e+03 1.560784e+01
2.298500e+02 3.445525e+01 7.923353e+01 2.575438e+01 1.432515e+03 1.560805e+01
2.299000e+02 3.444232e+01 7.921963e+01 2.576031e+01 1.432515e+03 1.560827e+01
2.299500e+02 3.444009e+01 7.921635e+01 2.576522e+01 1.432516e+03 1.560848e+01
2.300000e+02 3.444725e+01 7.922237e+01 2.576925e+01 1.432516e+03 1.560870e+01
2.300500e+02 3.445846e+01 7.923242e+01 2.577297e+01 1.432516e+03 1.560891e+01
2.301000e+02 3.446880e+01 7.924160e+01 2.577691e+01 1.432516e+03 1.560913e+01
2.301500e+02 3.448005e+01 7.925168e+01 2.578089e+01 1.432517e+03 1.560934e+01
2.302000e+02 3.449853e+01 7.926893e+01 2.578421e+01 1.432517e+03 1.560956e+01
2.302500e+02 3.452152e+01 7.929065e+01 2.578716e+01 1.432517e+03 1.560977e+01
2.303000e+02 3.454942e+01 7.931724e+01 2.578969e+01 1.432518e+03 1.560999e+01
2.303500e+02 3.458562e+01 7.935206e+01 2.579143e+01 1.432518e+03 1.561020e+01
2.304000e+02 3.461844e+01 7.938354e+01 2.579365e+01 1.432518e+03 1.561042e+01
2.304500e+02 3.466460e+01 7.942823e+01 2.579453e+01 1.432519e+03 1.561064e+01
2.305000e+02 3.473156e+01 7.949355e+01 2.579324e+01 1.432519e+03 1.561085e+01
2.305500e+02 3.481557e+01 7.957579e+01 2.579017e+01 1.432519e+03 1.561107e+01
2.306000e+02 3.478765e+01 7.954703e+01 2.579951e+01 1.432519e+03 1.561128e+01
2.306500e+02 3.481077e+01 7.956888e+01 2.580335e+01 1.432520e+03 1.561150e+01
2.307000e+02 3.485215e+01 7.960884e+01 2.580529e+01 1.432520e+03 1.561171e+01
2.307500e+02 3.490940e+01 7.966453e+01 2.580558e+01 1.432520e+03 1.561193e+01
2.308000e+02 3.498469e+01 7.973813e+01 2.580399e+01 1.432521e+03 1.561214e+01
2.308500e+02 3.508315e+01 7.983470e+01 2.579996e+01 1.432521e+03 1.561236e+01
2.309000e+02 3.521360e+01 7.996300e+01 2.579250e+01 1.432521e+03 1.561257e+01
2.309500e+02 3.539092e+01 8.013780e+01 2.577997e+01 1.432522e+03 1.561279e+01
2.310000e+02 3.564123e+01 8.038501e+01 2.575950e+01 1.432522e+03 1.561300e+01
2.310500e+02 3.601353e+01 8.075327e+01 2.572567e+01 1.432523e+03 1.561322e+01
2.311000e+02 3.661269e+01 8.134672e+01 2.566693e+01 1.432523e+03 1.561343e+01
2.311500e+02 3.764345e+01 8.236876e+01 2.556064e+01 1.432524e+03 1.561365e+01
2.312000e+02 3.979487e+01 8.450443e+01 2.533069e+01 1.432525e+03 1.561386e+01
2.312500e+02 4.598233e+01 9.065621e+01 2.465447e+01 1.432526e+03 1.561408e+01
2.313000e+02 4.988588e+01 9.454122e+01 2.422986e+01 1.432520e+03 1.561429e+01
2.313500e+02 4.079310e+01 8.549310e+01 2.524294e+01 1.432518e+03 1.561451e+01
2.314000e+02 3.810416e+01 8.282077e+01 2.554767e+01 1.432520e+03 1.561472e+01
2.314500e+02 3.689685e+01 8.162118e+01 2.568883e+01 1.432520e+03 1.561494e+01
2.315000e+02 3.624563e+01 8.097386e+01 2.576872e+01 1.432521e+03 1.561515e+01
2.315500e+02 3.585515e+01 8.058538e+01 2.581992e+01 1.432521e+03 1.561537e+01
2.316000e+02 3.560433e+01 8.033550e+01 2.585580e+01 1.432522e+03 1.561559e+01
2.316500e+02 3.543557e+01 8.016703e+01 2.588272e+01 1.432522e+03 1.561580e+01
2.317000e+02 3.531852e+01 8.004987e+01 2.590402e+01 1.432523e+03 1.561602e+01
2.317500e+02 3.523599e+01 7.996694e+01 2.592158e+01 1.432523e+03 1.561623e+01
2.318000e+02 3.517769e+01 7.990805e+01 2.593655e+01 1.432524e+03 1.561645e+01
2.318500e+02 3.513735e+01 7.986698e+01 2.594960e+01 1.432524e+03 1.561666e+01
2.319000e+02 3.511167e+01 7.984044e+01 2.596109e+01 1.432524e+03 1.561688e+01
2.319500e+02 3.510246e+01 7.983023e+01 2.597082e+01 1.432525e+03 1.561709e+01
2.320000e+02 3.512271e+01 7.984923e+01 2.597734e+01 1.432525e+03 1.561731e+01
2.320500e+02 3.508306e+01 7.980884e+01 2.599053e+01 1.432525e+03 1.561752e+01
2.321000e+02 3.507860e+01 7.980334e+01 2.599985e+01 1.432526e+03 1.561774e+01
2.321500e+02 3.508269e+01 7.980633e+01 2.600824e+01 1.432526e+03 1.561795e+01
2.322000e+02 3.509224e+01 7.981472e+01 2.601604e+01 1.432526e+03 1.561817e+01
2.322500e+02 3.510623e+01 7.982753e+01 2.602333e+01 1.432527e+03 1.561838e+01
2.323000e+02 3.512432e+01 7.984439e+01 2.603015e+01 1.432527e+03 1.561860e+01
2.323500e+02 3.514652e+01 7.986533e+01 2.603649e+01 1.432527e+03 1.561881e+01
2.324000e+02 3.517344e+01 7.989095e+01 2.604225e+01 1.432528e+03 1.561903e+01
2.324500e+02 3.520725e+01 7.992341e+01 2.604720e+01 1.432528e+03 1.561924e+01
2.325000e+02 3.525894e+01 7.997360e+01 2.605009e+01 1.432528e+03 1.561946e+01
2.325500e+02 3.529350e+01 8.000679e+01 2.605482e+01 1.432528e+03 1.561967e+01
2.326000e+02 3.531166e+01 8.002373e+01 2.606129e+01 1.432529e+03 1.561989e+01
2.326500e+02 3.535140e+01 8.006207e+01 2.606528e+01 1.432529e+03 1.562010e+01
2.327000e+02 3.541389e+01 8.012297e+01 2.606665e+01 1.432529e+03 1.562032e+01
2.327500e+02 3.545591e+01 8.016357e+01 2.607022e+01 1.432529e+03 1.562053e+01
2.328000e+02 3.548709e+01 8.019342e+01 2.607492e+01 1.432530e+03 1.562075e+01
2.328500e+02 3.553706e+01 8.024190e+01 2.607747e+01 1.432530e+03 1.562096e+01
2.329000e+02 3.559722e+01 8.030049e+01 2.607882e+01 1.432530e+03 1.562118e+01
2.329500e+02 3.567118e+01 8.037277e+01 2.607859e+01 1.432531e+03 1.562140e+01
2.330000e+02 3.576053e+01 8.046032e+01 2.607661e+01 1.432531e+03 1.562161e+01
2.330500e+02 3.581431e+01 8.051259e+01 2.607857e+01 1.432531e+03 1.562183e+01
2.331000e+02 3.589637e+01 8.059292e+01 2.607736e+01 1.432532e+03 1.562204e+01
2.331500e+02 3.599052e+01 8.068523e+01 2.607480e+01 1.432532e+03 1.562226e+01
2.332000e+02 3.609627e+01 8.078906e+01 2.607095e+01 1.432532e+03 1.562247e+01
2.332500e+02 3.621561e+01 8.090638e+01 2.606561e+01 1.432532e+03 1.562269e+01
2.333000e+02 3.635446e+01 8.104306e+01 2.605810e+01 1.432533e+03 1.562291e+01
2.333500e+02 3.655799e+01 8.124392e+01 2.604339e+01 1.432533e+03 1.562312e+01
2.334000e+02 3.665632e+01 8.134040e+01 2.604048e+01 1.432533e+03 1.562334e+01
2.334500e+02 3.682170e+01 8.150343e+01 2.603011e+01 1.432534e+03 1.562355e+01
2.335000e+02 3.701754e+01 8.169670e+01 2.601637e+01 1.432534e+03 1.562377e+01
2.335500e+02 3.724325e+01 8.191962e+01 2.599934e+01 1.432534e+03 1.562399e+01
2.336000e+02 3.750367e+01 8.217701e+01 2.597846e+01 1.432535e+03 1.562420e+01
2.336500e+02 3.780712e+01 8.247715e+01 2.595280e+01 1.432535e+03 1.562442e+01
2.337000e+02 3.816686e+01 8.283321e+01 2.592087e+01 1.432535e+03 1.562464e+01
2.337500e+02 3.860445e+01 8.326661e+01 2.588025e+01 1.432535e+03 1.562485e+01
2.338000e+02 3.915927e+01 8.381652e+01 2.582651e+01 1.432536e+03 1.562507e+01
2.338500e+02 3.992860e+01 8.457961e+01 2.574870e+01 1.432536e+03 1.562529e+01
2.339000e+02 4.123303e+01 8.587467e+01 2.561079e+01 1.432537e+03 1.562550e+01
2.339500e+02 4.555384e+01 9.017030e+01 2.513363e+01 1.432535e+03 1.562572e+01
2.340000e+02 4.101784e+01 8.565863e+01 2.565220e+01 1.432533e+03 1.562594e+01
2.340500e+02 3.990976e+01 8.455655e+01 2.578547e+01 1.432534e+03 1.562615e+01
2.341000e+02 3.918294e+01 8.383351e+01 2.587600e+01 1.432534e+03 1.562637e+01
2.341500e+02 3.868092e+01 8.333387e+01 2.594135e+01 1.432535e+03 1.562659e+01
2.342000e+02 3.829680e+01 8.295139e+01 2.599354e+01 1.432535e+03 1.562680e+01
2.342500e+02 3.796370e+01 8.261961e+01 2.604007e+01 1.432535e+03 1.562702e+01
2.343000e+02 3.771620e+01 8.237285e+01 2.607705e+01 1.432536e+03 1.562724e+01
2.343500e+02 3.753630e+01 8.219319e+01 2.610651e+01 1.432536e+03 1.562745e+01
2.344000e+02 3.728683e+01 8.194452e+01 2.614386e+01 1.432536e+03 1.562767e+01
2.344500e+02 3.711479e+01 8.177270e+01 2.617257e+01 1.432537e+03 1.562789e+01
2.345000e+02 3.697562e+01 8.163352e+01 2.619765e+01 1.432537e+03 1.562810e+01
2.345500e+02 3.688465e+01 8.154217e+01 2.621737e+01 1.432537e+03 1.562832e+01
2.346000e+02 3.673963e+01 8.139720e+01 2.624324e+01 1.432538e+03 1.562854e+01
2.346500e+02 3.663990e+01 8.129717e+01 2.626407e+01 1.432538e+03 1.562876e+01
2.347000e+02 3.656678e+01 8.122354e+01 2.628196e+01 1.432538e+03 1.562897e+01
2.347500e+02 3.649805e+01 8.115429e+01 2.629941e+01 1.432539e+03 1.562919e+01
2.348000e+02 3.644575e+01 8.110132e+01 2.631507e+01 1.432539e+03 1.562941e+01
2.348500e+02 3.640720e+01 8.106200e+01 2.632923e+01 1.432539e+03 1.562963e+01
2.349000e+02 3.638136e+01 8.103529e+01 2.634202e+01 1.432540e+03 1.562984e+01
2.349500e+02 3.636870e+01 8.102165e+01 2.635337e+01 1.432540e+03 1.563006e+01
2.350000e+02 3.637148e+01 8.102333e+01 2.636303e+01 1.432540e+03 1.563028e+01
2.350500e+02 3.639870e+01 8.104927e+01 2.636997e+01 1.432541e+03 1.563050e+01
2.351000e+02 3.643669e+01 8.108587e+01 2.637575e+01 1.432541e+03 1.563071e+01
2.351500e+02 3.645385e+01 8.110182e+01 2.638393e+01 1.432542e+03 1.563093e+01
2.352000e+02 3.651168e+01 8.115811e+01 2.638756e+01 1.432542e+03 1.563115e+01
2.352500e+02 3.660187e+01 8.124652e+01 2.638757e+01 1.432543e+03 1.563137e+01
2.353000e+02 3.673161e+01 8.137415e+01 2.638315e+01 1.432543e+03 1.563158e+01
2.353500e+02 3.691580e+01 8.155584e+01 2.637259e+01 1.432544e+03 1.563180e+01
2.354000e+02 3.718063e+01 8.181755e+01 2.635293e+01 1.432544e+03 1.563202e+01
2.354500e+02 3.757322e+01 8.220607e+01 2.631879e+01 1.432545e+03 1.563224e+01
2.355000e+02 3.818463e+01 8.281190e+01 2.625983e+01 1.432545e+03 1.563246e+01
2.355500e+02 3.921036e+01 8.382927e+01 2.615378e+01 1.432547e+03 1.563267e+01
2.356000e+02 4.114191e+01 8.574703e+01 2.594466e+01 1.432547e+03 1.563289e+01
2.356500e+02 4.560832e+01 9.018707e+01 2.544665e+01 1.432551e+03 1.563311e+01
2.357000e+02 6.302222e+01 1.075354e+02 2.346986e+01 1.432545e+03 1.563333e+01
2.357500e+02 4.931514e+01 9.387416e+01 2.504455e+01 1.432536e+03 1.563355e+01
2.358000e+02 4.247976e+01 8.707238e+01 2.583429e+01 1.432540e+03 1.563376e+01
2.358500e+02 4.001321e+01 8.462017e+01 2.612594e+01 1.432539e+03 1.563398e+01
2.359000e+02 3.866391e+01 8.327906e+01 2.629042e+01 1.432542e+03 1.563420e+01
2.359500e+02 3.785667e+01 8.247661e+01 2.639327e+01 1.432541e+03 1.563442e+01
2.360000e+02 3.738085e+01 8.200329e+01 2.645846e+01 1.432543e+03 1.563464e+01
2.360500e+02 3.707525e+01 8.169896e+01 2.650434e+01 1.432543e+03 1.563486e+01
2.361000e+02 3.685237e+01 8.147673e+01 2.654087e+01 1.432544e+03 1.563508e+01
2.361500e+02 3.669388e+01 8.131841e+01 2.657015e+01 1.432544e+03 1.563529e+01
2.362000e+02 3.658745e+01 8.121176e+01 2.659355e+01 1.432545e+03 1.563551e+01
2.362500e+02 3.651415e+01 8.113796e+01 2.661325e+01 1.432545e+03 1.563573e+01
2.363000e+02 3.646966e+01 8.109275e+01 2.662974e+01 1.432546e+03 1.563595e+01
2.363500e+02 3.644372e+01 8.106595e+01 2.664417e+01 1.432546e+03 1.563617e+01
2.364000e+02 3.643060e+01 8.105185e+01 2.665720e+01 1.432547e+03 1.563639e+01
2.364500e+02 3.643727e+01 8.105739e+01 2.666804e+01 1.432546e+03 1.563661e+01
2.365000e+02 3.646349e+01 8.108233e+01 2.667672e+01 1.432548e+03 1.563683e+01
2.365500e+02 3.651274e+01 8.113011e+01 2.668283e+01 1.432547e+03 1.563704e+01
2.366000e+02 3.660733e+01 8.122287e+01 2.668381e+01 1.432549e+03 1.563726e+01
2.366500e+02 3.667541e+01 8.128933e+01 2.668790e+01 1.432548e+03 1.563748e+01
2.367000e+02 3.677247e+01 8.138454e+01 2.668873e+01 1.432549e+03 1.563770e+01
2.367500e+02 3.692813e+01 8.153790e+01 2.668291e+01 1.432549e+03 1.563792e+01
2.368000e+02 3.714810e+01 8.175507e+01 2.666977e+01 1.432551e+03 1.563814e+01
2.368500e+02 3.746547e+01 8.206892e+01 2.664552e+01 1.432550e+03 1.563836e+01
2.369000e+02 3.791987e+01 8.251881e+01 2.660556e+01 1.432552e+03 1.563858e+01
2.369500e+02 3.862064e+01 8.321336e+01 2.653732e+01 1.432551e+03 1.563880e+01
2.370000e+02 3.983906e+01 8.442220e+01 2.640952e+01 1.432555e+03 1.563902e+01
2.370500e+02 4.222556e+01 8.679238e+01 2.614711e+01 1.432553e+03 1.563924e+01
2.371000e+02 4.820537e+01 9.273949e+01 2.546982e+01 1.432560e+03 1.563946e+01
2.371500e+02 6.992751e+01 1.143911e+02 2.297034e+01 1.432549e+03 1.563968e+01
2.372000e+02 4.680017e+01 9.133879e+01 2.565640e+01 1.432540e+03 1.563990e+01
2.372500e+02 4.175930e+01 8.632459e+01 2.625080e+01 1.432546e+03 1.564012e+01
2.373000e+02 3.965918e+01 8.423704e+01 2.650591e+01 1.432545e+03 1.564034e+01
2.373500e+02 3.854725e+01 8.313185e+01 2.664719e+01 1.432548e+03 1.564056e+01
2.374000e+02 3.789052e+01 8.247888e+01 2.673613e+01 1.432548e+03 1.564078e+01
2.374500e+02 3.747514e+01 8.206557e+01 2.679737e+01 1.432549e+03 1.564100e+01
2.375000e+02 3.719905e+01 8.179053e+01 2.684268e+01 1.432549e+03 1.564122e+01
2.375500e+02 3.701624e+01 8.160808e+01 2.687736e+01 1.432550e+03 1.564144e+01
2.376000e+02 3.689904e+01 8.149073e+01 2.690461e+01 1.432550e+03 1.564166e+01
2.376500e+02 3.676337e+01 8.135507e+01 2.693413e+01 1.432551e+03 1.564188e+01
2.377000e+02 3.667947e+01 8.127076e+01 2.695780e+01 1.432551e+03 1.564210e+01
2.377500e+02 3.662068e+01 8.121136e+01 2.697872e+01 1.432552e+03 1.564232e+01
2.378000e+02 3.657955e+01 8.116949e+01 2.699774e+01 1.432552e+03 1.564254e+01
2.378500e+02 3.655196e+01 8.114105e+01 2.701534e+01 1.432553e+03 1.564276e+01
2.379000e+02 3.653543e+01 8.112358e+01 2.703181e+01 1.432553e+03 1.564298e+01
2.379500e+02 3.652845e+01 8.111558e+01 2.704734e+01 1.432554e+03 1.564320e+01
2.380000e+02 3.653099e+01 8.111702e+01 2.706193e+01 1.432554e+03 1.564342e+01
2.380500e+02 3.653940e+01 8.112429e+01 2.707601e+01 1.432554e+03 1.564364e+01
2.381000e+02 3.655719e+01 8.114085e+01 2.708917e+01 1.432554e+03 1.564387e+01
2.381500e+02 3.658441e+01 8.116679e+01 2.710140e+01 1.432555e+03 1.564409e+01
2.382000e+02 3.662336e+01 8.120435e+01 2.711246e+01 1.432555e+03 1.564431e+01
2.382500e+02 3.667922e+01 8.125868e+01 2.712173e+01 1.432556e+03 1.564453e+01
2.383000e+02 3.676485e+01 8.134254e+01 2.712772e+01 1.432556e+03 1.564475e+01
2.383500e+02 3.692527e+01 8.150060e+01 2.712520e+01 1.432557e+03 1.564497e+01
2.384000e+02 3.730236e+01 8.187364e+01 2.709759e+01 1.432557e+03 1.564519e+01
2.384500e+02 3.762131e+01 8.218905e+01 2.707692e+01 1.432557e+03 1.564541e+01
2.385000e+02 3.715497e+01 8.172526e+01 2.714815e+01 1.432557e+03 1.564563e+01
2.385500e+02 3.711089e+01 8.168045e+01 2.717033e+01 1.432558e+03 1.564586e+01
2.386000e+02 3.716939e+01 8.173741e+01 2.718077e+01 1.432558e+03 1.564608e+01
2.386500e+02 3.729508e+01 8.186103e+01 2.718360e+01 1.432559e+03 1.564630e+01
2.387000e+02 3.748290e+01 8.204631e+01 2.717940e+01 1.432559e+03 1.564652e+01
2.387500e+02 3.768079e+01 8.224160e+01 2.717426e+01 1.432560e+03 1.564674e+01
2.388000e+02 3.797992e+01 8.253738e+01 2.715749e+01 1.432560e+03 1.564696e+01
2.388500e+02 3.843734e+01 8.299030e+01 2.712240e+01 1.432561e+03 1.564719e+01
2.389000e+02 3.916047e+01 8.370711e+01 2.705630e+01 1.432561e+03 1.564741e+01
2.389500e+02 4.038523e+01 8.492234e+01 2.693139e+01 1.432564e+03 1.564763e+01
2.390000e+02 4.281074e+01 8.733144e+01 2.666514e+01 1.432563e+03 1.564785e+01
2.390500e+02 4.908021e+01 9.356719e+01 2.594507e+01 1.432568e+03 1.564807e+01
2.391000e+02 6.660606e+01 1.110332e+02 2.389164e+01 1.432558e+03 1.564830e+01
2.391500e+02 4.671234e+01 9.120841e+01 2.626374e+01 1.432551e+03 1.564852e+01
2.392000e+02 4.213232e+01 8.665276e+01 2.682517e+01 1.432556e+03 1.564874e+01
2.392500e+02 4.024354e+01 8.477508e+01 2.706931e+01 1.432555e+03 1.564896e+01
2.393000e+02 3.931474e+01 8.385162e+01 2.720062e+01 1.432558e+03 1.564918e+01
2.393500e+02 3.873261e+01 8.327259e+01 2.729149e+01 1.432557e+03 1.564941e+01
2.394000e+02 3.844074e+01 8.298179e+01 2.734854e+01 1.432559e+03 1.564963e+01
2.394500e+02 3.819730e+01 8.273908e+01 2.740034e+01 1.432559e+03 1.564985e+01
2.395000e+02 3.807795e+01 8.261955e+01 2.743794e+01 1.432560e+03 1.565007e+01
2.395500e+02 3.817670e+01 8.271648e+01 2.745015e+01 1.432560e+03 1.565029e+01
2.396000e+02 3.813591e+01 8.267491e+01 2.747940e+01 1.432561e+03 1.565052e+01
2.396500e+02 3.785544e+01 8.239550e+01 2.753763e+01 1.432561e+03 1.565074e+01
2.397000e+02 3.778667e+01 8.232617e+01 2.757124e+01 1.432561e+03 1.565096e+01
2.397500e+02 3.777721e+01 8.231571e+01 2.759832e+01 1.432561e+03 1.565118e+01
2.398000e+02 3.779991e+01 8.233715e+01 2.762210e+01 1.432562e+03 1.565140e+01
2.398500e+02 3.805392e+01 8.258815e+01 2.761882e+01 1.432562e+03 1.565162e+01
2.399000e+02 3.789026e+01 8.242466e+01 2.766590e+01 1.432563e+03 1.565185e+01
2.399500e+02 3.789779e+01 8.243105e+01 2.769310e+01 1.432563e+03 1.565207e+01
2.400000e+02 3.790959e+01 8.244169e+01 2.772034e+01 1.432563e+03 1.565229e+01
2.400500e+02 3.794961e+01 8.248032e+01 2.774476e+01 1.432563e+03 1.565251e+01
2.401000e+02 3.781890e+01 8.234953e+01 2.779020e+01 1.432564e+03 1.565273e+01
2.401500e+02 3.780160e+01 8.233129e+01 2.782261e+01 1.432564e+03 1.565295e+01
2.402000e+02 3.783015e+01 8.235854e+01 2.785007e+01 1.432564e+03 1.565317e+01
2.402500e+02 3.796744e+01 8.249370e+01 2.786497e+01 1.432564e+03 1.565339e+01
2.403000e+02 3.786064e+01 8.238664e+01 2.790976e+01 1.432565e+03 1.565361e+01
2.403500e+02 3.778487e+01 8.231038e+01 2.795133e+01 1.432565e+03 1.565383e+01
2.404000e+02 3.777937e+01 8.230384e+01 2.798492e+01 1.432566e+03 1.565405e+01
2.404500e+02 3.774296e+01 8.226663e+01 2.802270e+01 1.432566e+03 1.565427e+01
2.405000e+02 3.776554e+01 8.228796e+01 2.805375e+01 1.432566e+03 1.565448e+01
2.405500e+02 3.773372e+01 8.225530e+01 2.809176e+01 1.432566e+03 1.565470e+01
2.406000e+02 3.773864e+01 8.225911e+01 2.812562e+01 1.432567e+03 1.565492e+01
2.406500e+02 3.776362e+01 8.228282e+01 2.815731e+01 1.432567e+03 1.565514e+01
2.407000e+02 3.777607e+01 8.229409e+01 2.819070e+01 1.432567e+03 1.565535e+01
2.407500e+02 3.779667e+01 8.231346e+01 2.822319e+01 1.432567e+03 1.565557e+01
2.408000e+02 3.780816e+01 8.232378e+01 2.825682e+01 1.432568e+03 1.565578e+01
2.408500e+02 3.784649e+01 8.236074e+01 2.828708e+01 1.432568e+03 1.565600e+01
2.409000e+02 3.800375e+01 8.251570e+01 2.830262e+01 1.432568e+03 1.565621e+01
2.409500e+02 3.790512e+01 8.241676e+01 2.834912e+01 1.432569e+03 1.565643e+01
2.410000e+02 3.791293e+01 8.242343e+01 2.838220e+01 1.432569e+03 1.565664e+01
2.410500e+02 3.794872e+01 8.245786e+01 2.841129e+01 1.432569e+03 1.565685e+01
2.411000e+02 3.800759e+01 8.251521e+01 2.843685e+01 1.432570e+03 1.565706e+01
2.411500e+02 3.813058e+01 8.263617e+01 2.845368e+01 1.432570e+03 1.565727e+01
2.412000e+02 3.850554e+01 8.300721e+01 2.843848e+01 1.432570e+03 1.565748e+01
2.412500e+02 3.837562e+01 8.287719e+01 2.848427e+01 1.432570e+03 1.565769e+01
2.413000e+02 3.832731e+01 8.282817e+01 2.851876e+01 1.432571e+03 1.565790e+01
2.413500e+02 3.822055e+01 8.272114e+01 2.855908e+01 1.432571e+03 1.565811e+01
2.414000e+02 3.822243e+01 8.272193e+01 2.858450e+01 1.432571e+03 1.565832e+01
2.414500e+02 3.824871e+01 8.274692e+01 2.860533e+01 1.432571e+03 1.565852e+01
2.415000e+02 3.830286e+01 8.279959e+01 2.862098e+01 1.432572e+03 1.565873e+01
2.415500e+02 3.832500e+01 8.282048e+01 2.863800e+01 1.432572e+03 1.565893e+01
2.416000e+02 3.836847e+01 8.286254e+01 2.864800e+01 1.432573e+03 1.565914e+01
2.416500e+02 3.842210e+01 8.291469e+01 2.865317e+01 1.432573e+03 1.565934e+01
2.417000e+02 3.848428e+01 8.297532e+01 2.865508e+01 1.432573e+03 1.565955e+01
2.417500e+02 3.856006e+01 8.304945e+01 2.865336e+01 1.432574e+03 1.565975e+01
2.418000e+02 3.865293e+01 8.314054e+01 2.864754e+01 1.432574e+03 1.565996e+01
2.418500e+02 3.876630e+01 8.325199e+01 2.863719e+01 1.432574e+03 1.566017e+01
2.419000e+02 3.891195e+01 8.339547e+01 2.862091e+01 1.432575e+03 1.566037e+01
2.419500e+02 3.910372e+01 8.358475e+01 2.859701e+01 1.432575e+03 1.566058e+01
2.420000e+02 3.936522e+01 8.384327e+01 2.856223e+01 1.432576e+03 1.566079e+01
2.420500e+02 3.973824e+01 8.421254e+01 2.851152e+01 1.432576e+03 1.566100e+01
2.421000e+02 4.030224e+01 8.477151e+01 2.843558e+01 1.432577e+03 1.566121e+01
2.421500e+02 4.122203e+01 8.568400e+01 2.831414e+01 1.432578e+03 1.566142e+01
2.422000e+02 4.289339e+01 8.734368e+01 2.809819e+01 1.432579e+03 1.566163e+01
2.422500e+02 4.653355e+01 9.096227e+01 2.763667e+01 1.432581e+03 1.566184e+01
2.423000e+02 5.835418e+01 1.027329e+02 2.615684e+01 1.432578e+03 1.566205e+01
2.423500e+02 5.347267e+01 9.786784e+01 2.675348e+01 1.432571e+03 1.566227e+01
2.424000e+02 4.528077e+01 8.971288e+01 2.775939e+01 1.432571e+03 1.566248e+01
2.424500e+02 4.236604e+01 8.681413e+01 2.810857e+01 1.432572e+03 1.566270e+01
2.425000e+02 4.095265e+01 8.540881e+01 2.827097e+01 1.432574e+03 1.566291e+01
2.425500e+02 4.015506e+01 8.461559e+01 2.835675e+01 1.432574e+03 1.566313e+01
2.426000e+02 3.966415e+01 8.412706e+01 2.840440e+01 1.432575e+03 1.566334e+01
2.426500e+02 3.935164e+01 8.381572e+01 2.842996e+01 1.432575e+03 1.566356e+01
2.427000e+02 3.912361e+01 8.358828e+01 2.844515e+01 1.432576e+03 1.566378e+01
2.427500e+02 3.897270e+01 8.343740e+01 2.845099e+01 1.432576e+03 1.566400e+01
2.428000e+02 3.887287e+01 8.333724e+01 2.845079e+01 1.432577e+03 1.566422e+01
2.428500e+02 3.881529e+01 8.327900e+01 2.844570e+01 1.432577e+03 1.566444e+01
2.429000e+02 3.879480e+01 8.325759e+01 2.843642e+01 1.432578e+03 1.566466e+01
2.429500e+02 3.881321e+01 8.327477e+01 2.842280e+01 1.432578e+03 1.566488e+01
2.430000e+02 3.888997e+01 8.334989e+01 2.840247e+01 1.432579e+03 1.566511e+01
2.430500e+02 3.898287e+01 8.344101e+01 2.838067e+01 1.432579e+03 1.566533e+01
2.431000e+02 3.910630e+01 8.356245e+01 2.835566e+01 1.432580e+03 1.566555e+01
2.431500e+02 3.932918e+01 8.378261e+01 2.831898e+01 1.432580e+03 1.566577e+01
2.432000e+02 3.968427e+01 8.413405e+01 2.826662e+01 1.432582e+03 1.566600e+01
2.432500e+02 4.026723e+01 8.471180e+01 2.818683e+01 1.432581e+03 1.566622e+01
2.433000e+02 4.127892e+01 8.571552e+01 2.805492e+01 1.432584e+03 1.566645e+01
2.433500e+02 4.326755e+01 8.769046e+01 2.780341e+01 1.432583e+03 1.566667e+01
2.434000e+02 4.787576e+01 9.227236e+01 2.722993e+01 1.432589e+03 1.566690e+01
2.434500e+02 6.827580e+01 1.126005e+02 2.470875e+01 1.432580e+03 1.566712e+01
2.435000e+02 4.887243e+01 9.326199e+01 2.709663e+01 1.432571e+03 1.566735e+01
2.435500e+02 4.352337e+01 8.794037e+01 2.775032e+01 1.432577e+03 1.566757e+01
2.436000e+02 4.137304e+01 8.580249e+01 2.801056e+01 1.432576e+03 1.566780e+01
2.436500e+02 4.027054e+01 8.470641e+01 2.814243e+01 1.432578e+03 1.566802e+01
2.437000e+02 3.962917e+01 8.406852e+01 2.821813e+01 1.432578e+03 1.566825e+01
2.437500e+02 3.922803e+01 8.366923e+01 2.826483e+01 1.432580e+03 1.566848e+01
2.438000e+02 3.896886e+01 8.341091e+01 2.829459e+01 1.432580e+03 1.566870e+01
2.438500e+02 3.880471e+01 8.324690e+01 2.831317e+01 1.432581e+03 1.566893e+01
2.439000e+02 3.871505e+01 8.315684e+01 2.832308e+01 1.432581e+03 1.566916e+01
2.439500e+02 3.869878e+01 8.313962e+01 2.832444e+01 1.432582e+03 1.566938e+01
2.440000e+02 3.878419e+01 8.322331e+01 2.831377e+01 1.432582e+03 1.566961e+01
2.440500e+02 3.901904e+01 8.345531e+01 2.828518e+01 1.432583e+03 1.566984e+01
2.441000e+02 3.970056e+01 8.413074e+01 2.820220e+01 1.432583e+03 1.567006e+01
2.441500e+02 4.268017e+01 8.708923e+01 2.783736e+01 1.432583e+03 1.567029e+01
2.442000e+02 4.007039e+01 8.449575e+01 2.815925e+01 1.432582e+03 1.567052e+01
2.442500e+02 3.900364e+01 8.343570e+01 2.829196e+01 1.432583e+03 1.567075e+01
2.443000e+02 3.857720e+01 8.301141e+01 2.834644e+01 1.432583e+03 1.567097e+01
2.443500e+02 3.839378e+01 8.282833e+01 2.837144e+01 1.432583e+03 1.567120e+01
2.444000e+02 3.825257e+01 8.268713e+01 2.839160e+01 1.432584e+03 1.567143e+01
2.444500e+02 3.811283e+01 8.254742e+01 2.841190e+01 1.432584e+03 1.567166e+01
2.445000e+02 3.803724e+01 8.247134e+01 2.842464e+01 1.432584e+03 1.567189e+01
2.445500e+02 3.798573e+01 8.241917e+01 2.843472e+01 1.432585e+03 1.567211e+01
2.446000e+02 3.795219e+01 8.238481e+01 2.844289e+01 1.432585e+03 1.567234e+01
2.446500e+02 3.791825e+01 8.235007e+01 2.845138e+01 1.432586e+03 1.567257e+01
2.447000e+02 3.789375e+01 8.232468e+01 2.845898e+01 1.432586e+03 1.567280e+01
2.447500e+02 3.787511e+01 8.230512e+01 2.846612e+01 1.432586e+03 1.567303e+01
2.448000e+02 3.786537e+01 8.229438e+01 2.847241e+01 1.432586e+03 1.567325e+01
2.448500e+02 3.785124e+01 8.227929e+01 2.847948e+01 1.432587e+03 1.567348e+01
2.449000e+02 3.784583e+01 8.227284e+01 2.848571e+01 1.432587e+03 1.567371e+01
2.449500e+02 3.784353e+01 8.226949e+01 2.849177e+01 1.432587e+03 1.567394e+01
2.450000e+02 3.783758e+01 8.226250e+01 2.849850e+01 1.432588e+03 1.567417e+01
2.450500e+02 3.783649e+01 8.226035e+01 2.850484e+01 1.432588e+03 1.567440e+01
2.451000e+02 3.782679e+01 8.224965e+01 2.851243e+01 1.432588e+03 1.567462e+01
2.451500e+02 3.782418e+01 8.224598e+01 2.851935e+01 1.432589e+03 1.567485e+01
2.452000e+02 3.782400e+01 8.224473e+01 2.852615e+01 1.432589e+03 1.567508e+01
2.452500e+02 3.782543e+01 8.224508e+01 2.853293e+01 1.432589e+03 1.567531e+01
2.453000e+02 3.782802e+01 8.224657e+01 2.853974e+01 1.432589e+03 1.567554e+01
2.453500e+02 3.783163e+01 8.224908e+01 2.854658e+01 1.432590e+03 1.567577e+01
2.454000e+02 3.783632e+01 8.225265e+01 2.855346e+01 1.432590e+03 1.567600e+01
2.454500e+02 3.784210e+01 8.225731e+01 2.856035e+01 1.432590e+03 1.567622e+01
2.455000e+02 3.784952e+01 8.226359e+01 2.856720e+01 1.432590e+03 1.567645e+01
2.455500e+02 3.786092e+01 8.227383e+01 2.857369e+01 1.432591e+03 1.567668e+01
2.456000e+02 3.786528e+01 8.227707e+01 2.858120e+01 1.432591e+03 1.567691e+01
2.456500e+02 3.787632e+01 8.228695e+01 2.858802e+01 1.432591e+03 1.567714e+01
2.457000e+02 3.788815e+01 8.229761e+01 2.859486e+01 1.432592e+03 1.567737e+01
2.457500e+02 3.791046e+01 8.231867e+01 2.860055e+01 1.432592e+03 1.567760e+01
2.458000e+02 3.796974e+01 8.237640e+01 2.860179e+01 1.432592e+03 1.567783e+01
2.458500e+02 3.792521e+01 8.233114e+01 2.861596e+01 1.432593e+03 1.567806e+01
2.459000e+02 3.792511e+01 8.232997e+01 2.862476e+01 1.432593e+03 1.567829e+01
2.459500e+02 3.793212e+01 8.233585e+01 2.863280e+01 1.432593e+03 1.567851e+01
2.460000e+02 3.794193e+01 8.234450e+01 2.864061e+01 1.432593e+03 1.567874e+01
2.460500e+02 3.795345e+01 8.235485e+01 2.864830e+01 1.432594e+03 1.567897e+01
2.461000e+02 3.796638e+01 8.236660e+01 2.865592e+01 1.432594e+03 1.567920e+01
2.461500e+02 3.798080e+01 8.237984e+01 2.866346e+01 1.432594e+03 1.567943e+01
2.462000e+02 3.799703e+01 8.239486e+01 2.867087e+01 1.432595e+03 1.567966e+01
2.462500e+02 3.801656e+01 8.241316e+01 2.867797e+01 1.432595e+03 1.567989e+01
2.463000e+02 3.804208e+01 8.243739e+01 2.868441e+01 1.432595e+03 1.568012e+01
2.463500e+02 3.806081e+01 8.245490e+01 2.869179e+01 1.432595e+03 1.568035e+01
2.464000e+02 3.809499e+01 8.248773e+01 2.869733e+01 1.432596e+03 1.568058e+01
2.464500e+02 3.816030e+01 8.255144e+01 2.869910e+01 1.432596e+03 1.568081e+01
2.465000e+02 3.839876e+01 8.278694e+01 2.867947e+01 1.432596e+03 1.568104e+01
2.465500e+02 3.831434e+01 8.270210e+01 2.869996e+01 1.432596e+03 1.568127e+01
2.466000e+02 3.819078e+01 8.257845e+01 2.872539e+01 1.432597e+03 1.568150e+01
2.466500e+02 3.817330e+01 8.256003e+01 2.873774e+01 1.432597e+03 1.568173e+01
2.467000e+02 3.817829e+01 8.256391e+01 2.874738e+01 1.432597e+03 1.568196e+01
2.467500e+02 3.819021e+01 8.257466e+01 2.875622e+01 1.432598e+03 1.568219e+01
2.468000e+02 3.820747e+01 8.259071e+01 2.876448e+01 1.432598e+03 1.568242e+01
2.468500e+02 3.822819e+01 8.261018e+01 2.877237e+01 1.432598e+03 1.568265e+01
2.469000e+02 3.825173e+01 8.263245e+01 2.877998e+01 1.432599e+03 1.568288e+01
2.469500e+02 3.827803e+01 8.265747e+01 2.878730e+01 1.432599e+03 1.568311e+01
2.470000e+02 3.830787e+01 8.268600e+01 2.879425e+01 1.432599e+03 1.568334e+01
2.470500e+02 3.834043e+01 8.271722e+01 2.880092e+01 1.432600e+03 1.568357e+01
2.471000e+02 3.838185e+01 8.275724e+01 2.880654e+01 1.432600e+03 1.568380e+01
2.471500e+02 3.841635e+01 8.279039e+01 2.881308e+01 1.432600e+03 1.568403e+01
2.472000e+02 3.845575e+01 8.282840e+01 2.881905e+01 1.432600e+03 1.568426e+01
2.472500e+02 3.850467e+01 8.287586e+01 2.882390e+01 1.432601e+03 1.568449e+01
2.473000e+02 3.856114e+01 8.293080e+01 2.882784e+01 1.432601e+03 1.568472e+01
2.473500e+02 3.862389e+01 8.299199e+01 2.883105e+01 1.432602e+03 1.568495e+01
2.474000e+02 3.870180e+01 8.306821e+01 2.883242e+01 1.432602e+03 1.568518e+01
2.474500e+02 3.879869e+01 8.316327e+01 2.883145e+01 1.432602e+03 1.568541e+01
2.475000e+02 3.892365e+01 8.328619e+01 2.882701e+01 1.432603e+03 1.568564e+01
2.475500e+02 3.909381e+01 8.345396e+01 2.881696e+01 1.432603e+03 1.568587e+01
2.476000e+02 3.934465e+01 8.370181e+01 2.879684e+01 1.432604e+03 1.568610e+01
2.476500e+02 3.976284e+01 8.411579e+01 2.875581e+01 1.432604e+03 1.568633e+01
2.477000e+02 4.063036e+01 8.497592e+01 2.865850e+01 1.432605e+03 1.568657e+01
2.477500e+02 4.372533e+01 8.804937e+01 2.828190e+01 1.432604e+03 1.568680e+01
2.478000e+02 4.173286e+01 8.606864e+01 2.854299e+01 1.432603e+03 1.568703e+01
2.478500e+02 4.068098e+01 8.502294e+01 2.868626e+01 1.432604e+03 1.568726e+01
2.479000e+02 4.053232e+01 8.487425e+01 2.871637e+01 1.432605e+03 1.568749e+01
2.479500e+02 4.077390e+01 8.511304e+01 2.869757e+01 1.432606e+03 1.568772e+01
2.480000e+02 4.138904e+01 8.572281e+01 2.863189e+01 1.432606e+03 1.568795e+01
2.480500e+02 4.261735e+01 8.694184e+01 2.848913e+01 1.432608e+03 1.568818e+01
2.481000e+02 4.527002e+01 8.957723e+01 2.816709e+01 1.432608e+03 1.568842e+01
2.481500e+02 5.295221e+01 9.722057e+01 2.721093e+01 1.432610e+03 1.568865e+01
2.482000e+02 5.973365e+01 1.039756e+02 2.636650e+01 1.432603e+03 1.568888e+01
2.482500e+02 4.688498e+01 9.117995e+01 2.799816e+01 1.432599e+03 1.568911e+01
2.483000e+02 4.327014e+01 8.758501e+01 2.846513e+01 1.432602e+03 1.568934e+01
2.483500e+02 4.166282e+01 8.598712e+01 2.867933e+01 1.432602e+03 1.568957e+01
2.484000e+02 4.079259e+01 8.512184e+01 2.880082e+01 1.432604e+03 1.568981e+01
2.484500e+02 4.027988e+01 8.461173e+01 2.887738e+01 1.432604e+03 1.569004e+01
2.485000e+02 3.995633e+01 8.428947e+01 2.893019e+01 1.432605e+03 1.569027e+01
2.485500e+02 3.973847e+01 8.407215e+01 2.896976e+01 1.432605e+03 1.569050e+01
2.486000e+02 3.959211e+01 8.392581e+01 2.900037e+01 1.432606e+03 1.569073e+01
2.486500e+02 3.949452e+01 8.382788e+01 2.902490e+01 1.432606e+03 1.569097e+01
2.487000e+02 3.944182e+01 8.377449e+01 2.904382e+01 1.432607e+03 1.569120e+01
2.487500e+02 3.939138e+01 8.372336e+01 2.906250e+01 1.432607e+03 1.569143e+01
2.488000e+02 3.935541e+01 8.368658e+01 2.907941e+01 1.432607e+03 1.569166e+01
2.488500e+02 3.934284e+01 8.367303e+01 2.909342e+01 1.432608e+03 1.569189e+01
2.489000e+02 3.934567e+01 8.367476e+01 2.910552e+01 1.432608e+03 1.569213e+01
2.489500e+02 3.936177e+01 8.368966e+01 2.911599e+01 1.432609e+03 1.569236e+01
2.490000e+02 3.939129e+01 8.371788e+01 2.912481e+01 1.432609e+03 1.569259e+01
2.490500e+02 3.944168e+01 8.376680e+01 2.913104e+01 1.432609e+03 1.569283e+01
2.491000e+02 3.948393e+01 8.380766e+01 2.913834e+01 1.432610e+03 1.569306e+01
2.491500e+02 3.955043e+01 8.387257e+01 2.914260e+01 1.432610e+03 1.569329e+01
2.492000e+02 3.962778e+01 8.394826e+01 2.914554e+01 1.432611e+03 1.569352e+01
2.492500e+02 3.972863e+01 8.404726e+01 2.914553e+01 1.432611e+03 1.569376e+01
2.493000e+02 3.985499e+01 8.417159e+01 2.914233e+01 1.432612e+03 1.569399e+01
2.493500e+02 4.001408e+01 8.432842e+01 2.913500e+01 1.432612e+03 1.569422e+01
2.494000e+02 4.021736e+01 8.452912e+01 2.912209e+01 1.432613e+03 1.569446e+01
2.494500e+02 4.048303e+01 8.479177e+01 2.910129e+01 1.432613e+03 1.569469e+01
2.495000e+02 4.084094e+01 8.514602e+01 2.906877e+01 1.432614e+03 1.569492e+01
2.495500e+02 4.134358e+01 8.564403e+01 2.901785e+01 1.432614e+03 1.569516e+01
2.496000e+02 4.209131e+01 8.638557e+01 2.893571e+01 1.432615e+03 1.569539e+01
2.496500e+02 4.329863e+01 8.758391e+01 2.879497e+01 1.432616e+03 1.569562e+01
2.497000e+02 4.552248e+01 8.979321e+01 2.852446e+01 1.432617e+03 1.569586e+01
2.497500e+02 5.082284e+01 9.506513e+01 2.786070e+01 1.432619e+03 1.569609e+01
2.498000e+02 5.924986e+01 1.034576e+02 2.679573e+01 1.432615e+03 1.569632e+01
2.498500e+02 5.057479e+01 9.481602e+01 2.791788e+01 1.432611e+03 1.569656e+01
2.499000e+02 5.146775e+01 9.570378e+01 2.781648e+01 1.432617e+03 1.569679e+01
2.499500e+02 6.379094e+01 1.079810e+02 2.625068e+01 1.432612e+03 1.569703e+01
2.500000e+02 5.349355e+01 9.771856e+01 2.758274e+01 1.432606e+03 1.569726e+01
