2.100000e+02 5.544458e+01 1.005580e+02 4.259548e+01 2.863331e+03 2.954361e+01
2.100500e+02 5.545358e+01 1.005658e+02 4.257793e+01 2.863331e+03 2.954405e+01
2.101000e+02 5.545929e+01 1.005704e+02 4.256112e+01 2.863332e+03 2.954449e+01
2.101500e+02 5.549780e+01 1.006077e+02 4.253784e+01 2.863333e+03 2.954492e+01
2.102000e+02 5.570179e+01 1.008100e+02 4.248163e+01 2.863333e+03 2.954536e+01
2.102500e+02 5.557002e+01 1.006774e+02 4.249234e+01 2.863334e+03 2.954580e+01
2.103000e+02 5.560634e+01 1.007125e+02 4.246956e+01 2.863334e+03 2.954624e+01
2.103500e+02 5.576458e+01 1.008692e+02 4.242236e+01 2.863335e+03 2.954667e+01
2.104000e+02 5.635330e+01 1.014552e+02 4.228946e+01 2.863335e+03 2.954711e+01
2.104500e+02 5.630577e+01 1.014067e+02 4.228319e+01 2.863336e+03 2.954755e+01
2.105000e+02 5.587554e+01 1.009765e+02 4.235302e+01 2.863336e+03 2.954798e+01
2.105500e+02 5.584079e+01 1.009407e+02 4.234419e+01 2.863337e+03 2.954842e+01
2.106000e+02 5.595686e+01 1.010553e+02 4.230543e+01 2.863337e+03 2.954885e+01
2.106500e+02 5.624124e+01 1.013378e+02 4.223332e+01 2.863339e+03 2.954929e+01
2.107000e+02 5.686210e+01 1.019559e+02 4.209453e+01 2.863339e+03 2.954972e+01
2.107500e+02 5.856634e+01 1.036546e+02 4.174089e+01 2.863341e+03 2.955016e+01
2.108000e+02 6.379687e+01 1.088721e+02 4.068767e+01 2.863339e+03 2.955059e+01
2.108500e+02 5.814784e+01 1.032349e+02 4.179382e+01 2.863336e+03 2.955103e+01
2.109000e+02 5.666127e+01 1.017511e+02 4.207374e+01 2.863338e+03 2.955146e+01
2.109500e+02 5.603908e+01 1.011294e+02 4.218232e+01 2.863339e+03 2.955190e+01
2.110000e+02 5.570615e+01 1.007963e+02 4.223370e+01 2.863340e+03 2.955233e+01
2.110500e+02 5.550294e+01 1.005925e+02 4.225958e+01 2.863340e+03 2.955276e+01
2.111000e+02 5.536656e+01 1.004554e+02 4.227243e+01 2.863341e+03 2.955320e+01
2.111500e+02 5.527534e+01 1.003633e+02 4.227657e+01 2.863342e+03 2.955363e+01
2.112000e+02 5.519420e+01 1.002812e+02 4.227895e+01 2.863342e+03 2.955406e+01
2.112500e+02 5.513142e+01 1.002175e+02 4.227794e+01 2.863343e+03 2.955450e+01
2.113000e+02 5.508183e+01 1.001669e+02 4.227458e+01 2.863344e+03 2.955493e+01
2.113500e+02 5.504073e+01 1.001248e+02 4.226979e+01 2.863344e+03 2.955536e+01
2.114000e+02 5.500572e+01 1.000888e+02 4.226406e+01 2.863345e+03 2.955579e+01
2.114500e+02 5.497527e+01 1.000573e+02 4.225768e+01 2.863345e+03 2.955622e+01
2.115000e+02 5.494837e+01 1.000293e+02 4.225086e+01 2.863346e+03 2.955665e+01
2.115500e+02 5.492429e+01 1.000042e+02 4.224373e+01 2.863346e+03 2.955709e+01
2.116000e+02 5.490250e+01 9.998135e+01 4.223640e+01 2.863347e+03 2.955752e+01
2.116500e+02 5.488261e+01 9.996039e+01 4.222894e+01 2.863347e+03 2.955795e+01
2.117000e+02 5.486432e+01 9.994102e+01 4.222142e+01 2.863348e+03 2.955838e+01
2.117500e+02 5.484740e+01 9.992302e+01 4.221386e+01 2.863348e+03 2.955881e+01
2.118000e+02 5.483167e+01 9.990621e+01 4.220631e+01 2.863349e+03 2.955924e+01
2.118500e+02 5.481698e+01 9.989044e+01 4.219879e+01 2.863349e+03 2.955967e+01
2.119000e+02 5.480324e+01 9.987561e+01 4.219131e+01 2.863350e+03 2.956010e+01
2.119500e+02 5.479039e+01 9.986167e+01 4.218388e+01 2.863351e+03 2.956053e+01
2.120000e+02 5.477842e+01 9.984861e+01 4.217649e+01 2.863351e+03 2.956095e+01
2.120500e+02 5.476766e+01 9.983675e+01 4.216909e+01 2.863352e+03 2.956138e+01
2.121000e+02 5.475833e+01 9.982632e+01 4.216162e+01 2.863352e+03 2.956181e+01
2.121500e+02 5.474585e+01 9.981276e+01 4.215498e+01 2.863353e+03 2.956224e+01
2.122000e+02 5.473553e+01 9.980134e+01 4.214812e+01 2.863353e+03 2.956267e+01
2.122500e+02 5.472602e+01 9.979073e+01 4.214130e+01 2.863354e+03 2.956309e+01
2.123000e+02 5.471710e+01 9.978072e+01 4.213456e+01 2.863354e+03 2.956352e+01
2.123500e+02 5.470873e+01 9.977124e+01 4.212792e+01 2.863355e+03 2.956395e+01
2.124000e+02 5.470089e+01 9.976230e+01 4.212135e+01 2.863355e+03 2.956438e+01
2.124500e+02 5.469362e+01 9.975393e+01 4.211487e+01 2.863356e+03 2.956480e+01
2.125000e+02 5.468719e+01 9.974639e+01 4.210840e+01 2.863356e+03 2.956523e+01
2.125500e+02 5.468129e+01 9.973938e+01 4.210202e+01 2.863357e+03 2.956565e+01
2.126000e+02 5.467771e+01 9.973468e+01 4.209535e+01 2.863357e+03 2.956608e+01
2.126500e+02 5.467775e+01 9.973360e+01 4.208815e+01 2.863358e+03 2.956650e+01
2.127000e+02 5.466953e+01 9.972428e+01 4.208275e+01 2.863358e+03 2.956693e+01
2.127500e+02 5.466480e+01 9.971844e+01 4.207684e+01 2.863359e+03 2.956736e+01
2.128000e+02 5.466301e+01 9.971553e+01 4.207052e+01 2.863360e+03 2.956778e+01
2.128500e+02 5.468706e+01 9.973838e+01 4.205929e+01 2.863360e+03 2.956820e+01
2.129000e+02 5.466242e+01 9.971269e+01 4.205778e+01 2.863361e+03 2.956863e+01
2.129500e+02 5.464457e+01 9.969377e+01 4.205511e+01 2.863361e+03 2.956905e+01
2.130000e+02 5.463699e+01 9.968509e+01 4.205057e+01 2.863362e+03 2.956948e+01
2.130500e+02 5.463123e+01 9.967822e+01 4.204584e+01 2.863362e+03 2.956990e+01
2.131000e+02 5.462706e+01 9.967293e+01 4.204096e+01 2.863363e+03 2.957032e+01
2.131500e+02 5.462379e+01 9.966855e+01 4.203605e+01 2.863363e+03 2.957075e+01
2.132000e+02 5.462129e+01 9.966492e+01 4.203114e+01 2.863364e+03 2.957117e+01
2.132500e+02 5.461932e+01 9.966184e+01 4.202628e+01 2.863364e+03 2.957159e+01
2.133000e+02 5.461808e+01 9.965948e+01 4.202142e+01 2.863365e+03 2.957202e+01
2.133500e+02 5.461844e+01 9.965872e+01 4.201640e+01 2.863365e+03 2.957244e+01
2.134000e+02 5.461771e+01 9.965686e+01 4.201174e+01 2.863366e+03 2.957286e+01
2.134500e+02 5.462452e+01 9.966253e+01 4.200575e+01 2.863366e+03 2.957328e+01
2.135000e+02 5.461679e+01 9.965369e+01 4.200274e+01 2.863367e+03 2.957370e+01
2.135500e+02 5.461596e+01 9.965174e+01 4.199853e+01 2.863367e+03 2.957412e+01
2.136000e+02 5.461613e+01 9.965078e+01 4.199426e+01 2.863368e+03 2.957455e+01
2.136500e+02 5.461729e+01 9.965081e+01 4.198994e+01 2.863368e+03 2.957497e+01
2.137000e+02 5.461931e+01 9.965171e+01 4.198558e+01 2.863369e+03 2.957539e+01
2.137500e+02 5.462223e+01 9.965349e+01 4.198118e+01 2.863369e+03 2.957581e+01
2.138000e+02 5.462611e+01 9.965623e+01 4.197673e+01 2.863370e+03 2.957623e+01
2.138500e+02 5.463104e+01 9.966003e+01 4.197220e+01 2.863370e+03 2.957665e+01
2.139000e+02 5.463717e+01 9.966502e+01 4.196758e+01 2.863371e+03 2.957707e+01
2.139500e+02 5.464465e+01 9.967135e+01 4.196282e+01 2.863371e+03 2.957749e+01
2.140000e+02 5.465365e+01 9.967919e+01 4.195789e+01 2.863372e+03 2.957791e+01
2.140500e+02 5.466448e+01 9.968887e+01 4.195273e+01 2.863372e+03 2.957833e+01
2.141000e+02 5.467747e+01 9.970069e+01 4.194728e+01 2.863373e+03 2.957875e+01
2.141500e+02 5.469304e+01 9.971510e+01 4.194145e+01 2.863374e+03 2.957917e+01
2.142000e+02 5.471174e+01 9.973262e+01 4.193513e+01 2.863374e+03 2.957959e+01
2.142500e+02 5.473431e+01 9.975400e+01 4.192818e+01 2.863375e+03 2.958000e+01
2.143000e+02 5.476171e+01 9.978019e+01 4.192040e+01 2.863375e+03 2.958042e+01
2.143500e+02 5.479528e+01 9.981254e+01 4.191154e+01 2.863376e+03 2.958084e+01
2.144000e+02 5.483687e+01 9.985288e+01 4.190124e+01 2.863377e+03 2.958126e+01
2.144500e+02 5.488915e+01 9.990389e+01 4.188896e+01 2.863377e+03 2.958168e+01
2.145000e+02 5.495606e+01 9.996947e+01 4.187394e+01 2.863378e+03 2.958210e+01
2.145500e+02 5.504363e+01 1.000557e+02 4.185500e+01 2.863378e+03 2.958251e+01
2.146000e+02 5.516159e+01 1.001722e+02 4.183022e+01 2.863379e+03 2.958293e+01
2.146500e+02 5.532526e+01 1.003342e+02 4.179663e+01 2.863379e+03 2.958335e+01
2.147000e+02 5.556419e+01 1.005713e+02 4.174842e+01 2.863381e+03 2.958377e+01
2.147500e+02 5.593391e+01 1.009389e+02 4.167474e+01 2.863381e+03 2.958418e+01
2.148000e+02 5.655604e+01 1.015581e+02 4.155179e+01 2.863383e+03 2.958460e+01
2.148500e+02 5.773900e+01 1.027368e+02 4.131920e+01 2.863383e+03 2.958502e+01
2.149000e+02 6.052679e+01 1.055164e+02 4.077262e+01 2.863387e+03 2.958543e+01
2.149500e+02 7.292297e+01 1.178866e+02 3.834447e+01 2.863381e+03 2.958585e+01
2.150000e+02 6.174269e+01 1.067271e+02 4.053300e+01 2.863375e+03 2.958626e+01
2.150500e+02 5.815652e+01 1.031487e+02 4.123420e+01 2.863379e+03 2.958668e+01
2.151000e+02 5.676247e+01 1.017572e+02 4.150642e+01 2.863379e+03 2.958710e+01
2.151500e+02 5.606548e+01 1.010611e+02 4.164233e+01 2.863381e+03 2.958751e+01
2.152000e+02 5.564555e+01 1.006412e+02 4.172414e+01 2.863381e+03 2.958793e+01
2.152500e+02 5.538043e+01 1.003757e+02 4.177577e+01 2.863382e+03 2.958834e+01
2.153000e+02 5.520254e+01 1.001972e+02 4.181044e+01 2.863383e+03 2.958876e+01
2.153500e+02 5.507680e+01 1.000707e+02 4.183501e+01 2.863384e+03 2.958917e+01
2.154000e+02 5.498487e+01 9.997795e+01 4.185308e+01 2.863384e+03 2.958959e+01
2.154500e+02 5.491726e+01 9.990941e+01 4.186649e+01 2.863385e+03 2.959000e+01
2.155000e+02 5.488253e+01 9.987367e+01 4.187358e+01 2.863385e+03 2.959042e+01
2.155500e+02 5.481965e+01 9.980985e+01 4.188628e+01 2.863386e+03 2.959083e+01
2.156000e+02 5.478360e+01 9.977278e+01 4.189383e+01 2.863386e+03 2.959125e+01
2.156500e+02 5.475600e+01 9.974413e+01 4.189984e+01 2.863387e+03 2.959166e+01
2.157000e+02 5.473452e+01 9.972159e+01 4.190475e+01 2.863387e+03 2.959208e+01
2.157500e+02 5.471605e+01 9.970205e+01 4.190917e+01 2.863388e+03 2.959249e+01
2.158000e+02 5.470263e+01 9.968755e+01 4.191271e+01 2.863389e+03 2.959290e+01
2.158500e+02 5.469388e+01 9.967771e+01 4.191543e+01 2.863389e+03 2.959332e+01
2.159000e+02 5.469135e+01 9.967406e+01 4.191704e+01 2.863390e+03 2.959373e+01
2.159500e+02 5.470192e+01 9.968347e+01 4.191619e+01 2.863390e+03 2.959414e+01
2.160000e+02 5.477228e+01 9.975249e+01 4.190373e+01 2.863391e+03 2.959456e+01
2.160500e+02 5.474411e+01 9.972329e+01 4.191066e+01 2.863391e+03 2.959497e+01
2.161000e+02 5.470591e+01 9.968408e+01 4.191964e+01 2.863392e+03 2.959538e+01
2.161500e+02 5.467500e+01 9.965213e+01 4.192730e+01 2.863392e+03 2.959580e+01
2.162000e+02 5.465297e+01 9.962904e+01 4.193332e+01 2.863393e+03 2.959621e+01
2.162500e+02 5.464302e+01 9.961800e+01 4.193707e+01 2.863393e+03 2.959662e+01
2.163000e+02 5.463777e+01 9.961165e+01 4.193999e+01 2.863394e+03 2.959703e+01
2.163500e+02 5.463718e+01 9.960993e+01 4.194211e+01 2.863394e+03 2.959745e+01
2.164000e+02 5.463575e+01 9.960738e+01 4.194448e+01 2.863395e+03 2.959786e+01
2.164500e+02 5.462995e+01 9.960048e+01 4.194781e+01 2.863395e+03 2.959827e+01
2.165000e+02 5.462816e+01 9.959757e+01 4.195044e+01 2.863396e+03 2.959868e+01
2.165500e+02 5.462767e+01 9.959595e+01 4.195292e+01 2.863396e+03 2.959910e+01
2.166000e+02 5.462798e+01 9.959514e+01 4.195533e+01 2.863397e+03 2.959951e+01
2.166500e+02 5.462894e+01 9.959497e+01 4.195771e+01 2.863397e+03 2.959992e+01
2.167000e+02 5.463052e+01 9.959543e+01 4.196006e+01 2.863398e+03 2.960033e+01
2.167500e+02 5.463283e+01 9.959660e+01 4.196237e+01 2.863398e+03 2.960074e+01
2.168000e+02 5.463628e+01 9.959892e+01 4.196454e+01 2.863399e+03 2.960115e+01
2.168500e+02 5.464297e+01 9.960447e+01 4.196617e+01 2.863399e+03 2.960157e+01
2.169000e+02 5.464868e+01 9.960904e+01 4.196809e+01 2.863400e+03 2.960198e+01
2.169500e+02 5.464493e+01 9.960417e+01 4.197195e+01 2.863400e+03 2.960239e+01
2.170000e+02 5.464632e+01 9.960443e+01 4.197490e+01 2.863401e+03 2.960280e+01
2.170500e+02 5.464909e+01 9.960608e+01 4.197767e+01 2.863401e+03 2.960321e+01
2.171000e+02 5.465262e+01 9.960846e+01 4.198039e+01 2.863402e+03 2.960362e+01
2.171500e+02 5.465674e+01 9.961145e+01 4.198308e+01 2.863402e+03 2.960403e+01
2.172000e+02 5.466153e+01 9.961510e+01 4.198573e+01 2.863403e+03 2.960444e+01
2.172500e+02 5.466762e+01 9.962006e+01 4.198822e+01 2.863403e+03 2.960485e+01
2.173000e+02 5.467354e+01 9.962483e+01 4.199083e+01 2.863404e+03 2.960526e+01
2.173500e+02 5.468102e+01 9.963117e+01 4.199323e+01 2.863404e+03 2.960567e+01
2.174000e+02 5.469223e+01 9.964121e+01 4.199499e+01 2.863405e+03 2.960608e+01
2.174500e+02 5.471305e+01 9.966085e+01 4.199496e+01 2.863405e+03 2.960649e+01
2.175000e+02 5.479323e+01 9.973966e+01 4.198338e+01 2.863406e+03 2.960690e+01
2.175500e+02 5.473042e+01 9.967592e+01 4.199993e+01 2.863406e+03 2.960731e+01
2.176000e+02 5.471613e+01 9.966055e+01 4.200705e+01 2.863407e+03 2.960772e+01
2.176500e+02 5.471470e+01 9.965800e+01 4.201175e+01 2.863407e+03 2.960813e+01
2.177000e+02 5.471762e+01 9.965978e+01 4.201568e+01 2.863408e+03 2.960854e+01
2.177500e+02 5.472284e+01 9.966387e+01 4.201925e+01 2.863408e+03 2.960895e+01
2.178000e+02 5.472999e+01 9.966987e+01 4.202254e+01 2.863409e+03 2.960936e+01
2.178500e+02 5.474038e+01 9.967911e+01 4.202528e+01 2.863409e+03 2.960977e+01
2.179000e+02 5.474985e+01 9.968742e+01 4.202829e+01 2.863410e+03 2.961018e+01
2.179500e+02 5.476424e+01 9.970065e+01 4.203043e+01 2.863410e+03 2.961059e+01
2.180000e+02 5.478843e+01 9.972364e+01 4.203073e+01 2.863411e+03 2.961100e+01
2.180500e+02 5.483970e+01 9.977363e+01 4.202581e+01 2.863411e+03 2.961141e+01
2.181000e+02 5.503607e+01 9.996829e+01 4.199250e+01 2.863412e+03 2.961182e+01
2.181500e+02 5.495590e+01 9.988724e+01 4.201356e+01 2.863412e+03 2.961223e+01
2.182000e+02 5.484310e+01 9.977365e+01 4.204112e+01 2.863413e+03 2.961264e+01
2.182500e+02 5.481526e+01 9.974477e+01 4.205210e+01 2.863413e+03 2.961304e+01
2.183000e+02 5.480808e+01 9.973649e+01 4.205911e+01 2.863414e+03 2.961345e+01
2.183500e+02 5.480661e+01 9.973390e+01 4.206510e+01 2.863414e+03 2.961386e+01
2.184000e+02 5.480983e+01 9.973599e+01 4.207025e+01 2.863415e+03 2.961427e+01
2.184500e+02 5.481799e+01 9.974300e+01 4.207453e+01 2.863415e+03 2.961468e+01
2.185000e+02 5.481967e+01 9.974356e+01 4.208017e+01 2.863416e+03 2.961509e+01
2.185500e+02 5.482458e+01 9.974732e+01 4.208527e+01 2.863416e+03 2.961550e+01
2.186000e+02 5.483378e+01 9.975538e+01 4.208962e+01 2.863417e+03 2.961591e+01
2.186500e+02 5.483644e+01 9.975690e+01 4.209535e+01 2.863417e+03 2.961631e+01
2.187000e+02 5.484328e+01 9.976260e+01 4.210036e+01 2.863418e+03 2.961672e+01
2.187500e+02 5.484976e+01 9.976793e+01 4.210552e+01 2.863418e+03 2.961713e+01
2.188000e+02 5.485661e+01 9.977364e+01 4.211071e+01 2.863418e+03 2.961754e+01
2.188500e+02 5.486429e+01 9.978017e+01 4.211583e+01 2.863419e+03 2.961795e+01
2.189000e+02 5.487255e+01 9.978729e+01 4.212093e+01 2.863419e+03 2.961835e+01
2.189500e+02 5.488149e+01 9.979508e+01 4.212600e+01 2.863420e+03 2.961876e+01
2.190000e+02 5.489145e+01 9.980388e+01 4.213096e+01 2.863420e+03 2.961917e+01
2.190500e+02 5.490350e+01 9.981477e+01 4.213560e+01 2.863421e+03 2.961958e+01
2.191000e+02 5.492264e+01 9.983273e+01 4.213895e+01 2.863421e+03 2.961999e+01
2.191500e+02 5.494977e+01 9.985865e+01 4.214082e+01 2.863422e+03 2.962039e+01
2.192000e+02 5.494266e+01 9.985044e+01 4.214953e+01 2.863422e+03 2.962080e+01
2.192500e+02 5.496051e+01 9.986711e+01 4.215343e+01 2.863423e+03 2.962121e+01
2.193000e+02 5.501604e+01 9.992135e+01 4.215000e+01 2.863423e+03 2.962162e+01
2.193500e+02 5.500887e+01 9.991308e+01 4.215902e+01 2.863424e+03 2.962202e+01
2.194000e+02 5.498206e+01 9.988522e+01 4.217201e+01 2.863424e+03 2.962243e+01
2.194500e+02 5.497955e+01 9.988160e+01 4.218032e+01 2.863425e+03 2.962284e+01
2.195000e+02 5.498354e+01 9.988446e+01 4.218745e+01 2.863425e+03 2.962325e+01
2.195500e+02 5.499041e+01 9.989018e+01 4.219412e+01 2.863426e+03 2.962365e+01
2.196000e+02 5.499834e+01 9.989697e+01 4.220068e+01 2.863426e+03 2.962406e+01
2.196500e+02 5.500735e+01 9.990483e+01 4.220714e+01 2.863427e+03 2.962447e+01
2.197000e+02 5.501730e+01 9.991362e+01 4.221352e+01 2.863427e+03 2.962488e+01
2.197500e+02 5.502829e+01 9.992346e+01 4.221980e+01 2.863428e+03 2.962528e+01
2.198000e+02 5.504088e+01 9.993488e+01 4.222587e+01 2.863428e+03 2.962569e+01
2.198500e+02 5.505681e+01 9.994964e+01 4.223140e+01 2.863429e+03 2.962610e+01
2.199000e+02 5.508321e+01 9.997484e+01 4.223496e+01 2.863429e+03 2.962651e+01
2.199500e+02 5.520435e+01 1.000945e+02 4.221993e+01 2.863430e+03 2.962691e+01
2.200000e+02 5.510374e+01 9.999306e+01 4.224880e+01 2.863430e+03 2.962732e+01
2.200500e+02 5.509981e+01 9.998801e+01 4.225870e+01 2.863431e+03 2.962773e+01
2.201000e+02 5.510390e+01 9.999097e+01 4.226713e+01 2.863431e+03 2.962813e+01
2.201500e+02 5.511188e+01 9.999780e+01 4.227491e+01 2.863432e+03 2.962854e+01
2.202000e+02 5.512153e+01 1.000063e+02 4.228248e+01 2.863432e+03 2.962895e+01
2.202500e+02 5.513209e+01 1.000157e+02 4.229000e+01 2.863433e+03 2.962935e+01
2.203000e+02 5.514332e+01 1.000258e+02 4.229750e+01 2.863433e+03 2.962976e+01
2.203500e+02 5.515522e+01 1.000365e+02 4.230499e+01 2.863434e+03 2.963017e+01
2.204000e+02 5.516972e+01 1.000499e+02 4.231210e+01 2.863434e+03 2.963058e+01
2.204500e+02 5.517916e+01 1.000581e+02 4.232034e+01 2.863435e+03 2.963098e+01
2.205000e+02 5.519142e+01 1.000692e+02 4.232815e+01 2.863435e+03 2.963139e+01
2.205500e+02 5.520474e+01 1.000814e+02 4.233588e+01 2.863435e+03 2.963180e+01
2.206000e+02 5.521982e+01 1.000953e+02 4.234340e+01 2.863436e+03 2.963220e+01
2.206500e+02 5.523945e+01 1.001138e+02 4.235016e+01 2.863436e+03 2.963261e+01
2.207000e+02 5.528377e+01 1.001568e+02 4.235216e+01 2.863437e+03 2.963302e+01
2.207500e+02 5.529318e+01 1.001651e+02 4.236122e+01 2.863437e+03 2.963342e+01
2.208000e+02 5.527856e+01 1.001494e+02 4.237519e+01 2.863438e+03 2.963383e+01
2.208500e+02 5.528402e+01 1.001537e+02 4.238533e+01 2.863438e+03 2.963424e+01
2.209000e+02 5.529434e+01 1.001629e+02 4.239466e+01 2.863439e+03 2.963464e+01
2.209500e+02 5.530648e+01 1.001738e+02 4.240378e+01 2.863439e+03 2.963505e+01
2.210000e+02 5.531963e+01 1.001858e+02 4.241285e+01 2.863440e+03 2.963546e+01
2.210500e+02 5.533353e+01 1.001986e+02 4.242194e+01 2.863440e+03 2.963586e+01
2.211000e+02 5.534819e+01 1.002120e+02 4.243104e+01 2.863441e+03 2.963627e+01
2.211500e+02 5.536382e+01 1.002265e+02 4.244012e+01 2.863441e+03 2.963668e+01
2.212000e+02 5.538108e+01 1.002426e+02 4.244904e+01 2.863442e+03 2.963708e+01
2.212500e+02 5.540210e+01 1.002624e+02 4.245738e+01 2.863442e+03 2.963749e+01
2.213000e+02 5.543780e+01 1.002969e+02 4.246299e+01 2.863443e+03 2.963790e+01
2.213500e+02 5.544457e+01 1.003025e+02 4.247454e+01 2.863443e+03 2.963830e+01
2.214000e+02 5.544623e+01 1.003030e+02 4.248729e+01 2.863444e+03 2.963871e+01
2.214500e+02 5.545624e+01 1.003119e+02 4.249857e+01 2.863444e+03 2.963912e+01
2.215000e+02 5.546896e+01 1.003235e+02 4.250951e+01 2.863445e+03 2.963952e+01
2.215500e+02 5.548384e+01 1.003372e+02 4.252022e+01 2.863445e+03 2.963993e+01
2.216000e+02 5.549893e+01 1.003511e+02 4.253110e+01 2.863446e+03 2.964034e+01
2.216500e+02 5.551443e+01 1.003654e+02 4.254211e+01 2.863446e+03 2.964075e+01
2.217000e+02 5.553068e+01 1.003805e+02 4.255319e+01 2.863447e+03 2.964115e+01
2.217500e+02 5.554740e+01 1.003960e+02 4.256440e+01 2.863447e+03 2.964156e+01
2.218000e+02 5.556452e+01 1.004120e+02 4.257577e+01 2.863448e+03 2.964197e+01
2.218500e+02 5.558203e+01 1.004283e+02 4.258729e+01 2.863448e+03 2.964237e+01
2.219000e+02 5.559988e+01 1.004450e+02 4.259899e+01 2.863449e+03 2.964278e+01
2.219500e+02 5.561811e+01 1.004620e+02 4.261087e+01 2.863449e+03 2.964319e+01
2.220000e+02 5.563672e+01 1.004795e+02 4.262293e+01 2.863450e+03 2.964359e+01
2.220500e+02 5.565572e+01 1.004973e+02 4.263518e+01 2.863450e+03 2.964400e+01
2.221000e+02 5.567516e+01 1.005156e+02 4.264762e+01 2.863451e+03 2.964441e+01
2.221500e+02 5.569508e+01 1.005343e+02 4.266025e+01 2.863451e+03 2.964481e+01
2.222000e+02 5.571558e+01 1.005536e+02 4.267305e+01 2.863451e+03 2.964522e+01
2.222500e+02 5.573683e+01 1.005737e+02 4.268601e+01 2.863452e+03 2.964563e+01
2.223000e+02 5.575924e+01 1.005949e+02 4.269905e+01 2.863452e+03 2.964604e+01
2.223500e+02 5.578401e+01 1.006185e+02 4.271193e+01 2.863453e+03 2.964644e+01
2.224000e+02 5.581642e+01 1.006496e+02 4.272362e+01 2.863453e+03 2.964685e+01
2.224500e+02 5.584480e+01 1.006768e+02 4.273646e+01 2.863454e+03 2.964726e+01
2.225000e+02 5.585132e+01 1.006822e+02 4.275404e+01 2.863454e+03 2.964766e+01
2.225500e+02 5.586957e+01 1.006993e+02 4.276964e+01 2.863455e+03 2.964807e+01
2.226000e+02 5.589085e+01 1.007194e+02 4.278501e+01 2.863455e+03 2.964848e+01
2.226500e+02 5.591359e+01 1.007409e+02 4.280048e+01 2.863456e+03 2.964888e+01
2.227000e+02 5.593732e+01 1.007634e+02 4.281615e+01 2.863456e+03 2.964929e+01
2.227500e+02 5.596196e+01 1.007869e+02 4.283207e+01 2.863457e+03 2.964970e+01
2.228000e+02 5.598716e+01 1.008109e+02 4.284831e+01 2.863457e+03 2.965011e+01
2.228500e+02 5.601321e+01 1.008357e+02 4.286484e+01 2.863458e+03 2.965051e+01
2.229000e+02 5.604014e+01 1.008615e+02 4.288165e+01 2.863458e+03 2.965092e+01
2.229500e+02 5.606819e+01 1.008883e+02 4.289873e+01 2.863459e+03 2.965133e+01
2.230000e+02 5.609905e+01 1.009179e+02 4.291574e+01 2.863459e+03 2.965173e+01
2.230500e+02 5.612910e+01 1.009468e+02 4.293343e+01 2.863460e+03 2.965214e+01
2.231000e+02 5.616039e+01 1.009768e+02 4.295142e+01 2.863460e+03 2.965255e+01
2.231500e+02 5.619346e+01 1.010087e+02 4.296960e+01 2.863461e+03 2.965296e+01
2.232000e+02 5.624105e+01 1.010550e+02 4.298542e+01 2.863461e+03 2.965336e+01
2.232500e+02 5.628347e+01 1.010962e+02 4.300289e+01 2.863462e+03 2.965377e+01
2.233000e+02 5.630655e+01 1.011181e+02 4.302489e+01 2.863462e+03 2.965418e+01
2.233500e+02 5.632466e+01 1.011350e+02 4.304854e+01 2.863463e+03 2.965458e+01
2.234000e+02 5.636658e+01 1.011757e+02 4.306803e+01 2.863463e+03 2.965499e+01
2.234500e+02 5.638622e+01 1.011941e+02 4.309272e+01 2.863464e+03 2.965540e+01
2.235000e+02 5.641685e+01 1.012235e+02 4.311591e+01 2.863464e+03 2.965581e+01
2.235500e+02 5.645147e+01 1.012569e+02 4.313902e+01 2.863465e+03 2.965621e+01
2.236000e+02 5.648826e+01 1.012925e+02 4.316245e+01 2.863465e+03 2.965662e+01
2.236500e+02 5.652687e+01 1.013299e+02 4.318630e+01 2.863466e+03 2.965703e+01
2.237000e+02 5.656748e+01 1.013692e+02 4.321055e+01 2.863466e+03 2.965743e+01
2.237500e+02 5.661056e+01 1.014111e+02 4.323513e+01 2.863466e+03 2.965784e+01
2.238000e+02 5.665687e+01 1.014561e+02 4.325991e+01 2.863467e+03 2.965824e+01
2.238500e+02 5.671535e+01 1.015133e+02 4.328310e+01 2.863467e+03 2.965865e+01
2.239000e+02 5.683920e+01 1.016356e+02 4.329384e+01 2.863468e+03 2.965906e+01
2.239500e+02 5.680057e+01 1.015960e+02 4.333868e+01 2.863468e+03 2.965946e+01
2.240000e+02 5.683702e+01 1.016312e+02 4.336915e+01 2.863469e+03 2.965987e+01
2.240500e+02 5.688169e+01 1.016746e+02 4.339892e+01 2.863469e+03 2.966027e+01
2.241000e+02 5.692891e+01 1.017206e+02 4.342916e+01 2.863470e+03 2.966068e+01
2.241500e+02 5.697928e+01 1.017697e+02 4.345976e+01 2.863470e+03 2.966108e+01
2.242000e+02 5.703190e+01 1.018210e+02 4.349093e+01 2.863471e+03 2.966148e+01
2.242500e+02 5.708656e+01 1.018744e+02 4.352271e+01 2.863471e+03 2.966189e+01
2.243000e+02 5.714322e+01 1.019298e+02 4.355512e+01 2.863472e+03 2.966229e+01
2.243500e+02 5.720193e+01 1.019872e+02 4.358815e+01 2.863472e+03 2.966269e+01
2.244000e+02 5.726279e+01 1.020467e+02 4.362178e+01 2.863473e+03 2.966309e+01
2.244500e+02 5.732599e+01 1.021086e+02 4.365596e+01 2.863473e+03 2.966350e+01
2.245000e+02 5.739181e+01 1.021731e+02 4.369060e+01 2.863474e+03 2.966390e+01
2.245500e+02 5.746078e+01 1.022408e+02 4.372559e+01 2.863474e+03 2.966430e+01
2.246000e+02 5.753392e+01 1.023126e+02 4.376066e+01 2.863475e+03 2.966470e+01
2.246500e+02 5.761356e+01 1.023908e+02 4.379530e+01 2.863475e+03 2.966509e+01
2.247000e+02 5.770679e+01 1.024827e+02 4.382797e+01 2.863476e+03 2.966549e+01
2.247500e+02 5.785460e+01 1.026289e+02 4.385009e+01 2.863476e+03 2.966589e+01
2.248000e+02 5.793012e+01 1.027031e+02 4.388791e+01 2.863477e+03 2.966628e+01
2.248500e+02 5.831172e+01 1.030825e+02 4.386260e+01 2.863477e+03 2.966668e+01
2.249000e+02 5.806876e+01 1.028391e+02 4.396788e+01 2.863478e+03 2.966707e+01
2.249500e+02 5.809862e+01 1.028677e+02 4.401675e+01 2.863478e+03 2.966746e+01
2.250000e+02 5.817582e+01 1.029436e+02 4.405598e+01 2.863479e+03 2.966785e+01
2.250500e+02 5.825568e+01 1.030221e+02 4.409472e+01 2.863479e+03 2.966824e+01
2.251000e+02 5.832469e+01 1.030898e+02 4.413563e+01 2.863480e+03 2.966863e+01
2.251500e+02 5.841163e+01 1.031754e+02 4.417247e+01 2.863480e+03 2.966902e+01
2.252000e+02 5.850739e+01 1.032697e+02 4.420692e+01 2.863481e+03 2.966940e+01
2.252500e+02 5.859411e+01 1.033551e+02 4.424250e+01 2.863481e+03 2.966978e+01
2.253000e+02 5.869050e+01 1.034501e+02 4.427502e+01 2.863482e+03 2.967017e+01
2.253500e+02 5.879179e+01 1.035499e+02 4.430520e+01 2.863482e+03 2.967055e+01
2.254000e+02 5.889799e+01 1.036547e+02 4.433275e+01 2.863483e+03 2.967093e+01
2.254500e+02 5.900950e+01 1.037648e+02 4.435728e+01 2.863483e+03 2.967130e+01
2.255000e+02 5.912736e+01 1.038812e+02 4.437827e+01 2.863484e+03 2.967168e+01
2.255500e+02 5.925321e+01 1.040056e+02 4.439508e+01 2.863484e+03 2.967205e+01
2.256000e+02 5.938965e+01 1.041405e+02 4.440685e+01 2.863485e+03 2.967242e+01
2.256500e+02 5.954091e+01 1.042902e+02 4.441240e+01 2.863485e+03 2.967279e+01
2.257000e+02 5.971398e+01 1.044617e+02 4.441006e+01 2.863486e+03 2.967316e+01
2.257500e+02 5.992231e+01 1.046683e+02 4.439681e+01 2.863486e+03 2.967353e+01
2.258000e+02 6.018812e+01 1.049323e+02 4.436786e+01 2.863487e+03 2.967390e+01
2.258500e+02 6.049900e+01 1.052412e+02 4.432542e+01 2.863487e+03 2.967426e+01
2.259000e+02 6.096719e+01 1.057070e+02 4.424274e+01 2.863488e+03 2.967463e+01
2.259500e+02 6.173826e+01 1.064749e+02 4.408576e+01 2.863488e+03 2.967499e+01
2.260000e+02 6.328654e+01 1.080182e+02 4.375713e+01 2.863491e+03 2.967536e+01
2.260500e+02 7.023751e+01 1.149527e+02 4.227386e+01 2.863488e+03 2.967572e+01
2.261000e+02 6.522840e+01 1.099532e+02 4.333513e+01 2.863485e+03 2.967609e+01
2.261500e+02 6.235002e+01 1.070806e+02 4.393874e+01 2.863486e+03 2.967646e+01
2.262000e+02 6.135862e+01 1.060906e+02 4.413718e+01 2.863487e+03 2.967683e+01
2.262500e+02 6.078022e+01 1.055126e+02 4.424460e+01 2.863488e+03 2.967720e+01
2.263000e+02 6.040663e+01 1.051389e+02 4.430561e+01 2.863488e+03 2.967758e+01
2.263500e+02 6.013525e+01 1.048671e+02 4.434236e+01 2.863489e+03 2.967795e+01
2.264000e+02 5.992362e+01 1.046550e+02 4.436418e+01 2.863489e+03 2.967833e+01
2.264500e+02 5.975051e+01 1.044812e+02 4.437591e+01 2.863490e+03 2.967871e+01
2.265000e+02 5.960459e+01 1.043346e+02 4.438023e+01 2.863490e+03 2.967909e+01
2.265500e+02 5.948081e+01 1.042100e+02 4.437853e+01 2.863491e+03 2.967947e+01
2.266000e+02 5.939064e+01 1.041189e+02 4.436864e+01 2.863491e+03 2.967986e+01
2.266500e+02 5.926319e+01 1.039907e+02 4.436583e+01 2.863492e+03 2.968024e+01
2.267000e+02 5.915832e+01 1.038850e+02 4.435767e+01 2.863492e+03 2.968063e+01
2.267500e+02 5.905935e+01 1.037852e+02 4.434791e+01 2.863493e+03 2.968102e+01
2.268000e+02 5.897323e+01 1.036982e+02 4.433529e+01 2.863493e+03 2.968141e+01
2.268500e+02 5.889833e+01 1.036224e+02 4.432032e+01 2.863494e+03 2.968180e+01
2.269000e+02 5.881948e+01 1.035426e+02 4.430639e+01 2.863494e+03 2.968219e+01
2.269500e+02 5.874418e+01 1.034664e+02 4.429204e+01 2.863495e+03 2.968258e+01
2.270000e+02 5.867601e+01 1.033973e+02 4.427666e+01 2.863495e+03 2.968298e+01
2.270500e+02 5.861259e+01 1.033330e+02 4.426086e+01 2.863496e+03 2.968337e+01
2.271000e+02 5.855321e+01 1.032726e+02 4.424489e+01 2.863496e+03 2.968377e+01
2.271500e+02 5.849746e+01 1.032159e+02 4.422891e+01 2.863497e+03 2.968417e+01
2.272000e+02 5.844507e+01 1.031626e+02 4.421305e+01 2.863497e+03 2.968457e+01
2.272500e+02 5.839593e+01 1.031124e+02 4.419739e+01 2.863498e+03 2.968497e+01
2.273000e+02 5.834981e+01 1.030653e+02 4.418202e+01 2.863498e+03 2.968537e+01
2.273500e+02 5.830650e+01 1.030210e+02 4.416702e+01 2.863499e+03 2.968577e+01
2.274000e+02 5.826569e+01 1.029792e+02 4.415248e+01 2.863499e+03 2.968617e+01
2.274500e+02 5.822712e+01 1.029396e+02 4.413847e+01 2.863500e+03 2.968657e+01
2.275000e+02 5.819130e+01 1.029028e+02 4.412490e+01 2.863500e+03 2.968698e+01
2.275500e+02 5.815747e+01 1.028679e+02 4.411192e+01 2.863501e+03 2.968738e+01
2.276000e+02 5.812625e+01 1.028357e+02 4.409942e+01 2.863501e+03 2.968779e+01
2.276500e+02 5.809750e+01 1.028059e+02 4.408740e+01 2.863502e+03 2.968819e+01
2.277000e+02 5.807158e+01 1.027789e+02 4.407579e+01 2.863502e+03 2.968860e+01
2.277500e+02 5.805156e+01 1.027578e+02 4.406394e+01 2.863503e+03 2.968900e+01
2.278000e+02 5.802511e+01 1.027303e+02 4.405440e+01 2.863503e+03 2.968941e+01
2.278500e+02 5.800160e+01 1.027058e+02 4.404519e+01 2.863504e+03 2.968981e+01
2.279000e+02 5.798280e+01 1.026859e+02 4.403593e+01 2.863504e+03 2.969022e+01
2.279500e+02 5.796848e+01 1.026705e+02 4.402665e+01 2.863505e+03 2.969063e+01
2.280000e+02 5.794645e+01 1.026474e+02 4.401986e+01 2.863505e+03 2.969103e+01
2.280500e+02 5.793052e+01 1.026304e+02 4.401267e+01 2.863506e+03 2.969144e+01
2.281000e+02 5.791695e+01 1.026157e+02 4.400581e+01 2.863506e+03 2.969185e+01
2.281500e+02 5.790470e+01 1.026024e+02 4.399949e+01 2.863507e+03 2.969226e+01
2.282000e+02 5.789431e+01 1.025909e+02 4.399357e+01 2.863507e+03 2.969266e+01
2.282500e+02 5.788579e+01 1.025813e+02 4.398804e+01 2.863508e+03 2.969307e+01
2.283000e+02 5.788192e+01 1.025763e+02 4.398227e+01 2.863508e+03 2.969348e+01
2.283500e+02 5.787262e+01 1.025659e+02 4.397836e+01 2.863509e+03 2.969389e+01
2.284000e+02 5.786649e+01 1.025587e+02 4.397448e+01 2.863509e+03 2.969430e+01
2.284500e+02 5.786258e+01 1.025537e+02 4.397081e+01 2.863510e+03 2.969470e+01
2.285000e+02 5.786022e+01 1.025502e+02 4.396748e+01 2.863510e+03 2.969511e+01
2.285500e+02 5.785928e+01 1.025481e+02 4.396447e+01 2.863511e+03 2.969552e+01
2.286000e+02 5.785977e+01 1.025475e+02 4.396178e+01 2.863511e+03 2.969593e+01
2.286500e+02 5.786170e+01 1.025483e+02 4.395937e+01 2.863512e+03 2.969634e+01
2.287000e+02 5.786516e+01 1.025506e+02 4.395722e+01 2.863512e+03 2.969675e+01
2.287500e+02 5.787031e+01 1.025546e+02 4.395526e+01 2.863513e+03 2.969716e+01
2.288000e+02 5.787734e+01 1.025605e+02 4.395343e+01 2.863513e+03 2.969757e+01
2.288500e+02 5.788539e+01 1.025674e+02 4.395191e+01 2.863514e+03 2.969797e+01
2.289000e+02 5.789597e+01 1.025768e+02 4.395036e+01 2.863514e+03 2.969838e+01
2.289500e+02 5.790921e+01 1.025889e+02 4.394872e+01 2.863515e+03 2.969879e+01
2.290000e+02 5.792604e+01 1.026046e+02 4.394681e+01 2.863515e+03 2.969920e+01
2.290500e+02 5.795055e+01 1.026279e+02 4.394373e+01 2.863516e+03 2.969961e+01
2.291000e+02 5.797266e+01 1.026488e+02 4.394159e+01 2.863516e+03 2.970002e+01
2.291500e+02 5.799502e+01 1.026700e+02 4.393981e+01 2.863517e+03 2.970043e+01
2.292000e+02 5.802909e+01 1.027028e+02 4.393599e+01 2.863517e+03 2.970084e+01
2.292500e+02 5.807477e+01 1.027472e+02 4.393013e+01 2.863518e+03 2.970125e+01
2.293000e+02 5.813755e+01 1.028087e+02 4.392109e+01 2.863519e+03 2.970166e+01
2.293500e+02 5.822871e+01 1.028985e+02 4.390650e+01 2.863519e+03 2.970206e+01
2.294000e+02 5.837260e+01 1.030408e+02 4.388127e+01 2.863520e+03 2.970247e+01
2.294500e+02 5.862485e+01 1.032912e+02 4.383379e+01 2.863520e+03 2.970288e+01
2.295000e+02 5.917122e+01 1.038348e+02 4.372533e+01 2.863521e+03 2.970329e+01
2.295500e+02 6.095835e+01 1.056158e+02 4.335848e+01 2.863521e+03 2.970370e+01
2.296000e+02 6.096829e+01 1.056246e+02 4.336238e+01 2.863520e+03 2.970411e+01
2.296500e+02 5.922227e+01 1.038824e+02 4.373272e+01 2.863521e+03 2.970452e+01
2.297000e+02 5.871232e+01 1.033728e+02 4.384566e+01 2.863522e+03 2.970493e+01
2.297500e+02 5.849551e+01 1.031555e+02 4.389777e+01 2.863522e+03 2.970534e+01
2.298000e+02 5.838881e+01 1.030480e+02 4.392720e+01 2.863523e+03 2.970575e+01
2.298500e+02 5.833521e+01 1.029934e+02 4.394583e+01 2.863523e+03 2.970616e+01
2.299000e+02 5.831104e+01 1.029682e+02 4.395858e+01 2.863524e+03 2.970657e+01
2.299500e+02 5.830594e+01 1.029620e+02 4.396760e+01 2.863524e+03 2.970697e+01
2.300000e+02 5.831757e+01 1.029724e+02 4.397337e+01 2.863525e+03 2.970738e+01
2.300500e+02 5.833642e+01 1.029901e+02 4.397788e+01 2.863526e+03 2.970779e+01
2.301000e+02 5.835369e+01 1.030062e+02 4.398294e+01 2.863526e+03 2.970820e+01
2.301500e+02 5.837248e+01 1.030238e+02 4.398791e+01 2.863527e+03 2.970861e+01
2.302000e+02 5.840417e+01 1.030543e+02 4.399040e+01 2.863527e+03 2.970902e+01
2.302500e+02 5.844384e+01 1.030927e+02 4.399144e+01 2.863528e+03 2.970943e+01
2.303000e+02 5.849225e+01 1.031399e+02 4.399086e+01 2.863528e+03 2.970984e+01
2.303500e+02 5.855541e+01 1.032017e+02 4.398739e+01 2.863529e+03 2.971025e+01
2.304000e+02 5.861248e+01 1.032575e+02 4.398540e+01 2.863529e+03 2.971066e+01
2.304500e+02 5.869326e+01 1.033369e+02 4.397864e+01 2.863530e+03 2.971107e+01
2.305000e+02 5.881104e+01 1.034532e+02 4.396433e+01 2.863531e+03 2.971148e+01
2.305500e+02 5.895909e+01 1.035997e+02 4.394386e+01 2.863531e+03 2.971189e+01
2.306000e+02 5.890778e+01 1.035474e+02 4.396528e+01 2.863532e+03 2.971230e+01
2.306500e+02 5.894727e+01 1.035857e+02 4.396789e+01 2.863532e+03 2.971270e+01
2.307000e+02 5.901922e+01 1.036563e+02 4.396388e+01 2.863533e+03 2.971311e+01
2.307500e+02 5.911935e+01 1.037550e+02 4.395414e+01 2.863534e+03 2.971352e+01
2.308000e+02 5.925151e+01 1.038856e+02 4.393785e+01 2.863534e+03 2.971393e+01
2.308500e+02 5.942475e+01 1.040573e+02 4.391312e+01 2.863535e+03 2.971434e+01
2.309000e+02 5.965471e+01 1.042854e+02 4.387665e+01 2.863536e+03 2.971475e+01
2.309500e+02 5.996774e+01 1.045964e+02 4.382290e+01 2.863537e+03 2.971516e+01
2.310000e+02 6.040995e+01 1.050363e+02 4.374219e+01 2.863537e+03 2.971557e+01
2.310500e+02 6.106766e+01 1.056910e+02 4.361638e+01 2.863539e+03 2.971598e+01
2.311000e+02 6.212491e+01 1.067443e+02 4.340679e+01 2.863540e+03 2.971639e+01
2.311500e+02 6.393777e+01 1.085514e+02 4.303855e+01 2.863542e+03 2.971680e+01
2.312000e+02 6.769306e+01 1.122966e+02 4.226211e+01 2.863543e+03 2.971721e+01
2.312500e+02 7.826653e+01 1.228485e+02 4.005164e+01 2.863544e+03 2.971762e+01
2.313000e+02 8.476512e+01 1.293359e+02 3.869639e+01 2.863533e+03 2.971803e+01
2.313500e+02 6.941862e+01 1.140150e+02 4.193687e+01 2.863528e+03 2.971844e+01
2.314000e+02 6.473968e+01 1.093456e+02 4.293381e+01 2.863532e+03 2.971885e+01
2.314500e+02 6.261737e+01 1.072276e+02 4.339345e+01 2.863533e+03 2.971926e+01
2.315000e+02 6.146693e+01 1.060791e+02 4.364898e+01 2.863535e+03 2.971967e+01
2.315500e+02 6.077516e+01 1.053881e+02 4.380828e+01 2.863535e+03 2.972008e+01
2.316000e+02 6.032991e+01 1.049429e+02 4.391591e+01 2.863537e+03 2.972049e+01
2.316500e+02 6.002983e+01 1.046426e+02 4.399317e+01 2.863537e+03 2.972090e+01
2.317000e+02 5.982136e+01 1.044336e+02 4.405132e+01 2.863539e+03 2.972131e+01
2.317500e+02 5.967406e+01 1.042856e+02 4.409674e+01 2.863539e+03 2.972171e+01
2.318000e+02 5.956973e+01 1.041804e+02 4.413325e+01 2.863540e+03 2.972212e+01
2.318500e+02 5.949729e+01 1.041071e+02 4.416317e+01 2.863540e+03 2.972253e+01
2.319000e+02 5.945084e+01 1.040596e+02 4.418772e+01 2.863541e+03 2.972294e+01
2.319500e+02 5.943369e+01 1.040414e+02 4.420620e+01 2.863542e+03 2.972335e+01
2.320000e+02 5.946922e+01 1.040757e+02 4.421365e+01 2.863543e+03 2.972376e+01
2.320500e+02 5.939733e+01 1.040029e+02 4.424383e+01 2.863543e+03 2.972417e+01
2.321000e+02 5.938839e+01 1.039929e+02 4.426078e+01 2.863544e+03 2.972458e+01
2.321500e+02 5.939466e+01 1.039980e+02 4.427455e+01 2.863544e+03 2.972499e+01
2.322000e+02 5.941061e+01 1.040128e+02 4.428629e+01 2.863545e+03 2.972540e+01
2.322500e+02 5.943445e+01 1.040354e+02 4.429635e+01 2.863545e+03 2.972581e+01
2.323000e+02 5.946555e+01 1.040653e+02 4.430484e+01 2.863546e+03 2.972622e+01
2.323500e+02 5.950395e+01 1.041025e+02 4.431172e+01 2.863546e+03 2.972663e+01
2.324000e+02 5.955071e+01 1.041480e+02 4.431676e+01 2.863547e+03 2.972704e+01
2.324500e+02 5.960974e+01 1.042057e+02 4.431911e+01 2.863548e+03 2.972745e+01
2.325000e+02 5.970052e+01 1.042951e+02 4.431462e+01 2.863548e+03 2.972786e+01
2.325500e+02 5.976082e+01 1.043541e+02 4.431645e+01 2.863549e+03 2.972827e+01
2.326000e+02 5.979196e+01 1.043840e+02 4.432433e+01 2.863550e+03 2.972867e+01
2.326500e+02 5.986145e+01 1.044522e+02 4.432394e+01 2.863550e+03 2.972908e+01
2.327000e+02 5.997138e+01 1.045607e+02 4.431482e+01 2.863551e+03 2.972949e+01
2.327500e+02 6.004488e+01 1.046328e+02 4.431328e+01 2.863551e+03 2.972990e+01
2.328000e+02 6.009913e+01 1.046858e+02 4.431569e+01 2.863552e+03 2.973031e+01
2.328500e+02 6.018674e+01 1.047720e+02 4.431091e+01 2.863552e+03 2.973072e+01
2.329000e+02 6.029245e+01 1.048763e+02 4.430219e+01 2.863553e+03 2.973113e+01
2.329500e+02 6.042268e+01 1.050050e+02 4.428817e+01 2.863553e+03 2.973154e+01
2.330000e+02 6.058032e+01 1.051611e+02 4.426826e+01 2.863554e+03 2.973195e+01
2.330500e+02 6.067440e+01 1.052538e+02 4.426181e+01 2.863554e+03 2.973236e+01
2.331000e+02 6.081883e+01 1.053967e+02 4.424463e+01 2.863555e+03 2.973277e+01
2.331500e+02 6.098466e+01 1.055609e+02 4.422288e+01 2.863556e+03 2.973318e+01
2.332000e+02 6.117099e+01 1.057456e+02 4.419678e+01 2.863556e+03 2.973359e+01
2.332500e+02 6.138134e+01 1.059542e+02 4.416558e+01 2.863557e+03 2.973400e+01
2.333000e+02 6.162613e+01 1.061972e+02 4.412708e+01 2.863558e+03 2.973442e+01
2.333500e+02 6.198532e+01 1.065543e+02 4.406426e+01 2.863558e+03 2.973483e+01
2.334000e+02 6.215796e+01 1.067254e+02 4.404119e+01 2.863559e+03 2.973524e+01
2.334500e+02 6.244917e+01 1.070147e+02 4.399293e+01 2.863559e+03 2.973565e+01
2.335000e+02 6.279390e+01 1.073573e+02 4.393331e+01 2.863560e+03 2.973606e+01
2.335500e+02 6.319096e+01 1.077522e+02 4.386259e+01 2.863560e+03 2.973647e+01
2.336000e+02 6.364868e+01 1.082076e+02 4.377897e+01 2.863561e+03 2.973688e+01
2.336500e+02 6.418141e+01 1.087379e+02 4.367939e+01 2.863561e+03 2.973730e+01
2.337000e+02 6.481200e+01 1.093657e+02 4.355895e+01 2.863563e+03 2.973771e+01
2.337500e+02 6.557753e+01 1.101283e+02 4.340971e+01 2.863563e+03 2.973812e+01
2.338000e+02 6.654573e+01 1.110930e+02 4.321718e+01 2.863564e+03 2.973853e+01
2.338500e+02 6.788375e+01 1.124268e+02 4.294558e+01 2.863563e+03 2.973894e+01
2.339000e+02 7.014080e+01 1.146777e+02 4.247740e+01 2.863566e+03 2.973936e+01
2.339500e+02 7.751263e+01 1.220342e+02 4.091484e+01 2.863562e+03 2.973977e+01
2.340000e+02 6.976663e+01 1.143021e+02 4.258603e+01 2.863558e+03 2.974018e+01
2.340500e+02 6.784544e+01 1.123840e+02 4.301160e+01 2.863560e+03 2.974059e+01
2.341000e+02 6.657838e+01 1.111188e+02 4.329750e+01 2.863560e+03 2.974100e+01
2.341500e+02 6.569963e+01 1.102410e+02 4.350053e+01 2.863561e+03 2.974142e+01
2.342000e+02 6.502505e+01 1.095670e+02 4.366006e+01 2.863561e+03 2.974183e+01
2.342500e+02 6.443859e+01 1.089808e+02 4.380090e+01 2.863562e+03 2.974224e+01
2.343000e+02 6.400163e+01 1.085439e+02 4.390989e+01 2.863563e+03 2.974266e+01
2.343500e+02 6.368347e+01 1.082254e+02 4.399357e+01 2.863564e+03 2.974307e+01
2.344000e+02 6.324155e+01 1.077835e+02 4.410393e+01 2.863564e+03 2.974348e+01
2.344500e+02 6.293606e+01 1.074777e+02 4.418519e+01 2.863565e+03 2.974389e+01
2.345000e+02 6.268839e+01 1.072296e+02 4.425419e+01 2.863565e+03 2.974431e+01
2.345500e+02 6.252612e+01 1.070666e+02 4.430498e+01 2.863566e+03 2.974472e+01
2.346000e+02 6.226737e+01 1.068074e+02 4.437662e+01 2.863567e+03 2.974513e+01
2.346500e+02 6.208890e+01 1.066283e+02 4.443114e+01 2.863567e+03 2.974555e+01
2.347000e+02 6.195750e+01 1.064961e+02 4.447567e+01 2.863568e+03 2.974596e+01
2.347500e+02 6.183371e+01 1.063716e+02 4.451867e+01 2.863569e+03 2.974637e+01
2.348000e+02 6.173895e+01 1.062759e+02 4.455555e+01 2.863569e+03 2.974679e+01
2.348500e+02 6.166851e+01 1.062046e+02 4.458730e+01 2.863570e+03 2.974720e+01
2.349000e+02 6.162050e+01 1.061556e+02 4.461432e+01 2.863570e+03 2.974762e+01
2.349500e+02 6.159578e+01 1.061298e+02 4.463643e+01 2.863572e+03 2.974803e+01
2.350000e+02 6.159836e+01 1.061312e+02 4.465276e+01 2.863572e+03 2.974844e+01
2.350500e+02 6.164413e+01 1.061758e+02 4.465987e+01 2.863573e+03 2.974886e+01
2.351000e+02 6.170888e+01 1.062392e+02 4.466297e+01 2.863573e+03 2.974927e+01
2.351500e+02 6.173671e+01 1.062658e+02 4.467411e+01 2.863575e+03 2.974969e+01
2.352000e+02 6.183638e+01 1.063641e+02 4.466984e+01 2.863575e+03 2.975010e+01
2.352500e+02 6.199318e+01 1.065193e+02 4.465332e+01 2.863576e+03 2.975051e+01
2.353000e+02 6.221969e+01 1.067441e+02 4.462181e+01 2.863577e+03 2.975093e+01
2.353500e+02 6.254212e+01 1.070645e+02 4.456965e+01 2.863578e+03 2.975134e+01
2.354000e+02 6.300635e+01 1.075264e+02 4.448688e+01 2.863578e+03 2.975176e+01
2.354500e+02 6.369472e+01 1.082118e+02 4.435568e+01 2.863581e+03 2.975217e+01
2.355000e+02 6.476571e+01 1.092789e+02 4.414171e+01 2.863581e+03 2.975259e+01
2.355500e+02 6.655689e+01 1.110645e+02 4.377183e+01 2.863585e+03 2.975300e+01
2.356000e+02 6.990657e+01 1.144054e+02 4.306432e+01 2.863584e+03 2.975342e+01
2.356500e+02 7.752615e+01 1.220089e+02 4.143121e+01 2.863593e+03 2.975383e+01
2.357000e+02 1.055644e+02 1.500095e+02 3.536821e+01 2.863580e+03 2.975425e+01
2.357500e+02 8.371225e+01 1.281825e+02 4.012333e+01 2.863563e+03 2.975466e+01
2.358000e+02 7.220160e+01 1.166910e+02 4.263652e+01 2.863570e+03 2.975508e+01
2.358500e+02 6.794439e+01 1.124419e+02 4.357744e+01 2.863569e+03 2.975549e+01
2.359000e+02 6.559097e+01 1.100930e+02 4.410598e+01 2.863574e+03 2.975591e+01
2.359500e+02 6.417478e+01 1.086793e+02 4.443157e+01 2.863573e+03 2.975632e+01
2.360000e+02 6.333711e+01 1.078427e+02 4.463191e+01 2.863577e+03 2.975674e+01
2.360500e+02 6.279787e+01 1.073038e+02 4.476767e+01 2.863576e+03 2.975716e+01
2.361000e+02 6.240359e+01 1.069094e+02 4.487213e+01 2.863579e+03 2.975757e+01
2.361500e+02 6.212260e+01 1.066281e+02 4.495215e+01 2.863578e+03 2.975799e+01
2.362000e+02 6.193341e+01 1.064383e+02 4.501237e+01 2.863581e+03 2.975840e+01
2.362500e+02 6.180259e+01 1.063067e+02 4.506003e+01 2.863580e+03 2.975882e+01
2.363000e+02 6.172258e+01 1.062258e+02 4.509676e+01 2.863582e+03 2.975924e+01
2.363500e+02 6.167528e+01 1.061775e+02 4.512651e+01 2.863582e+03 2.975965e+01
2.364000e+02 6.165052e+01 1.061517e+02 4.515147e+01 2.863584e+03 2.976007e+01
2.364500e+02 6.166067e+01 1.061607e+02 4.516894e+01 2.863583e+03 2.976049e+01
2.365000e+02 6.170531e+01 1.062041e+02 4.517901e+01 2.863586e+03 2.976090e+01
2.365500e+02 6.179055e+01 1.062880e+02 4.518034e+01 2.863585e+03 2.976132e+01
2.366000e+02 6.195588e+01 1.064517e+02 4.516430e+01 2.863587e+03 2.976174e+01
2.366500e+02 6.207409e+01 1.065685e+02 4.515865e+01 2.863587e+03 2.976215e+01
2.367000e+02 6.224334e+01 1.067361e+02 4.514195e+01 2.863589e+03 2.976257e+01
2.367500e+02 6.251590e+01 1.070068e+02 4.510278e+01 2.863589e+03 2.976299e+01
2.368000e+02 6.290157e+01 1.073903e+02 4.503896e+01 2.863592e+03 2.976341e+01
2.368500e+02 6.345826e+01 1.079443e+02 4.493781e+01 2.863591e+03 2.976382e+01
2.369000e+02 6.425481e+01 1.087377e+02 4.478419e+01 2.863595e+03 2.976424e+01
2.369500e+02 6.548102e+01 1.099596e+02 4.453649e+01 2.863593e+03 2.976466e+01
2.370000e+02 6.760443e+01 1.120767e+02 4.409213e+01 2.863599e+03 2.976508e+01
2.370500e+02 7.172693e+01 1.161889e+02 4.320919e+01 2.863597e+03 2.976549e+01
2.371000e+02 8.183376e+01 1.262761e+02 4.101235e+01 2.863610e+03 2.976591e+01
2.371500e+02 1.159554e+02 1.603578e+02 3.353738e+01 2.863589e+03 2.976633e+01
2.372000e+02 7.948478e+01 1.239287e+02 4.156744e+01 2.863570e+03 2.976675e+01
2.372500e+02 7.091958e+01 1.153787e+02 4.346911e+01 2.863583e+03 2.976717e+01
2.373000e+02 6.728276e+01 1.117490e+02 4.428930e+01 2.863581e+03 2.976759e+01
2.373500e+02 6.534050e+01 1.098104e+02 4.473786e+01 2.863586e+03 2.976800e+01
2.374000e+02 6.418786e+01 1.086596e+02 4.501337e+01 2.863585e+03 2.976842e+01
2.374500e+02 6.345661e+01 1.079292e+02 4.519662e+01 2.863589e+03 2.976884e+01
2.375000e+02 6.296946e+01 1.074422e+02 4.532651e+01 2.863588e+03 2.976926e+01
2.375500e+02 6.264622e+01 1.071187e+02 4.542061e+01 2.863591e+03 2.976968e+01
2.376000e+02 6.243849e+01 1.069104e+02 4.548956e+01 2.863590e+03 2.977010e+01
2.376500e+02 6.219785e+01 1.066693e+02 4.556602e+01 2.863593e+03 2.977052e+01
2.377000e+02 6.204849e+01 1.065193e+02 4.562263e+01 2.863592e+03 2.977094e+01
2.377500e+02 6.194337e+01 1.064133e+02 4.566975e+01 2.863594e+03 2.977136e+01
2.378000e+02 6.186938e+01 1.063384e+02 4.571026e+01 2.863594e+03 2.977178e+01
2.378500e+02 6.181922e+01 1.062873e+02 4.574578e+01 2.863596e+03 2.977220e+01
2.379000e+02 6.178852e+01 1.062555e+02 4.577726e+01 2.863595e+03 2.977262e+01
2.379500e+02 6.177462e+01 1.062405e+02 4.580531e+01 2.863597e+03 2.977304e+01
2.380000e+02 6.177750e+01 1.062423e+02 4.582994e+01 2.863597e+03 2.977346e+01
2.380500e+02 6.179065e+01 1.062543e+02 4.585258e+01 2.863598e+03 2.977388e+01
2.381000e+02 6.182031e+01 1.062827e+02 4.587186e+01 2.863598e+03 2.977430e+01
2.381500e+02 6.186660e+01 1.063278e+02 4.588774e+01 2.863600e+03 2.977472e+01
2.382000e+02 6.193354e+01 1.063934e+02 4.589935e+01 2.863600e+03 2.977514e+01
2.382500e+02 6.203032e+01 1.064888e+02 4.590465e+01 2.863601e+03 2.977556e+01
2.383000e+02 6.217968e+01 1.066366e+02 4.589859e+01 2.863601e+03 2.977598e+01
2.383500e+02 6.246124e+01 1.069162e+02 4.586348e+01 2.863603e+03 2.977640e+01
2.384000e+02 6.312536e+01 1.075774e+02 4.574363e+01 2.863603e+03 2.977682e+01
2.384500e+02 6.368592e+01 1.081353e+02 4.564700e+01 2.863604e+03 2.977724e+01
2.385000e+02 6.285972e+01 1.073102e+02 4.585917e+01 2.863603e+03 2.977767e+01
2.385500e+02 6.277900e+01 1.072286e+02 4.590599e+01 2.863605e+03 2.977809e+01
2.386000e+02 6.287946e+01 1.073276e+02 4.591288e+01 2.863605e+03 2.977851e+01
2.386500e+02 6.309845e+01 1.075449e+02 4.589376e+01 2.863607e+03 2.977893e+01
2.387000e+02 6.342670e+01 1.078711e+02 4.585064e+01 2.863607e+03 2.977935e+01
2.387500e+02 6.377215e+01 1.082145e+02 4.580404e+01 2.863609e+03 2.977977e+01
2.388000e+02 6.429531e+01 1.087352e+02 4.571811e+01 2.863609e+03 2.978020e+01
2.388500e+02 6.509539e+01 1.095320e+02 4.557061e+01 2.863612e+03 2.978062e+01
2.389000e+02 6.635836e+01 1.107907e+02 4.531980e+01 2.863612e+03 2.978104e+01
2.389500e+02 6.848869e+01 1.129147e+02 4.487486e+01 2.863616e+03 2.978146e+01
2.390000e+02 7.267067e+01 1.170864e+02 4.396985e+01 2.863615e+03 2.978188e+01
2.390500e+02 8.323834e+01 1.276338e+02 4.163087e+01 2.863625e+03 2.978231e+01
2.391000e+02 1.109731e+02 1.553345e+02 3.543027e+01 2.863606e+03 2.978273e+01
2.391500e+02 7.928477e+01 1.236845e+02 4.258190e+01 2.863591e+03 2.978315e+01
2.392000e+02 7.149845e+01 1.159121e+02 4.436549e+01 2.863602e+03 2.978357e+01
2.392500e+02 6.823111e+01 1.126510e+02 4.513528e+01 2.863600e+03 2.978400e+01
2.393000e+02 6.661219e+01 1.110348e+02 4.553570e+01 2.863605e+03 2.978442e+01
2.393500e+02 6.559253e+01 1.100166e+02 4.580236e+01 2.863604e+03 2.978484e+01
2.394000e+02 6.507964e+01 1.095039e+02 4.595587e+01 2.863607e+03 2.978526e+01
2.394500e+02 6.465105e+01 1.090753e+02 4.609128e+01 2.863607e+03 2.978568e+01
2.395000e+02 6.443997e+01 1.088636e+02 4.617851e+01 2.863609e+03 2.978611e+01
2.395500e+02 6.461197e+01 1.090341e+02 4.618003e+01 2.863609e+03 2.978653e+01
2.396000e+02 6.453881e+01 1.089600e+02 4.623775e+01 2.863611e+03 2.978695e+01
2.396500e+02 6.404388e+01 1.084652e+02 4.639183e+01 2.863610e+03 2.978737e+01
2.397000e+02 6.392103e+01 1.083416e+02 4.646264e+01 2.863612e+03 2.978780e+01
2.397500e+02 6.390250e+01 1.083220e+02 4.651072e+01 2.863612e+03 2.978822e+01
2.398000e+02 6.394061e+01 1.083588e+02 4.654684e+01 2.863613e+03 2.978864e+01
2.398500e+02 6.438722e+01 1.088031e+02 4.649102e+01 2.863613e+03 2.978906e+01
2.399000e+02 6.409543e+01 1.085110e+02 4.660390e+01 2.863614e+03 2.978948e+01
2.399500e+02 6.410587e+01 1.085203e+02 4.664901e+01 2.863614e+03 2.978990e+01
2.400000e+02 6.412404e+01 1.085373e+02 4.669331e+01 2.863616e+03 2.979032e+01
2.400500e+02 6.419178e+01 1.086037e+02 4.672723e+01 2.863615e+03 2.979074e+01
2.401000e+02 6.395905e+01 1.083705e+02 4.683070e+01 2.863617e+03 2.979116e+01
2.401500e+02 6.392581e+01 1.083362e+02 4.688961e+01 2.863617e+03 2.979158e+01
2.402000e+02 6.397324e+01 1.083824e+02 4.693099e+01 2.863618e+03 2.979200e+01
2.402500e+02 6.421195e+01 1.086193e+02 4.692942e+01 2.863618e+03 2.979242e+01
2.403000e+02 6.402101e+01 1.084277e+02 4.702722e+01 2.863619e+03 2.979284e+01
2.403500e+02 6.388452e+01 1.082905e+02 4.711346e+01 2.863619e+03 2.979326e+01
2.404000e+02 6.387203e+01 1.082769e+02 4.717206e+01 2.863620e+03 2.979367e+01
2.404500e+02 6.380439e+01 1.082083e+02 4.724415e+01 2.863620e+03 2.979409e+01
2.405000e+02 6.384092e+01 1.082436e+02 4.729295e+01 2.863621e+03 2.979451e+01
2.405500e+02 6.378147e+01 1.081832e+02 4.736452e+01 2.863621e+03 2.979492e+01
2.406000e+02 6.378680e+01 1.081874e+02 4.742170e+01 2.863622e+03 2.979533e+01
2.406500e+02 6.382744e+01 1.082268e+02 4.747114e+01 2.863622e+03 2.979575e+01
2.407000e+02 6.384597e+01 1.082442e+02 4.752601e+01 2.863623e+03 2.979616e+01
2.407500e+02 6.387887e+01 1.082758e+02 4.757774e+01 2.863623e+03 2.979657e+01
2.408000e+02 6.389571e+01 1.082915e+02 4.763324e+01 2.863624e+03 2.979698e+01
2.408500e+02 6.395989e+01 1.083544e+02 4.767760e+01 2.863625e+03 2.979739e+01
2.409000e+02 6.423406e+01 1.086267e+02 4.767273e+01 2.863626e+03 2.979779e+01
2.409500e+02 6.405645e+01 1.084484e+02 4.777256e+01 2.863626e+03 2.979820e+01
2.410000e+02 6.406682e+01 1.084576e+02 4.782792e+01 2.863627e+03 2.979860e+01
2.410500e+02 6.412658e+01 1.085161e+02 4.787083e+01 2.863627e+03 2.979901e+01
2.411000e+02 6.422712e+01 1.086153e+02 4.790301e+01 2.863628e+03 2.979941e+01
2.411500e+02 6.444101e+01 1.088274e+02 4.790718e+01 2.863628e+03 2.979981e+01
2.412000e+02 6.510001e+01 1.094836e+02 4.780518e+01 2.863629e+03 2.980021e+01
2.412500e+02 6.486644e+01 1.092495e+02 4.791056e+01 2.863629e+03 2.980061e+01
2.413000e+02 6.477813e+01 1.091603e+02 4.797977e+01 2.863630e+03 2.980101e+01
2.413500e+02 6.458677e+01 1.089683e+02 4.807091e+01 2.863630e+03 2.980140e+01
2.414000e+02 6.458708e+01 1.089675e+02 4.811446e+01 2.863631e+03 2.980180e+01
2.414500e+02 6.463047e+01 1.090096e+02 4.814518e+01 2.863631e+03 2.980219e+01
2.415000e+02 6.472304e+01 1.091008e+02 4.816136e+01 2.863632e+03 2.980258e+01
2.415500e+02 6.475930e+01 1.091358e+02 4.818632e+01 2.863633e+03 2.980297e+01
2.416000e+02 6.483321e+01 1.092084e+02 4.819482e+01 2.863634e+03 2.980336e+01
2.416500e+02 6.492506e+01 1.092989e+02 4.819290e+01 2.863634e+03 2.980375e+01
2.417000e+02 6.503197e+01 1.094044e+02 4.818367e+01 2.863635e+03 2.980414e+01
2.417500e+02 6.516279e+01 1.095338e+02 4.816546e+01 2.863635e+03 2.980453e+01
2.418000e+02 6.532364e+01 1.096931e+02 4.813678e+01 2.863636e+03 2.980492e+01
2.418500e+02 6.552046e+01 1.098882e+02 4.809624e+01 2.863637e+03 2.980532e+01
2.419000e+02 6.577382e+01 1.101398e+02 4.803908e+01 2.863638e+03 2.980571e+01
2.419500e+02 6.610785e+01 1.104718e+02 4.795962e+01 2.863639e+03 2.980610e+01
2.420000e+02 6.656364e+01 1.109253e+02 4.784758e+01 2.863640e+03 2.980650e+01
2.420500e+02 6.721365e+01 1.115726e+02 4.768612e+01 2.863641e+03 2.980690e+01
2.421000e+02 6.819509e+01 1.125505e+02 4.744376e+01 2.863642e+03 2.980730e+01
2.421500e+02 6.979071e+01 1.141412e+02 4.705405e+01 2.863644e+03 2.980770e+01
2.422000e+02 7.267177e+01 1.170148e+02 4.635867e+01 2.863645e+03 2.980810e+01
2.422500e+02 7.885987e+01 1.231896e+02 4.488026e+01 2.863650e+03 2.980850e+01
2.423000e+02 9.813854e+01 1.424391e+02 4.030668e+01 2.863644e+03 2.980890e+01
2.423500e+02 9.032541e+01 1.346347e+02 4.213680e+01 2.863629e+03 2.980931e+01
2.424000e+02 7.674237e+01 1.210726e+02 4.532609e+01 2.863631e+03 2.980972e+01
2.424500e+02 7.176344e+01 1.161027e+02 4.648061e+01 2.863632e+03 2.981013e+01
2.425000e+02 6.932154e+01 1.136652e+02 4.703514e+01 2.863635e+03 2.981054e+01
2.425500e+02 6.793593e+01 1.122818e+02 4.733986e+01 2.863635e+03 2.981095e+01
2.426000e+02 6.708059e+01 1.114274e+02 4.751923e+01 2.863638e+03 2.981136e+01
2.426500e+02 6.653533e+01 1.108824e+02 4.762546e+01 2.863638e+03 2.981178e+01
2.427000e+02 6.613696e+01 1.104839e+02 4.769721e+01 2.863640e+03 2.981219e+01
2.427500e+02 6.587323e+01 1.102198e+02 4.773756e+01 2.863640e+03 2.981261e+01
2.428000e+02 6.569880e+01 1.100447e+02 4.775733e+01 2.863642e+03 2.981303e+01
2.428500e+02 6.559823e+01 1.099432e+02 4.776030e+01 2.863642e+03 2.981345e+01
2.429000e+02 6.556257e+01 1.099065e+02 4.774868e+01 2.863644e+03 2.981387e+01
2.429500e+02 6.559498e+01 1.099377e+02 4.772184e+01 2.863644e+03 2.981429e+01
2.430000e+02 6.572959e+01 1.100709e+02 4.767183e+01 2.863646e+03 2.981471e+01
2.430500e+02 6.589249e+01 1.102322e+02 4.761609e+01 2.863645e+03 2.981514e+01
2.431000e+02 6.610811e+01 1.104461e+02 4.754893e+01 2.863648e+03 2.981556e+01
2.431500e+02 6.649764e+01 1.108335e+02 4.744199e+01 2.863647e+03 2.981599e+01
2.432000e+02 6.711750e+01 1.114507e+02 4.728210e+01 2.863651e+03 2.981641e+01
2.432500e+02 6.813307e+01 1.124626e+02 4.703057e+01 2.863650e+03 2.981684e+01
2.433000e+02 6.988865e+01 1.142129e+02 4.660682e+01 2.863655e+03 2.981727e+01
2.433500e+02 7.331309e+01 1.176286e+02 4.579338e+01 2.863653e+03 2.981769e+01
2.434000e+02 8.111048e+01 1.254099e+02 4.395692e+01 2.863665e+03 2.981812e+01
2.434500e+02 1.134151e+02 1.576735e+02 3.637886e+01 2.863648e+03 2.981855e+01
2.435000e+02 8.277004e+01 1.270644e+02 4.355111e+01 2.863630e+03 2.981898e+01
2.435500e+02 7.375007e+01 1.180601e+02 4.565518e+01 2.863641e+03 2.981941e+01
2.436000e+02 7.005107e+01 1.143681e+02 4.651387e+01 2.863640e+03 2.981984e+01
2.436500e+02 6.813849e+01 1.124590e+02 4.695524e+01 2.863644e+03 2.982027e+01
2.437000e+02 6.702108e+01 1.113432e+02 4.721140e+01 2.863644e+03 2.982070e+01
2.437500e+02 6.632052e+01 1.106433e+02 4.737088e+01 2.863647e+03 2.982113e+01
2.438000e+02 6.586730e+01 1.101901e+02 4.747335e+01 2.863647e+03 2.982156e+01
2.438500e+02 6.558003e+01 1.099025e+02 4.753783e+01 2.863649e+03 2.982199e+01
2.439000e+02 6.542316e+01 1.097449e+02 4.757262e+01 2.863649e+03 2.982242e+01
2.439500e+02 6.539494e+01 1.097156e+02 4.757810e+01 2.863651e+03 2.982285e+01
2.440000e+02 6.554506e+01 1.098642e+02 4.754264e+01 2.863651e+03 2.982329e+01
2.440500e+02 6.595698e+01 1.102739e+02 4.744671e+01 2.863652e+03 2.982372e+01
2.441000e+02 6.714920e+01 1.114620e+02 4.716908e+01 2.863654e+03 2.982415e+01
2.441500e+02 7.231696e+01 1.166164e+02 4.596254e+01 2.863653e+03 2.982458e+01
2.442000e+02 6.779428e+01 1.121032e+02 4.702232e+01 2.863650e+03 2.982502e+01
2.442500e+02 6.592999e+01 1.102425e+02 4.746110e+01 2.863653e+03 2.982545e+01
2.443000e+02 6.518168e+01 1.094951e+02 4.763962e+01 2.863653e+03 2.982588e+01
2.443500e+02 6.485924e+01 1.091724e+02 4.771917e+01 2.863654e+03 2.982632e+01
2.444000e+02 6.461125e+01 1.089239e+02 4.778189e+01 2.863654e+03 2.982675e+01
2.444500e+02 6.436449e+01 1.086767e+02 4.784487e+01 2.863655e+03 2.982718e+01
2.445000e+02 6.423100e+01 1.085425e+02 4.788190e+01 2.863656e+03 2.982762e+01
2.445500e+02 6.413987e+01 1.084505e+02 4.790954e+01 2.863657e+03 2.982805e+01
2.446000e+02 6.408029e+01 1.083899e+02 4.793028e+01 2.863657e+03 2.982848e+01
2.446500e+02 6.401997e+01 1.083286e+02 4.795167e+01 2.863658e+03 2.982892e+01
2.447000e+02 6.397621e+01 1.082839e+02 4.796964e+01 2.863658e+03 2.982935e+01
2.447500e+02 6.394271e+01 1.082493e+02 4.798564e+01 2.863659e+03 2.982978e+01
2.448000e+02 6.392491e+01 1.082305e+02 4.799839e+01 2.863660e+03 2.983022e+01
2.448500e+02 6.389919e+01 1.082037e+02 4.801340e+01 2.863660e+03 2.983065e+01
2.449000e+02 6.388884e+01 1.081922e+02 4.802520e+01 2.863661e+03 2.983109e+01
2.449500e+02 6.388394e+01 1.081862e+02 4.803609e+01 2.863662e+03 2.983152e+01
2.450000e+02 6.387256e+01 1.081738e+02 4.804887e+01 2.863662e+03 2.983196e+01
2.450500e+02 6.386972e+01 1.081698e+02 4.806000e+01 2.863663e+03 2.983239e+01
2.451000e+02 6.385166e+01 1.081507e+02 4.807502e+01 2.863663e+03 2.983283e+01
2.451500e+02 6.384606e+01 1.081440e+02 4.808746e+01 2.863664e+03 2.983326e+01
2.452000e+02 6.384471e+01 1.081415e+02 4.809920e+01 2.863664e+03 2.983370e+01
2.452500e+02 6.384617e+01 1.081418e+02 4.811059e+01 2.863665e+03 2.983413e+01
2.453000e+02 6.384964e+01 1.081441e+02 4.812181e+01 2.863665e+03 2.983457e+01
2.453500e+02 6.385489e+01 1.081483e+02 4.813288e+01 2.863666e+03 2.983500e+01
2.454000e+02 6.386200e+01 1.081542e+02 4.814379e+01 2.863666e+03 2.983544e+01
2.454500e+02 6.387102e+01 1.081621e+02 4.815451e+01 2.863667e+03 2.983587e+01
2.455000e+02 6.388290e+01 1.081728e+02 4.816481e+01 2.863668e+03 2.983631e+01
2.455500e+02 6.390184e+01 1.081906e+02 4.817369e+01 2.863668e+03 2.983674e+01
2.456000e+02 6.390819e+01 1.081958e+02 4.818577e+01 2.863669e+03 2.983718e+01
2.456500e+02 6.392637e+01 1.082128e+02 4.819530e+01 2.863669e+03 2.983761e+01
2.457000e+02 6.394593e+01 1.082312e+02 4.820472e+01 2.863670e+03 2.983805e+01
2.457500e+02 6.398393e+01 1.082679e+02 4.821002e+01 2.863671e+03 2.983848e+01
2.458000e+02 6.408718e+01 1.083698e+02 4.820018e+01 2.863671e+03 2.983892e+01
2.458500e+02 6.400721e+01 1.082889e+02 4.823363e+01 2.863672e+03 2.983936e+01
2.459000e+02 6.400566e+01 1.082862e+02 4.824884e+01 2.863672e+03 2.983979e+01
2.459500e+02 6.401659e+01 1.082960e+02 4.826129e+01 2.863673e+03 2.984023e+01
2.460000e+02 6.403245e+01 1.083107e+02 4.827277e+01 2.863673e+03 2.984067e+01
2.460500e+02 6.405131e+01 1.083284e+02 4.828372e+01 2.863674e+03 2.984110e+01
2.461000e+02 6.407263e+01 1.083485e+02 4.829426e+01 2.863674e+03 2.984154e+01
2.461500e+02 6.409656e+01 1.083712e+02 4.830435e+01 2.863675e+03 2.984197e+01
2.462000e+02 6.412365e+01 1.083971e+02 4.831386e+01 2.863675e+03 2.984241e+01
2.462500e+02 6.415654e+01 1.084288e+02 4.832215e+01 2.863676e+03 2.984285e+01
2.463000e+02 6.419997e+01 1.084710e+02 4.832811e+01 2.863676e+03 2.984328e+01
2.463500e+02 6.423143e+01 1.085012e+02 4.833704e+01 2.863677e+03 2.984372e+01
2.464000e+02 6.429012e+01 1.085586e+02 4.833969e+01 2.863678e+03 2.984416e+01
2.464500e+02 6.440371e+01 1.086707e+02 4.832950e+01 2.863678e+03 2.984459e+01
2.465000e+02 6.482309e+01 1.090878e+02 4.824717e+01 2.863679e+03 2.984503e+01
2.465500e+02 6.467256e+01 1.089366e+02 4.829963e+01 2.863679e+03 2.984547e+01
2.466000e+02 6.445237e+01 1.087159e+02 4.836872e+01 2.863680e+03 2.984591e+01
2.466500e+02 6.441974e+01 1.086822e+02 4.839360e+01 2.863680e+03 2.984634e+01
2.467000e+02 6.442677e+01 1.086881e+02 4.840924e+01 2.863681e+03 2.984678e+01
2.467500e+02 6.444597e+01 1.087061e+02 4.842212e+01 2.863681e+03 2.984722e+01
2.468000e+02 6.447458e+01 1.087335e+02 4.843288e+01 2.863682e+03 2.984766e+01
2.468500e+02 6.450923e+01 1.087670e+02 4.844233e+01 2.863683e+03 2.984809e+01
2.469000e+02 6.454882e+01 1.088053e+02 4.845072e+01 2.863683e+03 2.984853e+01
2.469500e+02 6.459324e+01 1.088485e+02 4.845806e+01 2.863684e+03 2.984897e+01
2.470000e+02 6.464385e+01 1.088978e+02 4.846403e+01 2.863684e+03 2.984941e+01
2.470500e+02 6.469918e+01 1.089519e+02 4.846898e+01 2.863685e+03 2.984985e+01
2.471000e+02 6.477006e+01 1.090214e+02 4.847034e+01 2.863686e+03 2.985028e+01
2.471500e+02 6.482869e+01 1.090788e+02 4.847468e+01 2.863686e+03 2.985072e+01
2.472000e+02 6.489589e+01 1.091447e+02 4.847707e+01 2.863687e+03 2.985116e+01
2.472500e+02 6.497978e+01 1.092272e+02 4.847558e+01 2.863688e+03 2.985160e+01
2.473000e+02 6.507686e+01 1.093229e+02 4.847103e+01 2.863688e+03 2.985204e+01
2.473500e+02 6.518485e+01 1.094294e+02 4.846395e+01 2.863689e+03 2.985248e+01
2.474000e+02 6.531940e+01 1.095625e+02 4.845062e+01 2.863690e+03 2.985291e+01
2.474500e+02 6.548716e+01 1.097287e+02 4.842944e+01 2.863690e+03 2.985335e+01
2.475000e+02 6.570404e+01 1.099438e+02 4.839662e+01 2.863691e+03 2.985379e+01
2.475500e+02 6.599999e+01 1.102378e+02 4.834500e+01 2.863692e+03 2.985423e+01
2.476000e+02 6.643696e+01 1.106725e+02 4.825981e+01 2.863693e+03 2.985467e+01
2.476500e+02 6.716593e+01 1.113984e+02 4.810501e+01 2.863694e+03 2.985511e+01
2.477000e+02 6.867588e+01 1.129034e+02 4.776388e+01 2.863695e+03 2.985555e+01
2.477500e+02 7.401679e+01 1.182308e+02 4.650827e+01 2.863695e+03 2.985599e+01
2.478000e+02 7.058300e+01 1.148036e+02 4.734654e+01 2.863692e+03 2.985643e+01
2.478500e+02 6.875572e+01 1.129797e+02 4.780176e+01 2.863694e+03 2.985687e+01
2.479000e+02 6.849422e+01 1.127177e+02 4.788336e+01 2.863695e+03 2.985731e+01
2.479500e+02 6.891168e+01 1.131330e+02 4.780284e+01 2.863697e+03 2.985775e+01
2.480000e+02 6.997666e+01 1.141942e+02 4.756750e+01 2.863698e+03 2.985819e+01
2.480500e+02 7.209572e+01 1.163072e+02 4.707987e+01 2.863701e+03 2.985863e+01
2.481000e+02 7.662815e+01 1.208288e+02 4.601417e+01 2.863702e+03 2.985907e+01
2.481500e+02 8.939992e+01 1.335774e+02 4.297355e+01 2.863705e+03 2.985951e+01
2.482000e+02 1.002435e+02 1.444056e+02 4.039152e+01 2.863691e+03 2.985995e+01
2.482500e+02 7.935338e+01 1.235453e+02 4.541748e+01 2.863683e+03 2.986039e+01
2.483000e+02 7.321006e+01 1.174134e+02 4.690913e+01 2.863689e+03 2.986083e+01
2.483500e+02 7.043972e+01 1.146482e+02 4.759285e+01 2.863690e+03 2.986127e+01
2.484000e+02 6.892970e+01 1.131408e+02 4.797479e+01 2.863692e+03 2.986171e+01
2.484500e+02 6.803657e+01 1.122488e+02 4.820907e+01 2.863693e+03 2.986216e+01
2.485000e+02 6.747144e+01 1.116840e+02 4.836486e+01 2.863695e+03 2.986260e+01
2.485500e+02 6.709010e+01 1.113025e+02 4.847670e+01 2.863695e+03 2.986304e+01
2.486000e+02 6.683332e+01 1.110453e+02 4.855878e+01 2.863697e+03 2.986348e+01
2.486500e+02 6.666161e+01 1.108729e+02 4.862054e+01 2.863697e+03 2.986392e+01
2.487000e+02 6.656840e+01 1.107788e+02 4.866354e+01 2.863699e+03 2.986436e+01
2.487500e+02 6.647883e+01 1.106883e+02 4.870577e+01 2.863699e+03 2.986481e+01
2.488000e+02 6.641444e+01 1.106230e+02 4.874203e+01 2.863700e+03 2.986525e+01
2.488500e+02 6.639097e+01 1.105984e+02 4.876853e+01 2.863701e+03 2.986569e+01
2.489000e+02 6.639437e+01 1.106007e+02 4.878865e+01 2.863702e+03 2.986613e+01
2.489500e+02 6.642092e+01 1.106261e+02 4.880327e+01 2.863702e+03 2.986657e+01
2.490000e+02 6.647085e+01 1.106747e+02 4.881233e+01 2.863703e+03 2.986702e+01
2.490500e+02 6.655722e+01 1.107597e+02 4.881267e+01 2.863704e+03 2.986746e+01
2.491000e+02 6.662920e+01 1.108304e+02 4.881655e+01 2.863705e+03 2.986790e+01
2.491500e+02 6.674352e+01 1.109433e+02 4.881027e+01 2.863705e+03 2.986835e+01
2.492000e+02 6.687658e+01 1.110749e+02 4.879953e+01 2.863706e+03 2.986879e+01
2.492500e+02 6.705059e+01 1.112473e+02 4.877894e+01 2.863707e+03 2.986923e+01
2.493000e+02 6.726899e+01 1.114640e+02 4.874768e+01 2.863708e+03 2.986968e+01
2.493500e+02 6.754428e+01 1.117374e+02 4.870269e+01 2.863709e+03 2.987012e+01
2.494000e+02 6.789630e+01 1.120874e+02 4.863917e+01 2.863710e+03 2.987056e+01
2.494500e+02 6.835652e+01 1.125453e+02 4.854947e+01 2.863711e+03 2.987101e+01
2.495000e+02 6.897642e+01 1.131625e+02 4.842109e+01 2.863712e+03 2.987145e+01
2.495500e+02 6.984610e+01 1.140289e+02 4.823215e+01 2.863714e+03 2.987189e+01
2.496000e+02 7.113700e+01 1.153156e+02 4.794100e+01 2.863715e+03 2.987234e+01
2.496500e+02 7.321239e+01 1.173851e+02 4.745937e+01 2.863717e+03 2.987278e+01
2.497000e+02 7.700263e+01 1.211661e+02 4.656117e+01 2.863719e+03 2.987323e+01
2.497500e+02 8.585851e+01 1.300048e+02 4.443178e+01 2.863722e+03 2.987367e+01
2.498000e+02 9.942805e+01 1.435542e+02 4.115396e+01 2.863715e+03 2.987412e+01
2.498500e+02 8.544276e+01 1.295875e+02 4.457356e+01 2.863707e+03 2.987456e+01
2.499000e+02 8.691049e+01 1.310517e+02 4.423711e+01 2.863718e+03 2.987501e+01
2.499500e+02 1.064698e+02 1.505846e+02 3.949652e+01 2.863708e+03 2.987545e+01
2.500000e+02 9.021957e+01 1.343534e+02 4.347245e+01 2.863696e+03 2.987590e+01
