2.100000e+02 6.131992e+01 1.064187e+02 4.772785e+01 2.867258e+03 3.393359e+01
2.100500e+02 6.132625e+01 1.064239e+02 4.770896e+01 2.867259e+03 3.393410e+01
2.101000e+02 6.132980e+01 1.064263e+02 4.769081e+01 2.867259e+03 3.393460e+01
2.101500e+02 6.136504e+01 1.064603e+02 4.766543e+01 2.867260e+03 3.393510e+01
2.102000e+02 6.155967e+01 1.066534e+02 4.760338e+01 2.867260e+03 3.393561e+01
2.102500e+02 6.143104e+01 1.065239e+02 4.761581e+01 2.867261e+03 3.393611e+01
2.103000e+02 6.146435e+01 1.065560e+02 4.759094e+01 2.867262e+03 3.393662e+01
2.103500e+02 6.161596e+01 1.067061e+02 4.753870e+01 2.867263e+03 3.393712e+01
2.104000e+02 6.218514e+01 1.072729e+02 4.739038e+01 2.867263e+03 3.393762e+01
2.104500e+02 6.213713e+01 1.072239e+02 4.738406e+01 2.867263e+03 3.393812e+01
2.105000e+02 6.171789e+01 1.068044e+02 4.746306e+01 2.867264e+03 3.393862e+01
2.105500e+02 6.168230e+01 1.067678e+02 4.745386e+01 2.867265e+03 3.393912e+01
2.106000e+02 6.179316e+01 1.068773e+02 4.741106e+01 2.867265e+03 3.393963e+01
2.106500e+02 6.206753e+01 1.071499e+02 4.733079e+01 2.867267e+03 3.394013e+01
2.107000e+02 6.266887e+01 1.077488e+02 4.717562e+01 2.867267e+03 3.394063e+01
2.107500e+02 6.432397e+01 1.093992e+02 4.677886e+01 2.867269e+03 3.394113e+01
2.108000e+02 6.940764e+01 1.144721e+02 4.559584e+01 2.867267e+03 3.394163e+01
2.108500e+02 6.391189e+01 1.089857e+02 4.684012e+01 2.867264e+03 3.394213e+01
2.109000e+02 6.246412e+01 1.075399e+02 4.715560e+01 2.867267e+03 3.394263e+01
2.109500e+02 6.185677e+01 1.069328e+02 4.727848e+01 2.867267e+03 3.394313e+01
2.110000e+02 6.153050e+01 1.066061e+02 4.733711e+01 2.867268e+03 3.394363e+01
2.110500e+02 6.133032e+01 1.064053e+02 4.736707e+01 2.867269e+03 3.394412e+01
2.111000e+02 6.119511e+01 1.062692e+02 4.738239e+01 2.867270e+03 3.394462e+01
2.111500e+02 6.110385e+01 1.061770e+02 4.738791e+01 2.867270e+03 3.394512e+01
2.112000e+02 6.102245e+01 1.060947e+02 4.739144e+01 2.867271e+03 3.394562e+01
2.112500e+02 6.095897e+01 1.060302e+02 4.739114e+01 2.867271e+03 3.394612e+01
2.113000e+02 6.090838e+01 1.059786e+02 4.738817e+01 2.867272e+03 3.394661e+01
2.113500e+02 6.086612e+01 1.059353e+02 4.738358e+01 2.867273e+03 3.394711e+01
2.114000e+02 6.082985e+01 1.058980e+02 4.737791e+01 2.867273e+03 3.394761e+01
2.114500e+02 6.079808e+01 1.058652e+02 4.737150e+01 2.867274e+03 3.394810e+01
2.115000e+02 6.076983e+01 1.058358e+02 4.736457e+01 2.867275e+03 3.394860e+01
2.115500e+02 6.074438e+01 1.058093e+02 4.735728e+01 2.867275e+03 3.394910e+01
2.116000e+02 6.072122e+01 1.057851e+02 4.734974e+01 2.867276e+03 3.394959e+01
2.116500e+02 6.069996e+01 1.057627e+02 4.734206e+01 2.867276e+03 3.395009e+01
2.117000e+02 6.068031e+01 1.057420e+02 4.733427e+01 2.867277e+03 3.395058e+01
2.117500e+02 6.066205e+01 1.057227e+02 4.732644e+01 2.867278e+03 3.395108e+01
2.118000e+02 6.064499e+01 1.057045e+02 4.731860e+01 2.867278e+03 3.395157e+01
2.118500e+02 6.062901e+01 1.056874e+02 4.731078e+01 2.867279e+03 3.395207e+01
2.119000e+02 6.061399e+01 1.056713e+02 4.730299e+01 2.867280e+03 3.395256e+01
2.119500e+02 6.059987e+01 1.056561e+02 4.729525e+01 2.867280e+03 3.395305e+01
2.120000e+02 6.058667e+01 1.056418e+02 4.728754e+01 2.867281e+03 3.395355e+01
2.120500e+02 6.057467e+01 1.056287e+02 4.727981e+01 2.867281e+03 3.395404e+01
2.121000e+02 6.056412e+01 1.056170e+02 4.727198e+01 2.867282e+03 3.395453e+01
2.121500e+02 6.055054e+01 1.056023e+02 4.726508e+01 2.867282e+03 3.395502e+01
2.122000e+02 6.053910e+01 1.055898e+02 4.725792e+01 2.867283e+03 3.395552e+01
2.122500e+02 6.052847e+01 1.055781e+02 4.725079e+01 2.867284e+03 3.395601e+01
2.123000e+02 6.051847e+01 1.055670e+02 4.724375e+01 2.867284e+03 3.395650e+01
2.123500e+02 6.050903e+01 1.055564e+02 4.723679e+01 2.867285e+03 3.395699e+01
2.124000e+02 6.050015e+01 1.055464e+02 4.722993e+01 2.867285e+03 3.395748e+01
2.124500e+02 6.049185e+01 1.055370e+02 4.722314e+01 2.867286e+03 3.395797e+01
2.125000e+02 6.048441e+01 1.055284e+02 4.721636e+01 2.867287e+03 3.395846e+01
2.125500e+02 6.047751e+01 1.055204e+02 4.720966e+01 2.867287e+03 3.395895e+01
2.126000e+02 6.047289e+01 1.055147e+02 4.720264e+01 2.867288e+03 3.395944e+01
2.126500e+02 6.047183e+01 1.055125e+02 4.719501e+01 2.867288e+03 3.395993e+01
2.127000e+02 6.046275e+01 1.055023e+02 4.718940e+01 2.867289e+03 3.396042e+01
2.127500e+02 6.045711e+01 1.054955e+02 4.718320e+01 2.867290e+03 3.396091e+01
2.128000e+02 6.045435e+01 1.054917e+02 4.717653e+01 2.867290e+03 3.396140e+01
2.128500e+02 6.047653e+01 1.055127e+02 4.716438e+01 2.867291e+03 3.396189e+01
2.129000e+02 6.045180e+01 1.054869e+02 4.716307e+01 2.867291e+03 3.396238e+01
2.129500e+02 6.043359e+01 1.054676e+02 4.716046e+01 2.867292e+03 3.396286e+01
2.130000e+02 6.042534e+01 1.054582e+02 4.715576e+01 2.867293e+03 3.396335e+01
2.130500e+02 6.041889e+01 1.054506e+02 4.715084e+01 2.867293e+03 3.396384e+01
2.131000e+02 6.041400e+01 1.054446e+02 4.714573e+01 2.867294e+03 3.396433e+01
2.131500e+02 6.041003e+01 1.054395e+02 4.714059e+01 2.867294e+03 3.396481e+01
2.132000e+02 6.040682e+01 1.054352e+02 4.713544e+01 2.867295e+03 3.396530e+01
2.132500e+02 6.040417e+01 1.054314e+02 4.713034e+01 2.867295e+03 3.396578e+01
2.133000e+02 6.040226e+01 1.054284e+02 4.712523e+01 2.867296e+03 3.396627e+01
2.133500e+02 6.040192e+01 1.054269e+02 4.711994e+01 2.867296e+03 3.396676e+01
2.134000e+02 6.040057e+01 1.054244e+02 4.711503e+01 2.867297e+03 3.396724e+01
2.134500e+02 6.040658e+01 1.054293e+02 4.710862e+01 2.867298e+03 3.396773e+01
2.135000e+02 6.039847e+01 1.054201e+02 4.710556e+01 2.867298e+03 3.396821e+01
2.135500e+02 6.039712e+01 1.054176e+02 4.710113e+01 2.867299e+03 3.396870e+01
2.136000e+02 6.039677e+01 1.054161e+02 4.709663e+01 2.867300e+03 3.396918e+01
2.136500e+02 6.039741e+01 1.054156e+02 4.709206e+01 2.867300e+03 3.396967e+01
2.137000e+02 6.039894e+01 1.054160e+02 4.708744e+01 2.867301e+03 3.397015e+01
2.137500e+02 6.040137e+01 1.054173e+02 4.708277e+01 2.867301e+03 3.397063e+01
2.138000e+02 6.040477e+01 1.054196e+02 4.707803e+01 2.867302e+03 3.397112e+01
2.138500e+02 6.040925e+01 1.054229e+02 4.707319e+01 2.867302e+03 3.397160e+01
2.139000e+02 6.041493e+01 1.054274e+02 4.706823e+01 2.867303e+03 3.397209e+01
2.139500e+02 6.042196e+01 1.054333e+02 4.706311e+01 2.867304e+03 3.397257e+01
2.140000e+02 6.043051e+01 1.054407e+02 4.705778e+01 2.867304e+03 3.397305e+01
2.140500e+02 6.044091e+01 1.054499e+02 4.705219e+01 2.867305e+03 3.397353e+01
2.141000e+02 6.045345e+01 1.054613e+02 4.704625e+01 2.867306e+03 3.397402e+01
2.141500e+02 6.046856e+01 1.054753e+02 4.703987e+01 2.867306e+03 3.397450e+01
2.142000e+02 6.048677e+01 1.054923e+02 4.703292e+01 2.867307e+03 3.397498e+01
2.142500e+02 6.050881e+01 1.055132e+02 4.702525e+01 2.867307e+03 3.397546e+01
2.143000e+02 6.053562e+01 1.055388e+02 4.701664e+01 2.867308e+03 3.397594e+01
2.143500e+02 6.056849e+01 1.055704e+02 4.700679e+01 2.867308e+03 3.397642e+01
2.144000e+02 6.060926e+01 1.056100e+02 4.699529e+01 2.867309e+03 3.397691e+01
2.144500e+02 6.066049e+01 1.056599e+02 4.698156e+01 2.867310e+03 3.397739e+01
2.145000e+02 6.072604e+01 1.057242e+02 4.696472e+01 2.867311e+03 3.397787e+01
2.145500e+02 6.081177e+01 1.058086e+02 4.694345e+01 2.867311e+03 3.397835e+01
2.146000e+02 6.092714e+01 1.059226e+02 4.691560e+01 2.867312e+03 3.397883e+01
2.146500e+02 6.108705e+01 1.060810e+02 4.687780e+01 2.867312e+03 3.397931e+01
2.147000e+02 6.132017e+01 1.063124e+02 4.682357e+01 2.867314e+03 3.397979e+01
2.147500e+02 6.168046e+01 1.066707e+02 4.674069e+01 2.867314e+03 3.398027e+01
2.148000e+02 6.228604e+01 1.072738e+02 4.660244e+01 2.867316e+03 3.398075e+01
2.148500e+02 6.343661e+01 1.084206e+02 4.634098e+01 2.867316e+03 3.398123e+01
2.149000e+02 6.614762e+01 1.111248e+02 4.572646e+01 2.867320e+03 3.398171e+01
2.149500e+02 7.820355e+01 1.231589e+02 4.299611e+01 2.867315e+03 3.398218e+01
2.150000e+02 6.732990e+01 1.123024e+02 4.545733e+01 2.867309e+03 3.398266e+01
2.150500e+02 6.384195e+01 1.088205e+02 4.624614e+01 2.867312e+03 3.398314e+01
2.151000e+02 6.248575e+01 1.074662e+02 4.655255e+01 2.867312e+03 3.398362e+01
2.151500e+02 6.180689e+01 1.067878e+02 4.670579e+01 2.867315e+03 3.398410e+01
2.152000e+02 6.139753e+01 1.063783e+02 4.679817e+01 2.867315e+03 3.398458e+01
2.152500e+02 6.113855e+01 1.061187e+02 4.685665e+01 2.867316e+03 3.398505e+01
2.153000e+02 6.096441e+01 1.059439e+02 4.689605e+01 2.867316e+03 3.398553e+01
2.153500e+02 6.084105e+01 1.058197e+02 4.692408e+01 2.867318e+03 3.398601e+01
2.154000e+02 6.075066e+01 1.057284e+02 4.694476e+01 2.867318e+03 3.398649e+01
2.154500e+02 6.068398e+01 1.056607e+02 4.696020e+01 2.867319e+03 3.398696e+01
2.155000e+02 6.064904e+01 1.056248e+02 4.696858e+01 2.867319e+03 3.398744e+01
2.155500e+02 6.058751e+01 1.055622e+02 4.698309e+01 2.867320e+03 3.398792e+01
2.156000e+02 6.055180e+01 1.055255e+02 4.699187e+01 2.867320e+03 3.398840e+01
2.156500e+02 6.052437e+01 1.054970e+02 4.699890e+01 2.867321e+03 3.398887e+01
2.157000e+02 6.050296e+01 1.054745e+02 4.700467e+01 2.867322e+03 3.398935e+01
2.157500e+02 6.048454e+01 1.054550e+02 4.700989e+01 2.867323e+03 3.398982e+01
2.158000e+02 6.047109e+01 1.054405e+02 4.701409e+01 2.867323e+03 3.399030e+01
2.158500e+02 6.046223e+01 1.054305e+02 4.701737e+01 2.867324e+03 3.399078e+01
2.159000e+02 6.045947e+01 1.054266e+02 4.701938e+01 2.867324e+03 3.399125e+01
2.159500e+02 6.046948e+01 1.054355e+02 4.701861e+01 2.867325e+03 3.399173e+01
2.160000e+02 6.053766e+01 1.055023e+02 4.700479e+01 2.867325e+03 3.399220e+01
2.160500e+02 6.051013e+01 1.054737e+02 4.701274e+01 2.867326e+03 3.399268e+01
2.161000e+02 6.047281e+01 1.054354e+02 4.702302e+01 2.867326e+03 3.399315e+01
2.161500e+02 6.044261e+01 1.054041e+02 4.703179e+01 2.867327e+03 3.399363e+01
2.162000e+02 6.042114e+01 1.053816e+02 4.703870e+01 2.867328e+03 3.399410e+01
2.162500e+02 6.041141e+01 1.053707e+02 4.704305e+01 2.867328e+03 3.399458e+01
2.163000e+02 6.040629e+01 1.053645e+02 4.704648e+01 2.867329e+03 3.399505e+01
2.163500e+02 6.040570e+01 1.053628e+02 4.704898e+01 2.867329e+03 3.399553e+01
2.164000e+02 6.040433e+01 1.053603e+02 4.705177e+01 2.867330e+03 3.399600e+01
2.164500e+02 6.039878e+01 1.053536e+02 4.705562e+01 2.867331e+03 3.399648e+01
2.165000e+02 6.039712e+01 1.053508e+02 4.705868e+01 2.867331e+03 3.399695e+01
2.165500e+02 6.039676e+01 1.053493e+02 4.706156e+01 2.867332e+03 3.399742e+01
2.166000e+02 6.039719e+01 1.053486e+02 4.706437e+01 2.867332e+03 3.399790e+01
2.166500e+02 6.039829e+01 1.053486e+02 4.706713e+01 2.867333e+03 3.399837e+01
2.167000e+02 6.040001e+01 1.053492e+02 4.706985e+01 2.867333e+03 3.399885e+01
2.167500e+02 6.040245e+01 1.053505e+02 4.707252e+01 2.867334e+03 3.399932e+01
2.168000e+02 6.040603e+01 1.053529e+02 4.707503e+01 2.867334e+03 3.399979e+01
2.168500e+02 6.041278e+01 1.053585e+02 4.707693e+01 2.867335e+03 3.400027e+01
2.169000e+02 6.041860e+01 1.053632e+02 4.707914e+01 2.867336e+03 3.400074e+01
2.169500e+02 6.041523e+01 1.053587e+02 4.708353e+01 2.867336e+03 3.400121e+01
2.170000e+02 6.041688e+01 1.053592e+02 4.708690e+01 2.867337e+03 3.400169e+01
2.170500e+02 6.041990e+01 1.053611e+02 4.709005e+01 2.867337e+03 3.400216e+01
2.171000e+02 6.042367e+01 1.053637e+02 4.709314e+01 2.867338e+03 3.400263e+01
2.171500e+02 6.042803e+01 1.053670e+02 4.709620e+01 2.867338e+03 3.400310e+01
2.172000e+02 6.043307e+01 1.053708e+02 4.709921e+01 2.867339e+03 3.400358e+01
2.172500e+02 6.043938e+01 1.053760e+02 4.710203e+01 2.867340e+03 3.400405e+01
2.173000e+02 6.044555e+01 1.053810e+02 4.710498e+01 2.867340e+03 3.400452e+01
2.173500e+02 6.045326e+01 1.053876e+02 4.710769e+01 2.867341e+03 3.400499e+01
2.174000e+02 6.046459e+01 1.053978e+02 4.710968e+01 2.867341e+03 3.400546e+01
2.174500e+02 6.048530e+01 1.054173e+02 4.710964e+01 2.867342e+03 3.400594e+01
2.175000e+02 6.056374e+01 1.054944e+02 4.709662e+01 2.867342e+03 3.400641e+01
2.175500e+02 6.050315e+01 1.054328e+02 4.711522e+01 2.867343e+03 3.400688e+01
2.176000e+02 6.048976e+01 1.054184e+02 4.712322e+01 2.867343e+03 3.400735e+01
2.176500e+02 6.048890e+01 1.054164e+02 4.712849e+01 2.867344e+03 3.400782e+01
2.177000e+02 6.049226e+01 1.054186e+02 4.713289e+01 2.867344e+03 3.400829e+01
2.177500e+02 6.049790e+01 1.054231e+02 4.713688e+01 2.867345e+03 3.400876e+01
2.178000e+02 6.050541e+01 1.054294e+02 4.714055e+01 2.867346e+03 3.400924e+01
2.178500e+02 6.051609e+01 1.054390e+02 4.714360e+01 2.867346e+03 3.400971e+01
2.179000e+02 6.052589e+01 1.054476e+02 4.714695e+01 2.867347e+03 3.401018e+01
2.179500e+02 6.054049e+01 1.054610e+02 4.714932e+01 2.867347e+03 3.401065e+01
2.180000e+02 6.056460e+01 1.054840e+02 4.714963e+01 2.867348e+03 3.401112e+01
2.180500e+02 6.061499e+01 1.055331e+02 4.714407e+01 2.867348e+03 3.401159e+01
2.181000e+02 6.080586e+01 1.057224e+02 4.710671e+01 2.867349e+03 3.401206e+01
2.181500e+02 6.072896e+01 1.056445e+02 4.713025e+01 2.867349e+03 3.401253e+01
2.182000e+02 6.062027e+01 1.055350e+02 4.716112e+01 2.867350e+03 3.401300e+01
2.182500e+02 6.059393e+01 1.055076e+02 4.717339e+01 2.867351e+03 3.401347e+01
2.183000e+02 6.058764e+01 1.055002e+02 4.718121e+01 2.867351e+03 3.401394e+01
2.183500e+02 6.058691e+01 1.054983e+02 4.718788e+01 2.867352e+03 3.401441e+01
2.184000e+02 6.059074e+01 1.055010e+02 4.719360e+01 2.867352e+03 3.401488e+01
2.184500e+02 6.059939e+01 1.055085e+02 4.719834e+01 2.867353e+03 3.401535e+01
2.185000e+02 6.060175e+01 1.055097e+02 4.720461e+01 2.867353e+03 3.401582e+01
2.185500e+02 6.060726e+01 1.055141e+02 4.721027e+01 2.867354e+03 3.401629e+01
2.186000e+02 6.061696e+01 1.055226e+02 4.721508e+01 2.867354e+03 3.401676e+01
2.186500e+02 6.062033e+01 1.055249e+02 4.722143e+01 2.867355e+03 3.401723e+01
2.187000e+02 6.062777e+01 1.055311e+02 4.722696e+01 2.867356e+03 3.401770e+01
2.187500e+02 6.063488e+01 1.055371e+02 4.723267e+01 2.867356e+03 3.401817e+01
2.188000e+02 6.064236e+01 1.055434e+02 4.723841e+01 2.867357e+03 3.401864e+01
2.188500e+02 6.065067e+01 1.055506e+02 4.724406e+01 2.867357e+03 3.401911e+01
2.189000e+02 6.065956e+01 1.055583e+02 4.724968e+01 2.867358e+03 3.401958e+01
2.189500e+02 6.066912e+01 1.055667e+02 4.725526e+01 2.867358e+03 3.402005e+01
2.190000e+02 6.067969e+01 1.055761e+02 4.726072e+01 2.867359e+03 3.402052e+01
2.190500e+02 6.069229e+01 1.055876e+02 4.726582e+01 2.867359e+03 3.402099e+01
2.191000e+02 6.071177e+01 1.056059e+02 4.726946e+01 2.867360e+03 3.402146e+01
2.191500e+02 6.073891e+01 1.056318e+02 4.727147e+01 2.867360e+03 3.402193e+01
2.192000e+02 6.073314e+01 1.056249e+02 4.728108e+01 2.867361e+03 3.402240e+01
2.192500e+02 6.075147e+01 1.056421e+02 4.728531e+01 2.867362e+03 3.402286e+01
2.193000e+02 6.080644e+01 1.056958e+02 4.728131e+01 2.867362e+03 3.402333e+01
2.193500e+02 6.080047e+01 1.056887e+02 4.729130e+01 2.867363e+03 3.402380e+01
2.194000e+02 6.077539e+01 1.056626e+02 4.730576e+01 2.867363e+03 3.402427e+01
2.194500e+02 6.077396e+01 1.056600e+02 4.731495e+01 2.867364e+03 3.402474e+01
2.195000e+02 6.077887e+01 1.056638e+02 4.732280e+01 2.867364e+03 3.402521e+01
2.195500e+02 6.078659e+01 1.056703e+02 4.733014e+01 2.867365e+03 3.402568e+01
2.196000e+02 6.079536e+01 1.056780e+02 4.733735e+01 2.867365e+03 3.402615e+01
2.196500e+02 6.080520e+01 1.056866e+02 4.734443e+01 2.867366e+03 3.402661e+01
2.197000e+02 6.081596e+01 1.056962e+02 4.735142e+01 2.867366e+03 3.402708e+01
2.197500e+02 6.082775e+01 1.057069e+02 4.735830e+01 2.867367e+03 3.402755e+01
2.198000e+02 6.084110e+01 1.057191e+02 4.736494e+01 2.867368e+03 3.402802e+01
2.198500e+02 6.085771e+01 1.057345e+02 4.737096e+01 2.867368e+03 3.402849e+01
2.199000e+02 6.088450e+01 1.057601e+02 4.737478e+01 2.867369e+03 3.402896e+01
2.199500e+02 6.100215e+01 1.058763e+02 4.735796e+01 2.867369e+03 3.402943e+01
2.200000e+02 6.090681e+01 1.057801e+02 4.738993e+01 2.867370e+03 3.402989e+01
2.200500e+02 6.090421e+01 1.057764e+02 4.740084e+01 2.867370e+03 3.403036e+01
2.201000e+02 6.090943e+01 1.057804e+02 4.741010e+01 2.867371e+03 3.403083e+01
2.201500e+02 6.091844e+01 1.057883e+02 4.741862e+01 2.867371e+03 3.403130e+01
2.202000e+02 6.092907e+01 1.057978e+02 4.742691e+01 2.867372e+03 3.403177e+01
2.202500e+02 6.094062e+01 1.058082e+02 4.743512e+01 2.867372e+03 3.403223e+01
2.203000e+02 6.095282e+01 1.058192e+02 4.744332e+01 2.867373e+03 3.403270e+01
2.203500e+02 6.096570e+01 1.058309e+02 4.745150e+01 2.867374e+03 3.403317e+01
2.204000e+02 6.098113e+01 1.058452e+02 4.745924e+01 2.867374e+03 3.403364e+01
2.204500e+02 6.099166e+01 1.058545e+02 4.746825e+01 2.867375e+03 3.403411e+01
2.205000e+02 6.100493e+01 1.058667e+02 4.747677e+01 2.867375e+03 3.403458e+01
2.205500e+02 6.101927e+01 1.058798e+02 4.748520e+01 2.867376e+03 3.403504e+01
2.206000e+02 6.103533e+01 1.058947e+02 4.749339e+01 2.867376e+03 3.403551e+01
2.206500e+02 6.105582e+01 1.059140e+02 4.750071e+01 2.867377e+03 3.403598e+01
2.207000e+02 6.110012e+01 1.059571e+02 4.750273e+01 2.867377e+03 3.403645e+01
2.207500e+02 6.111088e+01 1.059667e+02 4.751259e+01 2.867378e+03 3.403692e+01
2.208000e+02 6.109825e+01 1.059530e+02 4.752798e+01 2.867378e+03 3.403738e+01
2.208500e+02 6.110508e+01 1.059586e+02 4.753908e+01 2.867379e+03 3.403785e+01
2.209000e+02 6.111665e+01 1.059691e+02 4.754926e+01 2.867380e+03 3.403832e+01
2.209500e+02 6.113001e+01 1.059812e+02 4.755920e+01 2.867380e+03 3.403879e+01
2.210000e+02 6.114436e+01 1.059944e+02 4.756908e+01 2.867381e+03 3.403926e+01
2.210500e+02 6.115948e+01 1.060084e+02 4.757897e+01 2.867381e+03 3.403972e+01
2.211000e+02 6.117535e+01 1.060231e+02 4.758887e+01 2.867382e+03 3.404019e+01
2.211500e+02 6.119219e+01 1.060388e+02 4.759873e+01 2.867382e+03 3.404066e+01
2.212000e+02 6.121065e+01 1.060560e+02 4.760841e+01 2.867383e+03 3.404113e+01
2.212500e+02 6.123278e+01 1.060770e+02 4.761744e+01 2.867383e+03 3.404159e+01
2.213000e+02 6.126923e+01 1.061122e+02 4.762338e+01 2.867384e+03 3.404206e+01
2.213500e+02 6.127755e+01 1.061194e+02 4.763599e+01 2.867384e+03 3.404253e+01
2.214000e+02 6.128093e+01 1.061216e+02 4.764995e+01 2.867385e+03 3.404300e+01
2.214500e+02 6.129246e+01 1.061320e+02 4.766225e+01 2.867386e+03 3.404347e+01
2.215000e+02 6.130666e+01 1.061450e+02 4.767415e+01 2.867386e+03 3.404394e+01
2.215500e+02 6.132299e+01 1.061602e+02 4.768579e+01 2.867387e+03 3.404440e+01
2.216000e+02 6.133955e+01 1.061756e+02 4.769761e+01 2.867387e+03 3.404487e+01
2.216500e+02 6.135654e+01 1.061914e+02 4.770957e+01 2.867388e+03 3.404534e+01
2.217000e+02 6.137429e+01 1.062080e+02 4.772160e+01 2.867388e+03 3.404581e+01
2.217500e+02 6.139254e+01 1.062250e+02 4.773377e+01 2.867389e+03 3.404627e+01
2.218000e+02 6.141121e+01 1.062425e+02 4.774609e+01 2.867389e+03 3.404674e+01
2.218500e+02 6.143029e+01 1.062604e+02 4.775859e+01 2.867390e+03 3.404721e+01
2.219000e+02 6.144974e+01 1.062787e+02 4.777128e+01 2.867390e+03 3.404768e+01
2.219500e+02 6.146959e+01 1.062974e+02 4.778415e+01 2.867391e+03 3.404815e+01
2.220000e+02 6.148985e+01 1.063165e+02 4.779722e+01 2.867392e+03 3.404862e+01
2.220500e+02 6.151054e+01 1.063360e+02 4.781049e+01 2.867392e+03 3.404908e+01
2.221000e+02 6.153169e+01 1.063559e+02 4.782396e+01 2.867393e+03 3.404955e+01
2.221500e+02 6.155334e+01 1.063764e+02 4.783764e+01 2.867393e+03 3.405002e+01
2.222000e+02 6.157561e+01 1.063975e+02 4.785150e+01 2.867394e+03 3.405049e+01
2.222500e+02 6.159865e+01 1.064193e+02 4.786551e+01 2.867394e+03 3.405096e+01
2.223000e+02 6.162287e+01 1.064424e+02 4.787961e+01 2.867395e+03 3.405142e+01
2.223500e+02 6.164941e+01 1.064677e+02 4.789352e+01 2.867395e+03 3.405189e+01
2.224000e+02 6.168345e+01 1.065005e+02 4.790607e+01 2.867396e+03 3.405236e+01
2.224500e+02 6.171361e+01 1.065295e+02 4.791990e+01 2.867396e+03 3.405283e+01
2.225000e+02 6.172258e+01 1.065373e+02 4.793905e+01 2.867397e+03 3.405330e+01
2.225500e+02 6.174300e+01 1.065565e+02 4.795595e+01 2.867398e+03 3.405377e+01
2.226000e+02 6.176642e+01 1.065788e+02 4.797258e+01 2.867398e+03 3.405423e+01
2.226500e+02 6.179133e+01 1.066025e+02 4.798931e+01 2.867399e+03 3.405470e+01
2.227000e+02 6.181726e+01 1.066272e+02 4.800626e+01 2.867399e+03 3.405517e+01
2.227500e+02 6.184412e+01 1.066529e+02 4.802346e+01 2.867400e+03 3.405564e+01
2.228000e+02 6.187161e+01 1.066792e+02 4.804100e+01 2.867400e+03 3.405611e+01
2.228500e+02 6.189999e+01 1.067063e+02 4.805884e+01 2.867401e+03 3.405658e+01
2.229000e+02 6.192929e+01 1.067344e+02 4.807699e+01 2.867401e+03 3.405705e+01
2.229500e+02 6.195975e+01 1.067637e+02 4.809542e+01 2.867402e+03 3.405751e+01
2.230000e+02 6.199301e+01 1.067957e+02 4.811375e+01 2.867403e+03 3.405798e+01
2.230500e+02 6.202557e+01 1.068271e+02 4.813283e+01 2.867403e+03 3.405845e+01
2.231000e+02 6.205941e+01 1.068597e+02 4.815221e+01 2.867404e+03 3.405892e+01
2.231500e+02 6.209507e+01 1.068942e+02 4.817179e+01 2.867404e+03 3.405939e+01
2.232000e+02 6.214491e+01 1.069427e+02 4.818870e+01 2.867405e+03 3.405986e+01
2.232500e+02 6.218969e+01 1.069863e+02 4.820747e+01 2.867405e+03 3.406032e+01
2.233000e+02 6.221597e+01 1.070114e+02 4.823125e+01 2.867406e+03 3.406079e+01
2.233500e+02 6.223753e+01 1.070317e+02 4.825686e+01 2.867406e+03 3.406126e+01
2.234000e+02 6.228227e+01 1.070752e+02 4.827779e+01 2.867407e+03 3.406173e+01
2.234500e+02 6.230546e+01 1.070972e+02 4.830455e+01 2.867407e+03 3.406220e+01
2.235000e+02 6.233942e+01 1.071300e+02 4.832957e+01 2.867408e+03 3.406266e+01
2.235500e+02 6.237736e+01 1.071667e+02 4.835449e+01 2.867408e+03 3.406313e+01
2.236000e+02 6.241754e+01 1.072057e+02 4.837973e+01 2.867409e+03 3.406360e+01
2.236500e+02 6.245960e+01 1.072465e+02 4.840541e+01 2.867410e+03 3.406407e+01
2.237000e+02 6.250372e+01 1.072894e+02 4.843151e+01 2.867410e+03 3.406454e+01
2.237500e+02 6.255037e+01 1.073348e+02 4.845795e+01 2.867411e+03 3.406500e+01
2.238000e+02 6.260028e+01 1.073834e+02 4.848459e+01 2.867411e+03 3.406547e+01
2.238500e+02 6.266210e+01 1.074440e+02 4.850940e+01 2.867412e+03 3.406594e+01
2.239000e+02 6.278668e+01 1.075671e+02 4.852040e+01 2.867412e+03 3.406640e+01
2.239500e+02 6.275546e+01 1.075348e+02 4.856924e+01 2.867413e+03 3.406687e+01
2.240000e+02 6.279641e+01 1.075745e+02 4.860211e+01 2.867413e+03 3.406734e+01
2.240500e+02 6.284545e+01 1.076223e+02 4.863415e+01 2.867414e+03 3.406780e+01
2.241000e+02 6.289712e+01 1.076727e+02 4.866669e+01 2.867415e+03 3.406827e+01
2.241500e+02 6.295199e+01 1.077264e+02 4.869959e+01 2.867415e+03 3.406873e+01
2.242000e+02 6.300921e+01 1.077823e+02 4.873308e+01 2.867416e+03 3.406920e+01
2.242500e+02 6.306857e+01 1.078404e+02 4.876722e+01 2.867416e+03 3.406966e+01
2.243000e+02 6.313004e+01 1.079006e+02 4.880203e+01 2.867417e+03 3.407012e+01
2.243500e+02 6.319365e+01 1.079629e+02 4.883748e+01 2.867417e+03 3.407059e+01
2.244000e+02 6.325951e+01 1.080275e+02 4.887356e+01 2.867418e+03 3.407105e+01
2.244500e+02 6.332779e+01 1.080945e+02 4.891021e+01 2.867418e+03 3.407151e+01
2.245000e+02 6.339878e+01 1.081641e+02 4.894733e+01 2.867419e+03 3.407197e+01
2.245500e+02 6.347297e+01 1.082370e+02 4.898480e+01 2.867419e+03 3.407243e+01
2.246000e+02 6.355133e+01 1.083141e+02 4.902231e+01 2.867420e+03 3.407289e+01
2.246500e+02 6.363615e+01 1.083975e+02 4.905929e+01 2.867421e+03 3.407335e+01
2.247000e+02 6.373426e+01 1.084943e+02 4.909402e+01 2.867421e+03 3.407381e+01
2.247500e+02 6.388545e+01 1.086440e+02 4.911684e+01 2.867422e+03 3.407426e+01
2.248000e+02 6.396644e+01 1.087237e+02 4.915729e+01 2.867422e+03 3.407472e+01
2.248500e+02 6.434150e+01 1.090967e+02 4.912755e+01 2.867423e+03 3.407517e+01
2.249000e+02 6.411683e+01 1.088714e+02 4.924285e+01 2.867423e+03 3.407562e+01
2.249500e+02 6.415391e+01 1.089073e+02 4.929550e+01 2.867424e+03 3.407607e+01
2.250000e+02 6.423679e+01 1.089888e+02 4.933733e+01 2.867424e+03 3.407652e+01
2.250500e+02 6.432225e+01 1.090730e+02 4.937857e+01 2.867425e+03 3.407697e+01
2.251000e+02 6.439724e+01 1.091466e+02 4.942218e+01 2.867425e+03 3.407742e+01
2.251500e+02 6.448943e+01 1.092375e+02 4.946121e+01 2.867426e+03 3.407786e+01
2.252000e+02 6.459011e+01 1.093368e+02 4.949753e+01 2.867427e+03 3.407830e+01
2.252500e+02 6.468181e+01 1.094272e+02 4.953510e+01 2.867427e+03 3.407874e+01
2.253000e+02 6.478271e+01 1.095267e+02 4.956921e+01 2.867428e+03 3.407918e+01
2.253500e+02 6.488812e+01 1.096307e+02 4.960070e+01 2.867428e+03 3.407962e+01
2.254000e+02 6.499801e+01 1.097392e+02 4.962924e+01 2.867429e+03 3.408006e+01
2.254500e+02 6.511274e+01 1.098526e+02 4.965442e+01 2.867429e+03 3.408049e+01
2.255000e+02 6.523327e+01 1.099717e+02 4.967566e+01 2.867430e+03 3.408092e+01
2.255500e+02 6.536116e+01 1.100981e+02 4.969225e+01 2.867430e+03 3.408135e+01
2.256000e+02 6.549889e+01 1.102344e+02 4.970325e+01 2.867431e+03 3.408178e+01
2.256500e+02 6.565055e+01 1.103846e+02 4.970738e+01 2.867431e+03 3.408221e+01
2.257000e+02 6.582289e+01 1.105554e+02 4.970274e+01 2.867432e+03 3.408263e+01
2.257500e+02 6.602897e+01 1.107599e+02 4.968597e+01 2.867433e+03 3.408306e+01
2.258000e+02 6.629030e+01 1.110195e+02 4.965172e+01 2.867434e+03 3.408348e+01
2.258500e+02 6.659482e+01 1.113222e+02 4.960253e+01 2.867434e+03 3.408390e+01
2.259000e+02 6.705135e+01 1.117766e+02 4.950882e+01 2.867435e+03 3.408432e+01
2.259500e+02 6.780100e+01 1.125235e+02 4.933282e+01 2.867435e+03 3.408473e+01
2.260000e+02 6.930381e+01 1.140221e+02 4.896485e+01 2.867437e+03 3.408516e+01
2.260500e+02 7.604364e+01 1.207482e+02 4.730266e+01 2.867435e+03 3.408558e+01
2.261000e+02 7.118948e+01 1.159017e+02 4.849286e+01 2.867432e+03 3.408600e+01
2.261500e+02 6.839481e+01 1.131115e+02 4.917159e+01 2.867433e+03 3.408643e+01
2.262000e+02 6.743161e+01 1.121492e+02 4.939553e+01 2.867434e+03 3.408686e+01
2.262500e+02 6.686851e+01 1.115862e+02 4.951748e+01 2.867435e+03 3.408728e+01
2.263000e+02 6.650348e+01 1.112209e+02 4.958748e+01 2.867435e+03 3.408772e+01
2.263500e+02 6.623719e+01 1.109540e+02 4.963031e+01 2.867436e+03 3.408815e+01
2.264000e+02 6.602850e+01 1.107447e+02 4.965644e+01 2.867436e+03 3.408858e+01
2.264500e+02 6.585690e+01 1.105723e+02 4.967125e+01 2.867437e+03 3.408902e+01
2.265000e+02 6.571141e+01 1.104260e+02 4.967777e+01 2.867438e+03 3.408945e+01
2.265500e+02 6.558716e+01 1.103010e+02 4.967751e+01 2.867438e+03 3.408989e+01
2.266000e+02 6.549522e+01 1.102081e+02 4.966809e+01 2.867439e+03 3.409033e+01
2.266500e+02 6.536723e+01 1.100793e+02 4.966653e+01 2.867439e+03 3.409078e+01
2.267000e+02 6.526084e+01 1.099720e+02 4.965899e+01 2.867440e+03 3.409122e+01
2.267500e+02 6.516026e+01 1.098705e+02 4.964958e+01 2.867441e+03 3.409167e+01
2.268000e+02 6.507200e+01 1.097813e+02 4.963694e+01 2.867441e+03 3.409212e+01
2.268500e+02 6.499463e+01 1.097030e+02 4.962164e+01 2.867442e+03 3.409257e+01
2.269000e+02 6.491342e+01 1.096208e+02 4.960745e+01 2.867442e+03 3.409302e+01
2.269500e+02 6.483569e+01 1.095422e+02 4.959277e+01 2.867443e+03 3.409347e+01
2.270000e+02 6.476495e+01 1.094704e+02 4.957689e+01 2.867443e+03 3.409392e+01
2.270500e+02 6.469889e+01 1.094034e+02 4.956049e+01 2.867444e+03 3.409438e+01
2.271000e+02 6.463684e+01 1.093404e+02 4.954385e+01 2.867444e+03 3.409484e+01
2.271500e+02 6.457843e+01 1.092810e+02 4.952716e+01 2.867445e+03 3.409529e+01
2.272000e+02 6.452340e+01 1.092249e+02 4.951055e+01 2.867446e+03 3.409575e+01
2.272500e+02 6.447166e+01 1.091722e+02 4.949413e+01 2.867446e+03 3.409621e+01
2.273000e+02 6.442297e+01 1.091225e+02 4.947799e+01 2.867447e+03 3.409667e+01
2.273500e+02 6.437717e+01 1.090757e+02 4.946221e+01 2.867447e+03 3.409713e+01
2.274000e+02 6.433395e+01 1.090314e+02 4.944691e+01 2.867448e+03 3.409760e+01
2.274500e+02 6.429305e+01 1.089895e+02 4.943216e+01 2.867448e+03 3.409806e+01
2.275000e+02 6.425498e+01 1.089504e+02 4.941786e+01 2.867449e+03 3.409852e+01
2.275500e+02 6.421900e+01 1.089133e+02 4.940419e+01 2.867449e+03 3.409899e+01
2.276000e+02 6.418571e+01 1.088790e+02 4.939100e+01 2.867450e+03 3.409945e+01
2.276500e+02 6.415497e+01 1.088472e+02 4.937832e+01 2.867451e+03 3.409992e+01
2.277000e+02 6.412713e+01 1.088183e+02 4.936606e+01 2.867451e+03 3.410039e+01
2.277500e+02 6.410517e+01 1.087953e+02 4.935348e+01 2.867452e+03 3.410085e+01
2.278000e+02 6.407712e+01 1.087661e+02 4.934346e+01 2.867452e+03 3.410132e+01
2.278500e+02 6.405208e+01 1.087400e+02 4.933377e+01 2.867453e+03 3.410179e+01
2.279000e+02 6.403175e+01 1.087186e+02 4.932400e+01 2.867453e+03 3.410225e+01
2.279500e+02 6.401586e+01 1.087016e+02 4.931416e+01 2.867454e+03 3.410272e+01
2.280000e+02 6.399274e+01 1.086774e+02 4.930707e+01 2.867454e+03 3.410319e+01
2.280500e+02 6.397563e+01 1.086592e+02 4.929950e+01 2.867455e+03 3.410366e+01
2.281000e+02 6.396093e+01 1.086434e+02 4.929228e+01 2.867456e+03 3.410413e+01
2.281500e+02 6.394765e+01 1.086291e+02 4.928563e+01 2.867456e+03 3.410460e+01
2.282000e+02 6.393630e+01 1.086166e+02 4.927940e+01 2.867457e+03 3.410507e+01
2.282500e+02 6.392688e+01 1.086061e+02 4.927356e+01 2.867457e+03 3.410553e+01
2.283000e+02 6.392206e+01 1.086001e+02 4.926745e+01 2.867458e+03 3.410600e+01
2.283500e+02 6.391217e+01 1.085892e+02 4.926337e+01 2.867458e+03 3.410647e+01
2.284000e+02 6.390544e+01 1.085813e+02 4.925930e+01 2.867459e+03 3.410694e+01
2.284500e+02 6.390096e+01 1.085757e+02 4.925545e+01 2.867459e+03 3.410741e+01
2.285000e+02 6.389809e+01 1.085717e+02 4.925194e+01 2.867460e+03 3.410788e+01
2.285500e+02 6.389672e+01 1.085692e+02 4.924877e+01 2.867461e+03 3.410835e+01
2.286000e+02 6.389683e+01 1.085682e+02 4.924593e+01 2.867461e+03 3.410882e+01
2.286500e+02 6.389845e+01 1.085687e+02 4.924338e+01 2.867462e+03 3.410929e+01
2.287000e+02 6.390164e+01 1.085707e+02 4.924109e+01 2.867462e+03 3.410976e+01
2.287500e+02 6.390658e+01 1.085745e+02 4.923899e+01 2.867463e+03 3.411023e+01
2.288000e+02 6.391343e+01 1.085802e+02 4.923702e+01 2.867463e+03 3.411070e+01
2.288500e+02 6.392138e+01 1.085870e+02 4.923537e+01 2.867464e+03 3.411117e+01
2.289000e+02 6.393187e+01 1.085964e+02 4.923365e+01 2.867465e+03 3.411165e+01
2.289500e+02 6.394504e+01 1.086084e+02 4.923182e+01 2.867465e+03 3.411212e+01
2.290000e+02 6.396178e+01 1.086239e+02 4.922964e+01 2.867466e+03 3.411259e+01
2.290500e+02 6.398607e+01 1.086470e+02 4.922615e+01 2.867466e+03 3.411306e+01
2.291000e+02 6.400812e+01 1.086679e+02 4.922367e+01 2.867467e+03 3.411353e+01
2.291500e+02 6.403052e+01 1.086891e+02 4.922157e+01 2.867468e+03 3.411400e+01
2.292000e+02 6.406436e+01 1.087217e+02 4.921717e+01 2.867468e+03 3.411447e+01
2.292500e+02 6.410957e+01 1.087657e+02 4.921046e+01 2.867469e+03 3.411494e+01
2.293000e+02 6.417144e+01 1.088263e+02 4.920014e+01 2.867469e+03 3.411541e+01
2.293500e+02 6.426092e+01 1.089144e+02 4.918358e+01 2.867470e+03 3.411588e+01
2.294000e+02 6.440159e+01 1.090536e+02 4.915506e+01 2.867471e+03 3.411635e+01
2.294500e+02 6.464741e+01 1.092977e+02 4.910156e+01 2.867471e+03 3.411682e+01
2.295000e+02 6.517844e+01 1.098263e+02 4.897963e+01 2.867472e+03 3.411729e+01
2.295500e+02 6.691307e+01 1.115558e+02 4.856771e+01 2.867472e+03 3.411776e+01
2.296000e+02 6.692372e+01 1.115653e+02 4.857190e+01 2.867472e+03 3.411823e+01
2.296500e+02 6.523100e+01 1.098754e+02 4.898737e+01 2.867472e+03 3.411870e+01
2.297000e+02 6.473732e+01 1.093818e+02 4.911395e+01 2.867473e+03 3.411917e+01
2.297500e+02 6.452793e+01 1.091717e+02 4.917228e+01 2.867473e+03 3.411965e+01
2.298000e+02 6.442537e+01 1.090683e+02 4.920513e+01 2.867474e+03 3.412012e+01
2.298500e+02 6.437436e+01 1.090163e+02 4.922585e+01 2.867475e+03 3.412059e+01
2.299000e+02 6.435197e+01 1.089928e+02 4.923996e+01 2.867475e+03 3.412106e+01
2.299500e+02 6.434818e+01 1.089879e+02 4.924985e+01 2.867476e+03 3.412153e+01
2.300000e+02 6.436070e+01 1.089993e+02 4.925607e+01 2.867477e+03 3.412200e+01
2.300500e+02 6.438031e+01 1.090177e+02 4.926085e+01 2.867477e+03 3.412247e+01
2.301000e+02 6.439846e+01 1.090347e+02 4.926623e+01 2.867478e+03 3.412294e+01
2.301500e+02 6.441828e+01 1.090533e+02 4.927146e+01 2.867479e+03 3.412341e+01
2.302000e+02 6.445066e+01 1.090845e+02 4.927390e+01 2.867479e+03 3.412388e+01
2.302500e+02 6.449090e+01 1.091235e+02 4.927467e+01 2.867480e+03 3.412435e+01
2.303000e+02 6.453972e+01 1.091710e+02 4.927361e+01 2.867480e+03 3.412482e+01
2.303500e+02 6.460296e+01 1.092330e+02 4.926927e+01 2.867481e+03 3.412529e+01
2.304000e+02 6.466044e+01 1.092892e+02 4.926655e+01 2.867482e+03 3.412577e+01
2.304500e+02 6.474104e+01 1.093685e+02 4.925845e+01 2.867482e+03 3.412624e+01
2.305000e+02 6.485768e+01 1.094837e+02 4.924183e+01 2.867483e+03 3.412671e+01
2.305500e+02 6.500391e+01 1.096285e+02 4.921824e+01 2.867484e+03 3.412718e+01
2.306000e+02 6.495662e+01 1.095801e+02 4.924171e+01 2.867484e+03 3.412765e+01
2.306500e+02 6.499771e+01 1.096200e+02 4.924398e+01 2.867485e+03 3.412812e+01
2.307000e+02 6.507046e+01 1.096915e+02 4.923878e+01 2.867485e+03 3.412859e+01
2.307500e+02 6.517075e+01 1.097904e+02 4.922709e+01 2.867486e+03 3.412906e+01
2.308000e+02 6.530231e+01 1.099205e+02 4.920801e+01 2.867487e+03 3.412953e+01
2.308500e+02 6.547394e+01 1.100906e+02 4.917939e+01 2.867488e+03 3.413000e+01
2.309000e+02 6.570081e+01 1.103158e+02 4.913754e+01 2.867489e+03 3.413048e+01
2.309500e+02 6.600847e+01 1.106216e+02 4.907624e+01 2.867490e+03 3.413095e+01
2.310000e+02 6.644163e+01 1.110526e+02 4.898464e+01 2.867490e+03 3.413142e+01
2.310500e+02 6.708394e+01 1.116923e+02 4.884238e+01 2.867492e+03 3.413189e+01
2.311000e+02 6.811380e+01 1.127187e+02 4.860610e+01 2.867493e+03 3.413236e+01
2.311500e+02 6.987637e+01 1.144763e+02 4.819183e+01 2.867495e+03 3.413283e+01
2.312000e+02 7.352287e+01 1.181144e+02 4.731955e+01 2.867496e+03 3.413330e+01
2.312500e+02 8.378720e+01 1.283605e+02 4.483719e+01 2.867497e+03 3.413377e+01
2.313000e+02 9.009936e+01 1.346630e+02 4.331450e+01 2.867486e+03 3.413425e+01
2.313500e+02 7.520250e+01 1.197875e+02 4.695312e+01 2.867481e+03 3.413472e+01
2.314000e+02 7.066343e+01 1.152561e+02 4.807199e+01 2.867486e+03 3.413519e+01
2.314500e+02 6.860436e+01 1.132002e+02 4.858792e+01 2.867486e+03 3.413566e+01
2.315000e+02 6.748773e+01 1.120850e+02 4.887486e+01 2.867489e+03 3.413613e+01
2.315500e+02 6.681594e+01 1.114136e+02 4.905380e+01 2.867489e+03 3.413660e+01
2.316000e+02 6.638337e+01 1.109809e+02 4.917474e+01 2.867491e+03 3.413707e+01
2.316500e+02 6.609178e+01 1.106888e+02 4.926155e+01 2.867491e+03 3.413754e+01
2.317000e+02 6.588926e+01 1.104856e+02 4.932686e+01 2.867492e+03 3.413801e+01
2.317500e+02 6.574629e+01 1.103419e+02 4.937783e+01 2.867493e+03 3.413849e+01
2.318000e+02 6.564520e+01 1.102399e+02 4.941875e+01 2.867494e+03 3.413896e+01
2.318500e+02 6.557523e+01 1.101690e+02 4.945223e+01 2.867494e+03 3.413943e+01
2.319000e+02 6.553064e+01 1.101234e+02 4.947964e+01 2.867495e+03 3.413990e+01
2.319500e+02 6.551457e+01 1.101062e+02 4.950021e+01 2.867496e+03 3.414037e+01
2.320000e+02 6.554918e+01 1.101396e+02 4.950850e+01 2.867497e+03 3.414084e+01
2.320500e+02 6.548104e+01 1.100705e+02 4.954196e+01 2.867497e+03 3.414131e+01
2.321000e+02 6.547344e+01 1.100618e+02 4.956069e+01 2.867498e+03 3.414178e+01
2.321500e+02 6.548068e+01 1.100679e+02 4.957583e+01 2.867498e+03 3.414225e+01
2.322000e+02 6.549738e+01 1.100834e+02 4.958868e+01 2.867499e+03 3.414273e+01
2.322500e+02 6.552182e+01 1.101066e+02 4.959962e+01 2.867500e+03 3.414320e+01
2.323000e+02 6.555337e+01 1.101370e+02 4.960878e+01 2.867501e+03 3.414367e+01
2.323500e+02 6.559206e+01 1.101744e+02 4.961614e+01 2.867501e+03 3.414414e+01
2.324000e+02 6.563892e+01 1.102201e+02 4.962142e+01 2.867502e+03 3.414461e+01
2.324500e+02 6.569771e+01 1.102776e+02 4.962366e+01 2.867502e+03 3.414508e+01
2.325000e+02 6.578736e+01 1.103659e+02 4.961823e+01 2.867503e+03 3.414555e+01
2.325500e+02 6.584745e+01 1.104247e+02 4.961989e+01 2.867504e+03 3.414602e+01
2.326000e+02 6.587926e+01 1.104553e+02 4.962834e+01 2.867504e+03 3.414649e+01
2.326500e+02 6.594830e+01 1.105230e+02 4.962751e+01 2.867505e+03 3.414696e+01
2.327000e+02 6.605660e+01 1.106299e+02 4.961688e+01 2.867506e+03 3.414744e+01
2.327500e+02 6.612955e+01 1.107016e+02 4.961477e+01 2.867506e+03 3.414791e+01
2.328000e+02 6.618382e+01 1.107546e+02 4.961710e+01 2.867507e+03 3.414838e+01
2.328500e+02 6.627047e+01 1.108399e+02 4.961135e+01 2.867507e+03 3.414885e+01
2.329000e+02 6.637468e+01 1.109427e+02 4.960119e+01 2.867508e+03 3.414932e+01
2.329500e+02 6.650260e+01 1.110692e+02 4.958510e+01 2.867509e+03 3.414979e+01
2.330000e+02 6.665690e+01 1.112220e+02 4.956246e+01 2.867509e+03 3.415026e+01
2.330500e+02 6.675016e+01 1.113139e+02 4.955477e+01 2.867510e+03 3.415074e+01
2.331000e+02 6.689194e+01 1.114543e+02 4.953512e+01 2.867511e+03 3.415121e+01
2.331500e+02 6.705445e+01 1.116153e+02 4.951035e+01 2.867511e+03 3.415168e+01
2.332000e+02 6.723683e+01 1.117961e+02 4.948070e+01 2.867512e+03 3.415215e+01
2.332500e+02 6.744247e+01 1.120001e+02 4.944534e+01 2.867512e+03 3.415263e+01
2.333000e+02 6.768149e+01 1.122375e+02 4.940179e+01 2.867513e+03 3.415310e+01
2.333500e+02 6.803127e+01 1.125853e+02 4.933099e+01 2.867514e+03 3.415357e+01
2.334000e+02 6.820043e+01 1.127530e+02 4.930473e+01 2.867515e+03 3.415404e+01
2.334500e+02 6.848437e+01 1.130351e+02 4.925025e+01 2.867515e+03 3.415452e+01
2.335000e+02 6.882019e+01 1.133691e+02 4.918303e+01 2.867516e+03 3.415499e+01
2.335500e+02 6.920675e+01 1.137536e+02 4.910334e+01 2.867516e+03 3.415546e+01
2.336000e+02 6.965215e+01 1.141969e+02 4.900919e+01 2.867517e+03 3.415594e+01
2.336500e+02 7.017037e+01 1.147129e+02 4.889711e+01 2.867518e+03 3.415641e+01
2.337000e+02 7.078365e+01 1.153238e+02 4.876158e+01 2.867519e+03 3.415688e+01
2.337500e+02 7.152807e+01 1.160655e+02 4.859367e+01 2.867519e+03 3.415736e+01
2.338000e+02 7.246947e+01 1.170039e+02 4.837707e+01 2.867520e+03 3.415783e+01
2.338500e+02 7.377006e+01 1.183008e+02 4.807163e+01 2.867520e+03 3.415831e+01
2.339000e+02 7.596232e+01 1.204878e+02 4.754554e+01 2.867522e+03 3.415878e+01
2.339500e+02 8.312402e+01 1.276365e+02 4.578941e+01 2.867518e+03 3.415925e+01
2.340000e+02 7.560375e+01 1.201276e+02 4.766642e+01 2.867515e+03 3.415973e+01
2.340500e+02 7.374216e+01 1.182684e+02 4.814355e+01 2.867517e+03 3.416020e+01
2.341000e+02 7.251523e+01 1.170427e+02 4.846390e+01 2.867517e+03 3.416068e+01
2.341500e+02 7.166546e+01 1.161935e+02 4.869113e+01 2.867518e+03 3.416115e+01
2.342000e+02 7.101414e+01 1.155424e+02 4.886943e+01 2.867518e+03 3.416163e+01
2.342500e+02 7.044853e+01 1.149769e+02 4.902671e+01 2.867519e+03 3.416210e+01
2.343000e+02 7.002806e+01 1.145561e+02 4.914821e+01 2.867520e+03 3.416258e+01
2.343500e+02 6.972215e+01 1.142498e+02 4.924147e+01 2.867521e+03 3.416305e+01
2.344000e+02 6.929776e+01 1.138252e+02 4.936429e+01 2.867521e+03 3.416353e+01
2.344500e+02 6.900504e+01 1.135319e+02 4.945460e+01 2.867522e+03 3.416400e+01
2.345000e+02 6.876832e+01 1.132946e+02 4.953117e+01 2.867522e+03 3.416448e+01
2.345500e+02 6.861368e+01 1.131392e+02 4.958750e+01 2.867523e+03 3.416495e+01
2.346000e+02 6.836704e+01 1.128920e+02 4.966682e+01 2.867524e+03 3.416543e+01
2.346500e+02 6.819762e+01 1.127218e+02 4.972710e+01 2.867525e+03 3.416590e+01
2.347000e+02 6.807372e+01 1.125970e+02 4.977619e+01 2.867525e+03 3.416638e+01
2.347500e+02 6.795748e+01 1.124799e+02 4.982350e+01 2.867526e+03 3.416686e+01
2.348000e+02 6.786939e+01 1.123909e+02 4.986393e+01 2.867527e+03 3.416733e+01
2.348500e+02 6.780496e+01 1.123255e+02 4.989859e+01 2.867528e+03 3.416781e+01
2.349000e+02 6.776240e+01 1.122819e+02 4.992792e+01 2.867528e+03 3.416828e+01
2.349500e+02 6.774256e+01 1.122610e+02 4.995169e+01 2.867529e+03 3.416876e+01
2.350000e+02 6.774933e+01 1.122666e+02 4.996894e+01 2.867530e+03 3.416924e+01
2.350500e+02 6.779817e+01 1.123142e+02 4.997579e+01 2.867531e+03 3.416971e+01
2.351000e+02 6.786560e+01 1.123803e+02 4.997810e+01 2.867531e+03 3.417019e+01
2.351500e+02 6.789742e+01 1.124109e+02 4.998939e+01 2.867533e+03 3.417066e+01
2.352000e+02 6.799914e+01 1.125113e+02 4.998331e+01 2.867533e+03 3.417114e+01
2.352500e+02 6.815650e+01 1.126672e+02 4.996343e+01 2.867534e+03 3.417162e+01
2.353000e+02 6.838171e+01 1.128907e+02 4.992667e+01 2.867535e+03 3.417210e+01
2.353500e+02 6.870016e+01 1.132073e+02 4.986667e+01 2.867537e+03 3.417257e+01
2.354000e+02 6.915629e+01 1.136613e+02 4.977229e+01 2.867537e+03 3.417305e+01
2.354500e+02 6.982985e+01 1.143322e+02 4.962354e+01 2.867539e+03 3.417353e+01
2.355000e+02 7.087424e+01 1.153733e+02 4.938198e+01 2.867539e+03 3.417400e+01
2.355500e+02 7.261635e+01 1.171106e+02 4.896565e+01 2.867543e+03 3.417448e+01
2.356000e+02 7.586814e+01 1.203550e+02 4.817095e+01 2.867543e+03 3.417496e+01
2.356500e+02 8.325783e+01 1.277311e+02 4.633857e+01 2.867552e+03 3.417544e+01
2.357000e+02 1.104469e+02 1.548875e+02 3.953764e+01 2.867539e+03 3.417591e+01
2.357500e+02 8.926117e+01 1.337235e+02 4.487021e+01 2.867521e+03 3.417639e+01
2.358000e+02 7.810462e+01 1.225829e+02 4.768813e+01 2.867529e+03 3.417687e+01
2.358500e+02 7.397891e+01 1.184637e+02 4.874309e+01 2.867528e+03 3.417735e+01
2.359000e+02 7.169899e+01 1.161872e+02 4.933550e+01 2.867533e+03 3.417782e+01
2.359500e+02 7.032678e+01 1.148168e+02 4.970051e+01 2.867532e+03 3.417830e+01
2.360000e+02 6.951487e+01 1.140055e+02 4.992516e+01 2.867536e+03 3.417878e+01
2.360500e+02 6.899211e+01 1.134828e+02 5.007741e+01 2.867535e+03 3.417926e+01
2.361000e+02 6.861047e+01 1.131008e+02 5.019442e+01 2.867538e+03 3.417974e+01
2.361500e+02 6.833890e+01 1.128287e+02 5.028393e+01 2.867537e+03 3.418022e+01
2.362000e+02 6.815656e+01 1.126457e+02 5.035117e+01 2.867540e+03 3.418070e+01
2.362500e+02 6.803118e+01 1.125195e+02 5.040424e+01 2.867539e+03 3.418117e+01
2.363000e+02 6.795538e+01 1.124427e+02 5.044496e+01 2.867542e+03 3.418165e+01
2.363500e+02 6.791163e+01 1.123979e+02 5.047776e+01 2.867541e+03 3.418213e+01
2.364000e+02 6.789007e+01 1.123753e+02 5.050510e+01 2.867544e+03 3.418261e+01
2.364500e+02 6.790269e+01 1.123867e+02 5.052395e+01 2.867543e+03 3.418309e+01
2.365000e+02 6.794906e+01 1.124319e+02 5.053442e+01 2.867545e+03 3.418357e+01
2.365500e+02 6.803513e+01 1.125166e+02 5.053500e+01 2.867545e+03 3.418405e+01
2.366000e+02 6.819915e+01 1.126791e+02 5.051602e+01 2.867547e+03 3.418453e+01
2.366500e+02 6.831788e+01 1.127964e+02 5.050858e+01 2.867547e+03 3.418501e+01
2.367000e+02 6.848641e+01 1.129635e+02 5.048867e+01 2.867549e+03 3.418549e+01
2.367500e+02 6.875541e+01 1.132307e+02 5.044347e+01 2.867549e+03 3.418597e+01
2.368000e+02 6.913433e+01 1.136076e+02 5.037056e+01 2.867552e+03 3.418645e+01
2.368500e+02 6.967925e+01 1.141502e+02 5.025570e+01 2.867551e+03 3.418693e+01
2.369000e+02 7.045676e+01 1.149249e+02 5.008199e+01 2.867555e+03 3.418741e+01
2.369500e+02 7.165050e+01 1.161149e+02 4.980281e+01 2.867554e+03 3.418789e+01
2.370000e+02 7.371315e+01 1.181722e+02 4.930327e+01 2.867560e+03 3.418837e+01
2.370500e+02 7.771180e+01 1.221622e+02 4.831235e+01 2.867557e+03 3.418885e+01
2.371000e+02 8.750938e+01 1.319431e+02 4.584860e+01 2.867570e+03 3.418933e+01
2.371500e+02 1.205739e+02 1.649727e+02 3.747005e+01 2.867549e+03 3.418981e+01
2.372000e+02 8.523757e+01 1.296723e+02 4.646963e+01 2.867530e+03 3.419029e+01
2.372500e+02 7.693977e+01 1.213870e+02 4.860092e+01 2.867544e+03 3.419078e+01
2.373000e+02 7.341686e+01 1.178697e+02 4.952009e+01 2.867541e+03 3.419126e+01
2.373500e+02 7.153532e+01 1.159909e+02 5.002282e+01 2.867547e+03 3.419174e+01
2.374000e+02 7.041840e+01 1.148752e+02 5.033167e+01 2.867546e+03 3.419222e+01
2.374500e+02 6.970970e+01 1.141670e+02 5.053710e+01 2.867550e+03 3.419270e+01
2.375000e+02 6.923767e+01 1.136949e+02 5.068266e+01 2.867549e+03 3.419318e+01
2.375500e+02 6.892474e+01 1.133815e+02 5.078804e+01 2.867552e+03 3.419367e+01
2.376000e+02 6.872406e+01 1.131802e+02 5.086512e+01 2.867551e+03 3.419415e+01
2.376500e+02 6.849176e+01 1.129473e+02 5.095056e+01 2.867554e+03 3.419463e+01
2.377000e+02 6.834824e+01 1.128029e+02 5.101365e+01 2.867553e+03 3.419511e+01
2.377500e+02 6.824791e+01 1.127017e+02 5.106602e+01 2.867555e+03 3.419560e+01
2.378000e+02 6.817802e+01 1.126308e+02 5.111091e+01 2.867555e+03 3.419608e+01
2.378500e+02 6.813152e+01 1.125833e+02 5.115012e+01 2.867557e+03 3.419656e+01
2.379000e+02 6.810414e+01 1.125549e+02 5.118473e+01 2.867557e+03 3.419705e+01
2.379500e+02 6.809331e+01 1.125429e+02 5.121543e+01 2.867559e+03 3.419753e+01
2.380000e+02 6.809897e+01 1.125475e+02 5.124223e+01 2.867558e+03 3.419801e+01
2.380500e+02 6.811489e+01 1.125622e+02 5.126671e+01 2.867560e+03 3.419849e+01
2.381000e+02 6.814702e+01 1.125931e+02 5.128737e+01 2.867560e+03 3.419898e+01
2.381500e+02 6.819551e+01 1.126404e+02 5.130416e+01 2.867562e+03 3.419946e+01
2.382000e+02 6.826424e+01 1.127078e+02 5.131609e+01 2.867562e+03 3.419995e+01
2.382500e+02 6.836209e+01 1.128043e+02 5.132089e+01 2.867563e+03 3.420043e+01
2.383000e+02 6.851107e+01 1.129518e+02 5.131290e+01 2.867563e+03 3.420091e+01
2.383500e+02 6.878815e+01 1.132271e+02 5.127234e+01 2.867565e+03 3.420140e+01
2.384000e+02 6.943538e+01 1.138717e+02 5.113691e+01 2.867565e+03 3.420188e+01
2.384500e+02 6.998228e+01 1.144163e+02 5.102751e+01 2.867566e+03 3.420237e+01
2.385000e+02 6.918919e+01 1.136238e+02 5.126336e+01 2.867566e+03 3.420285e+01
2.385500e+02 6.911690e+01 1.135506e+02 5.131422e+01 2.867568e+03 3.420334e+01
2.386000e+02 6.922017e+01 1.136525e+02 5.132031e+01 2.867567e+03 3.420382e+01
2.386500e+02 6.943836e+01 1.138690e+02 5.129720e+01 2.867570e+03 3.420431e+01
2.387000e+02 6.976275e+01 1.141915e+02 5.124710e+01 2.867569e+03 3.420479e+01
2.387500e+02 7.010427e+01 1.145312e+02 5.119298e+01 2.867572e+03 3.420528e+01
2.388000e+02 7.061803e+01 1.150427e+02 5.109476e+01 2.867572e+03 3.420576e+01
2.388500e+02 7.140006e+01 1.158219e+02 5.092750e+01 2.867575e+03 3.420625e+01
2.389000e+02 7.263001e+01 1.170481e+02 5.064457e+01 2.867574e+03 3.420673e+01
2.389500e+02 7.469962e+01 1.191124e+02 5.014422e+01 2.867579e+03 3.420722e+01
2.390000e+02 7.875425e+01 1.231583e+02 4.912890e+01 2.867578e+03 3.420771e+01
2.390500e+02 8.899125e+01 1.333782e+02 4.650761e+01 2.867588e+03 3.420819e+01
2.391000e+02 1.158441e+02 1.602013e+02 3.956334e+01 2.867569e+03 3.420868e+01
2.391500e+02 8.517101e+01 1.295612e+02 4.757059e+01 2.867554e+03 3.420916e+01
2.392000e+02 7.763648e+01 1.220380e+02 4.956717e+01 2.867565e+03 3.420965e+01
2.392500e+02 7.447613e+01 1.188825e+02 5.042854e+01 2.867563e+03 3.421014e+01
2.393000e+02 7.291032e+01 1.173187e+02 5.087655e+01 2.867568e+03 3.421062e+01
2.393500e+02 7.192548e+01 1.163348e+02 5.117453e+01 2.867567e+03 3.421111e+01
2.394000e+02 7.143089e+01 1.158401e+02 5.134584e+01 2.867571e+03 3.421159e+01
2.394500e+02 7.101798e+01 1.154270e+02 5.149687e+01 2.867570e+03 3.421208e+01
2.395000e+02 7.081608e+01 1.152244e+02 5.159381e+01 2.867573e+03 3.421257e+01
2.395500e+02 7.098565e+01 1.153924e+02 5.159458e+01 2.867572e+03 3.421305e+01
2.396000e+02 7.091782e+01 1.153236e+02 5.165832e+01 2.867574e+03 3.421354e+01
2.396500e+02 7.044211e+01 1.148478e+02 5.182987e+01 2.867574e+03 3.421402e+01
2.397000e+02 7.032703e+01 1.147319e+02 5.190804e+01 2.867576e+03 3.421451e+01
2.397500e+02 7.031327e+01 1.147170e+02 5.196065e+01 2.867576e+03 3.421499e+01
2.398000e+02 7.035449e+01 1.147570e+02 5.199982e+01 2.867577e+03 3.421548e+01
2.398500e+02 7.078903e+01 1.151894e+02 5.193656e+01 2.867577e+03 3.421596e+01
2.399000e+02 7.051417e+01 1.149141e+02 5.206083e+01 2.867578e+03 3.421645e+01
2.399500e+02 7.053027e+01 1.149290e+02 5.210962e+01 2.867578e+03 3.421693e+01
2.400000e+02 7.055371e+01 1.149512e+02 5.215752e+01 2.867580e+03 3.421742e+01
2.400500e+02 7.062547e+01 1.150217e+02 5.219370e+01 2.867580e+03 3.421790e+01
2.401000e+02 7.040633e+01 1.148019e+02 5.230779e+01 2.867581e+03 3.421838e+01
2.401500e+02 7.038069e+01 1.147752e+02 5.237184e+01 2.867581e+03 3.421886e+01
2.402000e+02 7.043335e+01 1.148266e+02 5.241620e+01 2.867582e+03 3.421935e+01
2.402500e+02 7.067151e+01 1.150631e+02 5.241234e+01 2.867582e+03 3.421983e+01
2.403000e+02 7.049380e+01 1.148847e+02 5.251975e+01 2.867583e+03 3.422031e+01
2.403500e+02 7.036910e+01 1.147591e+02 5.261413e+01 2.867583e+03 3.422079e+01
2.404000e+02 7.036408e+01 1.147530e+02 5.267762e+01 2.867584e+03 3.422127e+01
2.404500e+02 7.030690e+01 1.146948e+02 5.275586e+01 2.867585e+03 3.422175e+01
2.405000e+02 7.035025e+01 1.147369e+02 5.280809e+01 2.867586e+03 3.422223e+01
2.405500e+02 7.030088e+01 1.146865e+02 5.288573e+01 2.867586e+03 3.422270e+01
2.406000e+02 7.031427e+01 1.146987e+02 5.294721e+01 2.867587e+03 3.422318e+01
2.406500e+02 7.036197e+01 1.147452e+02 5.299996e+01 2.867587e+03 3.422365e+01
2.407000e+02 7.038830e+01 1.147703e+02 5.305874e+01 2.867588e+03 3.422413e+01
2.407500e+02 7.042859e+01 1.148094e+02 5.311395e+01 2.867589e+03 3.422460e+01
2.408000e+02 7.045335e+01 1.148330e+02 5.317333e+01 2.867590e+03 3.422507e+01
2.408500e+02 7.052388e+01 1.149022e+02 5.322021e+01 2.867590e+03 3.422554e+01
2.409000e+02 7.079673e+01 1.151733e+02 5.321215e+01 2.867591e+03 3.422601e+01
2.409500e+02 7.063407e+01 1.150099e+02 5.332083e+01 2.867591e+03 3.422647e+01
2.410000e+02 7.065246e+01 1.150271e+02 5.337989e+01 2.867592e+03 3.422694e+01
2.410500e+02 7.071840e+01 1.150918e+02 5.342502e+01 2.867592e+03 3.422740e+01
2.411000e+02 7.082355e+01 1.151955e+02 5.345817e+01 2.867593e+03 3.422787e+01
2.411500e+02 7.103739e+01 1.154078e+02 5.346019e+01 2.867594e+03 3.422833e+01
2.412000e+02 7.167774e+01 1.160456e+02 5.334445e+01 2.867595e+03 3.422879e+01
2.412500e+02 7.146310e+01 1.158303e+02 5.345847e+01 2.867595e+03 3.422924e+01
2.413000e+02 7.138530e+01 1.157515e+02 5.353299e+01 2.867596e+03 3.422970e+01
2.413500e+02 7.120791e+01 1.155734e+02 5.363199e+01 2.867596e+03 3.423016e+01
2.414000e+02 7.121489e+01 1.155792e+02 5.367800e+01 2.867597e+03 3.423061e+01
2.414500e+02 7.126310e+01 1.156262e+02 5.370977e+01 2.867597e+03 3.423106e+01
2.415000e+02 7.135850e+01 1.157202e+02 5.372538e+01 2.867598e+03 3.423151e+01
2.415500e+02 7.139918e+01 1.157597e+02 5.375112e+01 2.867599e+03 3.423196e+01
2.416000e+02 7.147588e+01 1.158351e+02 5.375921e+01 2.867600e+03 3.423241e+01
2.416500e+02 7.156962e+01 1.159275e+02 5.375615e+01 2.867600e+03 3.423286e+01
2.417000e+02 7.167761e+01 1.160341e+02 5.374509e+01 2.867601e+03 3.423331e+01
2.417500e+02 7.180843e+01 1.161635e+02 5.372407e+01 2.867602e+03 3.423376e+01
2.418000e+02 7.196799e+01 1.163216e+02 5.369142e+01 2.867603e+03 3.423421e+01
2.418500e+02 7.216204e+01 1.165141e+02 5.364557e+01 2.867603e+03 3.423466e+01
2.419000e+02 7.241049e+01 1.167608e+02 5.358119e+01 2.867604e+03 3.423512e+01
2.419500e+02 7.273668e+01 1.170852e+02 5.349194e+01 2.867605e+03 3.423557e+01
2.420000e+02 7.318030e+01 1.175268e+02 5.336644e+01 2.867606e+03 3.423603e+01
2.420500e+02 7.381136e+01 1.181554e+02 5.318584e+01 2.867608e+03 3.423648e+01
2.421000e+02 7.476239e+01 1.191033e+02 5.291487e+01 2.867609e+03 3.423694e+01
2.421500e+02 7.630642e+01 1.206432e+02 5.247927e+01 2.867611e+03 3.423740e+01
2.422000e+02 7.909191e+01 1.234223e+02 5.170212e+01 2.867612e+03 3.423786e+01
2.422500e+02 8.507298e+01 1.293923e+02 5.004974e+01 2.867617e+03 3.423833e+01
2.423000e+02 1.037177e+02 1.480120e+02 4.493425e+01 2.867611e+03 3.423879e+01
2.423500e+02 9.615721e+01 1.404589e+02 4.698292e+01 2.867596e+03 3.423926e+01
2.424000e+02 8.302016e+01 1.273393e+02 5.055121e+01 2.867598e+03 3.423973e+01
2.424500e+02 7.820393e+01 1.225303e+02 5.184352e+01 2.867599e+03 3.424020e+01
2.425000e+02 7.583900e+01 1.201687e+02 5.246522e+01 2.867602e+03 3.424067e+01
2.425500e+02 7.449446e+01 1.188257e+02 5.280772e+01 2.867603e+03 3.424114e+01
2.426000e+02 7.366231e+01 1.179941e+02 5.301007e+01 2.867605e+03 3.424162e+01
2.426500e+02 7.312984e+01 1.174616e+02 5.313060e+01 2.867605e+03 3.424210e+01
2.427000e+02 7.273987e+01 1.170714e+02 5.321241e+01 2.867608e+03 3.424258e+01
2.427500e+02 7.248034e+01 1.168112e+02 5.325900e+01 2.867607e+03 3.424305e+01
2.428000e+02 7.230751e+01 1.166376e+02 5.328245e+01 2.867610e+03 3.424354e+01
2.428500e+02 7.220654e+01 1.165358e+02 5.328696e+01 2.867609e+03 3.424402e+01
2.429000e+02 7.216878e+01 1.164969e+02 5.327501e+01 2.867612e+03 3.424450e+01
2.429500e+02 7.219732e+01 1.165243e+02 5.324589e+01 2.867611e+03 3.424499e+01
2.430000e+02 7.232518e+01 1.166507e+02 5.319071e+01 2.867614e+03 3.424547e+01
2.430500e+02 7.248039e+01 1.168045e+02 5.312910e+01 2.867613e+03 3.424596e+01
2.431000e+02 7.268795e+01 1.170105e+02 5.305434e+01 2.867616e+03 3.424645e+01
2.431500e+02 7.306376e+01 1.173843e+02 5.293504e+01 2.867615e+03 3.424694e+01
2.432000e+02 7.366264e+01 1.179808e+02 5.275640e+01 2.867619e+03 3.424743e+01
2.432500e+02 7.464423e+01 1.189592e+02 5.247522e+01 2.867618e+03 3.424792e+01
2.433000e+02 7.634114e+01 1.206516e+02 5.200143e+01 2.867624e+03 3.424841e+01
2.433500e+02 7.965077e+01 1.239539e+02 5.109197e+01 2.867621e+03 3.424890e+01
2.434000e+02 8.718860e+01 1.314783e+02 4.903826e+01 2.867633e+03 3.424939e+01
2.434500e+02 1.184359e+02 1.626900e+02 4.055977e+01 2.867616e+03 3.424989e+01
2.435000e+02 8.879186e+01 1.330769e+02 4.858491e+01 2.867599e+03 3.425038e+01
2.435500e+02 8.006597e+01 1.243638e+02 5.093971e+01 2.867609e+03 3.425087e+01
2.436000e+02 7.648611e+01 1.207895e+02 5.190126e+01 2.867608e+03 3.425137e+01
2.436500e+02 7.463297e+01 1.189389e+02 5.239615e+01 2.867613e+03 3.425186e+01
2.437000e+02 7.354846e+01 1.178555e+02 5.268391e+01 2.867612e+03 3.425236e+01
2.437500e+02 7.286711e+01 1.171745e+02 5.286349e+01 2.867615e+03 3.425285e+01
2.438000e+02 7.242518e+01 1.167323e+02 5.297922e+01 2.867615e+03 3.425335e+01
2.438500e+02 7.214405e+01 1.164507e+02 5.305234e+01 2.867618e+03 3.425384e+01
2.439000e+02 7.198937e+01 1.162952e+02 5.309214e+01 2.867618e+03 3.425434e+01
2.439500e+02 7.195942e+01 1.162642e+02 5.309907e+01 2.867620e+03 3.425484e+01
2.440000e+02 7.210218e+01 1.164055e+02 5.306012e+01 2.867620e+03 3.425534e+01
2.440500e+02 7.249831e+01 1.167997e+02 5.295345e+01 2.867621e+03 3.425583e+01
2.441000e+02 7.364917e+01 1.179469e+02 5.264342e+01 2.867623e+03 3.425633e+01
2.441500e+02 7.864413e+01 1.229309e+02 5.129419e+01 2.867622e+03 3.425683e+01
2.442000e+02 7.426981e+01 1.185640e+02 5.248019e+01 2.867620e+03 3.425733e+01
2.442500e+02 7.246528e+01 1.167621e+02 5.297168e+01 2.867622e+03 3.425782e+01
2.443000e+02 7.174036e+01 1.160377e+02 5.317183e+01 2.867622e+03 3.425832e+01
2.443500e+02 7.142729e+01 1.157242e+02 5.326124e+01 2.867624e+03 3.425882e+01
2.444000e+02 7.118518e+01 1.154815e+02 5.333210e+01 2.867624e+03 3.425932e+01
2.444500e+02 7.094659e+01 1.152423e+02 5.340262e+01 2.867625e+03 3.425982e+01
2.445000e+02 7.081670e+01 1.151116e+02 5.344432e+01 2.867625e+03 3.426032e+01
2.445500e+02 7.072791e+01 1.150219e+02 5.347546e+01 2.867627e+03 3.426081e+01
2.446000e+02 7.066982e+01 1.149628e+02 5.349885e+01 2.867627e+03 3.426131e+01
2.446500e+02 7.061115e+01 1.149031e+02 5.352292e+01 2.867628e+03 3.426181e+01
2.447000e+02 7.056866e+01 1.148596e+02 5.354311e+01 2.867628e+03 3.426231e+01
2.447500e+02 7.053626e+01 1.148261e+02 5.356106e+01 2.867629e+03 3.426281e+01
2.448000e+02 7.051908e+01 1.148078e+02 5.357535e+01 2.867630e+03 3.426331e+01
2.448500e+02 7.049460e+01 1.147823e+02 5.359207e+01 2.867631e+03 3.426381e+01
2.449000e+02 7.048501e+01 1.147716e+02 5.360520e+01 2.867631e+03 3.426431e+01
2.449500e+02 7.048081e+01 1.147663e+02 5.361727e+01 2.867632e+03 3.426481e+01
2.450000e+02 7.047044e+01 1.147548e+02 5.363143e+01 2.867632e+03 3.426531e+01
2.450500e+02 7.046845e+01 1.147517e+02 5.364370e+01 2.867633e+03 3.426581e+01
2.451000e+02 7.045183e+01 1.147339e+02 5.366030e+01 2.867634e+03 3.426631e+01
2.451500e+02 7.044737e+01 1.147284e+02 5.367398e+01 2.867634e+03 3.426681e+01
2.452000e+02 7.044712e+01 1.147270e+02 5.368686e+01 2.867635e+03 3.426731e+01
2.452500e+02 7.044966e+01 1.147284e+02 5.369932e+01 2.867636e+03 3.426781e+01
2.453000e+02 7.045423e+01 1.147318e+02 5.371155e+01 2.867636e+03 3.426831e+01
2.453500e+02 7.046060e+01 1.147370e+02 5.372360e+01 2.867637e+03 3.426881e+01
2.454000e+02 7.046885e+01 1.147441e+02 5.373544e+01 2.867637e+03 3.426931e+01
2.454500e+02 7.047902e+01 1.147531e+02 5.374705e+01 2.867638e+03 3.426981e+01
2.455000e+02 7.049202e+01 1.147650e+02 5.375818e+01 2.867639e+03 3.427031e+01
2.455500e+02 7.051180e+01 1.147836e+02 5.376773e+01 2.867639e+03 3.427082e+01
2.456000e+02 7.051973e+01 1.147904e+02 5.378077e+01 2.867640e+03 3.427132e+01
2.456500e+02 7.053903e+01 1.148085e+02 5.379096e+01 2.867641e+03 3.427182e+01
2.457000e+02 7.055973e+01 1.148280e+02 5.380102e+01 2.867641e+03 3.427232e+01
2.457500e+02 7.059832e+01 1.148654e+02 5.380645e+01 2.867642e+03 3.427282e+01
2.458000e+02 7.069995e+01 1.149656e+02 5.379495e+01 2.867642e+03 3.427332e+01
2.458500e+02 7.062468e+01 1.148894e+02 5.383181e+01 2.867643e+03 3.427382e+01
2.459000e+02 7.062519e+01 1.148888e+02 5.384827e+01 2.867644e+03 3.427432e+01
2.459500e+02 7.063783e+01 1.149003e+02 5.386164e+01 2.867644e+03 3.427483e+01
2.460000e+02 7.065529e+01 1.149165e+02 5.387390e+01 2.867645e+03 3.427533e+01
2.460500e+02 7.067570e+01 1.149358e+02 5.388554e+01 2.867645e+03 3.427583e+01
2.461000e+02 7.069855e+01 1.149574e+02 5.389672e+01 2.867646e+03 3.427633e+01
2.461500e+02 7.072398e+01 1.149817e+02 5.390737e+01 2.867647e+03 3.427683e+01
2.462000e+02 7.075251e+01 1.150090e+02 5.391736e+01 2.867647e+03 3.427734e+01
2.462500e+02 7.078671e+01 1.150420e+02 5.392597e+01 2.867648e+03 3.427784e+01
2.463000e+02 7.083115e+01 1.150852e+02 5.393195e+01 2.867649e+03 3.427834e+01
2.463500e+02 7.086404e+01 1.151169e+02 5.394125e+01 2.867649e+03 3.427884e+01
2.464000e+02 7.092328e+01 1.151748e+02 5.394351e+01 2.867650e+03 3.427935e+01
2.464500e+02 7.103549e+01 1.152857e+02 5.393144e+01 2.867651e+03 3.427985e+01
2.465000e+02 7.144161e+01 1.156897e+02 5.383913e+01 2.867651e+03 3.428035e+01
2.465500e+02 7.129918e+01 1.155465e+02 5.389695e+01 2.867651e+03 3.428085e+01
2.466000e+02 7.109076e+01 1.153374e+02 5.397300e+01 2.867652e+03 3.428136e+01
2.466500e+02 7.106220e+01 1.153078e+02 5.400000e+01 2.867653e+03 3.428186e+01
2.467000e+02 7.107192e+01 1.153163e+02 5.401667e+01 2.867653e+03 3.428236e+01
2.467500e+02 7.109349e+01 1.153367e+02 5.403022e+01 2.867654e+03 3.428287e+01
2.468000e+02 7.112420e+01 1.153662e+02 5.404140e+01 2.867655e+03 3.428337e+01
2.468500e+02 7.116082e+01 1.154016e+02 5.405109e+01 2.867655e+03 3.428387e+01
2.469000e+02 7.120231e+01 1.154419e+02 5.405956e+01 2.867656e+03 3.428438e+01
2.469500e+02 7.124856e+01 1.154869e+02 5.406683e+01 2.867657e+03 3.428488e+01
2.470000e+02 7.130087e+01 1.155380e+02 5.407256e+01 2.867657e+03 3.428539e+01
2.470500e+02 7.135789e+01 1.155937e+02 5.407709e+01 2.867658e+03 3.428589e+01
2.471000e+02 7.143005e+01 1.156646e+02 5.407757e+01 2.867659e+03 3.428639e+01
2.471500e+02 7.149048e+01 1.157237e+02 5.408136e+01 2.867659e+03 3.428690e+01
2.472000e+02 7.155934e+01 1.157913e+02 5.408293e+01 2.867660e+03 3.428740e+01
2.472500e+02 7.164445e+01 1.158751e+02 5.408012e+01 2.867661e+03 3.428791e+01
2.473000e+02 7.174247e+01 1.159717e+02 5.407385e+01 2.867662e+03 3.428841e+01
2.473500e+02 7.185126e+01 1.160792e+02 5.406468e+01 2.867662e+03 3.428892e+01
2.474000e+02 7.198587e+01 1.162123e+02 5.404848e+01 2.867663e+03 3.428942e+01
2.474500e+02 7.215276e+01 1.163777e+02 5.402345e+01 2.867664e+03 3.428993e+01
2.475000e+02 7.236730e+01 1.165906e+02 5.398534e+01 2.867665e+03 3.429043e+01
2.475500e+02 7.265841e+01 1.168800e+02 5.392618e+01 2.867666e+03 3.429094e+01
2.476000e+02 7.308592e+01 1.173054e+02 5.382944e+01 2.867667e+03 3.429144e+01
2.476500e+02 7.379562e+01 1.180124e+02 5.365485e+01 2.867668e+03 3.429195e+01
2.477000e+02 7.525995e+01 1.194725e+02 5.327194e+01 2.867669e+03 3.429245e+01
2.477500e+02 8.042729e+01 1.246287e+02 5.186630e+01 2.867669e+03 3.429296e+01
2.478000e+02 7.711400e+01 1.213205e+02 5.280216e+01 2.867666e+03 3.429346e+01
2.478500e+02 7.535409e+01 1.195630e+02 5.330950e+01 2.867669e+03 3.429397e+01
2.479000e+02 7.510742e+01 1.193157e+02 5.339903e+01 2.867669e+03 3.429448e+01
2.479500e+02 7.551658e+01 1.197229e+02 5.330736e+01 2.867672e+03 3.429498e+01
2.480000e+02 7.655100e+01 1.207541e+02 5.304271e+01 2.867672e+03 3.429549e+01
2.480500e+02 7.860297e+01 1.228009e+02 5.249627e+01 2.867675e+03 3.429599e+01
2.481000e+02 8.298494e+01 1.271738e+02 5.130416e+01 2.867677e+03 3.429650e+01
2.481500e+02 9.532679e+01 1.394961e+02 4.790491e+01 2.867679e+03 3.429701e+01
2.482000e+02 1.058063e+02 1.499622e+02 4.501832e+01 2.867665e+03 3.429751e+01
2.482500e+02 8.562530e+01 1.298063e+02 5.063502e+01 2.867658e+03 3.429802e+01
2.483000e+02 7.969322e+01 1.238834e+02 5.230142e+01 2.867664e+03 3.429853e+01
2.483500e+02 7.701805e+01 1.212122e+02 5.306530e+01 2.867664e+03 3.429904e+01
2.484000e+02 7.555952e+01 1.197555e+02 5.349213e+01 2.867667e+03 3.429954e+01
2.484500e+02 7.469668e+01 1.188934e+02 5.375396e+01 2.867668e+03 3.430005e+01
2.485000e+02 7.415077e+01 1.183475e+02 5.392805e+01 2.867670e+03 3.430056e+01
2.485500e+02 7.378265e+01 1.179790e+02 5.405296e+01 2.867670e+03 3.430107e+01
2.486000e+02 7.353516e+01 1.177309e+02 5.414449e+01 2.867672e+03 3.430157e+01
2.486500e+02 7.337017e+01 1.175652e+02 5.421324e+01 2.867672e+03 3.430208e+01
2.487000e+02 7.328120e+01 1.174753e+02 5.426096e+01 2.867674e+03 3.430259e+01
2.487500e+02 7.319637e+01 1.173895e+02 5.430763e+01 2.867674e+03 3.430310e+01
2.488000e+02 7.313619e+01 1.173283e+02 5.434755e+01 2.867675e+03 3.430361e+01
2.488500e+02 7.311579e+01 1.173068e+02 5.437649e+01 2.867676e+03 3.430412e+01
2.489000e+02 7.312166e+01 1.173115e+02 5.439821e+01 2.867677e+03 3.430463e+01
2.489500e+02 7.315018e+01 1.173389e+02 5.441369e+01 2.867678e+03 3.430513e+01
2.490000e+02 7.320159e+01 1.173890e+02 5.442287e+01 2.867679e+03 3.430564e+01
2.490500e+02 7.328851e+01 1.174746e+02 5.442223e+01 2.867679e+03 3.430615e+01
2.491000e+02 7.336183e+01 1.175466e+02 5.442544e+01 2.867681e+03 3.430666e+01
2.491500e+02 7.347631e+01 1.176597e+02 5.441723e+01 2.867681e+03 3.430717e+01
2.492000e+02 7.360936e+01 1.177914e+02 5.440390e+01 2.867682e+03 3.430768e+01
2.492500e+02 7.378223e+01 1.179627e+02 5.437949e+01 2.867683e+03 3.430819e+01
2.493000e+02 7.399830e+01 1.181772e+02 5.434305e+01 2.867684e+03 3.430870e+01
2.493500e+02 7.426968e+01 1.184468e+02 5.429118e+01 2.867685e+03 3.430921e+01
2.494000e+02 7.461552e+01 1.187908e+02 5.421849e+01 2.867686e+03 3.430972e+01
2.494500e+02 7.506620e+01 1.192394e+02 5.411645e+01 2.867687e+03 3.431023e+01
2.495000e+02 7.567140e+01 1.198422e+02 5.397109e+01 2.867689e+03 3.431074e+01
2.495500e+02 7.651805e+01 1.206859e+02 5.375800e+01 2.867690e+03 3.431125e+01
2.496000e+02 7.777157e+01 1.219358e+02 5.343067e+01 2.867692e+03 3.431177e+01
2.496500e+02 7.978249e+01 1.239417e+02 5.289059e+01 2.867694e+03 3.431228e+01
2.497000e+02 8.344906e+01 1.276006e+02 5.188519e+01 2.867696e+03 3.431279e+01
2.497500e+02 9.200989e+01 1.361469e+02 4.950370e+01 2.867699e+03 3.431330e+01
2.498000e+02 1.051315e+02 1.492512e+02 4.583701e+01 2.867691e+03 3.431381e+01
2.498500e+02 9.161427e+01 1.357496e+02 4.966031e+01 2.867683e+03 3.431432e+01
2.499000e+02 9.303386e+01 1.371660e+02 4.928375e+01 2.867695e+03 3.431484e+01
2.499500e+02 1.119371e+02 1.560464e+02 4.398385e+01 2.867685e+03 3.431535e+01
2.500000e+02 9.623404e+01 1.403596e+02 4.842808e+01 2.867673e+03 3.431586e+01
