2.100000e+02 4.618554e+01 9.132946e+01 3.618621e+01 2.027457e+03 2.399467e+01
2.100500e+02 4.619060e+01 9.133339e+01 3.617218e+01 2.027458e+03 2.399503e+01
2.101000e+02 4.619354e+01 9.133520e+01 3.615857e+01 2.027458e+03 2.399539e+01
2.101500e+02 4.622058e+01 9.136102e+01 3.614109e+01 2.027459e+03 2.399574e+01
2.102000e+02 4.636890e+01 9.150764e+01 3.610393e+01 2.027459e+03 2.399610e+01
2.102500e+02 4.627126e+01 9.140928e+01 3.610677e+01 2.027460e+03 2.399646e+01
2.103000e+02 4.629685e+01 9.143365e+01 3.608958e+01 2.027460e+03 2.399681e+01
2.103500e+02 4.641246e+01 9.154769e+01 3.605765e+01 2.027461e+03 2.399717e+01
2.104000e+02 4.684607e+01 9.197850e+01 3.597405e+01 2.027461e+03 2.399752e+01
2.104500e+02 4.680975e+01 9.194120e+01 3.596678e+01 2.027461e+03 2.399788e+01
2.105000e+02 4.649076e+01 9.162235e+01 3.600536e+01 2.027462e+03 2.399823e+01
2.105500e+02 4.646391e+01 9.159449e+01 3.599654e+01 2.027462e+03 2.399859e+01
2.106000e+02 4.654855e+01 9.167768e+01 3.596968e+01 2.027463e+03 2.399894e+01
2.106500e+02 4.675772e+01 9.188493e+01 3.592268e+01 2.027464e+03 2.399929e+01
2.107000e+02 4.721623e+01 9.234056e+01 3.583538e+01 2.027464e+03 2.399965e+01
2.107500e+02 4.848019e+01 9.359871e+01 3.561774e+01 2.027465e+03 2.400000e+01
2.108000e+02 5.238333e+01 9.748764e+01 3.497275e+01 2.027464e+03 2.400036e+01
2.108500e+02 4.816574e+01 9.328317e+01 3.564336e+01 2.027462e+03 2.400071e+01
2.109000e+02 4.706112e+01 9.218158e+01 3.580965e+01 2.027464e+03 2.400106e+01
2.109500e+02 4.659866e+01 9.171981e+01 3.587209e+01 2.027464e+03 2.400141e+01
2.110000e+02 4.635055e+01 9.147156e+01 3.590000e+01 2.027465e+03 2.400177e+01
2.110500e+02 4.619847e+01 9.131897e+01 3.591255e+01 2.027465e+03 2.400212e+01
2.111000e+02 4.609586e+01 9.121566e+01 3.591729e+01 2.027466e+03 2.400247e+01
2.111500e+02 4.602669e+01 9.114566e+01 3.591682e+01 2.027466e+03 2.400282e+01
2.112000e+02 4.596503e+01 9.108314e+01 3.591535e+01 2.027467e+03 2.400318e+01
2.112500e+02 4.591700e+01 9.103419e+01 3.591188e+01 2.027467e+03 2.400353e+01
2.113000e+02 4.587878e+01 9.099501e+01 3.590704e+01 2.027468e+03 2.400388e+01
2.113500e+02 4.584689e+01 9.096214e+01 3.590140e+01 2.027468e+03 2.400423e+01
2.114000e+02 4.581955e+01 9.093380e+01 3.589524e+01 2.027469e+03 2.400458e+01
2.114500e+02 4.579564e+01 9.090888e+01 3.588874e+01 2.027469e+03 2.400493e+01
2.115000e+02 4.577440e+01 9.088662e+01 3.588203e+01 2.027469e+03 2.400529e+01
2.115500e+02 4.575529e+01 9.086647e+01 3.587519e+01 2.027470e+03 2.400564e+01
2.116000e+02 4.573792e+01 9.084807e+01 3.586828e+01 2.027470e+03 2.400599e+01
2.116500e+02 4.572200e+01 9.083110e+01 3.586135e+01 2.027471e+03 2.400634e+01
2.117000e+02 4.570731e+01 9.081535e+01 3.585444e+01 2.027471e+03 2.400669e+01
2.117500e+02 4.569366e+01 9.080065e+01 3.584755e+01 2.027471e+03 2.400704e+01
2.118000e+02 4.568093e+01 9.078686e+01 3.584072e+01 2.027472e+03 2.400739e+01
2.118500e+02 4.566902e+01 9.077389e+01 3.583396e+01 2.027472e+03 2.400774e+01
2.119000e+02 4.565784e+01 9.076164e+01 3.582727e+01 2.027473e+03 2.400809e+01
2.119500e+02 4.564734e+01 9.075008e+01 3.582066e+01 2.027473e+03 2.400843e+01
2.120000e+02 4.563754e+01 9.073921e+01 3.581413e+01 2.027474e+03 2.400878e+01
2.120500e+02 4.562866e+01 9.072925e+01 3.580763e+01 2.027474e+03 2.400913e+01
2.121000e+02 4.562086e+01 9.072038e+01 3.580114e+01 2.027475e+03 2.400948e+01
2.121500e+02 4.561078e+01 9.070923e+01 3.579519e+01 2.027475e+03 2.400983e+01
2.122000e+02 4.560231e+01 9.069968e+01 3.578916e+01 2.027475e+03 2.401018e+01
2.122500e+02 4.559447e+01 9.069077e+01 3.578320e+01 2.027476e+03 2.401052e+01
2.123000e+02 4.558711e+01 9.068232e+01 3.577733e+01 2.027476e+03 2.401087e+01
2.123500e+02 4.558016e+01 9.067429e+01 3.577155e+01 2.027477e+03 2.401122e+01
2.124000e+02 4.557364e+01 9.066669e+01 3.576587e+01 2.027477e+03 2.401157e+01
2.124500e+02 4.556757e+01 9.065953e+01 3.576028e+01 2.027477e+03 2.401191e+01
2.125000e+02 4.556214e+01 9.065301e+01 3.575473e+01 2.027478e+03 2.401226e+01
2.125500e+02 4.555713e+01 9.064691e+01 3.574928e+01 2.027478e+03 2.401261e+01
2.126000e+02 4.555385e+01 9.064254e+01 3.574370e+01 2.027479e+03 2.401295e+01
2.126500e+02 4.555327e+01 9.064085e+01 3.573783e+01 2.027479e+03 2.401330e+01
2.127000e+02 4.554660e+01 9.063310e+01 3.573309e+01 2.027480e+03 2.401364e+01
2.127500e+02 4.554254e+01 9.062794e+01 3.572808e+01 2.027480e+03 2.401399e+01
2.128000e+02 4.554068e+01 9.062498e+01 3.572285e+01 2.027480e+03 2.401434e+01
2.128500e+02 4.555775e+01 9.064087e+01 3.571474e+01 2.027481e+03 2.401468e+01
2.129000e+02 4.553920e+01 9.062128e+01 3.571247e+01 2.027481e+03 2.401503e+01
2.129500e+02 4.552559e+01 9.060662e+01 3.570954e+01 2.027482e+03 2.401537e+01
2.130000e+02 4.551955e+01 9.059950e+01 3.570554e+01 2.027482e+03 2.401572e+01
2.130500e+02 4.551488e+01 9.059373e+01 3.570145e+01 2.027482e+03 2.401606e+01
2.131000e+02 4.551139e+01 9.058915e+01 3.569730e+01 2.027483e+03 2.401641e+01
2.131500e+02 4.550860e+01 9.058526e+01 3.569317e+01 2.027483e+03 2.401675e+01
2.132000e+02 4.550638e+01 9.058195e+01 3.568908e+01 2.027484e+03 2.401709e+01
2.132500e+02 4.550460e+01 9.057906e+01 3.568505e+01 2.027484e+03 2.401744e+01
2.133000e+02 4.550337e+01 9.057672e+01 3.568105e+01 2.027484e+03 2.401778e+01
2.133500e+02 4.550334e+01 9.057559e+01 3.567699e+01 2.027485e+03 2.401812e+01
2.134000e+02 4.550254e+01 9.057368e+01 3.567317e+01 2.027485e+03 2.401847e+01
2.134500e+02 4.550733e+01 9.057734e+01 3.566858e+01 2.027486e+03 2.401881e+01
2.135000e+02 4.550139e+01 9.057032e+01 3.566582e+01 2.027486e+03 2.401915e+01
2.135500e+02 4.550059e+01 9.056841e+01 3.566236e+01 2.027486e+03 2.401950e+01
2.136000e+02 4.550055e+01 9.056726e+01 3.565890e+01 2.027487e+03 2.401984e+01
2.136500e+02 4.550127e+01 9.056686e+01 3.565544e+01 2.027487e+03 2.402018e+01
2.137000e+02 4.550265e+01 9.056713e+01 3.565198e+01 2.027488e+03 2.402052e+01
2.137500e+02 4.550472e+01 9.056808e+01 3.564853e+01 2.027488e+03 2.402087e+01
2.138000e+02 4.550753e+01 9.056977e+01 3.564507e+01 2.027489e+03 2.402121e+01
2.138500e+02 4.551115e+01 9.057227e+01 3.564160e+01 2.027489e+03 2.402155e+01
2.139000e+02 4.551569e+01 9.057568e+01 3.563809e+01 2.027489e+03 2.402189e+01
2.139500e+02 4.552126e+01 9.058011e+01 3.563452e+01 2.027490e+03 2.402223e+01
2.140000e+02 4.552798e+01 9.058569e+01 3.563088e+01 2.027490e+03 2.402258e+01
2.140500e+02 4.553610e+01 9.059267e+01 3.562713e+01 2.027491e+03 2.402292e+01
2.141000e+02 4.554585e+01 9.060127e+01 3.562322e+01 2.027491e+03 2.402326e+01
2.141500e+02 4.555755e+01 9.061181e+01 3.561911e+01 2.027491e+03 2.402360e+01
2.142000e+02 4.557161e+01 9.062470e+01 3.561473e+01 2.027492e+03 2.402394e+01
2.142500e+02 4.558858e+01 9.064049e+01 3.560998e+01 2.027492e+03 2.402428e+01
2.143000e+02 4.560917e+01 9.065988e+01 3.560477e+01 2.027493e+03 2.402462e+01
2.143500e+02 4.563437e+01 9.068387e+01 3.559891e+01 2.027493e+03 2.402496e+01
2.144000e+02 4.566557e+01 9.071383e+01 3.559221e+01 2.027494e+03 2.402530e+01
2.144500e+02 4.570473e+01 9.075171e+01 3.558433e+01 2.027494e+03 2.402564e+01
2.145000e+02 4.575477e+01 9.080043e+01 3.557482e+01 2.027495e+03 2.402598e+01
2.145500e+02 4.582016e+01 9.086443e+01 3.556295e+01 2.027495e+03 2.402632e+01
2.146000e+02 4.590810e+01 9.095089e+01 3.554759e+01 2.027496e+03 2.402666e+01
2.146500e+02 4.602992e+01 9.107109e+01 3.552691e+01 2.027496e+03 2.402700e+01
2.147000e+02 4.620748e+01 9.124681e+01 3.549742e+01 2.027497e+03 2.402734e+01
2.147500e+02 4.648192e+01 9.151901e+01 3.545256e+01 2.027497e+03 2.402768e+01
2.148000e+02 4.694344e+01 9.197756e+01 3.537792e+01 2.027499e+03 2.402802e+01
2.148500e+02 4.782145e+01 9.285099e+01 3.523683e+01 2.027498e+03 2.402836e+01
2.149000e+02 4.989677e+01 9.491750e+01 3.490451e+01 2.027502e+03 2.402870e+01
2.149500e+02 5.924129e+01 1.042329e+02 3.340981e+01 2.027498e+03 2.402903e+01
2.150000e+02 5.080517e+01 9.582050e+01 3.475817e+01 2.027493e+03 2.402937e+01
2.150500e+02 4.813198e+01 9.315587e+01 3.518485e+01 2.027496e+03 2.402971e+01
2.151000e+02 4.709700e+01 9.212382e+01 3.534981e+01 2.027496e+03 2.403005e+01
2.151500e+02 4.657996e+01 9.160775e+01 3.543211e+01 2.027498e+03 2.403039e+01
2.152000e+02 4.626856e+01 9.129653e+01 3.548166e+01 2.027498e+03 2.403073e+01
2.152500e+02 4.607174e+01 9.109942e+01 3.551299e+01 2.027499e+03 2.403106e+01
2.153000e+02 4.593953e+01 9.096666e+01 3.553410e+01 2.027499e+03 2.403140e+01
2.153500e+02 4.584596e+01 9.087237e+01 3.554913e+01 2.027500e+03 2.403174e+01
2.154000e+02 4.577747e+01 9.080305e+01 3.556025e+01 2.027500e+03 2.403208e+01
2.154500e+02 4.572701e+01 9.075170e+01 3.556857e+01 2.027501e+03 2.403241e+01
2.155000e+02 4.570067e+01 9.072437e+01 3.557313e+01 2.027501e+03 2.403275e+01
2.155500e+02 4.565414e+01 9.067692e+01 3.558100e+01 2.027501e+03 2.403309e+01
2.156000e+02 4.562723e+01 9.064901e+01 3.558583e+01 2.027502e+03 2.403343e+01
2.156500e+02 4.560660e+01 9.062737e+01 3.558974e+01 2.027502e+03 2.403376e+01
2.157000e+02 4.559055e+01 9.061028e+01 3.559300e+01 2.027503e+03 2.403410e+01
2.157500e+02 4.557678e+01 9.059546e+01 3.559599e+01 2.027503e+03 2.403444e+01
2.158000e+02 4.556679e+01 9.058440e+01 3.559846e+01 2.027503e+03 2.403477e+01
2.158500e+02 4.556027e+01 9.057680e+01 3.560046e+01 2.027504e+03 2.403511e+01
2.159000e+02 4.555839e+01 9.057382e+01 3.560181e+01 2.027504e+03 2.403545e+01
2.159500e+02 4.556622e+01 9.058051e+01 3.560169e+01 2.027505e+03 2.403578e+01
2.160000e+02 4.561824e+01 9.063119e+01 3.559459e+01 2.027505e+03 2.403612e+01
2.160500e+02 4.559754e+01 9.060947e+01 3.559920e+01 2.027506e+03 2.403645e+01
2.161000e+02 4.556941e+01 9.058035e+01 3.560507e+01 2.027506e+03 2.403679e+01
2.161500e+02 4.554668e+01 9.055661e+01 3.561016e+01 2.027506e+03 2.403713e+01
2.162000e+02 4.553059e+01 9.053948e+01 3.561428e+01 2.027507e+03 2.403746e+01
2.162500e+02 4.552342e+01 9.053124e+01 3.561705e+01 2.027507e+03 2.403780e+01
2.163000e+02 4.551975e+01 9.052647e+01 3.561935e+01 2.027508e+03 2.403813e+01
2.163500e+02 4.551952e+01 9.052513e+01 3.562118e+01 2.027508e+03 2.403847e+01
2.164000e+02 4.551869e+01 9.052320e+01 3.562318e+01 2.027508e+03 2.403880e+01
2.164500e+02 4.551470e+01 9.051812e+01 3.562577e+01 2.027509e+03 2.403914e+01
2.165000e+02 4.551366e+01 9.051597e+01 3.562797e+01 2.027509e+03 2.403947e+01
2.165500e+02 4.551360e+01 9.051480e+01 3.563010e+01 2.027510e+03 2.403981e+01
2.166000e+02 4.551415e+01 9.051424e+01 3.563220e+01 2.027510e+03 2.404015e+01
2.166500e+02 4.551520e+01 9.051418e+01 3.563430e+01 2.027510e+03 2.404048e+01
2.167000e+02 4.551672e+01 9.051459e+01 3.563641e+01 2.027511e+03 2.404081e+01
2.167500e+02 4.551879e+01 9.051554e+01 3.563851e+01 2.027511e+03 2.404115e+01
2.168000e+02 4.552173e+01 9.051736e+01 3.564055e+01 2.027512e+03 2.404148e+01
2.168500e+02 4.552708e+01 9.052157e+01 3.564229e+01 2.027512e+03 2.404182e+01
2.169000e+02 4.553171e+01 9.052508e+01 3.564421e+01 2.027512e+03 2.404215e+01
2.169500e+02 4.552937e+01 9.052164e+01 3.564733e+01 2.027513e+03 2.404249e+01
2.170000e+02 4.553084e+01 9.052200e+01 3.564992e+01 2.027513e+03 2.404282e+01
2.170500e+02 4.553336e+01 9.052339e+01 3.565242e+01 2.027514e+03 2.404316e+01
2.171000e+02 4.553643e+01 9.052535e+01 3.565491e+01 2.027514e+03 2.404349e+01
2.171500e+02 4.553997e+01 9.052776e+01 3.565740e+01 2.027514e+03 2.404382e+01
2.172000e+02 4.554401e+01 9.053067e+01 3.565989e+01 2.027515e+03 2.404416e+01
2.172500e+02 4.554902e+01 9.053455e+01 3.566230e+01 2.027515e+03 2.404449e+01
2.173000e+02 4.555392e+01 9.053832e+01 3.566480e+01 2.027516e+03 2.404483e+01
2.173500e+02 4.555999e+01 9.054326e+01 3.566720e+01 2.027516e+03 2.404516e+01
2.174000e+02 4.556882e+01 9.055094e+01 3.566923e+01 2.027516e+03 2.404549e+01
2.174500e+02 4.558477e+01 9.056572e+01 3.567020e+01 2.027517e+03 2.404583e+01
2.175000e+02 4.564458e+01 9.062416e+01 3.566423e+01 2.027517e+03 2.404616e+01
2.175500e+02 4.559876e+01 9.057743e+01 3.567524e+01 2.027518e+03 2.404649e+01
2.176000e+02 4.558881e+01 9.056641e+01 3.568058e+01 2.027518e+03 2.404683e+01
2.176500e+02 4.558837e+01 9.056486e+01 3.568449e+01 2.027518e+03 2.404716e+01
2.177000e+02 4.559114e+01 9.056652e+01 3.568795e+01 2.027519e+03 2.404750e+01
2.177500e+02 4.559564e+01 9.056988e+01 3.569121e+01 2.027519e+03 2.404783e+01
2.178000e+02 4.560156e+01 9.057467e+01 3.569433e+01 2.027520e+03 2.404816e+01
2.178500e+02 4.560989e+01 9.058186e+01 3.569713e+01 2.027520e+03 2.404849e+01
2.179000e+02 4.561755e+01 9.058838e+01 3.570012e+01 2.027520e+03 2.404883e+01
2.179500e+02 4.562886e+01 9.059853e+01 3.570260e+01 2.027521e+03 2.404916e+01
2.180000e+02 4.564739e+01 9.061587e+01 3.570400e+01 2.027521e+03 2.404949e+01
2.180500e+02 4.568589e+01 9.065309e+01 3.570228e+01 2.027522e+03 2.404983e+01
2.181000e+02 4.583116e+01 9.079663e+01 3.568352e+01 2.027522e+03 2.405016e+01
2.181500e+02 4.577293e+01 9.073754e+01 3.569745e+01 2.027522e+03 2.405049e+01
2.182000e+02 4.569055e+01 9.065440e+01 3.571533e+01 2.027523e+03 2.405082e+01
2.182500e+02 4.567075e+01 9.063359e+01 3.572326e+01 2.027523e+03 2.405116e+01
2.183000e+02 4.566619e+01 9.062793e+01 3.572883e+01 2.027523e+03 2.405149e+01
2.183500e+02 4.566584e+01 9.062648e+01 3.573379e+01 2.027524e+03 2.405182e+01
2.184000e+02 4.566897e+01 9.062849e+01 3.573828e+01 2.027524e+03 2.405215e+01
2.184500e+02 4.567576e+01 9.063414e+01 3.574226e+01 2.027525e+03 2.405249e+01
2.185000e+02 4.567777e+01 9.063503e+01 3.574709e+01 2.027525e+03 2.405282e+01
2.185500e+02 4.568217e+01 9.063831e+01 3.575160e+01 2.027525e+03 2.405315e+01
2.186000e+02 4.568975e+01 9.064475e+01 3.575569e+01 2.027526e+03 2.405348e+01
2.186500e+02 4.569253e+01 9.064640e+01 3.576063e+01 2.027526e+03 2.405382e+01
2.187000e+02 4.569839e+01 9.065113e+01 3.576515e+01 2.027527e+03 2.405415e+01
2.187500e+02 4.570401e+01 9.065562e+01 3.576979e+01 2.027527e+03 2.405448e+01
2.188000e+02 4.570991e+01 9.066038e+01 3.577447e+01 2.027527e+03 2.405481e+01
2.188500e+02 4.571643e+01 9.066577e+01 3.577912e+01 2.027528e+03 2.405514e+01
2.189000e+02 4.572340e+01 9.067160e+01 3.578379e+01 2.027528e+03 2.405548e+01
2.189500e+02 4.573088e+01 9.067794e+01 3.578845e+01 2.027528e+03 2.405581e+01
2.190000e+02 4.573912e+01 9.068504e+01 3.579307e+01 2.027529e+03 2.405614e+01
2.190500e+02 4.574891e+01 9.069367e+01 3.579753e+01 2.027529e+03 2.405647e+01
2.191000e+02 4.576393e+01 9.070752e+01 3.580122e+01 2.027530e+03 2.405680e+01
2.191500e+02 4.578477e+01 9.072716e+01 3.580407e+01 2.027530e+03 2.405713e+01
2.192000e+02 4.578060e+01 9.072190e+01 3.581101e+01 2.027530e+03 2.405747e+01
2.192500e+02 4.579474e+01 9.073487e+01 3.581510e+01 2.027531e+03 2.405780e+01
2.193000e+02 4.583673e+01 9.077557e+01 3.581479e+01 2.027531e+03 2.405813e+01
2.193500e+02 4.583241e+01 9.077016e+01 3.582201e+01 2.027532e+03 2.405846e+01
2.194000e+02 4.581355e+01 9.075028e+01 3.583166e+01 2.027532e+03 2.405879e+01
2.194500e+02 4.581268e+01 9.074830e+01 3.583851e+01 2.027532e+03 2.405912e+01
2.195000e+02 4.581663e+01 9.075112e+01 3.584466e+01 2.027533e+03 2.405946e+01
2.195500e+02 4.582271e+01 9.075607e+01 3.585056e+01 2.027533e+03 2.405979e+01
2.196000e+02 4.582958e+01 9.076180e+01 3.585642e+01 2.027534e+03 2.406012e+01
2.196500e+02 4.583727e+01 9.076835e+01 3.586224e+01 2.027534e+03 2.406045e+01
2.197000e+02 4.584566e+01 9.077559e+01 3.586803e+01 2.027534e+03 2.406078e+01
2.197500e+02 4.585483e+01 9.078362e+01 3.587379e+01 2.027535e+03 2.406111e+01
2.198000e+02 4.586519e+01 9.079282e+01 3.587946e+01 2.027535e+03 2.406144e+01
2.198500e+02 4.587803e+01 9.080450e+01 3.588481e+01 2.027535e+03 2.406177e+01
2.199000e+02 4.589860e+01 9.082387e+01 3.588901e+01 2.027536e+03 2.406211e+01
2.199500e+02 4.598825e+01 9.091202e+01 3.588217e+01 2.027536e+03 2.406244e+01
2.200000e+02 4.591598e+01 9.083896e+01 3.590153e+01 2.027537e+03 2.406277e+01
2.200500e+02 4.591422e+01 9.083609e+01 3.590962e+01 2.027537e+03 2.406310e+01
2.201000e+02 4.591840e+01 9.083915e+01 3.591685e+01 2.027537e+03 2.406343e+01
2.201500e+02 4.592545e+01 9.084506e+01 3.592372e+01 2.027538e+03 2.406376e+01
2.202000e+02 4.593375e+01 9.085222e+01 3.593049e+01 2.027538e+03 2.406409e+01
2.202500e+02 4.594273e+01 9.086005e+01 3.593725e+01 2.027539e+03 2.406442e+01
2.203000e+02 4.595222e+01 9.086839e+01 3.594404e+01 2.027539e+03 2.406476e+01
2.203500e+02 4.596223e+01 9.087724e+01 3.595084e+01 2.027539e+03 2.406509e+01
2.204000e+02 4.597416e+01 9.088802e+01 3.595745e+01 2.027540e+03 2.406542e+01
2.204500e+02 4.598237e+01 9.089509e+01 3.596476e+01 2.027540e+03 2.406575e+01
2.205000e+02 4.599268e+01 9.090424e+01 3.597184e+01 2.027540e+03 2.406608e+01
2.205500e+02 4.600379e+01 9.091419e+01 3.597891e+01 2.027541e+03 2.406641e+01
2.206000e+02 4.601620e+01 9.092544e+01 3.598588e+01 2.027541e+03 2.406674e+01
2.206500e+02 4.603199e+01 9.094005e+01 3.599242e+01 2.027542e+03 2.406707e+01
2.207000e+02 4.606588e+01 9.097268e+01 3.599615e+01 2.027542e+03 2.406740e+01
2.207500e+02 4.607427e+01 9.097993e+01 3.600413e+01 2.027542e+03 2.406773e+01
2.208000e+02 4.606488e+01 9.096947e+01 3.601511e+01 2.027543e+03 2.406806e+01
2.208500e+02 4.607028e+01 9.097374e+01 3.602382e+01 2.027543e+03 2.406840e+01
2.209000e+02 4.607928e+01 9.098160e+01 3.603207e+01 2.027544e+03 2.406873e+01
2.209500e+02 4.608965e+01 9.099081e+01 3.604024e+01 2.027544e+03 2.406906e+01
2.210000e+02 4.610077e+01 9.100078e+01 3.604841e+01 2.027544e+03 2.406939e+01
2.210500e+02 4.611247e+01 9.101132e+01 3.605663e+01 2.027545e+03 2.406972e+01
2.211000e+02 4.612475e+01 9.102243e+01 3.606489e+01 2.027545e+03 2.407005e+01
2.211500e+02 4.613776e+01 9.103428e+01 3.607317e+01 2.027545e+03 2.407038e+01
2.212000e+02 4.615200e+01 9.104735e+01 3.608140e+01 2.027546e+03 2.407071e+01
2.212500e+02 4.616904e+01 9.106321e+01 3.608933e+01 2.027546e+03 2.407104e+01
2.213000e+02 4.619697e+01 9.108990e+01 3.609563e+01 2.027547e+03 2.407137e+01
2.213500e+02 4.620350e+01 9.109530e+01 3.610557e+01 2.027547e+03 2.407170e+01
2.214000e+02 4.620627e+01 9.109695e+01 3.611628e+01 2.027547e+03 2.407204e+01
2.214500e+02 4.621525e+01 9.110478e+01 3.612614e+01 2.027548e+03 2.407237e+01
2.215000e+02 4.622626e+01 9.111463e+01 3.613584e+01 2.027548e+03 2.407270e+01
2.215500e+02 4.623888e+01 9.112609e+01 3.614545e+01 2.027549e+03 2.407303e+01
2.216000e+02 4.625168e+01 9.113773e+01 3.615520e+01 2.027549e+03 2.407336e+01
2.216500e+02 4.626481e+01 9.114969e+01 3.616509e+01 2.027549e+03 2.407369e+01
2.217000e+02 4.627852e+01 9.116223e+01 3.617507e+01 2.027550e+03 2.407402e+01
2.217500e+02 4.629260e+01 9.117514e+01 3.618517e+01 2.027550e+03 2.407435e+01
2.218000e+02 4.630700e+01 9.118837e+01 3.619542e+01 2.027550e+03 2.407468e+01
2.218500e+02 4.632172e+01 9.120192e+01 3.620582e+01 2.027551e+03 2.407501e+01
2.219000e+02 4.633672e+01 9.121574e+01 3.621639e+01 2.027551e+03 2.407535e+01
2.219500e+02 4.635202e+01 9.122987e+01 3.622711e+01 2.027552e+03 2.407568e+01
2.220000e+02 4.636764e+01 9.124431e+01 3.623801e+01 2.027552e+03 2.407601e+01
2.220500e+02 4.638358e+01 9.125907e+01 3.624908e+01 2.027552e+03 2.407634e+01
2.221000e+02 4.639987e+01 9.127418e+01 3.626033e+01 2.027553e+03 2.407667e+01
2.221500e+02 4.641655e+01 9.128968e+01 3.627176e+01 2.027553e+03 2.407700e+01
2.222000e+02 4.643369e+01 9.130563e+01 3.628336e+01 2.027554e+03 2.407733e+01
2.222500e+02 4.645142e+01 9.132218e+01 3.629512e+01 2.027554e+03 2.407766e+01
2.223000e+02 4.647004e+01 9.133962e+01 3.630700e+01 2.027554e+03 2.407799e+01
2.223500e+02 4.649044e+01 9.135882e+01 3.631886e+01 2.027555e+03 2.407832e+01
2.224000e+02 4.651654e+01 9.138369e+01 3.633008e+01 2.027555e+03 2.407866e+01
2.224500e+02 4.653969e+01 9.140563e+01 3.634206e+01 2.027555e+03 2.407899e+01
2.225000e+02 4.654672e+01 9.141152e+01 3.635700e+01 2.027556e+03 2.407932e+01
2.225500e+02 4.656245e+01 9.142608e+01 3.637081e+01 2.027556e+03 2.407965e+01
2.226000e+02 4.658048e+01 9.144292e+01 3.638458e+01 2.027557e+03 2.407998e+01
2.226500e+02 4.659963e+01 9.146088e+01 3.639850e+01 2.027557e+03 2.408031e+01
2.227000e+02 4.661956e+01 9.147961e+01 3.641264e+01 2.027557e+03 2.408064e+01
2.227500e+02 4.664020e+01 9.149906e+01 3.642701e+01 2.027558e+03 2.408097e+01
2.228000e+02 4.666132e+01 9.151897e+01 3.644169e+01 2.027558e+03 2.408131e+01
2.228500e+02 4.668311e+01 9.153956e+01 3.645663e+01 2.027559e+03 2.408164e+01
2.229000e+02 4.670561e+01 9.156086e+01 3.647186e+01 2.027559e+03 2.408197e+01
2.229500e+02 4.672899e+01 9.158302e+01 3.648736e+01 2.027559e+03 2.408230e+01
2.230000e+02 4.675450e+01 9.160732e+01 3.650293e+01 2.027560e+03 2.408263e+01
2.230500e+02 4.677948e+01 9.163108e+01 3.651904e+01 2.027560e+03 2.408296e+01
2.231000e+02 4.680544e+01 9.165581e+01 3.653544e+01 2.027561e+03 2.408329e+01
2.231500e+02 4.683278e+01 9.168193e+01 3.655209e+01 2.027561e+03 2.408362e+01
2.232000e+02 4.687091e+01 9.171879e+01 3.656745e+01 2.027561e+03 2.408395e+01
2.232500e+02 4.690520e+01 9.175182e+01 3.658395e+01 2.027562e+03 2.408429e+01
2.233000e+02 4.692540e+01 9.177082e+01 3.660331e+01 2.027562e+03 2.408462e+01
2.233500e+02 4.694201e+01 9.178625e+01 3.662381e+01 2.027562e+03 2.408495e+01
2.234000e+02 4.697626e+01 9.181924e+01 3.664197e+01 2.027563e+03 2.408528e+01
2.234500e+02 4.699411e+01 9.183590e+01 3.666342e+01 2.027563e+03 2.408561e+01
2.235000e+02 4.702015e+01 9.186073e+01 3.668412e+01 2.027564e+03 2.408594e+01
2.235500e+02 4.704924e+01 9.188858e+01 3.670495e+01 2.027564e+03 2.408627e+01
2.236000e+02 4.708003e+01 9.191813e+01 3.672615e+01 2.027564e+03 2.408660e+01
2.236500e+02 4.711225e+01 9.194910e+01 3.674778e+01 2.027565e+03 2.408693e+01
2.237000e+02 4.714604e+01 9.198163e+01 3.676984e+01 2.027565e+03 2.408726e+01
2.237500e+02 4.718175e+01 9.201609e+01 3.679229e+01 2.027566e+03 2.408759e+01
2.238000e+02 4.721996e+01 9.205302e+01 3.681506e+01 2.027566e+03 2.408793e+01
2.238500e+02 4.726723e+01 9.209898e+01 3.683708e+01 2.027566e+03 2.408826e+01
2.239000e+02 4.736234e+01 9.219258e+01 3.685190e+01 2.027567e+03 2.408859e+01
2.239500e+02 4.733873e+01 9.216795e+01 3.688729e+01 2.027567e+03 2.408892e+01
2.240000e+02 4.737011e+01 9.219809e+01 3.691434e+01 2.027568e+03 2.408924e+01
2.240500e+02 4.740766e+01 9.223437e+01 3.694120e+01 2.027568e+03 2.408957e+01
2.241000e+02 4.744721e+01 9.227264e+01 3.696856e+01 2.027568e+03 2.408990e+01
2.241500e+02 4.748921e+01 9.231335e+01 3.699639e+01 2.027569e+03 2.409023e+01
2.242000e+02 4.753299e+01 9.235584e+01 3.702478e+01 2.027569e+03 2.409056e+01
2.242500e+02 4.757841e+01 9.239996e+01 3.705379e+01 2.027569e+03 2.409089e+01
2.243000e+02 4.762544e+01 9.244567e+01 3.708341e+01 2.027570e+03 2.409122e+01
2.243500e+02 4.767411e+01 9.249302e+01 3.711365e+01 2.027570e+03 2.409154e+01
2.244000e+02 4.772449e+01 9.254209e+01 3.714449e+01 2.027571e+03 2.409187e+01
2.244500e+02 4.777673e+01 9.259299e+01 3.717589e+01 2.027571e+03 2.409220e+01
2.245000e+02 4.783103e+01 9.264596e+01 3.720781e+01 2.027571e+03 2.409252e+01
2.245500e+02 4.788778e+01 9.270135e+01 3.724017e+01 2.027572e+03 2.409285e+01
2.246000e+02 4.794772e+01 9.275993e+01 3.727279e+01 2.027572e+03 2.409317e+01
2.246500e+02 4.801258e+01 9.282341e+01 3.730535e+01 2.027573e+03 2.409350e+01
2.247000e+02 4.808760e+01 9.289701e+01 3.733692e+01 2.027573e+03 2.409382e+01
2.247500e+02 4.820314e+01 9.301096e+01 3.736228e+01 2.027573e+03 2.409414e+01
2.248000e+02 4.826512e+01 9.307156e+01 3.739731e+01 2.027574e+03 2.409446e+01
2.248500e+02 4.855166e+01 9.335581e+01 3.739467e+01 2.027574e+03 2.409478e+01
2.249000e+02 4.838023e+01 9.318398e+01 3.747033e+01 2.027574e+03 2.409510e+01
2.249500e+02 4.840869e+01 9.321121e+01 3.751233e+01 2.027575e+03 2.409542e+01
2.250000e+02 4.847213e+01 9.327328e+01 3.754855e+01 2.027575e+03 2.409574e+01
2.250500e+02 4.853755e+01 9.333731e+01 3.758447e+01 2.027576e+03 2.409606e+01
2.251000e+02 4.859497e+01 9.339339e+01 3.762164e+01 2.027576e+03 2.409637e+01
2.251500e+02 4.866554e+01 9.346256e+01 3.765626e+01 2.027576e+03 2.409669e+01
2.252000e+02 4.874261e+01 9.353820e+01 3.768929e+01 2.027577e+03 2.409700e+01
2.252500e+02 4.881283e+01 9.360703e+01 3.772279e+01 2.027577e+03 2.409731e+01
2.253000e+02 4.889009e+01 9.368286e+01 3.775418e+01 2.027578e+03 2.409762e+01
2.253500e+02 4.897081e+01 9.376214e+01 3.778382e+01 2.027578e+03 2.409793e+01
2.254000e+02 4.905497e+01 9.384485e+01 3.781147e+01 2.027578e+03 2.409824e+01
2.254500e+02 4.914285e+01 9.393126e+01 3.783683e+01 2.027579e+03 2.409854e+01
2.255000e+02 4.923518e+01 9.402211e+01 3.785952e+01 2.027579e+03 2.409885e+01
2.255500e+02 4.933316e+01 9.411858e+01 3.787907e+01 2.027579e+03 2.409915e+01
2.256000e+02 4.943869e+01 9.422258e+01 3.789492e+01 2.027580e+03 2.409946e+01
2.256500e+02 4.955492e+01 9.433724e+01 3.790629e+01 2.027580e+03 2.409976e+01
2.257000e+02 4.968701e+01 9.446769e+01 3.791211e+01 2.027581e+03 2.410006e+01
2.257500e+02 4.984497e+01 9.462392e+01 3.791054e+01 2.027581e+03 2.410036e+01
2.258000e+02 5.004534e+01 9.482238e+01 3.789865e+01 2.027582e+03 2.410066e+01
2.258500e+02 5.027891e+01 9.505393e+01 3.787772e+01 2.027582e+03 2.410096e+01
2.259000e+02 5.062922e+01 9.540179e+01 3.783110e+01 2.027583e+03 2.410125e+01
2.259500e+02 5.120497e+01 9.597425e+01 3.773757e+01 2.027583e+03 2.410155e+01
2.260000e+02 5.236125e+01 9.712520e+01 3.753814e+01 2.027584e+03 2.410185e+01
2.260500e+02 5.758285e+01 1.023287e+02 3.662838e+01 2.027583e+03 2.410214e+01
2.261000e+02 5.381653e+01 9.857319e+01 3.727922e+01 2.027580e+03 2.410244e+01
2.261500e+02 5.166228e+01 9.642541e+01 3.764650e+01 2.027581e+03 2.410274e+01
2.262000e+02 5.092237e+01 9.568714e+01 3.776500e+01 2.027582e+03 2.410305e+01
2.262500e+02 5.049050e+01 9.525580e+01 3.782732e+01 2.027583e+03 2.410335e+01
2.263000e+02 5.021087e+01 9.497614e+01 3.786075e+01 2.027583e+03 2.410365e+01
2.263500e+02 5.000706e+01 9.477201e+01 3.787884e+01 2.027583e+03 2.410396e+01
2.264000e+02 4.984746e+01 9.461193e+01 3.788733e+01 2.027584e+03 2.410427e+01
2.264500e+02 4.971632e+01 9.448019e+01 3.788921e+01 2.027584e+03 2.410457e+01
2.265000e+02 4.960521e+01 9.436841e+01 3.788620e+01 2.027585e+03 2.410488e+01
2.265500e+02 4.951039e+01 9.427286e+01 3.787918e+01 2.027585e+03 2.410519e+01
2.266000e+02 4.944030e+01 9.420194e+01 3.786695e+01 2.027585e+03 2.410551e+01
2.266500e+02 4.934264e+01 9.410356e+01 3.785875e+01 2.027586e+03 2.410582e+01
2.267000e+02 4.926153e+01 9.402167e+01 3.784717e+01 2.027586e+03 2.410613e+01
2.267500e+02 4.918488e+01 9.394422e+01 3.783449e+01 2.027587e+03 2.410645e+01
2.268000e+02 4.911766e+01 9.387616e+01 3.782003e+01 2.027587e+03 2.410677e+01
2.268500e+02 4.905877e+01 9.381640e+01 3.780413e+01 2.027587e+03 2.410708e+01
2.269000e+02 4.899696e+01 9.375373e+01 3.778889e+01 2.027588e+03 2.410740e+01
2.269500e+02 4.893781e+01 9.369371e+01 3.777346e+01 2.027588e+03 2.410772e+01
2.270000e+02 4.888401e+01 9.363902e+01 3.775749e+01 2.027589e+03 2.410805e+01
2.270500e+02 4.883379e+01 9.358790e+01 3.774139e+01 2.027589e+03 2.410837e+01
2.271000e+02 4.878664e+01 9.353984e+01 3.772533e+01 2.027589e+03 2.410869e+01
2.271500e+02 4.874227e+01 9.349454e+01 3.770943e+01 2.027590e+03 2.410901e+01
2.272000e+02 4.870049e+01 9.345183e+01 3.769378e+01 2.027590e+03 2.410934e+01
2.272500e+02 4.866122e+01 9.341161e+01 3.767845e+01 2.027591e+03 2.410966e+01
2.273000e+02 4.862429e+01 9.337373e+01 3.766350e+01 2.027591e+03 2.410999e+01
2.273500e+02 4.858956e+01 9.333803e+01 3.764899e+01 2.027591e+03 2.411032e+01
2.274000e+02 4.855681e+01 9.330430e+01 3.763498e+01 2.027592e+03 2.411064e+01
2.274500e+02 4.852583e+01 9.327234e+01 3.762152e+01 2.027592e+03 2.411097e+01
2.275000e+02 4.849701e+01 9.324254e+01 3.760855e+01 2.027593e+03 2.411130e+01
2.275500e+02 4.846978e+01 9.321431e+01 3.759618e+01 2.027593e+03 2.411163e+01
2.276000e+02 4.844462e+01 9.318814e+01 3.758431e+01 2.027593e+03 2.411196e+01
2.276500e+02 4.842139e+01 9.316391e+01 3.757298e+01 2.027594e+03 2.411228e+01
2.277000e+02 4.840039e+01 9.314188e+01 3.756212e+01 2.027594e+03 2.411261e+01
2.277500e+02 4.838387e+01 9.312432e+01 3.755133e+01 2.027595e+03 2.411294e+01
2.278000e+02 4.836270e+01 9.310213e+01 3.754217e+01 2.027595e+03 2.411327e+01
2.278500e+02 4.834382e+01 9.308223e+01 3.753342e+01 2.027595e+03 2.411360e+01
2.279000e+02 4.832854e+01 9.306590e+01 3.752485e+01 2.027596e+03 2.411394e+01
2.279500e+02 4.831666e+01 9.305296e+01 3.751649e+01 2.027596e+03 2.411427e+01
2.280000e+02 4.829925e+01 9.303451e+01 3.750981e+01 2.027596e+03 2.411460e+01
2.280500e+02 4.828642e+01 9.302063e+01 3.750310e+01 2.027597e+03 2.411493e+01
2.281000e+02 4.827544e+01 9.300859e+01 3.749678e+01 2.027597e+03 2.411526e+01
2.281500e+02 4.826554e+01 9.299762e+01 3.749097e+01 2.027598e+03 2.411559e+01
2.282000e+02 4.825711e+01 9.298812e+01 3.748558e+01 2.027598e+03 2.411592e+01
2.282500e+02 4.825015e+01 9.298008e+01 3.748060e+01 2.027598e+03 2.411626e+01
2.283000e+02 4.824670e+01 9.297554e+01 3.747565e+01 2.027599e+03 2.411659e+01
2.283500e+02 4.823939e+01 9.296715e+01 3.747198e+01 2.027599e+03 2.411692e+01
2.284000e+02 4.823448e+01 9.296115e+01 3.746849e+01 2.027600e+03 2.411725e+01
2.284500e+02 4.823130e+01 9.295687e+01 3.746528e+01 2.027600e+03 2.411758e+01
2.285000e+02 4.822934e+01 9.295381e+01 3.746241e+01 2.027600e+03 2.411792e+01
2.285500e+02 4.822852e+01 9.295189e+01 3.745989e+01 2.027601e+03 2.411825e+01
2.286000e+02 4.822883e+01 9.295109e+01 3.745769e+01 2.027601e+03 2.411858e+01
2.286500e+02 4.823029e+01 9.295143e+01 3.745580e+01 2.027602e+03 2.411891e+01
2.287000e+02 4.823295e+01 9.295297e+01 3.745418e+01 2.027602e+03 2.411925e+01
2.287500e+02 4.823694e+01 9.295584e+01 3.745281e+01 2.027602e+03 2.411958e+01
2.288000e+02 4.824240e+01 9.296017e+01 3.745164e+01 2.027603e+03 2.411991e+01
2.288500e+02 4.824869e+01 9.296531e+01 3.745076e+01 2.027603e+03 2.412024e+01
2.289000e+02 4.825692e+01 9.297240e+01 3.744997e+01 2.027604e+03 2.412058e+01
2.289500e+02 4.826719e+01 9.298152e+01 3.744924e+01 2.027604e+03 2.412091e+01
2.290000e+02 4.828019e+01 9.299336e+01 3.744843e+01 2.027605e+03 2.412124e+01
2.290500e+02 4.829896e+01 9.301093e+01 3.744703e+01 2.027605e+03 2.412157e+01
2.291000e+02 4.831601e+01 9.302680e+01 3.744628e+01 2.027605e+03 2.412191e+01
2.291500e+02 4.833333e+01 9.304294e+01 3.744584e+01 2.027606e+03 2.412224e+01
2.292000e+02 4.835938e+01 9.306777e+01 3.744425e+01 2.027606e+03 2.412257e+01
2.292500e+02 4.839411e+01 9.310124e+01 3.744152e+01 2.027607e+03 2.412290e+01
2.293000e+02 4.844158e+01 9.314739e+01 3.743694e+01 2.027607e+03 2.412324e+01
2.293500e+02 4.851013e+01 9.321454e+01 3.742908e+01 2.027607e+03 2.412357e+01
2.294000e+02 4.861779e+01 9.332063e+01 3.741486e+01 2.027608e+03 2.412390e+01
2.294500e+02 4.880582e+01 9.350676e+01 3.738724e+01 2.027608e+03 2.412424e+01
2.295000e+02 4.921206e+01 9.391019e+01 3.732275e+01 2.027609e+03 2.412457e+01
2.295500e+02 5.054109e+01 9.523271e+01 3.710140e+01 2.027609e+03 2.412490e+01
2.296000e+02 5.054947e+01 9.523994e+01 3.710512e+01 2.027609e+03 2.412523e+01
2.296500e+02 4.925291e+01 9.394753e+01 3.733133e+01 2.027609e+03 2.412557e+01
2.297000e+02 4.887561e+01 9.357070e+01 3.740126e+01 2.027609e+03 2.412590e+01
2.297500e+02 4.871580e+01 9.341046e+01 3.743441e+01 2.027610e+03 2.412623e+01
2.298000e+02 4.863765e+01 9.333154e+01 3.745388e+01 2.027610e+03 2.412657e+01
2.298500e+02 4.859889e+01 9.329184e+01 3.746687e+01 2.027611e+03 2.412690e+01
2.299000e+02 4.858200e+01 9.327391e+01 3.747635e+01 2.027611e+03 2.412723e+01
2.299500e+02 4.857932e+01 9.327013e+01 3.748363e+01 2.027612e+03 2.412756e+01
2.300000e+02 4.858909e+01 9.327875e+01 3.748899e+01 2.027612e+03 2.412790e+01
2.300500e+02 4.860428e+01 9.329276e+01 3.749363e+01 2.027613e+03 2.412823e+01
2.301000e+02 4.861835e+01 9.330566e+01 3.749866e+01 2.027613e+03 2.412856e+01
2.301500e+02 4.863370e+01 9.331984e+01 3.750366e+01 2.027614e+03 2.412890e+01
2.302000e+02 4.865864e+01 9.334356e+01 3.750720e+01 2.027614e+03 2.412923e+01
2.302500e+02 4.868959e+01 9.337327e+01 3.750990e+01 2.027614e+03 2.412956e+01
2.303000e+02 4.872709e+01 9.340951e+01 3.751166e+01 2.027615e+03 2.412989e+01
2.303500e+02 4.877562e+01 9.345672e+01 3.751171e+01 2.027615e+03 2.413023e+01
2.304000e+02 4.881975e+01 9.349955e+01 3.751268e+01 2.027616e+03 2.413056e+01
2.304500e+02 4.888155e+01 9.355998e+01 3.751079e+01 2.027616e+03 2.413089e+01
2.305000e+02 4.897092e+01 9.364785e+01 3.750435e+01 2.027617e+03 2.413123e+01
2.305500e+02 4.908291e+01 9.375827e+01 3.749420e+01 2.027617e+03 2.413156e+01
2.306000e+02 4.904696e+01 9.372136e+01 3.750949e+01 2.027617e+03 2.413189e+01
2.306500e+02 4.907858e+01 9.375173e+01 3.751338e+01 2.027618e+03 2.413223e+01
2.307000e+02 4.913441e+01 9.380622e+01 3.751328e+01 2.027618e+03 2.413256e+01
2.307500e+02 4.921131e+01 9.388168e+01 3.750973e+01 2.027619e+03 2.413289e+01
2.308000e+02 4.931215e+01 9.398098e+01 3.750222e+01 2.027619e+03 2.413322e+01
2.308500e+02 4.944367e+01 9.411085e+01 3.748960e+01 2.027620e+03 2.413356e+01
2.309000e+02 4.961752e+01 9.428286e+01 3.746987e+01 2.027621e+03 2.413389e+01
2.309500e+02 4.985332e+01 9.451658e+01 3.743965e+01 2.027621e+03 2.413422e+01
2.310000e+02 5.018543e+01 9.484623e+01 3.739306e+01 2.027622e+03 2.413456e+01
2.310500e+02 5.067830e+01 9.533600e+01 3.731902e+01 2.027623e+03 2.413489e+01
2.311000e+02 5.146962e+01 9.612310e+01 3.719391e+01 2.027624e+03 2.413522e+01
2.311500e+02 5.282721e+01 9.747447e+01 3.697172e+01 2.027625e+03 2.413556e+01
2.312000e+02 5.564943e+01 1.002857e+02 3.649813e+01 2.027626e+03 2.413589e+01
2.312500e+02 6.369500e+01 1.083069e+02 3.512696e+01 2.027627e+03 2.413622e+01
2.313000e+02 6.871988e+01 1.133189e+02 3.427361e+01 2.027619e+03 2.413656e+01
2.313500e+02 5.695601e+01 1.015847e+02 3.630617e+01 2.027616e+03 2.413689e+01
2.314000e+02 5.343556e+01 9.807503e+01 3.692211e+01 2.027619e+03 2.413722e+01
2.314500e+02 5.184820e+01 9.649244e+01 3.720620e+01 2.027619e+03 2.413756e+01
2.315000e+02 5.098996e+01 9.563641e+01 3.736524e+01 2.027621e+03 2.413789e+01
2.315500e+02 5.047453e+01 9.512192e+01 3.746556e+01 2.027621e+03 2.413822e+01
2.316000e+02 5.014305e+01 9.479068e+01 3.753444e+01 2.027622e+03 2.413856e+01
2.316500e+02 4.991982e+01 9.456725e+01 3.758485e+01 2.027622e+03 2.413889e+01
2.317000e+02 4.976490e+01 9.441186e+01 3.762365e+01 2.027623e+03 2.413922e+01
2.317500e+02 4.965563e+01 9.430194e+01 3.765473e+01 2.027624e+03 2.413955e+01
2.318000e+02 4.957844e+01 9.422396e+01 3.768040e+01 2.027624e+03 2.413989e+01
2.318500e+02 4.952508e+01 9.416971e+01 3.770208e+01 2.027625e+03 2.414022e+01
2.319000e+02 4.949115e+01 9.413482e+01 3.772051e+01 2.027625e+03 2.414055e+01
2.319500e+02 4.947904e+01 9.412165e+01 3.773527e+01 2.027626e+03 2.414089e+01
2.320000e+02 4.950572e+01 9.414710e+01 3.774341e+01 2.027626e+03 2.414122e+01
2.320500e+02 4.945377e+01 9.409426e+01 3.776516e+01 2.027627e+03 2.414155e+01
2.321000e+02 4.944814e+01 9.408755e+01 3.777898e+01 2.027627e+03 2.414189e+01
2.321500e+02 4.945387e+01 9.409214e+01 3.779086e+01 2.027628e+03 2.414222e+01
2.322000e+02 4.946683e+01 9.410394e+01 3.780151e+01 2.027628e+03 2.414255e+01
2.322500e+02 4.948572e+01 9.412163e+01 3.781112e+01 2.027629e+03 2.414289e+01
2.323000e+02 4.951004e+01 9.414474e+01 3.781977e+01 2.027629e+03 2.414322e+01
2.323500e+02 4.953983e+01 9.417329e+01 3.782743e+01 2.027629e+03 2.414355e+01
2.324000e+02 4.957586e+01 9.420807e+01 3.783395e+01 2.027630e+03 2.414389e+01
2.324500e+02 4.962103e+01 9.425194e+01 3.783881e+01 2.027630e+03 2.414422e+01
2.325000e+02 4.968982e+01 9.431933e+01 3.783949e+01 2.027631e+03 2.414455e+01
2.325500e+02 4.973599e+01 9.436420e+01 3.784398e+01 2.027631e+03 2.414488e+01
2.326000e+02 4.976051e+01 9.438751e+01 3.785210e+01 2.027632e+03 2.414522e+01
2.326500e+02 4.981355e+01 9.443921e+01 3.785518e+01 2.027632e+03 2.414555e+01
2.327000e+02 4.989663e+01 9.452083e+01 3.785293e+01 2.027633e+03 2.414588e+01
2.327500e+02 4.995266e+01 9.457552e+01 3.785524e+01 2.027633e+03 2.414622e+01
2.328000e+02 4.999439e+01 9.461597e+01 3.785992e+01 2.027634e+03 2.414655e+01
2.328500e+02 5.006092e+01 9.468111e+01 3.786022e+01 2.027634e+03 2.414688e+01
2.329000e+02 5.014090e+01 9.475965e+01 3.785810e+01 2.027634e+03 2.414722e+01
2.329500e+02 5.023907e+01 9.485630e+01 3.785276e+01 2.027635e+03 2.414755e+01
2.330000e+02 5.035746e+01 9.497310e+01 3.784385e+01 2.027635e+03 2.414788e+01
2.330500e+02 5.042910e+01 9.504333e+01 3.784303e+01 2.027636e+03 2.414822e+01
2.331000e+02 5.053793e+01 9.515060e+01 3.783572e+01 2.027636e+03 2.414855e+01
2.331500e+02 5.066268e+01 9.527374e+01 3.782565e+01 2.027637e+03 2.414889e+01
2.332000e+02 5.080270e+01 9.541208e+01 3.781293e+01 2.027637e+03 2.414922e+01
2.332500e+02 5.096061e+01 9.556824e+01 3.779712e+01 2.027637e+03 2.414955e+01
2.333000e+02 5.114419e+01 9.574997e+01 3.777688e+01 2.027638e+03 2.414989e+01
2.333500e+02 5.141289e+01 9.601650e+01 3.774187e+01 2.027638e+03 2.415022e+01
2.334000e+02 5.154296e+01 9.614494e+01 3.773101e+01 2.027639e+03 2.415056e+01
2.334500e+02 5.176127e+01 9.636128e+01 3.770485e+01 2.027639e+03 2.415089e+01
2.335000e+02 5.201959e+01 9.661749e+01 3.767179e+01 2.027640e+03 2.415123e+01
2.335500e+02 5.231709e+01 9.691273e+01 3.763195e+01 2.027640e+03 2.415156e+01
2.336000e+02 5.266011e+01 9.725334e+01 3.758424e+01 2.027641e+03 2.415190e+01
2.336500e+02 5.305953e+01 9.765015e+01 3.752674e+01 2.027641e+03 2.415223e+01
2.337000e+02 5.353268e+01 9.812044e+01 3.745644e+01 2.027642e+03 2.415257e+01
2.337500e+02 5.410771e+01 9.869227e+01 3.736840e+01 2.027642e+03 2.415290e+01
2.338000e+02 5.483602e+01 9.941690e+01 3.725363e+01 2.027643e+03 2.415324e+01
2.338500e+02 5.584435e+01 1.004207e+02 3.708999e+01 2.027643e+03 2.415357e+01
2.339000e+02 5.754959e+01 1.021192e+02 3.680458e+01 2.027644e+03 2.415391e+01
2.339500e+02 6.316731e+01 1.077196e+02 3.583522e+01 2.027642e+03 2.415424e+01
2.340000e+02 5.727052e+01 1.018388e+02 3.687820e+01 2.027639e+03 2.415458e+01
2.340500e+02 5.582335e+01 1.003953e+02 3.714375e+01 2.027641e+03 2.415491e+01
2.341000e+02 5.487249e+01 9.944654e+01 3.732275e+01 2.027641e+03 2.415525e+01
2.341500e+02 5.421534e+01 9.879058e+01 3.745057e+01 2.027641e+03 2.415558e+01
2.342000e+02 5.371244e+01 9.828839e+01 3.755155e+01 2.027642e+03 2.415592e+01
2.342500e+02 5.327626e+01 9.785269e+01 3.764101e+01 2.027642e+03 2.415625e+01
2.343000e+02 5.295238e+01 9.752891e+01 3.771095e+01 2.027643e+03 2.415659e+01
2.343500e+02 5.271698e+01 9.729328e+01 3.776551e+01 2.027643e+03 2.415693e+01
2.344000e+02 5.239050e+01 9.696692e+01 3.783614e+01 2.027644e+03 2.415726e+01
2.344500e+02 5.216553e+01 9.674171e+01 3.788910e+01 2.027644e+03 2.415760e+01
2.345000e+02 5.198375e+01 9.655951e+01 3.793460e+01 2.027645e+03 2.415793e+01
2.345500e+02 5.186513e+01 9.644024e+01 3.796913e+01 2.027645e+03 2.415827e+01
2.346000e+02 5.167583e+01 9.625058e+01 3.801615e+01 2.027646e+03 2.415861e+01
2.346500e+02 5.154592e+01 9.612007e+01 3.805285e+01 2.027646e+03 2.415894e+01
2.347000e+02 5.145101e+01 9.602443e+01 3.808350e+01 2.027647e+03 2.415928e+01
2.347500e+02 5.136200e+01 9.593466e+01 3.811321e+01 2.027647e+03 2.415962e+01
2.348000e+02 5.129461e+01 9.586643e+01 3.813921e+01 2.027648e+03 2.415995e+01
2.348500e+02 5.124540e+01 9.581630e+01 3.816210e+01 2.027648e+03 2.416029e+01
2.349000e+02 5.121297e+01 9.578289e+01 3.818212e+01 2.027649e+03 2.416063e+01
2.349500e+02 5.119799e+01 9.576686e+01 3.819915e+01 2.027649e+03 2.416096e+01
2.350000e+02 5.120344e+01 9.577117e+01 3.821267e+01 2.027650e+03 2.416130e+01
2.350500e+02 5.124118e+01 9.580765e+01 3.822058e+01 2.027651e+03 2.416164e+01
2.351000e+02 5.129320e+01 9.585835e+01 3.822605e+01 2.027651e+03 2.416197e+01
2.351500e+02 5.131786e+01 9.588180e+01 3.823640e+01 2.027652e+03 2.416231e+01
2.352000e+02 5.139623e+01 9.595874e+01 3.823736e+01 2.027652e+03 2.416265e+01
2.352500e+02 5.151735e+01 9.607826e+01 3.823085e+01 2.027653e+03 2.416298e+01
2.353000e+02 5.169065e+01 9.624976e+01 3.821520e+01 2.027653e+03 2.416332e+01
2.353500e+02 5.193573e+01 9.649276e+01 3.818694e+01 2.027655e+03 2.416366e+01
2.354000e+02 5.228692e+01 9.684147e+01 3.814000e+01 2.027655e+03 2.416400e+01
2.354500e+02 5.280596e+01 9.735740e+01 3.806345e+01 2.027657e+03 2.416433e+01
2.355000e+02 5.361192e+01 9.815922e+01 3.793622e+01 2.027657e+03 2.416467e+01
2.355500e+02 5.495962e+01 9.950095e+01 3.771320e+01 2.027659e+03 2.416501e+01
2.356000e+02 5.748677e+01 1.020185e+02 3.728145e+01 2.027659e+03 2.416534e+01
2.356500e+02 6.328720e+01 1.078008e+02 3.626994e+01 2.027665e+03 2.416568e+01
2.357000e+02 8.537445e+01 1.298434e+02 3.237040e+01 2.027656e+03 2.416602e+01
2.357500e+02 6.806060e+01 1.125602e+02 3.545352e+01 2.027644e+03 2.416636e+01
2.358000e+02 5.923443e+01 1.037562e+02 3.703235e+01 2.027649e+03 2.416670e+01
2.358500e+02 5.601776e+01 1.005487e+02 3.761757e+01 2.027649e+03 2.416703e+01
2.359000e+02 5.425094e+01 9.878697e+01 3.794622e+01 2.027652e+03 2.416737e+01
2.359500e+02 5.319123e+01 9.773006e+01 3.814979e+01 2.027652e+03 2.416771e+01
2.360000e+02 5.256556e+01 9.710566e+01 3.827661e+01 2.027654e+03 2.416805e+01
2.360500e+02 5.216329e+01 9.670385e+01 3.836398e+01 2.027654e+03 2.416839e+01
2.361000e+02 5.186991e+01 9.641051e+01 3.843216e+01 2.027655e+03 2.416872e+01
2.361500e+02 5.166133e+01 9.620165e+01 3.848542e+01 2.027655e+03 2.416906e+01
2.362000e+02 5.152142e+01 9.606118e+01 3.852661e+01 2.027657e+03 2.416940e+01
2.362500e+02 5.142529e+01 9.596434e+01 3.856013e+01 2.027657e+03 2.416974e+01
2.363000e+02 5.136727e+01 9.590544e+01 3.858698e+01 2.027658e+03 2.417008e+01
2.363500e+02 5.133387e+01 9.587106e+01 3.860956e+01 2.027658e+03 2.417042e+01
2.364000e+02 5.131751e+01 9.585365e+01 3.862921e+01 2.027660e+03 2.417076e+01
2.364500e+02 5.132740e+01 9.586239e+01 3.864429e+01 2.027659e+03 2.417109e+01
2.365000e+02 5.136321e+01 9.589695e+01 3.865485e+01 2.027661e+03 2.417143e+01
2.365500e+02 5.142951e+01 9.596187e+01 3.866008e+01 2.027660e+03 2.417177e+01
2.366000e+02 5.155570e+01 9.608644e+01 3.865473e+01 2.027662e+03 2.417211e+01
2.366500e+02 5.164713e+01 9.617638e+01 3.865566e+01 2.027662e+03 2.417245e+01
2.367000e+02 5.177686e+01 9.630448e+01 3.864986e+01 2.027664e+03 2.417279e+01
2.367500e+02 5.198388e+01 9.650957e+01 3.863035e+01 2.027663e+03 2.417313e+01
2.368000e+02 5.227561e+01 9.679903e+01 3.859581e+01 2.027665e+03 2.417347e+01
2.368500e+02 5.269540e+01 9.721606e+01 3.853845e+01 2.027665e+03 2.417381e+01
2.369000e+02 5.329501e+01 9.781227e+01 3.844900e+01 2.027667e+03 2.417415e+01
2.369500e+02 5.421720e+01 9.872992e+01 3.830188e+01 2.027667e+03 2.417449e+01
2.370000e+02 5.581532e+01 1.003212e+02 3.803376e+01 2.027671e+03 2.417483e+01
2.370500e+02 5.893085e+01 1.034255e+02 3.749368e+01 2.027669e+03 2.417517e+01
2.371000e+02 6.666497e+01 1.111372e+02 3.612502e+01 2.027678e+03 2.417551e+01
2.371500e+02 9.392887e+01 1.383531e+02 3.124773e+01 2.027663e+03 2.417585e+01
2.372000e+02 6.485877e+01 1.093333e+02 3.648367e+01 2.027650e+03 2.417619e+01
2.372500e+02 5.832804e+01 1.028200e+02 3.767347e+01 2.027660e+03 2.417653e+01
2.373000e+02 5.558630e+01 1.000863e+02 3.818390e+01 2.027658e+03 2.417687e+01
2.373500e+02 5.412945e+01 9.863356e+01 3.846415e+01 2.027662e+03 2.417721e+01
2.374000e+02 5.326713e+01 9.777335e+01 3.863800e+01 2.027661e+03 2.417755e+01
2.374500e+02 5.272097e+01 9.722818e+01 3.875535e+01 2.027664e+03 2.417789e+01
2.375000e+02 5.235767e+01 9.686519e+01 3.884008e+01 2.027663e+03 2.417823e+01
2.375500e+02 5.211706e+01 9.662442e+01 3.890299e+01 2.027665e+03 2.417857e+01
2.376000e+02 5.196289e+01 9.646975e+01 3.895057e+01 2.027665e+03 2.417891e+01
2.376500e+02 5.178449e+01 9.629095e+01 3.900273e+01 2.027667e+03 2.417926e+01
2.377000e+02 5.167438e+01 9.618018e+01 3.904280e+01 2.027666e+03 2.417960e+01
2.377500e+02 5.159748e+01 9.610247e+01 3.907712e+01 2.027668e+03 2.417994e+01
2.378000e+02 5.154398e+01 9.604808e+01 3.910743e+01 2.027668e+03 2.418028e+01
2.378500e+02 5.150844e+01 9.601158e+01 3.913472e+01 2.027669e+03 2.418062e+01
2.379000e+02 5.148760e+01 9.598971e+01 3.915959e+01 2.027669e+03 2.418096e+01
2.379500e+02 5.147946e+01 9.598050e+01 3.918240e+01 2.027670e+03 2.418130e+01
2.380000e+02 5.148399e+01 9.598389e+01 3.920317e+01 2.027670e+03 2.418165e+01
2.380500e+02 5.149640e+01 9.599514e+01 3.922275e+01 2.027671e+03 2.418199e+01
2.381000e+02 5.152125e+01 9.601878e+01 3.924033e+01 2.027671e+03 2.418233e+01
2.381500e+02 5.155867e+01 9.605493e+01 3.925589e+01 2.027672e+03 2.418267e+01
2.382000e+02 5.161164e+01 9.610658e+01 3.926890e+01 2.027672e+03 2.418301e+01
2.382500e+02 5.168699e+01 9.618051e+01 3.927811e+01 2.027673e+03 2.418336e+01
2.383000e+02 5.180164e+01 9.629358e+01 3.928047e+01 2.027673e+03 2.418370e+01
2.383500e+02 5.201479e+01 9.650476e+01 3.926524e+01 2.027675e+03 2.418404e+01
2.384000e+02 5.251286e+01 9.699973e+01 3.919854e+01 2.027675e+03 2.418438e+01
2.384500e+02 5.293417e+01 9.741828e+01 3.914600e+01 2.027675e+03 2.418473e+01
2.385000e+02 5.232374e+01 9.680914e+01 3.928120e+01 2.027675e+03 2.418507e+01
2.385500e+02 5.226829e+01 9.675279e+01 3.931596e+01 2.027677e+03 2.418541e+01
2.386000e+02 5.234790e+01 9.683098e+01 3.932650e+01 2.027676e+03 2.418576e+01
2.386500e+02 5.251598e+01 9.699727e+01 3.932129e+01 2.027678e+03 2.418610e+01
2.387000e+02 5.276589e+01 9.724509e+01 3.930151e+01 2.027678e+03 2.418644e+01
2.387500e+02 5.302915e+01 9.750621e+01 3.927962e+01 2.027680e+03 2.418678e+01
2.388000e+02 5.342541e+01 9.789982e+01 3.923381e+01 2.027679e+03 2.418713e+01
2.388500e+02 5.402921e+01 9.850023e+01 3.915042e+01 2.027682e+03 2.418747e+01
2.389000e+02 5.498054e+01 9.944695e+01 3.900378e+01 2.027681e+03 2.418781e+01
2.389500e+02 5.658613e+01 1.010458e+02 3.873766e+01 2.027685e+03 2.418816e+01
2.390000e+02 5.974964e+01 1.041979e+02 3.818624e+01 2.027684e+03 2.418850e+01
2.390500e+02 6.784626e+01 1.122716e+02 3.672973e+01 2.027691e+03 2.418884e+01
2.391000e+02 8.989850e+01 1.342830e+02 3.270741e+01 2.027678e+03 2.418919e+01
2.391500e+02 6.480587e+01 1.092365e+02 3.734312e+01 2.027667e+03 2.418953e+01
2.392000e+02 5.887522e+01 1.033217e+02 3.846139e+01 2.027674e+03 2.418988e+01
2.392500e+02 5.641285e+01 1.008664e+02 3.894401e+01 2.027673e+03 2.419022e+01
2.393000e+02 5.519834e+01 9.965503e+01 3.919834e+01 2.027677e+03 2.419056e+01
2.393500e+02 5.443636e+01 9.889471e+01 3.937034e+01 2.027676e+03 2.419091e+01
2.394000e+02 5.405428e+01 9.851294e+01 3.947321e+01 2.027679e+03 2.419125e+01
2.394500e+02 5.373562e+01 9.819437e+01 3.956514e+01 2.027678e+03 2.419159e+01
2.395000e+02 5.357995e+01 9.803818e+01 3.962776e+01 2.027680e+03 2.419194e+01
2.395500e+02 5.371089e+01 9.816751e+01 3.963820e+01 2.027680e+03 2.419228e+01
2.396000e+02 5.365867e+01 9.811437e+01 3.968314e+01 2.027681e+03 2.419262e+01
2.396500e+02 5.329196e+01 9.774795e+01 3.978697e+01 2.027681e+03 2.419297e+01
2.397000e+02 5.320339e+01 9.765862e+01 3.984017e+01 2.027682e+03 2.419331e+01
2.397500e+02 5.319292e+01 9.764708e+01 3.987969e+01 2.027682e+03 2.419365e+01
2.398000e+02 5.322482e+01 9.767774e+01 3.991211e+01 2.027683e+03 2.419400e+01
2.398500e+02 5.355995e+01 9.801046e+01 3.988901e+01 2.027683e+03 2.419434e+01
2.399000e+02 5.334817e+01 9.779838e+01 3.996820e+01 2.027684e+03 2.419468e+01
2.399500e+02 5.336072e+01 9.780977e+01 4.000654e+01 2.027684e+03 2.419502e+01
2.400000e+02 5.337892e+01 9.782679e+01 4.004464e+01 2.027685e+03 2.419537e+01
2.400500e+02 5.343438e+01 9.788092e+01 4.007658e+01 2.027685e+03 2.419571e+01
2.401000e+02 5.326561e+01 9.771169e+01 4.015116e+01 2.027686e+03 2.419605e+01
2.401500e+02 5.324599e+01 9.769103e+01 4.019875e+01 2.027686e+03 2.419639e+01
2.402000e+02 5.328671e+01 9.773048e+01 4.023585e+01 2.027687e+03 2.419673e+01
2.402500e+02 5.347042e+01 9.791236e+01 4.024694e+01 2.027687e+03 2.419707e+01
2.403000e+02 5.333358e+01 9.777494e+01 4.031880e+01 2.027688e+03 2.419741e+01
2.403500e+02 5.323763e+01 9.767825e+01 4.038377e+01 2.027688e+03 2.419775e+01
2.404000e+02 5.323390e+01 9.767342e+01 4.043214e+01 2.027688e+03 2.419809e+01
2.404500e+02 5.318999e+01 9.762857e+01 4.048872e+01 2.027689e+03 2.419843e+01
2.405000e+02 5.322353e+01 9.766087e+01 4.053132e+01 2.027689e+03 2.419877e+01
2.405500e+02 5.318565e+01 9.762202e+01 4.058790e+01 2.027689e+03 2.419910e+01
2.406000e+02 5.319611e+01 9.763132e+01 4.063582e+01 2.027690e+03 2.419944e+01
2.406500e+02 5.323300e+01 9.766695e+01 4.067909e+01 2.027690e+03 2.419978e+01
2.407000e+02 5.325343e+01 9.768619e+01 4.072573e+01 2.027691e+03 2.420011e+01
2.407500e+02 5.328461e+01 9.771614e+01 4.077046e+01 2.027691e+03 2.420044e+01
2.408000e+02 5.330383e+01 9.773417e+01 4.081746e+01 2.027692e+03 2.420078e+01
2.408500e+02 5.335832e+01 9.778733e+01 4.085763e+01 2.027692e+03 2.420111e+01
2.409000e+02 5.356876e+01 9.799584e+01 4.086783e+01 2.027693e+03 2.420144e+01
2.409500e+02 5.344352e+01 9.786998e+01 4.094140e+01 2.027693e+03 2.420177e+01
2.410000e+02 5.345784e+01 9.788313e+01 4.098781e+01 2.027694e+03 2.420210e+01
2.410500e+02 5.350882e+01 9.793279e+01 4.102639e+01 2.027694e+03 2.420243e+01
2.411000e+02 5.359001e+01 9.801256e+01 4.105815e+01 2.027695e+03 2.420276e+01
2.411500e+02 5.375503e+01 9.817583e+01 4.107262e+01 2.027695e+03 2.420308e+01
2.412000e+02 5.424926e+01 9.866705e+01 4.102249e+01 2.027696e+03 2.420341e+01
2.412500e+02 5.408375e+01 9.850106e+01 4.109705e+01 2.027696e+03 2.420373e+01
2.413000e+02 5.402387e+01 9.844029e+01 4.114954e+01 2.027696e+03 2.420405e+01
2.413500e+02 5.388717e+01 9.830300e+01 4.121477e+01 2.027696e+03 2.420438e+01
2.414000e+02 5.389272e+01 9.830742e+01 4.125049e+01 2.027697e+03 2.420470e+01
2.414500e+02 5.393008e+01 9.834352e+01 4.127779e+01 2.027697e+03 2.420502e+01
2.415000e+02 5.400385e+01 9.841589e+01 4.129557e+01 2.027698e+03 2.420534e+01
2.415500e+02 5.403541e+01 9.844622e+01 4.131779e+01 2.027698e+03 2.420565e+01
2.416000e+02 5.409478e+01 9.850425e+01 4.132864e+01 2.027699e+03 2.420597e+01
2.416500e+02 5.416731e+01 9.857538e+01 4.133196e+01 2.027699e+03 2.420629e+01
2.417000e+02 5.425086e+01 9.865750e+01 4.133001e+01 2.027700e+03 2.420661e+01
2.417500e+02 5.435205e+01 9.875720e+01 4.132179e+01 2.027701e+03 2.420692e+01
2.418000e+02 5.447548e+01 9.887904e+01 4.130640e+01 2.027701e+03 2.420724e+01
2.418500e+02 5.462559e+01 9.902747e+01 4.128296e+01 2.027702e+03 2.420756e+01
2.419000e+02 5.481782e+01 9.921787e+01 4.124858e+01 2.027703e+03 2.420788e+01
2.419500e+02 5.507026e+01 9.946826e+01 4.119980e+01 2.027703e+03 2.420821e+01
2.420000e+02 5.541378e+01 9.980940e+01 4.113026e+01 2.027704e+03 2.420853e+01
2.420500e+02 5.590284e+01 1.002956e+02 4.102965e+01 2.027705e+03 2.420885e+01
2.421000e+02 5.664088e+01 1.010299e+02 4.087874e+01 2.027706e+03 2.420917e+01
2.421500e+02 5.784181e+01 1.022256e+02 4.063652e+01 2.027707e+03 2.420950e+01
2.422000e+02 6.001712e+01 1.043927e+02 4.020449e+01 2.027708e+03 2.420983e+01
2.422500e+02 6.472717e+01 1.090880e+02 3.928165e+01 2.027711e+03 2.421015e+01
2.423000e+02 7.977315e+01 1.241001e+02 3.636130e+01 2.027707e+03 2.421048e+01
2.423500e+02 7.360371e+01 1.179413e+02 3.753832e+01 2.027697e+03 2.421081e+01
2.424000e+02 6.310551e+01 1.074674e+02 3.954798e+01 2.027698e+03 2.421114e+01
2.424500e+02 5.932392e+01 1.036961e+02 4.025953e+01 2.027699e+03 2.421148e+01
2.425000e+02 5.747988e+01 1.018570e+02 4.059657e+01 2.027701e+03 2.421181e+01
2.425500e+02 5.643527e+01 1.008149e+02 4.077904e+01 2.027701e+03 2.421215e+01
2.426000e+02 5.579018e+01 1.001710e+02 4.088431e+01 2.027703e+03 2.421248e+01
2.426500e+02 5.537804e+01 9.975928e+01 4.094468e+01 2.027703e+03 2.421282e+01
2.427000e+02 5.507653e+01 9.945777e+01 4.098387e+01 2.027705e+03 2.421316e+01
2.427500e+02 5.487607e+01 9.925695e+01 4.100387e+01 2.027705e+03 2.421350e+01
2.428000e+02 5.474273e+01 9.912299e+01 4.101134e+01 2.027706e+03 2.421384e+01
2.428500e+02 5.466495e+01 9.904439e+01 4.100862e+01 2.027706e+03 2.421418e+01
2.429000e+02 5.463604e+01 9.901447e+01 4.099708e+01 2.027708e+03 2.421452e+01
2.429500e+02 5.465835e+01 9.903559e+01 4.097635e+01 2.027707e+03 2.421486e+01
2.430000e+02 5.475744e+01 9.913318e+01 4.094161e+01 2.027709e+03 2.421521e+01
2.430500e+02 5.487770e+01 9.925188e+01 4.090358e+01 2.027709e+03 2.421555e+01
2.431000e+02 5.503849e+01 9.941095e+01 4.085857e+01 2.027711e+03 2.421590e+01
2.431500e+02 5.532957e+01 9.969983e+01 4.078945e+01 2.027710e+03 2.421624e+01
2.432000e+02 5.579369e+01 1.001611e+02 4.068807e+01 2.027713e+03 2.421659e+01
2.432500e+02 5.655540e+01 1.009190e+02 4.053064e+01 2.027712e+03 2.421693e+01
2.433000e+02 5.787535e+01 1.022333e+02 4.026730e+01 2.027716e+03 2.421728e+01
2.433500e+02 6.046176e+01 1.048102e+02 3.976259e+01 2.027714e+03 2.421763e+01
2.434000e+02 6.641369e+01 1.107441e+02 3.861476e+01 2.027723e+03 2.421798e+01
2.434500e+02 9.207501e+01 1.363566e+02 3.369294e+01 2.027711e+03 2.421833e+01
2.435000e+02 6.769145e+01 1.120164e+02 3.835524e+01 2.027699e+03 2.421868e+01
2.435500e+02 6.078845e+01 1.051313e+02 3.966910e+01 2.027706e+03 2.421902e+01
2.436000e+02 5.798985e+01 1.023406e+02 4.019823e+01 2.027705e+03 2.421937e+01
2.436500e+02 5.654869e+01 1.009034e+02 4.046849e+01 2.027709e+03 2.421972e+01
2.437000e+02 5.570772e+01 1.000643e+02 4.062475e+01 2.027708e+03 2.422007e+01
2.437500e+02 5.518034e+01 9.953777e+01 4.072182e+01 2.027710e+03 2.422042e+01
2.438000e+02 5.483871e+01 9.919632e+01 4.078411e+01 2.027710e+03 2.422078e+01
2.438500e+02 5.462163e+01 9.897895e+01 4.082332e+01 2.027712e+03 2.422113e+01
2.439000e+02 5.450234e+01 9.885899e+01 4.084453e+01 2.027712e+03 2.422148e+01
2.439500e+02 5.447943e+01 9.883506e+01 4.084799e+01 2.027713e+03 2.422183e+01
2.440000e+02 5.458996e+01 9.894405e+01 4.082662e+01 2.027714e+03 2.422218e+01
2.440500e+02 5.489640e+01 9.924821e+01 4.076846e+01 2.027715e+03 2.422253e+01
2.441000e+02 5.578746e+01 1.001348e+02 4.059927e+01 2.027716e+03 2.422288e+01
2.441500e+02 5.967478e+01 1.040077e+02 3.985829e+01 2.027715e+03 2.422324e+01
2.442000e+02 5.626904e+01 1.006124e+02 4.051087e+01 2.027713e+03 2.422359e+01
2.442500e+02 5.487173e+01 9.921917e+01 4.078030e+01 2.027715e+03 2.422394e+01
2.443000e+02 5.431180e+01 9.866027e+01 4.089034e+01 2.027715e+03 2.422429e+01
2.443500e+02 5.407032e+01 9.841863e+01 4.094008e+01 2.027716e+03 2.422464e+01
2.444000e+02 5.388373e+01 9.823166e+01 4.097982e+01 2.027716e+03 2.422500e+01
2.444500e+02 5.369994e+01 9.804748e+01 4.101950e+01 2.027717e+03 2.422535e+01
2.445000e+02 5.360002e+01 9.794684e+01 4.104361e+01 2.027717e+03 2.422570e+01
2.445500e+02 5.353179e+01 9.787778e+01 4.106210e+01 2.027718e+03 2.422605e+01
2.446000e+02 5.348724e+01 9.783228e+01 4.107648e+01 2.027718e+03 2.422641e+01
2.446500e+02 5.344224e+01 9.778635e+01 4.109136e+01 2.027719e+03 2.422676e+01
2.447000e+02 5.340971e+01 9.775284e+01 4.110423e+01 2.027719e+03 2.422711e+01
2.447500e+02 5.338496e+01 9.772709e+01 4.111599e+01 2.027720e+03 2.422747e+01
2.448000e+02 5.337194e+01 9.771300e+01 4.112587e+01 2.027720e+03 2.422782e+01
2.448500e+02 5.335329e+01 9.769332e+01 4.113717e+01 2.027721e+03 2.422817e+01
2.449000e+02 5.334611e+01 9.768505e+01 4.114661e+01 2.027721e+03 2.422853e+01
2.449500e+02 5.334309e+01 9.768093e+01 4.115557e+01 2.027722e+03 2.422888e+01
2.450000e+02 5.333531e+01 9.767208e+01 4.116575e+01 2.027722e+03 2.422923e+01
2.450500e+02 5.333399e+01 9.766964e+01 4.117499e+01 2.027723e+03 2.422959e+01
2.451000e+02 5.332139e+01 9.765599e+01 4.118668e+01 2.027723e+03 2.422994e+01
2.451500e+02 5.331817e+01 9.765166e+01 4.119685e+01 2.027724e+03 2.423029e+01
2.452000e+02 5.331818e+01 9.765056e+01 4.120667e+01 2.027724e+03 2.423065e+01
2.452500e+02 5.332034e+01 9.765161e+01 4.121633e+01 2.027725e+03 2.423100e+01
2.453000e+02 5.332407e+01 9.765421e+01 4.122594e+01 2.027725e+03 2.423136e+01
2.453500e+02 5.332919e+01 9.765820e+01 4.123552e+01 2.027725e+03 2.423171e+01
2.454000e+02 5.333575e+01 9.766362e+01 4.124506e+01 2.027726e+03 2.423206e+01
2.454500e+02 5.334379e+01 9.767051e+01 4.125453e+01 2.027726e+03 2.423242e+01
2.455000e+02 5.335401e+01 9.767958e+01 4.126381e+01 2.027727e+03 2.423277e+01
2.455500e+02 5.336945e+01 9.769385e+01 4.127229e+01 2.027727e+03 2.423313e+01
2.456000e+02 5.337576e+01 9.769902e+01 4.128272e+01 2.027728e+03 2.423348e+01
2.456500e+02 5.339084e+01 9.771293e+01 4.129167e+01 2.027728e+03 2.423383e+01
2.457000e+02 5.340699e+01 9.772790e+01 4.130059e+01 2.027728e+03 2.423419e+01
2.457500e+02 5.343692e+01 9.775660e+01 4.130706e+01 2.027729e+03 2.423454e+01
2.458000e+02 5.351543e+01 9.783368e+01 4.130436e+01 2.027729e+03 2.423490e+01
2.458500e+02 5.345764e+01 9.777501e+01 4.132802e+01 2.027730e+03 2.423525e+01
2.459000e+02 5.345824e+01 9.777449e+01 4.134063e+01 2.027730e+03 2.423561e+01
2.459500e+02 5.346818e+01 9.778328e+01 4.135161e+01 2.027731e+03 2.423596e+01
2.460000e+02 5.348183e+01 9.779577e+01 4.136203e+01 2.027731e+03 2.423632e+01
2.460500e+02 5.349776e+01 9.781052e+01 4.137216e+01 2.027732e+03 2.423667e+01
2.461000e+02 5.351557e+01 9.782714e+01 4.138207e+01 2.027732e+03 2.423703e+01
2.461500e+02 5.353536e+01 9.784575e+01 4.139175e+01 2.027732e+03 2.423738e+01
2.462000e+02 5.355755e+01 9.786673e+01 4.140111e+01 2.027733e+03 2.423774e+01
2.462500e+02 5.358411e+01 9.789207e+01 4.140975e+01 2.027733e+03 2.423809e+01
2.463000e+02 5.361855e+01 9.792527e+01 4.141701e+01 2.027734e+03 2.423845e+01
2.463500e+02 5.364410e+01 9.794960e+01 4.142610e+01 2.027734e+03 2.423880e+01
2.464000e+02 5.368996e+01 9.799417e+01 4.143140e+01 2.027735e+03 2.423916e+01
2.464500e+02 5.377667e+01 9.807941e+01 4.142894e+01 2.027735e+03 2.423951e+01
2.465000e+02 5.409009e+01 9.839047e+01 4.138282e+01 2.027735e+03 2.423987e+01
2.465500e+02 5.398041e+01 9.828011e+01 4.141847e+01 2.027736e+03 2.424022e+01
2.466000e+02 5.381988e+01 9.811911e+01 4.146408e+01 2.027736e+03 2.424058e+01
2.466500e+02 5.379805e+01 9.809626e+01 4.148301e+01 2.027737e+03 2.424094e+01
2.467000e+02 5.380574e+01 9.810280e+01 4.149635e+01 2.027737e+03 2.424129e+01
2.467500e+02 5.382257e+01 9.811846e+01 4.150803e+01 2.027738e+03 2.424165e+01
2.468000e+02 5.384644e+01 9.814112e+01 4.151845e+01 2.027738e+03 2.424200e+01
2.468500e+02 5.387488e+01 9.816833e+01 4.152808e+01 2.027739e+03 2.424236e+01
2.469000e+02 5.390707e+01 9.819928e+01 4.153707e+01 2.027739e+03 2.424272e+01
2.469500e+02 5.394293e+01 9.823388e+01 4.154545e+01 2.027740e+03 2.424307e+01
2.470000e+02 5.398347e+01 9.827315e+01 4.155300e+01 2.027740e+03 2.424343e+01
2.470500e+02 5.402765e+01 9.831604e+01 4.155994e+01 2.027740e+03 2.424378e+01
2.471000e+02 5.408351e+01 9.837056e+01 4.156468e+01 2.027741e+03 2.424414e+01
2.471500e+02 5.413032e+01 9.841608e+01 4.157126e+01 2.027741e+03 2.424450e+01
2.472000e+02 5.418364e+01 9.846807e+01 4.157665e+01 2.027742e+03 2.424485e+01
2.472500e+02 5.424952e+01 9.853257e+01 4.157967e+01 2.027742e+03 2.424521e+01
2.473000e+02 5.432536e+01 9.860700e+01 4.158083e+01 2.027743e+03 2.424557e+01
2.473500e+02 5.440953e+01 9.868973e+01 4.158043e+01 2.027743e+03 2.424592e+01
2.474000e+02 5.451365e+01 9.879232e+01 4.157621e+01 2.027744e+03 2.424628e+01
2.474500e+02 5.464274e+01 9.891979e+01 4.156719e+01 2.027745e+03 2.424664e+01
2.475000e+02 5.480868e+01 9.908396e+01 4.155106e+01 2.027745e+03 2.424700e+01
2.475500e+02 5.503388e+01 9.930717e+01 4.152344e+01 2.027746e+03 2.424735e+01
2.476000e+02 5.536472e+01 9.963563e+01 4.147529e+01 2.027747e+03 2.424771e+01
2.476500e+02 5.591440e+01 1.001821e+02 4.138454e+01 2.027747e+03 2.424807e+01
2.477000e+02 5.705061e+01 1.013130e+02 4.117949e+01 2.027748e+03 2.424843e+01
2.477500e+02 6.108343e+01 1.053311e+02 4.040955e+01 2.027748e+03 2.424878e+01
2.478000e+02 5.849372e+01 1.027488e+02 4.093073e+01 2.027746e+03 2.424914e+01
2.478500e+02 5.712433e+01 1.013831e+02 4.121418e+01 2.027748e+03 2.424950e+01
2.479000e+02 5.693289e+01 1.011913e+02 4.126802e+01 2.027748e+03 2.424986e+01
2.479500e+02 5.725099e+01 1.015071e+02 4.122249e+01 2.027750e+03 2.425021e+01
2.480000e+02 5.805600e+01 1.023081e+02 4.108187e+01 2.027751e+03 2.425057e+01
2.480500e+02 5.965743e+01 1.039030e+02 4.078553e+01 2.027753e+03 2.425093e+01
2.481000e+02 6.309818e+01 1.073318e+02 4.012924e+01 2.027754e+03 2.425129e+01
2.481500e+02 7.294848e+01 1.171558e+02 3.821746e+01 2.027755e+03 2.425165e+01
2.482000e+02 8.150812e+01 1.256973e+02 3.655594e+01 2.027746e+03 2.425201e+01
2.482500e+02 6.518559e+01 1.094099e+02 3.976967e+01 2.027740e+03 2.425236e+01
2.483000e+02 6.051135e+01 1.047485e+02 4.070172e+01 2.027745e+03 2.425272e+01
2.483500e+02 5.842092e+01 1.026640e+02 4.112808e+01 2.027745e+03 2.425308e+01
2.484000e+02 5.728578e+01 1.015317e+02 4.136756e+01 2.027747e+03 2.425344e+01
2.484500e+02 5.661581e+01 1.008631e+02 4.151609e+01 2.027747e+03 2.425380e+01
2.485000e+02 5.619257e+01 1.004403e+02 4.161641e+01 2.027749e+03 2.425416e+01
2.485500e+02 5.590748e+01 1.001551e+02 4.168977e+01 2.027749e+03 2.425452e+01
2.486000e+02 5.571599e+01 9.996327e+01 4.174486e+01 2.027750e+03 2.425488e+01
2.486500e+02 5.558844e+01 9.983510e+01 4.178750e+01 2.027751e+03 2.425524e+01
2.487000e+02 5.551976e+01 9.976557e+01 4.181867e+01 2.027752e+03 2.425560e+01
2.487500e+02 5.545430e+01 9.969924e+01 4.184929e+01 2.027752e+03 2.425595e+01
2.488000e+02 5.540792e+01 9.965193e+01 4.187623e+01 2.027753e+03 2.425631e+01
2.488500e+02 5.539232e+01 9.963527e+01 4.189719e+01 2.027753e+03 2.425667e+01
2.489000e+02 5.539703e+01 9.963885e+01 4.191423e+01 2.027754e+03 2.425703e+01
2.489500e+02 5.541928e+01 9.965990e+01 4.192789e+01 2.027754e+03 2.425739e+01
2.490000e+02 5.545923e+01 9.969859e+01 4.193812e+01 2.027755e+03 2.425775e+01
2.490500e+02 5.552666e+01 9.976464e+01 4.194300e+01 2.027756e+03 2.425811e+01
2.491000e+02 5.558358e+01 9.982022e+01 4.195001e+01 2.027756e+03 2.425847e+01
2.491500e+02 5.567236e+01 9.990755e+01 4.195080e+01 2.027757e+03 2.425883e+01
2.492000e+02 5.577553e+01 1.000092e+02 4.194880e+01 2.027758e+03 2.425920e+01
2.492500e+02 5.590957e+01 1.001416e+02 4.194077e+01 2.027758e+03 2.425956e+01
2.493000e+02 5.607712e+01 1.003074e+02 4.192616e+01 2.027759e+03 2.425992e+01
2.493500e+02 5.628760e+01 1.005160e+02 4.190312e+01 2.027759e+03 2.426028e+01
2.494000e+02 5.655595e+01 1.007822e+02 4.186867e+01 2.027760e+03 2.426064e+01
2.494500e+02 5.690585e+01 1.011297e+02 4.181813e+01 2.027761e+03 2.426100e+01
2.495000e+02 5.737612e+01 1.015972e+02 4.174378e+01 2.027762e+03 2.426136e+01
2.495500e+02 5.803487e+01 1.022524e+02 4.163212e+01 2.027763e+03 2.426172e+01
2.496000e+02 5.901205e+01 1.032251e+02 4.145736e+01 2.027764e+03 2.426208e+01
2.496500e+02 6.058451e+01 1.047912e+02 4.116453e+01 2.027766e+03 2.426244e+01
2.497000e+02 6.346728e+01 1.076639e+02 4.061163e+01 2.027767e+03 2.426281e+01
2.497500e+02 7.027893e+01 1.144561e+02 3.927843e+01 2.027769e+03 2.426317e+01
2.498000e+02 8.095124e+01 1.251049e+02 3.717641e+01 2.027764e+03 2.426353e+01
2.498500e+02 6.996392e+01 1.141396e+02 3.937694e+01 2.027758e+03 2.426389e+01
2.499000e+02 7.110448e+01 1.152763e+02 3.916834e+01 2.027766e+03 2.426425e+01
2.499500e+02 8.661190e+01 1.307525e+02 3.610130e+01 2.027759e+03 2.426462e+01
2.500000e+02 7.368473e+01 1.178484e+02 3.869119e+01 2.027751e+03 2.426498e+01
