2.100000e+02 5.749007e+01 1.025980e+02 4.445633e+01 2.864829e+03 3.104526e+01
2.100500e+02 5.749806e+01 1.026049e+02 4.443829e+01 2.864830e+03 3.104572e+01
2.101000e+02 5.750299e+01 1.026087e+02 4.442099e+01 2.864830e+03 3.104618e+01
2.101500e+02 5.754028e+01 1.026447e+02 4.439695e+01 2.864831e+03 3.104664e+01
2.102000e+02 5.774058e+01 1.028434e+02 4.433868e+01 2.864831e+03 3.104710e+01
2.102500e+02 5.761021e+01 1.027122e+02 4.434995e+01 2.864832e+03 3.104756e+01
2.103000e+02 5.764544e+01 1.027462e+02 4.432641e+01 2.864833e+03 3.104802e+01
2.103500e+02 5.780123e+01 1.029005e+02 4.427741e+01 2.864834e+03 3.104848e+01
2.104000e+02 5.838264e+01 1.034793e+02 4.413904e+01 2.864834e+03 3.104894e+01
2.104500e+02 5.833500e+01 1.034306e+02 4.413273e+01 2.864834e+03 3.104940e+01
2.105000e+02 5.790899e+01 1.030046e+02 4.420577e+01 2.864835e+03 3.104986e+01
2.105500e+02 5.787402e+01 1.029686e+02 4.419679e+01 2.864836e+03 3.105032e+01
2.106000e+02 5.798829e+01 1.030814e+02 4.415656e+01 2.864836e+03 3.105077e+01
2.106500e+02 5.826916e+01 1.033604e+02 4.408152e+01 2.864837e+03 3.105123e+01
2.107000e+02 5.888318e+01 1.039718e+02 4.393683e+01 2.864838e+03 3.105169e+01
2.107500e+02 6.057027e+01 1.056538e+02 4.356768e+01 2.864840e+03 3.105215e+01
2.108000e+02 6.574663e+01 1.108179e+02 4.246840e+01 2.864837e+03 3.105260e+01
2.108500e+02 6.015399e+01 1.052362e+02 4.362358e+01 2.864835e+03 3.105306e+01
2.109000e+02 5.868087e+01 1.037655e+02 4.391629e+01 2.864837e+03 3.105352e+01
2.109500e+02 5.806385e+01 1.031489e+02 4.402999e+01 2.864837e+03 3.105397e+01
2.110000e+02 5.773324e+01 1.028180e+02 4.408397e+01 2.864839e+03 3.105443e+01
2.110500e+02 5.753107e+01 1.026152e+02 4.411130e+01 2.864839e+03 3.105488e+01
2.111000e+02 5.739507e+01 1.024784e+02 4.412503e+01 2.864840e+03 3.105534e+01
2.111500e+02 5.730380e+01 1.023863e+02 4.412965e+01 2.864840e+03 3.105579e+01
2.112000e+02 5.722254e+01 1.023041e+02 4.413244e+01 2.864841e+03 3.105625e+01
2.112500e+02 5.715948e+01 1.022401e+02 4.413168e+01 2.864842e+03 3.105670e+01
2.113000e+02 5.710950e+01 1.021891e+02 4.412845e+01 2.864843e+03 3.105716e+01
2.113500e+02 5.706796e+01 1.021465e+02 4.412372e+01 2.864843e+03 3.105761e+01
2.114000e+02 5.703247e+01 1.021100e+02 4.411801e+01 2.864844e+03 3.105807e+01
2.114500e+02 5.700153e+01 1.020780e+02 4.411161e+01 2.864844e+03 3.105852e+01
2.115000e+02 5.697412e+01 1.020495e+02 4.410473e+01 2.864845e+03 3.105897e+01
2.115500e+02 5.694952e+01 1.020239e+02 4.409754e+01 2.864845e+03 3.105943e+01
2.116000e+02 5.692722e+01 1.020005e+02 4.409013e+01 2.864846e+03 3.105988e+01
2.116500e+02 5.690682e+01 1.019790e+02 4.408259e+01 2.864846e+03 3.106033e+01
2.117000e+02 5.688802e+01 1.019591e+02 4.407496e+01 2.864847e+03 3.106078e+01
2.117500e+02 5.687059e+01 1.019406e+02 4.406730e+01 2.864848e+03 3.106124e+01
2.118000e+02 5.685437e+01 1.019233e+02 4.405964e+01 2.864848e+03 3.106169e+01
2.118500e+02 5.683920e+01 1.019071e+02 4.405200e+01 2.864849e+03 3.106214e+01
2.119000e+02 5.682498e+01 1.018918e+02 4.404440e+01 2.864849e+03 3.106259e+01
2.119500e+02 5.681165e+01 1.018773e+02 4.403686e+01 2.864850e+03 3.106304e+01
2.120000e+02 5.679923e+01 1.018638e+02 4.402935e+01 2.864850e+03 3.106349e+01
2.120500e+02 5.678801e+01 1.018515e+02 4.402183e+01 2.864851e+03 3.106394e+01
2.121000e+02 5.677822e+01 1.018406e+02 4.401422e+01 2.864852e+03 3.106439e+01
2.121500e+02 5.676533e+01 1.018266e+02 4.400748e+01 2.864852e+03 3.106484e+01
2.122000e+02 5.675459e+01 1.018148e+02 4.400051e+01 2.864853e+03 3.106529e+01
2.122500e+02 5.674467e+01 1.018038e+02 4.399358e+01 2.864853e+03 3.106574e+01
2.123000e+02 5.673535e+01 1.017933e+02 4.398673e+01 2.864854e+03 3.106619e+01
2.123500e+02 5.672658e+01 1.017835e+02 4.397996e+01 2.864854e+03 3.106664e+01
2.124000e+02 5.671835e+01 1.017741e+02 4.397329e+01 2.864855e+03 3.106709e+01
2.124500e+02 5.671070e+01 1.017654e+02 4.396669e+01 2.864855e+03 3.106754e+01
2.125000e+02 5.670390e+01 1.017575e+02 4.396011e+01 2.864856e+03 3.106798e+01
2.125500e+02 5.669763e+01 1.017501e+02 4.395361e+01 2.864856e+03 3.106843e+01
2.126000e+02 5.669366e+01 1.017450e+02 4.394681e+01 2.864857e+03 3.106888e+01
2.126500e+02 5.669329e+01 1.017435e+02 4.393946e+01 2.864857e+03 3.106933e+01
2.127000e+02 5.668474e+01 1.017339e+02 4.393398e+01 2.864858e+03 3.106977e+01
2.127500e+02 5.667967e+01 1.017277e+02 4.392796e+01 2.864859e+03 3.107022e+01
2.128000e+02 5.667752e+01 1.017244e+02 4.392151e+01 2.864859e+03 3.107067e+01
2.128500e+02 5.670084e+01 1.017465e+02 4.390996e+01 2.864860e+03 3.107111e+01
2.129000e+02 5.667620e+01 1.017208e+02 4.390852e+01 2.864860e+03 3.107156e+01
2.129500e+02 5.665823e+01 1.017018e+02 4.390586e+01 2.864861e+03 3.107200e+01
2.130000e+02 5.665041e+01 1.016928e+02 4.390126e+01 2.864861e+03 3.107245e+01
2.130500e+02 5.664440e+01 1.016857e+02 4.389646e+01 2.864862e+03 3.107289e+01
2.131000e+02 5.663996e+01 1.016802e+02 4.389149e+01 2.864862e+03 3.107334e+01
2.131500e+02 5.663644e+01 1.016755e+02 4.388650e+01 2.864863e+03 3.107378e+01
2.132000e+02 5.663367e+01 1.016716e+02 4.388151e+01 2.864864e+03 3.107423e+01
2.132500e+02 5.663145e+01 1.016683e+02 4.387656e+01 2.864864e+03 3.107467e+01
2.133000e+02 5.662997e+01 1.016657e+02 4.387161e+01 2.864865e+03 3.107512e+01
2.133500e+02 5.663007e+01 1.016647e+02 4.386649e+01 2.864865e+03 3.107556e+01
2.134000e+02 5.662912e+01 1.016626e+02 4.386174e+01 2.864866e+03 3.107601e+01
2.134500e+02 5.663564e+01 1.016680e+02 4.385559e+01 2.864866e+03 3.107645e+01
2.135000e+02 5.662776e+01 1.016590e+02 4.385257e+01 2.864867e+03 3.107689e+01
2.135500e+02 5.662674e+01 1.016568e+02 4.384828e+01 2.864867e+03 3.107733e+01
2.136000e+02 5.662673e+01 1.016557e+02 4.384393e+01 2.864868e+03 3.107778e+01
2.136500e+02 5.662770e+01 1.016555e+02 4.383952e+01 2.864868e+03 3.107822e+01
2.137000e+02 5.662955e+01 1.016563e+02 4.383507e+01 2.864869e+03 3.107866e+01
2.137500e+02 5.663229e+01 1.016579e+02 4.383057e+01 2.864869e+03 3.107910e+01
2.138000e+02 5.663600e+01 1.016604e+02 4.382602e+01 2.864870e+03 3.107955e+01
2.138500e+02 5.664077e+01 1.016641e+02 4.382138e+01 2.864870e+03 3.107999e+01
2.139000e+02 5.664674e+01 1.016689e+02 4.381664e+01 2.864871e+03 3.108043e+01
2.139500e+02 5.665407e+01 1.016751e+02 4.381175e+01 2.864872e+03 3.108087e+01
2.140000e+02 5.666291e+01 1.016828e+02 4.380668e+01 2.864872e+03 3.108131e+01
2.140500e+02 5.667359e+01 1.016923e+02 4.380137e+01 2.864873e+03 3.108175e+01
2.141000e+02 5.668643e+01 1.017040e+02 4.379574e+01 2.864873e+03 3.108219e+01
2.141500e+02 5.670184e+01 1.017182e+02 4.378971e+01 2.864874e+03 3.108263e+01
2.142000e+02 5.672038e+01 1.017356e+02 4.378317e+01 2.864875e+03 3.108307e+01
2.142500e+02 5.674277e+01 1.017568e+02 4.377596e+01 2.864875e+03 3.108351e+01
2.143000e+02 5.676998e+01 1.017828e+02 4.376789e+01 2.864876e+03 3.108395e+01
2.143500e+02 5.680331e+01 1.018149e+02 4.375868e+01 2.864876e+03 3.108439e+01
2.144000e+02 5.684462e+01 1.018550e+02 4.374795e+01 2.864877e+03 3.108483e+01
2.144500e+02 5.689655e+01 1.019056e+02 4.373516e+01 2.864877e+03 3.108527e+01
2.145000e+02 5.696299e+01 1.019707e+02 4.371949e+01 2.864878e+03 3.108571e+01
2.145500e+02 5.704992e+01 1.020563e+02 4.369972e+01 2.864878e+03 3.108615e+01
2.146000e+02 5.716698e+01 1.021719e+02 4.367385e+01 2.864880e+03 3.108659e+01
2.146500e+02 5.732932e+01 1.023327e+02 4.363876e+01 2.864880e+03 3.108703e+01
2.147000e+02 5.756619e+01 1.025678e+02 4.358840e+01 2.864881e+03 3.108747e+01
2.147500e+02 5.793257e+01 1.029321e+02 4.351144e+01 2.864881e+03 3.108791e+01
2.148000e+02 5.854880e+01 1.035456e+02 4.338301e+01 2.864883e+03 3.108834e+01
2.148500e+02 5.972026e+01 1.047130e+02 4.314009e+01 2.864883e+03 3.108878e+01
2.149000e+02 6.248108e+01 1.074661e+02 4.256912e+01 2.864887e+03 3.108922e+01
2.149500e+02 7.475305e+01 1.197137e+02 4.003345e+01 2.864882e+03 3.108966e+01
2.150000e+02 6.368520e+01 1.086653e+02 4.231891e+01 2.864876e+03 3.109009e+01
2.150500e+02 6.013346e+01 1.051206e+02 4.305158e+01 2.864880e+03 3.109053e+01
2.151000e+02 5.875279e+01 1.037423e+02 4.333605e+01 2.864879e+03 3.109097e+01
2.151500e+02 5.806220e+01 1.030524e+02 4.347818e+01 2.864882e+03 3.109141e+01
2.152000e+02 5.764604e+01 1.026362e+02 4.356377e+01 2.864882e+03 3.109184e+01
2.152500e+02 5.738308e+01 1.023728e+02 4.361785e+01 2.864883e+03 3.109228e+01
2.153000e+02 5.720650e+01 1.021956e+02 4.365421e+01 2.864883e+03 3.109272e+01
2.153500e+02 5.708157e+01 1.020698e+02 4.368003e+01 2.864884e+03 3.109315e+01
2.154000e+02 5.699015e+01 1.019775e+02 4.369903e+01 2.864885e+03 3.109359e+01
2.154500e+02 5.692283e+01 1.019093e+02 4.371318e+01 2.864886e+03 3.109402e+01
2.155000e+02 5.688793e+01 1.018734e+02 4.372074e+01 2.864886e+03 3.109446e+01
2.155500e+02 5.682556e+01 1.018100e+02 4.373409e+01 2.864887e+03 3.109490e+01
2.156000e+02 5.678961e+01 1.017730e+02 4.374208e+01 2.864887e+03 3.109533e+01
2.156500e+02 5.676203e+01 1.017444e+02 4.374846e+01 2.864888e+03 3.109577e+01
2.157000e+02 5.674054e+01 1.017219e+02 4.375369e+01 2.864888e+03 3.109620e+01
2.157500e+02 5.672207e+01 1.017023e+02 4.375840e+01 2.864889e+03 3.109664e+01
2.158000e+02 5.670862e+01 1.016878e+02 4.376218e+01 2.864889e+03 3.109707e+01
2.158500e+02 5.669980e+01 1.016778e+02 4.376511e+01 2.864890e+03 3.109751e+01
2.159000e+02 5.669716e+01 1.016741e+02 4.376687e+01 2.864891e+03 3.109794e+01
2.159500e+02 5.670751e+01 1.016833e+02 4.376606e+01 2.864891e+03 3.109838e+01
2.160000e+02 5.677704e+01 1.017515e+02 4.375313e+01 2.864892e+03 3.109881e+01
2.160500e+02 5.674911e+01 1.017225e+02 4.376042e+01 2.864892e+03 3.109925e+01
2.161000e+02 5.671120e+01 1.016836e+02 4.376988e+01 2.864893e+03 3.109968e+01
2.161500e+02 5.668051e+01 1.016518e+02 4.377794e+01 2.864893e+03 3.110011e+01
2.162000e+02 5.665866e+01 1.016289e+02 4.378429e+01 2.864894e+03 3.110055e+01
2.162500e+02 5.664878e+01 1.016180e+02 4.378826e+01 2.864894e+03 3.110098e+01
2.163000e+02 5.664356e+01 1.016116e+02 4.379138e+01 2.864895e+03 3.110142e+01
2.163500e+02 5.664295e+01 1.016099e+02 4.379364e+01 2.864895e+03 3.110185e+01
2.164000e+02 5.664152e+01 1.016073e+02 4.379617e+01 2.864896e+03 3.110228e+01
2.164500e+02 5.663580e+01 1.016005e+02 4.379969e+01 2.864897e+03 3.110271e+01
2.165000e+02 5.663405e+01 1.015976e+02 4.380249e+01 2.864897e+03 3.110315e+01
2.165500e+02 5.663359e+01 1.015960e+02 4.380512e+01 2.864898e+03 3.110358e+01
2.166000e+02 5.663393e+01 1.015953e+02 4.380768e+01 2.864898e+03 3.110401e+01
2.166500e+02 5.663493e+01 1.015951e+02 4.381020e+01 2.864899e+03 3.110445e+01
2.167000e+02 5.663655e+01 1.015956e+02 4.381270e+01 2.864899e+03 3.110488e+01
2.167500e+02 5.663889e+01 1.015968e+02 4.381514e+01 2.864900e+03 3.110531e+01
2.168000e+02 5.664237e+01 1.015992e+02 4.381744e+01 2.864900e+03 3.110574e+01
2.168500e+02 5.664908e+01 1.016047e+02 4.381918e+01 2.864901e+03 3.110618e+01
2.169000e+02 5.665481e+01 1.016093e+02 4.382121e+01 2.864901e+03 3.110661e+01
2.169500e+02 5.665119e+01 1.016046e+02 4.382527e+01 2.864902e+03 3.110704e+01
2.170000e+02 5.665266e+01 1.016049e+02 4.382838e+01 2.864902e+03 3.110747e+01
2.170500e+02 5.665551e+01 1.016066e+02 4.383130e+01 2.864903e+03 3.110791e+01
2.171000e+02 5.665911e+01 1.016091e+02 4.383416e+01 2.864903e+03 3.110834e+01
2.171500e+02 5.666332e+01 1.016122e+02 4.383699e+01 2.864904e+03 3.110877e+01
2.172000e+02 5.666818e+01 1.016159e+02 4.383978e+01 2.864904e+03 3.110920e+01
2.172500e+02 5.667434e+01 1.016209e+02 4.384239e+01 2.864905e+03 3.110963e+01
2.173000e+02 5.668034e+01 1.016258e+02 4.384514e+01 2.864905e+03 3.111006e+01
2.173500e+02 5.668790e+01 1.016322e+02 4.384766e+01 2.864906e+03 3.111049e+01
2.174000e+02 5.669914e+01 1.016423e+02 4.384951e+01 2.864906e+03 3.111093e+01
2.174500e+02 5.671992e+01 1.016619e+02 4.384949e+01 2.864907e+03 3.111136e+01
2.175000e+02 5.679945e+01 1.017400e+02 4.383741e+01 2.864907e+03 3.111179e+01
2.175500e+02 5.673744e+01 1.016771e+02 4.385470e+01 2.864908e+03 3.111222e+01
2.176000e+02 5.672347e+01 1.016620e+02 4.386215e+01 2.864908e+03 3.111265e+01
2.176500e+02 5.672223e+01 1.016597e+02 4.386705e+01 2.864909e+03 3.111308e+01
2.177000e+02 5.672530e+01 1.016616e+02 4.387117e+01 2.864909e+03 3.111351e+01
2.177500e+02 5.673066e+01 1.016658e+02 4.387490e+01 2.864910e+03 3.111394e+01
2.178000e+02 5.673793e+01 1.016719e+02 4.387834e+01 2.864910e+03 3.111437e+01
2.178500e+02 5.674841e+01 1.016813e+02 4.388120e+01 2.864911e+03 3.111480e+01
2.179000e+02 5.675799e+01 1.016897e+02 4.388435e+01 2.864912e+03 3.111523e+01
2.179500e+02 5.677244e+01 1.017030e+02 4.388658e+01 2.864912e+03 3.111566e+01
2.180000e+02 5.679658e+01 1.017259e+02 4.388690e+01 2.864913e+03 3.111609e+01
2.180500e+02 5.684748e+01 1.017755e+02 4.388177e+01 2.864913e+03 3.111652e+01
2.181000e+02 5.704167e+01 1.019681e+02 4.384706e+01 2.864914e+03 3.111695e+01
2.181500e+02 5.696277e+01 1.018883e+02 4.386900e+01 2.864914e+03 3.111738e+01
2.182000e+02 5.685155e+01 1.017762e+02 4.389774e+01 2.864914e+03 3.111781e+01
2.182500e+02 5.682428e+01 1.017479e+02 4.390918e+01 2.864915e+03 3.111824e+01
2.183000e+02 5.681742e+01 1.017399e+02 4.391649e+01 2.864916e+03 3.111867e+01
2.183500e+02 5.681621e+01 1.017376e+02 4.392273e+01 2.864916e+03 3.111910e+01
2.184000e+02 5.681965e+01 1.017399e+02 4.392810e+01 2.864917e+03 3.111953e+01
2.184500e+02 5.682798e+01 1.017471e+02 4.393256e+01 2.864917e+03 3.111996e+01
2.185000e+02 5.682991e+01 1.017479e+02 4.393843e+01 2.864918e+03 3.112039e+01
2.185500e+02 5.683502e+01 1.017519e+02 4.394375e+01 2.864918e+03 3.112082e+01
2.186000e+02 5.684439e+01 1.017601e+02 4.394827e+01 2.864919e+03 3.112125e+01
2.186500e+02 5.684730e+01 1.017619e+02 4.395424e+01 2.864919e+03 3.112168e+01
2.187000e+02 5.685435e+01 1.017678e+02 4.395945e+01 2.864920e+03 3.112211e+01
2.187500e+02 5.686105e+01 1.017733e+02 4.396482e+01 2.864920e+03 3.112254e+01
2.188000e+02 5.686812e+01 1.017792e+02 4.397022e+01 2.864921e+03 3.112297e+01
2.188500e+02 5.687602e+01 1.017860e+02 4.397554e+01 2.864921e+03 3.112339e+01
2.189000e+02 5.688450e+01 1.017933e+02 4.398084e+01 2.864922e+03 3.112382e+01
2.189500e+02 5.689366e+01 1.018013e+02 4.398611e+01 2.864922e+03 3.112425e+01
2.190000e+02 5.690382e+01 1.018103e+02 4.399126e+01 2.864923e+03 3.112468e+01
2.190500e+02 5.691606e+01 1.018214e+02 4.399608e+01 2.864923e+03 3.112511e+01
2.191000e+02 5.693530e+01 1.018395e+02 4.399955e+01 2.864924e+03 3.112554e+01
2.191500e+02 5.696239e+01 1.018654e+02 4.400149e+01 2.864924e+03 3.112597e+01
2.192000e+02 5.695580e+01 1.018577e+02 4.401053e+01 2.864925e+03 3.112640e+01
2.192500e+02 5.697383e+01 1.018745e+02 4.401455e+01 2.864925e+03 3.112682e+01
2.193000e+02 5.702916e+01 1.019286e+02 4.401093e+01 2.864926e+03 3.112725e+01
2.193500e+02 5.702242e+01 1.019207e+02 4.402031e+01 2.864926e+03 3.112768e+01
2.194000e+02 5.699621e+01 1.018935e+02 4.403385e+01 2.864927e+03 3.112811e+01
2.194500e+02 5.699408e+01 1.018902e+02 4.404249e+01 2.864927e+03 3.112854e+01
2.195000e+02 5.699840e+01 1.018934e+02 4.404989e+01 2.864928e+03 3.112897e+01
2.195500e+02 5.700557e+01 1.018994e+02 4.405681e+01 2.864928e+03 3.112939e+01
2.196000e+02 5.701379e+01 1.019065e+02 4.406362e+01 2.864929e+03 3.112982e+01
2.196500e+02 5.702309e+01 1.019146e+02 4.407032e+01 2.864929e+03 3.113025e+01
2.197000e+02 5.703333e+01 1.019237e+02 4.407693e+01 2.864930e+03 3.113068e+01
2.197500e+02 5.704460e+01 1.019338e+02 4.408344e+01 2.864930e+03 3.113111e+01
2.198000e+02 5.705745e+01 1.019455e+02 4.408973e+01 2.864931e+03 3.113153e+01
2.198500e+02 5.707361e+01 1.019605e+02 4.409545e+01 2.864931e+03 3.113196e+01
2.199000e+02 5.710013e+01 1.019858e+02 4.409913e+01 2.864932e+03 3.113239e+01
2.199500e+02 5.721980e+01 1.021040e+02 4.408351e+01 2.864932e+03 3.113282e+01
2.200000e+02 5.712129e+01 1.020047e+02 4.411347e+01 2.864933e+03 3.113325e+01
2.200500e+02 5.711784e+01 1.020001e+02 4.412375e+01 2.864933e+03 3.113367e+01
2.201000e+02 5.712234e+01 1.020035e+02 4.413249e+01 2.864934e+03 3.113410e+01
2.201500e+02 5.713069e+01 1.020107e+02 4.414055e+01 2.864934e+03 3.113453e+01
2.202000e+02 5.714068e+01 1.020195e+02 4.414839e+01 2.864935e+03 3.113496e+01
2.202500e+02 5.715159e+01 1.020293e+02 4.415617e+01 2.864935e+03 3.113538e+01
2.203000e+02 5.716317e+01 1.020397e+02 4.416394e+01 2.864936e+03 3.113581e+01
2.203500e+02 5.717542e+01 1.020508e+02 4.417169e+01 2.864936e+03 3.113624e+01
2.204000e+02 5.719025e+01 1.020644e+02 4.417904e+01 2.864937e+03 3.113667e+01
2.204500e+02 5.720007e+01 1.020731e+02 4.418757e+01 2.864937e+03 3.113710e+01
2.205000e+02 5.721268e+01 1.020845e+02 4.419566e+01 2.864938e+03 3.113752e+01
2.205500e+02 5.722636e+01 1.020971e+02 4.420366e+01 2.864938e+03 3.113795e+01
2.206000e+02 5.724178e+01 1.021113e+02 4.421143e+01 2.864939e+03 3.113838e+01
2.206500e+02 5.726171e+01 1.021300e+02 4.421841e+01 2.864939e+03 3.113881e+01
2.207000e+02 5.730596e+01 1.021730e+02 4.422045e+01 2.864940e+03 3.113923e+01
2.207500e+02 5.731588e+01 1.021818e+02 4.422981e+01 2.864940e+03 3.113966e+01
2.208000e+02 5.730200e+01 1.021668e+02 4.424430e+01 2.864941e+03 3.114009e+01
2.208500e+02 5.730795e+01 1.021717e+02 4.425480e+01 2.864941e+03 3.114052e+01
2.209000e+02 5.731872e+01 1.021813e+02 4.426445e+01 2.864942e+03 3.114094e+01
2.209500e+02 5.733129e+01 1.021927e+02 4.427388e+01 2.864942e+03 3.114137e+01
2.210000e+02 5.734487e+01 1.022051e+02 4.428326e+01 2.864943e+03 3.114180e+01
2.210500e+02 5.735920e+01 1.022183e+02 4.429265e+01 2.864943e+03 3.114223e+01
2.211000e+02 5.737429e+01 1.022322e+02 4.430206e+01 2.864944e+03 3.114265e+01
2.211500e+02 5.739035e+01 1.022471e+02 4.431143e+01 2.864944e+03 3.114308e+01
2.212000e+02 5.740804e+01 1.022636e+02 4.432064e+01 2.864945e+03 3.114351e+01
2.212500e+02 5.742946e+01 1.022838e+02 4.432926e+01 2.864945e+03 3.114394e+01
2.213000e+02 5.746542e+01 1.023185e+02 4.433500e+01 2.864946e+03 3.114436e+01
2.213500e+02 5.747274e+01 1.023247e+02 4.434695e+01 2.864946e+03 3.114479e+01
2.214000e+02 5.747501e+01 1.023258e+02 4.436015e+01 2.864947e+03 3.114522e+01
2.214500e+02 5.748555e+01 1.023352e+02 4.437182e+01 2.864947e+03 3.114565e+01
2.215000e+02 5.749880e+01 1.023473e+02 4.438312e+01 2.864948e+03 3.114607e+01
2.215500e+02 5.751420e+01 1.023615e+02 4.439419e+01 2.864948e+03 3.114650e+01
2.216000e+02 5.752981e+01 1.023760e+02 4.440542e+01 2.864949e+03 3.114693e+01
2.216500e+02 5.754584e+01 1.023908e+02 4.441679e+01 2.864949e+03 3.114736e+01
2.217000e+02 5.756262e+01 1.024065e+02 4.442823e+01 2.864950e+03 3.114779e+01
2.217500e+02 5.757988e+01 1.024225e+02 4.443981e+01 2.864950e+03 3.114821e+01
2.218000e+02 5.759755e+01 1.024390e+02 4.445153e+01 2.864951e+03 3.114864e+01
2.218500e+02 5.761562e+01 1.024559e+02 4.446343e+01 2.864951e+03 3.114907e+01
2.219000e+02 5.763404e+01 1.024732e+02 4.447550e+01 2.864952e+03 3.114950e+01
2.219500e+02 5.765284e+01 1.024908e+02 4.448776e+01 2.864953e+03 3.114992e+01
2.220000e+02 5.767204e+01 1.025088e+02 4.450020e+01 2.864953e+03 3.115035e+01
2.220500e+02 5.769164e+01 1.025272e+02 4.451284e+01 2.864954e+03 3.115078e+01
2.221000e+02 5.771169e+01 1.025461e+02 4.452567e+01 2.864954e+03 3.115121e+01
2.221500e+02 5.773222e+01 1.025654e+02 4.453869e+01 2.864955e+03 3.115163e+01
2.222000e+02 5.775334e+01 1.025854e+02 4.455190e+01 2.864955e+03 3.115206e+01
2.222500e+02 5.777523e+01 1.026061e+02 4.456526e+01 2.864956e+03 3.115249e+01
2.223000e+02 5.779829e+01 1.026279e+02 4.457869e+01 2.864956e+03 3.115292e+01
2.223500e+02 5.782368e+01 1.026521e+02 4.459197e+01 2.864957e+03 3.115335e+01
2.224000e+02 5.785667e+01 1.026839e+02 4.460399e+01 2.864957e+03 3.115377e+01
2.224500e+02 5.788568e+01 1.027117e+02 4.461721e+01 2.864958e+03 3.115420e+01
2.225000e+02 5.789308e+01 1.027180e+02 4.463537e+01 2.864958e+03 3.115463e+01
2.225500e+02 5.791209e+01 1.027358e+02 4.465146e+01 2.864959e+03 3.115506e+01
2.226000e+02 5.793413e+01 1.027566e+02 4.466730e+01 2.864959e+03 3.115548e+01
2.226500e+02 5.795764e+01 1.027790e+02 4.468325e+01 2.864960e+03 3.115591e+01
2.227000e+02 5.798215e+01 1.028023e+02 4.469940e+01 2.864960e+03 3.115634e+01
2.227500e+02 5.800758e+01 1.028265e+02 4.471580e+01 2.864961e+03 3.115677e+01
2.228000e+02 5.803359e+01 1.028513e+02 4.473253e+01 2.864961e+03 3.115720e+01
2.228500e+02 5.806047e+01 1.028770e+02 4.474955e+01 2.864962e+03 3.115762e+01
2.229000e+02 5.808824e+01 1.029036e+02 4.476687e+01 2.864962e+03 3.115805e+01
2.229500e+02 5.811713e+01 1.029312e+02 4.478445e+01 2.864963e+03 3.115848e+01
2.230000e+02 5.814884e+01 1.029617e+02 4.480196e+01 2.864963e+03 3.115891e+01
2.230500e+02 5.817978e+01 1.029915e+02 4.482017e+01 2.864964e+03 3.115934e+01
2.231000e+02 5.821197e+01 1.030224e+02 4.483868e+01 2.864964e+03 3.115976e+01
2.231500e+02 5.824595e+01 1.030552e+02 4.485739e+01 2.864965e+03 3.116019e+01
2.232000e+02 5.829432e+01 1.031023e+02 4.487363e+01 2.864965e+03 3.116062e+01
2.232500e+02 5.833754e+01 1.031443e+02 4.489159e+01 2.864966e+03 3.116105e+01
2.233000e+02 5.836176e+01 1.031673e+02 4.491424e+01 2.864966e+03 3.116148e+01
2.233500e+02 5.838111e+01 1.031855e+02 4.493861e+01 2.864967e+03 3.116190e+01
2.234000e+02 5.842403e+01 1.032271e+02 4.495864e+01 2.864967e+03 3.116233e+01
2.234500e+02 5.844493e+01 1.032469e+02 4.498409e+01 2.864968e+03 3.116276e+01
2.235000e+02 5.847672e+01 1.032774e+02 4.500796e+01 2.864968e+03 3.116319e+01
2.235500e+02 5.851251e+01 1.033120e+02 4.503174e+01 2.864969e+03 3.116361e+01
2.236000e+02 5.855049e+01 1.033487e+02 4.505584e+01 2.864969e+03 3.116404e+01
2.236500e+02 5.859031e+01 1.033873e+02 4.508036e+01 2.864970e+03 3.116447e+01
2.237000e+02 5.863214e+01 1.034279e+02 4.510529e+01 2.864970e+03 3.116490e+01
2.237500e+02 5.867647e+01 1.034710e+02 4.513055e+01 2.864971e+03 3.116532e+01
2.238000e+02 5.872403e+01 1.035173e+02 4.515602e+01 2.864971e+03 3.116575e+01
2.238500e+02 5.878364e+01 1.035756e+02 4.517981e+01 2.864972e+03 3.116618e+01
2.239000e+02 5.890754e+01 1.036980e+02 4.519069e+01 2.864972e+03 3.116660e+01
2.239500e+02 5.887170e+01 1.036612e+02 4.523694e+01 2.864973e+03 3.116703e+01
2.240000e+02 5.890973e+01 1.036980e+02 4.526827e+01 2.864973e+03 3.116745e+01
2.240500e+02 5.895592e+01 1.037429e+02 4.529886e+01 2.864974e+03 3.116788e+01
2.241000e+02 5.900468e+01 1.037904e+02 4.532993e+01 2.864974e+03 3.116831e+01
2.241500e+02 5.905660e+01 1.038411e+02 4.536136e+01 2.864975e+03 3.116873e+01
2.242000e+02 5.911080e+01 1.038940e+02 4.539336e+01 2.864975e+03 3.116915e+01
2.242500e+02 5.916708e+01 1.039490e+02 4.542598e+01 2.864976e+03 3.116958e+01
2.243000e+02 5.922538e+01 1.040060e+02 4.545924e+01 2.864976e+03 3.117000e+01
2.243500e+02 5.928576e+01 1.040651e+02 4.549313e+01 2.864977e+03 3.117042e+01
2.244000e+02 5.934833e+01 1.041263e+02 4.552762e+01 2.864977e+03 3.117085e+01
2.244500e+02 5.941325e+01 1.041900e+02 4.556266e+01 2.864978e+03 3.117127e+01
2.245000e+02 5.948082e+01 1.042562e+02 4.559817e+01 2.864978e+03 3.117169e+01
2.245500e+02 5.955154e+01 1.043256e+02 4.563401e+01 2.864979e+03 3.117211e+01
2.246000e+02 5.962643e+01 1.043992e+02 4.566993e+01 2.864979e+03 3.117253e+01
2.246500e+02 5.970779e+01 1.044792e+02 4.570537e+01 2.864980e+03 3.117295e+01
2.247000e+02 5.980262e+01 1.045726e+02 4.573873e+01 2.864981e+03 3.117337e+01
2.247500e+02 5.995148e+01 1.047200e+02 4.576105e+01 2.864981e+03 3.117378e+01
2.248000e+02 6.002875e+01 1.047959e+02 4.579976e+01 2.864982e+03 3.117420e+01
2.248500e+02 6.040724e+01 1.051722e+02 4.577291e+01 2.864982e+03 3.117461e+01
2.249000e+02 6.017124e+01 1.049358e+02 4.588159e+01 2.864982e+03 3.117503e+01
2.249500e+02 6.020355e+01 1.049668e+02 4.593172e+01 2.864983e+03 3.117544e+01
2.250000e+02 6.028259e+01 1.050445e+02 4.597178e+01 2.864983e+03 3.117585e+01
2.250500e+02 6.036426e+01 1.051249e+02 4.601132e+01 2.864984e+03 3.117626e+01
2.251000e+02 6.043523e+01 1.051945e+02 4.605309e+01 2.864984e+03 3.117666e+01
2.251500e+02 6.052384e+01 1.052818e+02 4.609060e+01 2.864985e+03 3.117707e+01
2.252000e+02 6.062115e+01 1.053777e+02 4.612561e+01 2.864985e+03 3.117748e+01
2.252500e+02 6.070944e+01 1.054646e+02 4.616178e+01 2.864986e+03 3.117788e+01
2.253000e+02 6.080722e+01 1.055610e+02 4.619474e+01 2.864986e+03 3.117828e+01
2.253500e+02 6.090977e+01 1.056622e+02 4.622526e+01 2.864987e+03 3.117868e+01
2.254000e+02 6.101708e+01 1.057681e+02 4.625304e+01 2.864988e+03 3.117908e+01
2.254500e+02 6.112954e+01 1.058791e+02 4.627768e+01 2.864988e+03 3.117947e+01
2.255000e+02 6.124817e+01 1.059963e+02 4.629865e+01 2.864989e+03 3.117987e+01
2.255500e+02 6.137457e+01 1.061212e+02 4.631526e+01 2.864989e+03 3.118026e+01
2.256000e+02 6.151132e+01 1.062565e+02 4.632665e+01 2.864990e+03 3.118065e+01
2.256500e+02 6.166260e+01 1.064063e+02 4.633161e+01 2.864990e+03 3.118104e+01
2.257000e+02 6.183530e+01 1.065774e+02 4.632837e+01 2.864991e+03 3.118143e+01
2.257500e+02 6.204277e+01 1.067832e+02 4.631380e+01 2.864991e+03 3.118182e+01
2.258000e+02 6.230696e+01 1.070456e+02 4.628292e+01 2.864992e+03 3.118220e+01
2.258500e+02 6.261561e+01 1.073523e+02 4.623807e+01 2.864992e+03 3.118259e+01
2.259000e+02 6.307972e+01 1.078142e+02 4.615146e+01 2.864993e+03 3.118297e+01
2.259500e+02 6.384327e+01 1.085747e+02 4.598768e+01 2.864993e+03 3.118335e+01
2.260000e+02 6.537563e+01 1.101024e+02 4.564497e+01 2.864996e+03 3.118374e+01
2.260500e+02 7.224906e+01 1.169604e+02 4.409836e+01 2.864993e+03 3.118412e+01
2.261000e+02 6.729840e+01 1.120186e+02 4.520513e+01 2.864990e+03 3.118451e+01
2.261500e+02 6.444923e+01 1.091747e+02 4.583585e+01 2.864991e+03 3.118490e+01
2.262000e+02 6.346785e+01 1.081946e+02 4.604357e+01 2.864992e+03 3.118529e+01
2.262500e+02 6.289500e+01 1.076220e+02 4.615634e+01 2.864993e+03 3.118568e+01
2.263000e+02 6.252459e+01 1.072514e+02 4.622073e+01 2.864993e+03 3.118607e+01
2.263500e+02 6.225517e+01 1.069815e+02 4.625982e+01 2.864994e+03 3.118647e+01
2.264000e+02 6.204475e+01 1.067705e+02 4.628335e+01 2.864994e+03 3.118687e+01
2.264500e+02 6.187236e+01 1.065974e+02 4.629635e+01 2.864995e+03 3.118726e+01
2.265000e+02 6.172678e+01 1.064511e+02 4.630163e+01 2.864996e+03 3.118766e+01
2.265500e+02 6.160303e+01 1.063265e+02 4.630061e+01 2.864996e+03 3.118806e+01
2.266000e+02 6.151240e+01 1.062350e+02 4.629106e+01 2.864997e+03 3.118847e+01
2.266500e+02 6.138497e+01 1.061068e+02 4.628885e+01 2.864997e+03 3.118887e+01
2.267000e+02 6.127974e+01 1.060007e+02 4.628107e+01 2.864998e+03 3.118928e+01
2.267500e+02 6.118040e+01 1.059005e+02 4.627158e+01 2.864998e+03 3.118969e+01
2.268000e+02 6.109370e+01 1.058129e+02 4.625909e+01 2.864999e+03 3.119010e+01
2.268500e+02 6.101810e+01 1.057364e+02 4.624414e+01 2.864999e+03 3.119051e+01
2.269000e+02 6.093858e+01 1.056559e+02 4.623024e+01 2.865000e+03 3.119092e+01
2.269500e+02 6.086257e+01 1.055790e+02 4.621589e+01 2.865000e+03 3.119133e+01
2.270000e+02 6.079364e+01 1.055091e+02 4.620044e+01 2.865001e+03 3.119175e+01
2.270500e+02 6.072942e+01 1.054439e+02 4.618453e+01 2.865001e+03 3.119216e+01
2.271000e+02 6.066922e+01 1.053828e+02 4.616842e+01 2.865002e+03 3.119258e+01
2.271500e+02 6.061265e+01 1.053252e+02 4.615227e+01 2.865002e+03 3.119300e+01
2.272000e+02 6.055944e+01 1.052710e+02 4.613623e+01 2.865003e+03 3.119342e+01
2.272500e+02 6.050948e+01 1.052201e+02 4.612037e+01 2.865003e+03 3.119384e+01
2.273000e+02 6.046254e+01 1.051721e+02 4.610479e+01 2.865004e+03 3.119426e+01
2.273500e+02 6.041844e+01 1.051270e+02 4.608958e+01 2.865004e+03 3.119468e+01
2.274000e+02 6.037686e+01 1.050844e+02 4.607483e+01 2.865005e+03 3.119511e+01
2.274500e+02 6.033754e+01 1.050441e+02 4.606061e+01 2.865005e+03 3.119553e+01
2.275000e+02 6.030099e+01 1.050065e+02 4.604683e+01 2.865006e+03 3.119595e+01
2.275500e+02 6.026646e+01 1.049709e+02 4.603365e+01 2.865007e+03 3.119638e+01
2.276000e+02 6.023457e+01 1.049380e+02 4.602094e+01 2.865007e+03 3.119680e+01
2.276500e+02 6.020517e+01 1.049076e+02 4.600873e+01 2.865008e+03 3.119723e+01
2.277000e+02 6.017863e+01 1.048800e+02 4.599693e+01 2.865008e+03 3.119765e+01
2.277500e+02 6.015796e+01 1.048582e+02 4.598485e+01 2.865009e+03 3.119808e+01
2.278000e+02 6.013099e+01 1.048302e+02 4.597517e+01 2.865009e+03 3.119851e+01
2.278500e+02 6.010697e+01 1.048051e+02 4.596582e+01 2.865010e+03 3.119893e+01
2.279000e+02 6.008767e+01 1.047847e+02 4.595641e+01 2.865010e+03 3.119936e+01
2.279500e+02 6.007282e+01 1.047688e+02 4.594696e+01 2.865011e+03 3.119979e+01
2.280000e+02 6.005044e+01 1.047454e+02 4.594008e+01 2.865011e+03 3.120022e+01
2.280500e+02 6.003412e+01 1.047280e+02 4.593277e+01 2.865012e+03 3.120064e+01
2.281000e+02 6.002018e+01 1.047129e+02 4.592581e+01 2.865012e+03 3.120107e+01
2.281500e+02 6.000760e+01 1.046993e+02 4.591939e+01 2.865013e+03 3.120150e+01
2.282000e+02 5.999689e+01 1.046875e+02 4.591339e+01 2.865013e+03 3.120193e+01
2.282500e+02 5.998807e+01 1.046775e+02 4.590776e+01 2.865014e+03 3.120236e+01
2.283000e+02 5.998388e+01 1.046722e+02 4.590189e+01 2.865014e+03 3.120279e+01
2.283500e+02 5.997441e+01 1.046617e+02 4.589794e+01 2.865015e+03 3.120321e+01
2.284000e+02 5.996809e+01 1.046542e+02 4.589401e+01 2.865015e+03 3.120364e+01
2.284500e+02 5.996400e+01 1.046490e+02 4.589029e+01 2.865016e+03 3.120407e+01
2.285000e+02 5.996147e+01 1.046454e+02 4.588691e+01 2.865016e+03 3.120450e+01
2.285500e+02 5.996040e+01 1.046432e+02 4.588387e+01 2.865017e+03 3.120493e+01
2.286000e+02 5.996078e+01 1.046424e+02 4.588114e+01 2.865017e+03 3.120536e+01
2.286500e+02 5.996262e+01 1.046431e+02 4.587870e+01 2.865018e+03 3.120579e+01
2.287000e+02 5.996600e+01 1.046454e+02 4.587651e+01 2.865019e+03 3.120622e+01
2.287500e+02 5.997109e+01 1.046493e+02 4.587451e+01 2.865019e+03 3.120665e+01
2.288000e+02 5.997808e+01 1.046552e+02 4.587266e+01 2.865020e+03 3.120708e+01
2.288500e+02 5.998611e+01 1.046621e+02 4.587110e+01 2.865020e+03 3.120751e+01
2.289000e+02 5.999668e+01 1.046715e+02 4.586951e+01 2.865021e+03 3.120794e+01
2.289500e+02 6.000992e+01 1.046835e+02 4.586782e+01 2.865021e+03 3.120837e+01
2.290000e+02 6.002674e+01 1.046992e+02 4.586582e+01 2.865022e+03 3.120880e+01
2.290500e+02 6.005119e+01 1.047224e+02 4.586262e+01 2.865022e+03 3.120923e+01
2.291000e+02 6.007329e+01 1.047434e+02 4.586037e+01 2.865023e+03 3.120966e+01
2.291500e+02 6.009569e+01 1.047646e+02 4.585849e+01 2.865023e+03 3.121009e+01
2.292000e+02 6.012969e+01 1.047973e+02 4.585448e+01 2.865024e+03 3.121052e+01
2.292500e+02 6.017522e+01 1.048416e+02 4.584834e+01 2.865024e+03 3.121095e+01
2.293000e+02 6.023768e+01 1.049028e+02 4.583886e+01 2.865025e+03 3.121138e+01
2.293500e+02 6.032824e+01 1.049920e+02 4.582358e+01 2.865026e+03 3.121181e+01
2.294000e+02 6.047097e+01 1.051332e+02 4.579720e+01 2.865026e+03 3.121224e+01
2.294500e+02 6.072088e+01 1.053813e+02 4.574759e+01 2.865027e+03 3.121267e+01
2.295000e+02 6.126169e+01 1.059195e+02 4.563434e+01 2.865028e+03 3.121310e+01
2.295500e+02 6.302981e+01 1.076819e+02 4.525141e+01 2.865028e+03 3.121353e+01
2.296000e+02 6.304002e+01 1.076909e+02 4.525542e+01 2.865027e+03 3.121396e+01
2.296500e+02 6.131334e+01 1.059676e+02 4.564190e+01 2.865027e+03 3.121439e+01
2.297000e+02 6.080932e+01 1.054638e+02 4.575973e+01 2.865028e+03 3.121482e+01
2.297500e+02 6.059523e+01 1.052492e+02 4.581407e+01 2.865029e+03 3.121525e+01
2.298000e+02 6.049006e+01 1.051432e+02 4.584474e+01 2.865029e+03 3.121568e+01
2.298500e+02 6.043742e+01 1.050896e+02 4.586413e+01 2.865030e+03 3.121611e+01
2.299000e+02 6.041391e+01 1.050650e+02 4.587738e+01 2.865031e+03 3.121654e+01
2.299500e+02 6.040931e+01 1.050593e+02 4.588672e+01 2.865031e+03 3.121697e+01
2.300000e+02 6.042129e+01 1.050701e+02 4.589267e+01 2.865032e+03 3.121740e+01
2.300500e+02 6.044043e+01 1.050881e+02 4.589729e+01 2.865032e+03 3.121783e+01
2.301000e+02 6.045803e+01 1.051045e+02 4.590249e+01 2.865033e+03 3.121826e+01
2.301500e+02 6.047723e+01 1.051225e+02 4.590756e+01 2.865034e+03 3.121869e+01
2.302000e+02 6.050920e+01 1.051533e+02 4.591005e+01 2.865034e+03 3.121912e+01
2.302500e+02 6.054911e+01 1.051919e+02 4.591101e+01 2.865035e+03 3.121955e+01
2.303000e+02 6.059770e+01 1.052393e+02 4.591027e+01 2.865035e+03 3.121998e+01
2.303500e+02 6.066094e+01 1.053012e+02 4.590651e+01 2.865036e+03 3.122041e+01
2.304000e+02 6.071821e+01 1.053572e+02 4.590427e+01 2.865036e+03 3.122084e+01
2.304500e+02 6.079898e+01 1.054366e+02 4.589705e+01 2.865037e+03 3.122127e+01
2.305000e+02 6.091643e+01 1.055526e+02 4.588192e+01 2.865038e+03 3.122170e+01
2.305500e+02 6.106392e+01 1.056986e+02 4.586035e+01 2.865038e+03 3.122213e+01
2.306000e+02 6.101404e+01 1.056477e+02 4.588254e+01 2.865039e+03 3.122256e+01
2.306500e+02 6.105415e+01 1.056866e+02 4.588505e+01 2.865039e+03 3.122299e+01
2.307000e+02 6.112643e+01 1.057575e+02 4.588063e+01 2.865040e+03 3.122342e+01
2.307500e+02 6.122667e+01 1.058564e+02 4.587022e+01 2.865041e+03 3.122385e+01
2.308000e+02 6.135868e+01 1.059869e+02 4.585295e+01 2.865041e+03 3.122428e+01
2.308500e+02 6.153141e+01 1.061580e+02 4.582685e+01 2.865042e+03 3.122471e+01
2.309000e+02 6.176034e+01 1.063852e+02 4.578847e+01 2.865043e+03 3.122514e+01
2.309500e+02 6.207153e+01 1.066944e+02 4.573205e+01 2.865044e+03 3.122557e+01
2.310000e+02 6.251057e+01 1.071312e+02 4.564746e+01 2.865045e+03 3.122600e+01
2.310500e+02 6.316286e+01 1.077807e+02 4.551578e+01 2.865046e+03 3.122643e+01
2.311000e+02 6.421040e+01 1.088244e+02 4.529665e+01 2.865047e+03 3.122687e+01
2.311500e+02 6.600542e+01 1.106140e+02 4.491192e+01 2.865049e+03 3.122730e+01
2.312000e+02 6.972229e+01 1.143215e+02 4.410106e+01 2.865050e+03 3.122773e+01
2.312500e+02 8.018736e+01 1.247662e+02 4.179272e+01 2.865051e+03 3.122816e+01
2.313000e+02 8.661988e+01 1.311881e+02 4.037740e+01 2.865040e+03 3.122859e+01
2.313500e+02 7.143176e+01 1.160240e+02 4.376106e+01 2.865035e+03 3.122902e+01
2.314000e+02 6.680213e+01 1.114032e+02 4.480187e+01 2.865040e+03 3.122945e+01
2.314500e+02 6.470225e+01 1.093072e+02 4.528174e+01 2.865040e+03 3.122988e+01
2.315000e+02 6.356382e+01 1.081704e+02 4.554856e+01 2.865042e+03 3.123031e+01
2.315500e+02 6.287912e+01 1.074864e+02 4.571491e+01 2.865043e+03 3.123074e+01
2.316000e+02 6.243834e+01 1.070456e+02 4.582733e+01 2.865044e+03 3.123117e+01
2.316500e+02 6.214123e+01 1.067482e+02 4.590804e+01 2.865045e+03 3.123160e+01
2.317000e+02 6.193482e+01 1.065412e+02 4.596878e+01 2.865046e+03 3.123203e+01
2.317500e+02 6.178901e+01 1.063946e+02 4.601621e+01 2.865046e+03 3.123246e+01
2.318000e+02 6.168579e+01 1.062906e+02 4.605433e+01 2.865048e+03 3.123289e+01
2.318500e+02 6.161417e+01 1.062180e+02 4.608555e+01 2.865048e+03 3.123332e+01
2.319000e+02 6.156833e+01 1.061712e+02 4.611116e+01 2.865049e+03 3.123375e+01
2.319500e+02 6.155149e+01 1.061532e+02 4.613042e+01 2.865049e+03 3.123418e+01
2.320000e+02 6.158653e+01 1.061871e+02 4.613822e+01 2.865050e+03 3.123461e+01
2.320500e+02 6.151608e+01 1.061157e+02 4.616957e+01 2.865051e+03 3.123504e+01
2.321000e+02 6.150761e+01 1.061061e+02 4.618718e+01 2.865051e+03 3.123548e+01
2.321500e+02 6.151420e+01 1.061116e+02 4.620147e+01 2.865052e+03 3.123591e+01
2.322000e+02 6.153039e+01 1.061266e+02 4.621363e+01 2.865053e+03 3.123634e+01
2.322500e+02 6.155443e+01 1.061494e+02 4.622403e+01 2.865053e+03 3.123677e+01
2.323000e+02 6.158568e+01 1.061794e+02 4.623278e+01 2.865054e+03 3.123720e+01
2.323500e+02 6.162417e+01 1.062167e+02 4.623986e+01 2.865054e+03 3.123763e+01
2.324000e+02 6.167095e+01 1.062622e+02 4.624501e+01 2.865055e+03 3.123806e+01
2.324500e+02 6.172988e+01 1.063199e+02 4.624734e+01 2.865055e+03 3.123849e+01
2.325000e+02 6.182027e+01 1.064089e+02 4.624253e+01 2.865056e+03 3.123892e+01
2.325500e+02 6.188049e+01 1.064678e+02 4.624432e+01 2.865057e+03 3.123935e+01
2.326000e+02 6.191186e+01 1.064980e+02 4.625242e+01 2.865057e+03 3.123978e+01
2.326500e+02 6.198120e+01 1.065660e+02 4.625189e+01 2.865058e+03 3.124021e+01
2.327000e+02 6.209055e+01 1.066739e+02 4.624225e+01 2.865059e+03 3.124064e+01
2.327500e+02 6.216387e+01 1.067459e+02 4.624052e+01 2.865059e+03 3.124107e+01
2.328000e+02 6.221813e+01 1.067989e+02 4.624292e+01 2.865060e+03 3.124150e+01
2.328500e+02 6.230542e+01 1.068848e+02 4.623782e+01 2.865060e+03 3.124193e+01
2.329000e+02 6.241061e+01 1.069886e+02 4.622859e+01 2.865061e+03 3.124236e+01
2.329500e+02 6.254002e+01 1.071166e+02 4.621385e+01 2.865061e+03 3.124279e+01
2.330000e+02 6.269642e+01 1.072714e+02 4.619299e+01 2.865062e+03 3.124322e+01
2.330500e+02 6.279034e+01 1.073640e+02 4.618609e+01 2.865062e+03 3.124365e+01
2.331000e+02 6.293387e+01 1.075060e+02 4.616803e+01 2.865063e+03 3.124409e+01
2.331500e+02 6.309857e+01 1.076691e+02 4.614521e+01 2.865064e+03 3.124452e+01
2.332000e+02 6.328355e+01 1.078525e+02 4.611783e+01 2.865065e+03 3.124495e+01
2.332500e+02 6.349227e+01 1.080595e+02 4.608515e+01 2.865065e+03 3.124538e+01
2.333000e+02 6.373508e+01 1.083006e+02 4.604484e+01 2.865066e+03 3.124581e+01
2.333500e+02 6.409091e+01 1.086544e+02 4.597917e+01 2.865066e+03 3.124624e+01
2.334000e+02 6.426248e+01 1.088244e+02 4.595494e+01 2.865067e+03 3.124668e+01
2.334500e+02 6.455119e+01 1.091112e+02 4.590444e+01 2.865067e+03 3.124711e+01
2.335000e+02 6.489287e+01 1.094509e+02 4.584208e+01 2.865068e+03 3.124754e+01
2.335500e+02 6.528632e+01 1.098423e+02 4.576812e+01 2.865069e+03 3.124797e+01
2.336000e+02 6.573982e+01 1.102935e+02 4.568071e+01 2.865070e+03 3.124841e+01
2.336500e+02 6.626758e+01 1.108189e+02 4.557661e+01 2.865070e+03 3.124884e+01
2.337000e+02 6.689226e+01 1.114410e+02 4.545072e+01 2.865071e+03 3.124927e+01
2.337500e+02 6.765061e+01 1.121964e+02 4.529472e+01 2.865071e+03 3.124970e+01
2.338000e+02 6.860970e+01 1.131522e+02 4.509348e+01 2.865072e+03 3.125014e+01
2.338500e+02 6.993496e+01 1.144735e+02 4.480963e+01 2.865072e+03 3.125057e+01
2.339000e+02 7.216979e+01 1.167025e+02 4.432051e+01 2.865074e+03 3.125100e+01
2.339500e+02 7.946937e+01 1.239876e+02 4.268800e+01 2.865070e+03 3.125144e+01
2.340000e+02 7.180102e+01 1.163322e+02 4.443362e+01 2.865067e+03 3.125187e+01
2.340500e+02 6.990032e+01 1.144344e+02 4.487788e+01 2.865069e+03 3.125230e+01
2.341000e+02 6.864706e+01 1.131827e+02 4.517628e+01 2.865068e+03 3.125274e+01
2.341500e+02 6.777825e+01 1.123147e+02 4.538811e+01 2.865070e+03 3.125317e+01
2.342000e+02 6.711168e+01 1.116486e+02 4.555447e+01 2.865070e+03 3.125360e+01
2.342500e+02 6.653243e+01 1.110695e+02 4.570129e+01 2.865071e+03 3.125404e+01
2.343000e+02 6.610117e+01 1.106382e+02 4.581484e+01 2.865071e+03 3.125447e+01
2.343500e+02 6.578710e+01 1.103237e+02 4.590206e+01 2.865072e+03 3.125491e+01
2.344000e+02 6.535148e+01 1.098881e+02 4.601692e+01 2.865073e+03 3.125534e+01
2.344500e+02 6.505048e+01 1.095867e+02 4.610148e+01 2.865074e+03 3.125577e+01
2.345000e+02 6.480666e+01 1.093423e+02 4.617324e+01 2.865074e+03 3.125621e+01
2.345500e+02 6.464691e+01 1.091819e+02 4.622610e+01 2.865075e+03 3.125664e+01
2.346000e+02 6.439261e+01 1.089271e+02 4.630051e+01 2.865075e+03 3.125708e+01
2.346500e+02 6.421738e+01 1.087511e+02 4.635713e+01 2.865076e+03 3.125751e+01
2.347000e+02 6.408863e+01 1.086216e+02 4.640334e+01 2.865077e+03 3.125795e+01
2.347500e+02 6.396757e+01 1.084997e+02 4.644792e+01 2.865078e+03 3.125838e+01
2.348000e+02 6.387522e+01 1.084065e+02 4.648611e+01 2.865078e+03 3.125882e+01
2.348500e+02 6.380695e+01 1.083373e+02 4.651894e+01 2.865079e+03 3.125925e+01
2.349000e+02 6.376093e+01 1.082902e+02 4.654682e+01 2.865079e+03 3.125969e+01
2.349500e+02 6.373800e+01 1.082662e+02 4.656956e+01 2.865080e+03 3.126012e+01
2.350000e+02 6.374213e+01 1.082692e+02 4.658625e+01 2.865081e+03 3.126056e+01
2.350500e+02 6.378907e+01 1.083149e+02 4.659330e+01 2.865082e+03 3.126099e+01
2.351000e+02 6.385485e+01 1.083794e+02 4.659615e+01 2.865082e+03 3.126143e+01
2.351500e+02 6.388417e+01 1.084075e+02 4.660737e+01 2.865083e+03 3.126186e+01
2.352000e+02 6.398465e+01 1.085066e+02 4.660249e+01 2.865084e+03 3.126230e+01
2.352500e+02 6.414175e+01 1.086622e+02 4.658479e+01 2.865085e+03 3.126273e+01
2.353000e+02 6.436788e+01 1.088866e+02 4.655144e+01 2.865086e+03 3.126317e+01
2.353500e+02 6.468899e+01 1.092057e+02 4.649649e+01 2.865087e+03 3.126360e+01
2.354000e+02 6.515042e+01 1.096649e+02 4.640960e+01 2.865088e+03 3.126404e+01
2.354500e+02 6.583361e+01 1.103452e+02 4.627214e+01 2.865090e+03 3.126448e+01
2.355000e+02 6.689519e+01 1.114031e+02 4.604831e+01 2.865090e+03 3.126491e+01
2.355500e+02 6.866896e+01 1.131717e+02 4.566179e+01 2.865094e+03 3.126535e+01
2.356000e+02 7.198392e+01 1.164784e+02 4.492299e+01 2.865093e+03 3.126578e+01
2.356500e+02 7.952252e+01 1.240018e+02 4.321816e+01 2.865103e+03 3.126622e+01
2.357000e+02 1.072566e+02 1.517001e+02 3.689070e+01 2.865090e+03 3.126666e+01
2.357500e+02 8.564455e+01 1.301120e+02 4.185250e+01 2.865072e+03 3.126709e+01
2.358000e+02 7.425826e+01 1.187436e+02 4.447553e+01 2.865079e+03 3.126753e+01
2.358500e+02 7.004736e+01 1.145402e+02 4.545754e+01 2.865079e+03 3.126797e+01
2.359000e+02 6.772026e+01 1.122172e+02 4.600900e+01 2.865083e+03 3.126840e+01
2.359500e+02 6.631986e+01 1.108190e+02 4.634873e+01 2.865083e+03 3.126884e+01
2.360000e+02 6.549137e+01 1.099914e+02 4.655780e+01 2.865086e+03 3.126928e+01
2.360500e+02 6.495793e+01 1.094582e+02 4.669951e+01 2.865085e+03 3.126971e+01
2.361000e+02 6.456816e+01 1.090683e+02 4.680849e+01 2.865088e+03 3.127015e+01
2.361500e+02 6.429052e+01 1.087902e+02 4.689193e+01 2.865088e+03 3.127059e+01
2.362000e+02 6.410375e+01 1.086028e+02 4.695469e+01 2.865090e+03 3.127103e+01
2.362500e+02 6.397485e+01 1.084731e+02 4.700432e+01 2.865089e+03 3.127146e+01
2.363000e+02 6.389632e+01 1.083937e+02 4.704251e+01 2.865092e+03 3.127190e+01
2.363500e+02 6.385028e+01 1.083466e+02 4.707338e+01 2.865091e+03 3.127234e+01
2.364000e+02 6.382666e+01 1.083219e+02 4.709922e+01 2.865093e+03 3.127278e+01
2.364500e+02 6.383770e+01 1.083318e+02 4.711722e+01 2.865093e+03 3.127321e+01
2.365000e+02 6.388297e+01 1.083758e+02 4.712747e+01 2.865095e+03 3.127365e+01
2.365500e+02 6.396854e+01 1.084600e+02 4.712856e+01 2.865095e+03 3.127409e+01
2.366000e+02 6.413343e+01 1.086234e+02 4.711150e+01 2.865097e+03 3.127453e+01
2.366500e+02 6.425188e+01 1.087404e+02 4.710523e+01 2.865096e+03 3.127497e+01
2.367000e+02 6.442093e+01 1.089079e+02 4.708741e+01 2.865099e+03 3.127540e+01
2.367500e+02 6.469228e+01 1.091774e+02 4.704611e+01 2.865098e+03 3.127584e+01
2.368000e+02 6.507562e+01 1.095586e+02 4.697907e+01 2.865101e+03 3.127628e+01
2.368500e+02 6.562819e+01 1.101087e+02 4.687303e+01 2.865100e+03 3.127672e+01
2.369000e+02 6.641803e+01 1.108954e+02 4.671224e+01 2.865104e+03 3.127716e+01
2.369500e+02 6.763275e+01 1.121061e+02 4.645327e+01 2.865103e+03 3.127760e+01
2.370000e+02 6.973463e+01 1.142021e+02 4.598911e+01 2.865109e+03 3.127804e+01
2.370500e+02 7.381340e+01 1.182712e+02 4.506734e+01 2.865107e+03 3.127848e+01
2.371000e+02 8.381194e+01 1.282511e+02 4.277425e+01 2.865119e+03 3.127892e+01
2.371500e+02 1.175461e+02 1.619472e+02 3.497730e+01 2.865098e+03 3.127936e+01
2.372000e+02 8.148993e+01 1.259305e+02 4.335320e+01 2.865079e+03 3.127980e+01
2.372500e+02 7.301849e+01 1.174733e+02 4.533771e+01 2.865093e+03 3.128023e+01
2.373000e+02 6.942187e+01 1.138832e+02 4.619355e+01 2.865091e+03 3.128068e+01
2.373500e+02 6.750116e+01 1.119658e+02 4.666160e+01 2.865096e+03 3.128111e+01
2.374000e+02 6.636117e+01 1.108274e+02 4.694911e+01 2.865095e+03 3.128156e+01
2.374500e+02 6.563787e+01 1.101048e+02 4.714035e+01 2.865099e+03 3.128200e+01
2.375000e+02 6.515602e+01 1.096230e+02 4.727589e+01 2.865098e+03 3.128244e+01
2.375500e+02 6.483638e+01 1.093030e+02 4.737407e+01 2.865101e+03 3.128288e+01
2.376000e+02 6.463107e+01 1.090971e+02 4.744597e+01 2.865100e+03 3.128332e+01
2.376500e+02 6.439333e+01 1.088589e+02 4.752568e+01 2.865103e+03 3.128376e+01
2.377000e+02 6.424598e+01 1.087108e+02 4.758466e+01 2.865102e+03 3.128420e+01
2.377500e+02 6.414251e+01 1.086065e+02 4.763370e+01 2.865104e+03 3.128464e+01
2.378000e+02 6.406992e+01 1.085329e+02 4.767581e+01 2.865104e+03 3.128508e+01
2.378500e+02 6.402102e+01 1.084830e+02 4.771269e+01 2.865106e+03 3.128552e+01
2.379000e+02 6.399146e+01 1.084524e+02 4.774533e+01 2.865106e+03 3.128596e+01
2.379500e+02 6.397863e+01 1.084385e+02 4.777437e+01 2.865107e+03 3.128640e+01
2.380000e+02 6.398247e+01 1.084412e+02 4.779982e+01 2.865107e+03 3.128685e+01
2.380500e+02 6.399659e+01 1.084542e+02 4.782316e+01 2.865109e+03 3.128729e+01
2.381000e+02 6.402712e+01 1.084835e+02 4.784296e+01 2.865109e+03 3.128773e+01
2.381500e+02 6.407418e+01 1.085293e+02 4.785921e+01 2.865110e+03 3.128817e+01
2.382000e+02 6.414176e+01 1.085956e+02 4.787097e+01 2.865110e+03 3.128861e+01
2.382500e+02 6.423891e+01 1.086913e+02 4.787613e+01 2.865112e+03 3.128906e+01
2.383000e+02 6.438812e+01 1.088390e+02 4.786943e+01 2.865112e+03 3.128950e+01
2.383500e+02 6.466800e+01 1.091170e+02 4.783242e+01 2.865113e+03 3.128994e+01
2.384000e+02 6.532584e+01 1.097720e+02 4.770707e+01 2.865113e+03 3.129038e+01
2.384500e+02 6.588125e+01 1.103249e+02 4.760596e+01 2.865114e+03 3.129083e+01
2.385000e+02 6.506748e+01 1.095121e+02 4.782655e+01 2.865114e+03 3.129127e+01
2.385500e+02 6.498995e+01 1.094336e+02 4.787483e+01 2.865116e+03 3.129171e+01
2.386000e+02 6.509152e+01 1.095338e+02 4.788146e+01 2.865116e+03 3.129216e+01
2.386500e+02 6.531028e+01 1.097509e+02 4.786094e+01 2.865118e+03 3.129260e+01
2.387000e+02 6.563722e+01 1.100759e+02 4.781536e+01 2.865117e+03 3.129304e+01
2.387500e+02 6.598138e+01 1.104180e+02 4.776609e+01 2.865120e+03 3.129348e+01
2.388000e+02 6.650125e+01 1.109355e+02 4.767579e+01 2.865119e+03 3.129393e+01
2.388500e+02 6.729493e+01 1.117261e+02 4.752125e+01 2.865123e+03 3.129437e+01
2.389000e+02 6.854610e+01 1.129731e+02 4.725896e+01 2.865122e+03 3.129482e+01
2.389500e+02 7.065478e+01 1.150759e+02 4.679417e+01 2.865127e+03 3.129526e+01
2.390000e+02 7.479146e+01 1.192029e+02 4.584956e+01 2.865126e+03 3.129570e+01
2.390500e+02 8.524242e+01 1.296348e+02 4.340892e+01 2.865136e+03 3.129615e+01
2.391000e+02 1.126555e+02 1.570154e+02 3.694287e+01 2.865117e+03 3.129659e+01
2.391500e+02 8.133582e+01 1.257320e+02 4.440035e+01 2.865101e+03 3.129703e+01
2.392000e+02 7.363856e+01 1.180477e+02 4.626065e+01 2.865112e+03 3.129748e+01
2.392500e+02 7.040930e+01 1.148242e+02 4.706336e+01 2.865111e+03 3.129792e+01
2.393000e+02 6.880921e+01 1.132266e+02 4.748090e+01 2.865116e+03 3.129837e+01
2.393500e+02 6.780208e+01 1.122207e+02 4.775880e+01 2.865115e+03 3.129881e+01
2.394000e+02 6.729572e+01 1.117144e+02 4.791870e+01 2.865118e+03 3.129926e+01
2.394500e+02 6.687263e+01 1.112912e+02 4.805974e+01 2.865118e+03 3.129970e+01
2.395000e+02 6.666476e+01 1.110827e+02 4.815047e+01 2.865120e+03 3.130014e+01
2.395500e+02 6.683593e+01 1.112524e+02 4.815171e+01 2.865120e+03 3.130059e+01
2.396000e+02 6.676456e+01 1.111800e+02 4.821162e+01 2.865121e+03 3.130103e+01
2.396500e+02 6.627624e+01 1.106918e+02 4.837203e+01 2.865121e+03 3.130147e+01
2.397000e+02 6.615600e+01 1.105707e+02 4.844552e+01 2.865123e+03 3.130192e+01
2.397500e+02 6.613902e+01 1.105526e+02 4.849527e+01 2.865123e+03 3.130236e+01
2.398000e+02 6.617803e+01 1.105904e+02 4.853253e+01 2.865124e+03 3.130280e+01
2.398500e+02 6.661958e+01 1.110297e+02 4.847419e+01 2.865124e+03 3.130325e+01
2.399000e+02 6.633430e+01 1.107440e+02 4.859106e+01 2.865125e+03 3.130369e+01
2.399500e+02 6.634688e+01 1.107555e+02 4.863747e+01 2.865125e+03 3.130413e+01
2.400000e+02 6.636690e+01 1.107743e+02 4.868305e+01 2.865127e+03 3.130457e+01
2.400500e+02 6.643602e+01 1.108421e+02 4.871778e+01 2.865126e+03 3.130502e+01
2.401000e+02 6.620796e+01 1.106135e+02 4.882510e+01 2.865128e+03 3.130546e+01
2.401500e+02 6.617730e+01 1.105818e+02 4.888586e+01 2.865128e+03 3.130590e+01
2.402000e+02 6.622649e+01 1.106297e+02 4.892832e+01 2.865129e+03 3.130634e+01
2.402500e+02 6.646497e+01 1.108665e+02 4.892591e+01 2.865129e+03 3.130678e+01
2.403000e+02 6.627853e+01 1.106794e+02 4.902717e+01 2.865130e+03 3.130722e+01
2.403500e+02 6.614603e+01 1.105461e+02 4.911634e+01 2.865130e+03 3.130766e+01
2.404000e+02 6.613591e+01 1.105349e+02 4.917673e+01 2.865131e+03 3.130810e+01
2.404500e+02 6.607194e+01 1.104699e+02 4.925099e+01 2.865131e+03 3.130853e+01
2.405000e+02 6.611074e+01 1.105075e+02 4.930100e+01 2.865132e+03 3.130897e+01
2.405500e+02 6.605474e+01 1.104505e+02 4.937472e+01 2.865132e+03 3.130940e+01
2.406000e+02 6.606278e+01 1.104574e+02 4.943341e+01 2.865133e+03 3.130984e+01
2.406500e+02 6.610578e+01 1.104992e+02 4.948400e+01 2.865134e+03 3.131027e+01
2.407000e+02 6.612693e+01 1.105191e+02 4.954023e+01 2.865135e+03 3.131071e+01
2.407500e+02 6.616228e+01 1.105533e+02 4.959316e+01 2.865135e+03 3.131114e+01
2.408000e+02 6.618175e+01 1.105715e+02 4.965000e+01 2.865136e+03 3.131157e+01
2.408500e+02 6.624801e+01 1.106365e+02 4.969521e+01 2.865136e+03 3.131200e+01
2.409000e+02 6.652132e+01 1.109080e+02 4.968917e+01 2.865137e+03 3.131242e+01
2.409500e+02 6.634905e+01 1.107350e+02 4.979208e+01 2.865137e+03 3.131285e+01
2.410000e+02 6.636211e+01 1.107469e+02 4.984870e+01 2.865138e+03 3.131328e+01
2.410500e+02 6.642388e+01 1.108074e+02 4.989233e+01 2.865138e+03 3.131370e+01
2.411000e+02 6.652585e+01 1.109080e+02 4.992480e+01 2.865139e+03 3.131412e+01
2.411500e+02 6.673934e+01 1.111198e+02 4.992817e+01 2.865140e+03 3.131454e+01
2.412000e+02 6.739061e+01 1.117683e+02 4.982136e+01 2.865141e+03 3.131496e+01
2.412500e+02 6.716433e+01 1.115415e+02 4.992965e+01 2.865140e+03 3.131538e+01
2.413000e+02 6.707982e+01 1.114561e+02 5.000067e+01 2.865141e+03 3.131580e+01
2.413500e+02 6.689362e+01 1.112692e+02 5.009451e+01 2.865142e+03 3.131622e+01
2.414000e+02 6.689632e+01 1.112707e+02 5.013888e+01 2.865143e+03 3.131663e+01
2.414500e+02 6.694143e+01 1.113146e+02 5.016994e+01 2.865143e+03 3.131704e+01
2.415000e+02 6.703500e+01 1.114068e+02 5.018590e+01 2.865144e+03 3.131746e+01
2.415500e+02 6.707290e+01 1.114435e+02 5.021115e+01 2.865144e+03 3.131787e+01
2.416000e+02 6.714785e+01 1.115171e+02 5.021951e+01 2.865145e+03 3.131827e+01
2.416500e+02 6.724043e+01 1.116084e+02 5.021719e+01 2.865146e+03 3.131868e+01
2.417000e+02 6.734784e+01 1.117144e+02 5.020734e+01 2.865147e+03 3.131910e+01
2.417500e+02 6.747880e+01 1.118439e+02 5.018818e+01 2.865147e+03 3.131951e+01
2.418000e+02 6.763938e+01 1.120029e+02 5.015815e+01 2.865148e+03 3.131992e+01
2.418500e+02 6.783542e+01 1.121974e+02 5.011580e+01 2.865149e+03 3.132033e+01
2.419000e+02 6.808728e+01 1.124475e+02 5.005614e+01 2.865150e+03 3.132075e+01
2.419500e+02 6.841879e+01 1.127770e+02 4.997329e+01 2.865151e+03 3.132116e+01
2.420000e+02 6.887054e+01 1.132266e+02 4.985654e+01 2.865152e+03 3.132158e+01
2.420500e+02 6.951412e+01 1.138675e+02 4.968834e+01 2.865153e+03 3.132200e+01
2.421000e+02 7.048510e+01 1.148352e+02 4.943583e+01 2.865154e+03 3.132242e+01
2.421500e+02 7.206276e+01 1.164082e+02 4.902977e+01 2.865156e+03 3.132284e+01
2.422000e+02 7.491041e+01 1.192488e+02 4.830509e+01 2.865157e+03 3.132326e+01
2.422500e+02 8.102626e+01 1.253521e+02 4.676405e+01 2.865162e+03 3.132368e+01
2.423000e+02 1.000833e+02 1.443815e+02 4.199514e+01 2.865156e+03 3.132411e+01
2.423500e+02 9.235940e+01 1.366659e+02 4.390404e+01 2.865141e+03 3.132453e+01
2.424000e+02 7.893199e+01 1.232581e+02 4.723038e+01 2.865143e+03 3.132496e+01
2.424500e+02 7.401037e+01 1.183449e+02 4.843473e+01 2.865144e+03 3.132539e+01
2.425000e+02 7.159582e+01 1.159343e+02 4.901357e+01 2.865147e+03 3.132582e+01
2.425500e+02 7.022491e+01 1.145653e+02 4.933200e+01 2.865147e+03 3.132626e+01
2.426000e+02 6.937792e+01 1.137192e+02 4.951975e+01 2.865150e+03 3.132669e+01
2.426500e+02 6.883730e+01 1.131787e+02 4.963123e+01 2.865150e+03 3.132713e+01
2.427000e+02 6.844206e+01 1.127833e+02 4.970670e+01 2.865152e+03 3.132756e+01
2.427500e+02 6.817995e+01 1.125207e+02 4.974938e+01 2.865152e+03 3.132800e+01
2.428000e+02 6.800621e+01 1.123462e+02 4.977057e+01 2.865154e+03 3.132844e+01
2.428500e+02 6.790562e+01 1.122448e+02 4.977418e+01 2.865154e+03 3.132888e+01
2.429000e+02 6.786933e+01 1.122074e+02 4.976252e+01 2.865156e+03 3.132932e+01
2.429500e+02 6.790048e+01 1.122374e+02 4.973493e+01 2.865156e+03 3.132977e+01
2.430000e+02 6.803279e+01 1.123682e+02 4.968315e+01 2.865158e+03 3.133021e+01
2.430500e+02 6.819298e+01 1.125269e+02 4.962539e+01 2.865158e+03 3.133066e+01
2.431000e+02 6.840594e+01 1.127382e+02 4.955554e+01 2.865161e+03 3.133110e+01
2.431500e+02 6.879074e+01 1.131209e+02 4.944420e+01 2.865160e+03 3.133155e+01
2.432000e+02 6.940328e+01 1.137309e+02 4.927762e+01 2.865163e+03 3.133200e+01
2.432500e+02 7.040690e+01 1.147311e+02 4.901547e+01 2.865162e+03 3.133244e+01
2.433000e+02 7.214177e+01 1.164609e+02 4.857375e+01 2.865168e+03 3.133289e+01
2.433500e+02 7.552564e+01 1.198366e+02 4.772576e+01 2.865165e+03 3.133334e+01
2.434000e+02 8.323215e+01 1.275280e+02 4.581083e+01 2.865177e+03 3.133379e+01
2.434500e+02 1.151532e+02 1.594101e+02 3.791081e+01 2.865160e+03 3.133424e+01
2.435000e+02 8.487276e+01 1.291637e+02 4.538775e+01 2.865143e+03 3.133469e+01
2.435500e+02 7.595535e+01 1.202609e+02 4.758255e+01 2.865153e+03 3.133514e+01
2.436000e+02 7.229825e+01 1.166102e+02 4.847840e+01 2.865152e+03 3.133560e+01
2.436500e+02 7.040663e+01 1.147217e+02 4.893908e+01 2.865157e+03 3.133605e+01
2.437000e+02 6.930081e+01 1.136173e+02 4.920665e+01 2.865156e+03 3.133650e+01
2.437500e+02 6.860699e+01 1.129240e+02 4.937339e+01 2.865159e+03 3.133695e+01
2.438000e+02 6.815769e+01 1.124747e+02 4.948066e+01 2.865159e+03 3.133741e+01
2.438500e+02 6.787252e+01 1.121891e+02 4.954827e+01 2.865161e+03 3.133786e+01
2.439000e+02 6.771635e+01 1.120322e+02 4.958489e+01 2.865162e+03 3.133831e+01
2.439500e+02 6.768744e+01 1.120022e+02 4.959092e+01 2.865163e+03 3.133877e+01
2.440000e+02 6.783487e+01 1.121482e+02 4.955423e+01 2.865164e+03 3.133922e+01
2.440500e+02 6.824114e+01 1.125523e+02 4.945445e+01 2.865165e+03 3.133967e+01
2.441000e+02 6.941874e+01 1.137259e+02 4.916514e+01 2.865167e+03 3.134013e+01
2.441500e+02 7.452388e+01 1.188187e+02 4.790754e+01 2.865166e+03 3.134058e+01
2.442000e+02 7.005518e+01 1.143586e+02 4.901246e+01 2.865163e+03 3.134104e+01
2.442500e+02 6.821176e+01 1.125185e+02 4.947032e+01 2.865165e+03 3.134149e+01
2.443000e+02 6.747166e+01 1.117791e+02 4.965666e+01 2.865165e+03 3.134195e+01
2.443500e+02 6.715245e+01 1.114595e+02 4.973979e+01 2.865167e+03 3.134240e+01
2.444000e+02 6.690632e+01 1.112129e+02 4.980549e+01 2.865167e+03 3.134286e+01
2.444500e+02 6.666259e+01 1.109687e+02 4.987118e+01 2.865168e+03 3.134332e+01
2.445000e+02 6.653034e+01 1.108356e+02 4.990991e+01 2.865169e+03 3.134377e+01
2.445500e+02 6.644000e+01 1.107444e+02 4.993883e+01 2.865170e+03 3.134423e+01
2.446000e+02 6.638091e+01 1.106843e+02 4.996055e+01 2.865170e+03 3.134468e+01
2.446500e+02 6.632113e+01 1.106236e+02 4.998293e+01 2.865171e+03 3.134514e+01
2.447000e+02 6.627777e+01 1.105792e+02 5.000172e+01 2.865171e+03 3.134560e+01
2.447500e+02 6.624463e+01 1.105450e+02 5.001845e+01 2.865172e+03 3.134605e+01
2.448000e+02 6.622700e+01 1.105263e+02 5.003179e+01 2.865173e+03 3.134651e+01
2.448500e+02 6.620171e+01 1.105000e+02 5.004743e+01 2.865174e+03 3.134696e+01
2.449000e+02 6.619160e+01 1.104888e+02 5.005973e+01 2.865174e+03 3.134742e+01
2.449500e+02 6.618693e+01 1.104830e+02 5.007108e+01 2.865175e+03 3.134788e+01
2.450000e+02 6.617589e+01 1.104708e+02 5.008438e+01 2.865175e+03 3.134833e+01
2.450500e+02 6.617333e+01 1.104671e+02 5.009594e+01 2.865176e+03 3.134879e+01
2.451000e+02 6.615576e+01 1.104485e+02 5.011156e+01 2.865176e+03 3.134925e+01
2.451500e+02 6.615055e+01 1.104422e+02 5.012447e+01 2.865177e+03 3.134970e+01
2.452000e+02 6.614958e+01 1.104401e+02 5.013665e+01 2.865177e+03 3.135016e+01
2.452500e+02 6.615141e+01 1.104408e+02 5.014845e+01 2.865178e+03 3.135062e+01
2.453000e+02 6.615526e+01 1.104435e+02 5.016005e+01 2.865179e+03 3.135108e+01
2.453500e+02 6.616090e+01 1.104480e+02 5.017151e+01 2.865179e+03 3.135153e+01
2.454000e+02 6.616841e+01 1.104543e+02 5.018278e+01 2.865180e+03 3.135199e+01
2.454500e+02 6.617783e+01 1.104626e+02 5.019384e+01 2.865181e+03 3.135245e+01
2.455000e+02 6.619011e+01 1.104737e+02 5.020447e+01 2.865181e+03 3.135291e+01
2.455500e+02 6.620932e+01 1.104917e+02 5.021363e+01 2.865182e+03 3.135336e+01
2.456000e+02 6.621626e+01 1.104975e+02 5.022607e+01 2.865182e+03 3.135382e+01
2.456500e+02 6.623484e+01 1.105149e+02 5.023587e+01 2.865183e+03 3.135428e+01
2.457000e+02 6.625481e+01 1.105337e+02 5.024555e+01 2.865183e+03 3.135474e+01
2.457500e+02 6.629303e+01 1.105707e+02 5.025092e+01 2.865184e+03 3.135520e+01
2.458000e+02 6.639565e+01 1.106719e+02 5.024052e+01 2.865184e+03 3.135565e+01
2.458500e+02 6.631742e+01 1.105928e+02 5.027521e+01 2.865185e+03 3.135611e+01
2.459000e+02 6.631661e+01 1.105909e+02 5.029090e+01 2.865186e+03 3.135657e+01
2.459500e+02 6.632816e+01 1.106012e+02 5.030371e+01 2.865186e+03 3.135703e+01
2.460000e+02 6.634460e+01 1.106165e+02 5.031549e+01 2.865187e+03 3.135749e+01
2.460500e+02 6.636402e+01 1.106348e+02 5.032672e+01 2.865187e+03 3.135795e+01
2.461000e+02 6.638590e+01 1.106554e+02 5.033752e+01 2.865188e+03 3.135840e+01
2.461500e+02 6.641038e+01 1.106787e+02 5.034784e+01 2.865189e+03 3.135886e+01
2.462000e+02 6.643799e+01 1.107051e+02 5.035755e+01 2.865189e+03 3.135932e+01
2.462500e+02 6.647137e+01 1.107373e+02 5.036599e+01 2.865190e+03 3.135978e+01
2.463000e+02 6.651516e+01 1.107799e+02 5.037199e+01 2.865190e+03 3.136024e+01
2.463500e+02 6.654713e+01 1.108106e+02 5.038109e+01 2.865191e+03 3.136070e+01
2.464000e+02 6.660601e+01 1.108682e+02 5.038363e+01 2.865191e+03 3.136116e+01
2.464500e+02 6.671905e+01 1.109798e+02 5.037281e+01 2.865192e+03 3.136162e+01
2.465000e+02 6.713320e+01 1.113918e+02 5.028703e+01 2.865193e+03 3.136208e+01
2.465500e+02 6.698577e+01 1.112436e+02 5.034141e+01 2.865193e+03 3.136254e+01
2.466000e+02 6.677018e+01 1.110274e+02 5.041295e+01 2.865193e+03 3.136300e+01
2.466500e+02 6.673911e+01 1.109953e+02 5.043861e+01 2.865194e+03 3.136346e+01
2.467000e+02 6.674716e+01 1.110022e+02 5.045464e+01 2.865195e+03 3.136392e+01
2.467500e+02 6.676727e+01 1.110211e+02 5.046778e+01 2.865195e+03 3.136437e+01
2.468000e+02 6.679667e+01 1.110493e+02 5.047873e+01 2.865196e+03 3.136483e+01
2.468500e+02 6.683208e+01 1.110835e+02 5.048828e+01 2.865197e+03 3.136529e+01
2.469000e+02 6.687240e+01 1.111226e+02 5.049673e+01 2.865197e+03 3.136576e+01
2.469500e+02 6.691753e+01 1.111665e+02 5.050407e+01 2.865198e+03 3.136622e+01
2.470000e+02 6.696880e+01 1.112165e+02 5.050999e+01 2.865198e+03 3.136668e+01
2.470500e+02 6.702480e+01 1.112712e+02 5.051481e+01 2.865199e+03 3.136714e+01
2.471000e+02 6.709620e+01 1.113413e+02 5.051588e+01 2.865200e+03 3.136760e+01
2.471500e+02 6.715554e+01 1.113994e+02 5.052006e+01 2.865200e+03 3.136806e+01
2.472000e+02 6.722340e+01 1.114659e+02 5.052218e+01 2.865201e+03 3.136852e+01
2.472500e+02 6.730780e+01 1.115490e+02 5.052025e+01 2.865202e+03 3.136898e+01
2.473000e+02 6.740528e+01 1.116451e+02 5.051510e+01 2.865202e+03 3.136944e+01
2.473500e+02 6.751366e+01 1.117520e+02 5.050730e+01 2.865203e+03 3.136990e+01
2.474000e+02 6.764832e+01 1.118852e+02 5.049296e+01 2.865204e+03 3.137036e+01
2.474500e+02 6.781587e+01 1.120512e+02 5.047043e+01 2.865204e+03 3.137082e+01
2.475000e+02 6.803201e+01 1.122657e+02 5.043574e+01 2.865205e+03 3.137129e+01
2.475500e+02 6.832633e+01 1.125581e+02 5.038144e+01 2.865206e+03 3.137175e+01
2.476000e+02 6.876002e+01 1.129896e+02 5.029213e+01 2.865207e+03 3.137221e+01
2.476500e+02 6.948223e+01 1.137089e+02 5.013024e+01 2.865208e+03 3.137267e+01
2.477000e+02 7.097613e+01 1.151981e+02 4.977408e+01 2.865210e+03 3.137313e+01
2.477500e+02 7.625499e+01 1.204644e+02 4.846457e+01 2.865209e+03 3.137359e+01
2.478000e+02 7.286471e+01 1.170801e+02 4.933789e+01 2.865207e+03 3.137406e+01
2.478500e+02 7.106125e+01 1.152796e+02 4.981199e+01 2.865209e+03 3.137452e+01
2.479000e+02 7.080507e+01 1.150229e+02 4.989650e+01 2.865209e+03 3.137498e+01
2.479500e+02 7.121961e+01 1.154354e+02 4.981202e+01 2.865212e+03 3.137544e+01
2.480000e+02 7.227367e+01 1.164859e+02 4.956620e+01 2.865213e+03 3.137591e+01
2.480500e+02 7.436871e+01 1.185752e+02 4.905748e+01 2.865215e+03 3.137637e+01
2.481000e+02 7.884745e+01 1.230438e+02 4.794631e+01 2.865217e+03 3.137683e+01
2.481500e+02 9.146682e+01 1.356413e+02 4.477639e+01 2.865219e+03 3.137729e+01
2.482000e+02 1.021797e+02 1.463395e+02 4.208498e+01 2.865205e+03 3.137776e+01
2.482500e+02 8.154261e+01 1.257306e+02 4.732359e+01 2.865198e+03 3.137822e+01
2.483000e+02 7.547454e+01 1.196730e+02 4.887821e+01 2.865204e+03 3.137868e+01
2.483500e+02 7.273830e+01 1.169415e+02 4.959077e+01 2.865204e+03 3.137915e+01
2.484000e+02 7.124674e+01 1.154522e+02 4.998887e+01 2.865207e+03 3.137961e+01
2.484500e+02 7.036445e+01 1.145709e+02 5.023306e+01 2.865208e+03 3.138007e+01
2.485000e+02 6.980618e+01 1.140128e+02 5.039545e+01 2.865210e+03 3.138054e+01
2.485500e+02 6.942954e+01 1.136360e+02 5.051201e+01 2.865210e+03 3.138100e+01
2.486000e+02 6.917605e+01 1.133820e+02 5.059751e+01 2.865212e+03 3.138147e+01
2.486500e+02 6.900671e+01 1.132119e+02 5.066181e+01 2.865212e+03 3.138193e+01
2.487000e+02 6.891494e+01 1.131193e+02 5.070655e+01 2.865213e+03 3.138240e+01
2.487500e+02 6.882707e+01 1.130305e+02 5.075040e+01 2.865214e+03 3.138286e+01
2.488000e+02 6.876421e+01 1.129666e+02 5.078801e+01 2.865215e+03 3.138332e+01
2.488500e+02 6.874185e+01 1.129432e+02 5.081542e+01 2.865215e+03 3.138379e+01
2.489000e+02 6.874614e+01 1.129464e+02 5.083614e+01 2.865217e+03 3.138425e+01
2.489500e+02 6.877342e+01 1.129724e+02 5.085110e+01 2.865217e+03 3.138472e+01
2.490000e+02 6.882391e+01 1.130217e+02 5.086024e+01 2.865218e+03 3.138519e+01
2.490500e+02 6.891051e+01 1.131069e+02 5.086026e+01 2.865219e+03 3.138565e+01
2.491000e+02 6.898303e+01 1.131781e+02 5.086393e+01 2.865220e+03 3.138612e+01
2.491500e+02 6.909746e+01 1.132912e+02 5.085699e+01 2.865220e+03 3.138658e+01
2.492000e+02 6.923062e+01 1.134228e+02 5.084534e+01 2.865221e+03 3.138705e+01
2.492500e+02 6.940432e+01 1.135950e+02 5.082341e+01 2.865222e+03 3.138751e+01
2.493000e+02 6.962200e+01 1.138110e+02 5.079032e+01 2.865223e+03 3.138798e+01
2.493500e+02 6.989601e+01 1.140832e+02 5.074288e+01 2.865224e+03 3.138845e+01
2.494000e+02 7.024597e+01 1.144312e+02 5.067609e+01 2.865225e+03 3.138891e+01
2.494500e+02 7.070295e+01 1.148859e+02 5.058198e+01 2.865226e+03 3.138938e+01
2.495000e+02 7.131778e+01 1.154982e+02 5.044751e+01 2.865227e+03 3.138984e+01
2.495500e+02 7.217947e+01 1.163567e+02 5.024989e+01 2.865229e+03 3.139031e+01
2.496000e+02 7.345732e+01 1.176306e+02 4.994571e+01 2.865230e+03 3.139078e+01
2.496500e+02 7.551014e+01 1.196778e+02 4.944300e+01 2.865232e+03 3.139125e+01
2.497000e+02 7.925718e+01 1.234163e+02 4.850603e+01 2.865235e+03 3.139171e+01
2.497500e+02 8.801063e+01 1.321536e+02 4.628522e+01 2.865237e+03 3.139218e+01
2.498000e+02 1.014215e+02 1.455453e+02 4.286725e+01 2.865230e+03 3.139265e+01
2.498500e+02 8.760104e+01 1.317423e+02 4.643269e+01 2.865222e+03 3.139312e+01
2.499000e+02 8.905164e+01 1.331895e+02 4.608181e+01 2.865233e+03 3.139358e+01
2.499500e+02 1.083791e+02 1.524918e+02 4.113941e+01 2.865223e+03 3.139405e+01
2.500000e+02 9.232309e+01 1.364539e+02 4.528412e+01 2.865212e+03 3.139452e+01
