# am version 14.0 (build date Oct  3 2024 23:49:37)

# run time 262.131 s
# dcache hit: 0  miss: 290  discard: 0

f 180 GHz  420 GHz  1 MHz
output npy  f GHz  tau neper  Trj K

jacobian Trj
simplex_log 0

#
# Summary data for Jacobians
#
# Differentiation variables
#
# var           value             dvalue    units  description
#   0              45                  1      deg  za
#   1               1                  1     none  Nscale troposphere h2o
#
#
# Relative error estimates for numerical derivatives (percentiles)
#
#  array  var       0       5      25      50      75      95     100
#
#    Trj    0   2e-09   4e-09   6e-09   1e-08   3e-08   8e-08   6e-06
#           1   4e-11   7e-11   1e-10   2e-10   5e-10   2e-09   9e-08
#

tol 0.0001
selfbroad_vmr_tol 0.003

geometry plane-parallel
refract none
za 45 deg  1 deg
PTmode Pbase Tbase

g 980.665 cm*s^-2
dg_dz 0 s^-2

Nscale troposphere h2o 1.00000  1

T0 2.7 K

layer mesosphere
# P 0.1 mbar
# T 221.7 K
# dP 0.1 mbar
Pbase 0.1 mbar
Tbase 221.7 K
Mair 28.964 h2o o3  (28.964)
lineshape Voigt-Kielkopf ch4 co co2 h2o_lines n2o o2_coupled o2_uncoupled o3
column dry_air hydrostatic (0.999992)  (2.12016e+21 cm^-2)
! Warning: Column included 689 unresolved lines.
column h2o hydrostatic 6.66e-06  (1.41204e+16 cm^-2)
! Warning: Column included 175 unresolved lines.
column o3 hydrostatic 1.76e-06  (3.73151e+15 cm^-2)
! Warning: Column included 6695 unresolved lines.

layer mesosphere
# P 0.2 mbar
# T 235.707 K
# dP 0.2 mbar
Pbase 0.3 mbar
Tbase 243.9 K
Mair 28.964 h2o o3  (28.964)
lineshape Voigt-Kielkopf ch4 co co2 h2o_lines n2o o2_coupled o2_uncoupled o3
column dry_air hydrostatic (0.999992)  (4.24032e+21 cm^-2)
! Warning: Column included 689 unresolved lines.
column h2o hydrostatic 6.7e-06  (2.84104e+16 cm^-2)
! Warning: Column included 175 unresolved lines.
column o3 hydrostatic 1.64e-06  (6.95418e+15 cm^-2)
! Warning: Column included 6695 unresolved lines.

layer mesosphere
# P 0.35 mbar
# T 247.169 K
# dP 0.1 mbar
Pbase 0.4 mbar
Tbase 250 K
Mair 28.964 h2o o3  (28.964)
lineshape Voigt-Kielkopf ch4 co co2 h2o_lines n2o o2_coupled o2_uncoupled o3
column dry_air hydrostatic (0.999992)  (2.12016e+21 cm^-2)
! Warning: Column included 465 unresolved lines.
column h2o hydrostatic 6.73e-06  (1.42688e+16 cm^-2)
! Warning: Column included 90 unresolved lines.
column o3 hydrostatic 1.6e-06  (3.39228e+15 cm^-2)
! Warning: Column included 4677 unresolved lines.

layer mesosphere
# P 0.45 mbar
# T 252.903 K
# dP 0.1 mbar
Pbase 0.5 mbar
Tbase 255.5 K
Mair 28.964 h2o o3  (28.964)
lineshape Voigt-Kielkopf ch4 co co2 h2o_lines n2o o2_coupled o2_uncoupled o3
column dry_air hydrostatic (0.999992)  (2.12016e+21 cm^-2)
! Warning: Column included 107 unresolved lines.
column h2o hydrostatic 6.7e-06  (1.42052e+16 cm^-2)
! Warning: Column included 51 unresolved lines.
column o3 hydrostatic 1.78e-06  (3.77392e+15 cm^-2)

layer mesosphere
# P 0.6 mbar
# T 259.618 K
# dP 0.2 mbar
Pbase 0.7 mbar
Tbase 263.1 K
Mair 28.964 h2o o3  (28.964)
lineshape Voigt-Kielkopf ch4 co co2 h2o_lines n2o o2_coupled o2_uncoupled o3
column dry_air hydrostatic (0.999991)  (4.24032e+21 cm^-2)
! Warning: Column included 3 unresolved lines.
column h2o hydrostatic 6.64e-06  (2.8156e+16 cm^-2)
! Warning: Column included 26 unresolved lines.
column o3 hydrostatic 2.1e-06  (8.90474e+15 cm^-2)

layer stratosphere
# P 0.85 mbar
# T 264.352 K
# dP 0.3 mbar
Pbase 1 mbar
Tbase 265.4 K
Mair 28.964 h2o o3  (28.964)
lineshape Voigt-Kielkopf ch4 co co2 h2o_lines n2o o2_coupled o2_uncoupled o3
column dry_air hydrostatic (0.999991)  (6.36047e+21 cm^-2)
column h2o hydrostatic 6.54e-06  (4.15979e+16 cm^-2)
! Warning: Column included 14 unresolved lines.
column o3 hydrostatic 2.64e-06  (1.67918e+16 cm^-2)

layer stratosphere
# P 1.5 mbar
# T 259.258 K
# dP 1 mbar
Pbase 2 mbar
Tbase 254.9 K
Mair 28.964 h2o o3  (28.964)
lineshape Gross ch4 co co2 n2o o2_uncoupled o3
lineshape VVW_coupled o2_coupled
lineshape VVH_750 h2o_lines
column dry_air hydrostatic (0.99999)  (2.12015e+22 cm^-2)
column h2o hydrostatic 6.28e-06  (1.33147e+17 cm^-2)
! Warning: Column included 9 unresolved lines.
column o3 hydrostatic 4.01e-06  (8.5019e+16 cm^-2)

layer stratosphere
# P 2.5 mbar
# T 250.607 K
# dP 1 mbar
Pbase 3 mbar
Tbase 247.1 K
Mair 28.964 h2o o3  (28.964)
lineshape Gross ch4 co co2 n2o o2_uncoupled o3
lineshape VVW_coupled o2_coupled
lineshape VVH_750 h2o_lines
column dry_air hydrostatic (0.999988)  (2.12015e+22 cm^-2)
column h2o hydrostatic 5.9e-06  (1.2509e+17 cm^-2)
! Warning: Column included 6 unresolved lines.
column o3 hydrostatic 5.93e-06  (1.25726e+17 cm^-2)

layer stratosphere
# P 3.5 mbar
# T 244.742 K
# dP 1 mbar
Pbase 4 mbar
Tbase 242.7 K
Mair 28.964 h2o o3  (28.9641)
lineshape Gross ch4 co co2 n2o o2_uncoupled o3
lineshape VVW_coupled o2_coupled
lineshape VVH_750 h2o_lines
column dry_air hydrostatic (0.999987)  (2.12014e+22 cm^-2)
column h2o hydrostatic 5.58e-06  (1.18305e+17 cm^-2)
! Warning: Column included 6 unresolved lines.
column o3 hydrostatic 7.33e-06  (1.55408e+17 cm^-2)

layer stratosphere
# P 4.5 mbar
# T 241.011 K
# dP 1 mbar
Pbase 5 mbar
Tbase 239.5 K
Mair 28.964 h2o o3  (28.9641)
lineshape Gross ch4 co co2 n2o o2_uncoupled o3
lineshape VVW_coupled o2_coupled
lineshape VVH_750 h2o_lines
column dry_air hydrostatic (0.999987)  (2.12014e+22 cm^-2)
column h2o hydrostatic 5.32e-06  (1.12793e+17 cm^-2)
column o3 hydrostatic 8.18e-06  (1.7343e+17 cm^-2)

layer stratosphere
# P 6 mbar
# T 236.845 K
# dP 2 mbar
Pbase 7 mbar
Tbase 234.6 K
Mair 28.964 h2o o3  (28.9641)
lineshape Gross ch4 co co2 n2o o2_uncoupled o3
lineshape VVW_coupled o2_coupled
lineshape VVH_750 h2o_lines
column dry_air hydrostatic (0.999986)  (4.24027e+22 cm^-2)
column h2o hydrostatic 5.1e-06  (2.16257e+17 cm^-2)
column o3 hydrostatic 8.8e-06  (3.73149e+17 cm^-2)

layer stratosphere
# P 8.5 mbar
# T 231.824 K
# dP 3 mbar
Pbase 10 mbar
Tbase 229.5 K
Mair 28.964 h2o o3  (28.9641)
lineshape Gross ch4 co co2 n2o o2_uncoupled o3
lineshape VVW_coupled o2_coupled
lineshape VVH_750 h2o_lines
column dry_air hydrostatic (0.999986)  (6.36041e+22 cm^-2)
column h2o hydrostatic 4.89e-06  (3.11028e+17 cm^-2)
column o3 hydrostatic 9.15e-06  (5.81986e+17 cm^-2)

layer stratosphere
# P 15 mbar
# T 225.113 K
# dP 10 mbar
Pbase 20 mbar
Tbase 222 K
Mair 28.964 h2o o3  (28.9641)
lineshape Gross ch4 co co2 n2o o2_uncoupled o3
lineshape VVW_coupled o2_coupled
lineshape VVH_750 h2o_lines
column dry_air hydrostatic (0.999987)  (2.12014e+23 cm^-2)
column h2o hydrostatic 4.65e-06  (9.85878e+17 cm^-2)
column o3 hydrostatic 8.02e-06  (1.70037e+18 cm^-2)

layer stratosphere
# P 25 mbar
# T 219.028 K
# dP 10 mbar
Pbase 30 mbar
Tbase 216.6 K
Mair 28.964 h2o o3  (28.9641)
lineshape Gross ch4 co co2 n2o o2_uncoupled o3
lineshape VVW_coupled o2_coupled
lineshape VVH_750 h2o_lines
column dry_air hydrostatic (0.99999)  (2.12015e+23 cm^-2)
column h2o hydrostatic 4.4e-06  (9.32875e+17 cm^-2)
column o3 hydrostatic 5.63e-06  (1.19366e+18 cm^-2)

layer stratosphere
# P 35 mbar
# T 214.242 K
# dP 10 mbar
Pbase 40 mbar
Tbase 212.2 K
Mair 28.964 h2o o3  (28.964)
lineshape Gross ch4 co co2 n2o o2_uncoupled o3
lineshape VVW_coupled o2_coupled
lineshape VVH_750 h2o_lines
column dry_air hydrostatic (0.999992)  (2.12016e+23 cm^-2)
column h2o hydrostatic 4.26e-06  (9.03194e+17 cm^-2)
column o3 hydrostatic 3.5e-06  (7.42061e+17 cm^-2)

layer stratosphere
# P 45 mbar
# T 210.247 K
# dP 10 mbar
Pbase 50 mbar
Tbase 208.5 K
Mair 28.964 h2o o3  (28.964)
lineshape Gross ch4 co co2 n2o o2_uncoupled o3
lineshape VVW_coupled o2_coupled
lineshape VVH_750 h2o_lines
column dry_air hydrostatic (0.999994)  (2.12016e+23 cm^-2)
column h2o hydrostatic 4.22e-06  (8.94714e+17 cm^-2)
column o3 hydrostatic 2.09e-06  (4.43117e+17 cm^-2)

layer stratosphere
# P 60 mbar
# T 205.195 K
# dP 20 mbar
Pbase 70 mbar
Tbase 202.4 K
Mair 28.964 h2o o3  (28.964)
lineshape Gross ch4 co co2 n2o o2_uncoupled o3
lineshape VVW_coupled o2_coupled
lineshape VVH_750 h2o_lines
column dry_air hydrostatic (0.999994)  (4.24033e+23 cm^-2)
column h2o hydrostatic 4.38e-06  (1.85727e+18 cm^-2)
column o3 hydrostatic 1.16e-06  (4.91881e+17 cm^-2)

layer troposphere
# P 85 mbar
# T 199.896 K
# dP 30 mbar
Pbase 100 mbar
Tbase 197.8 K
Mair 28.964 h2o o3  (28.964)
lineshape Gross ch4 co co2 n2o o2_uncoupled o3
lineshape VVW_coupled o2_coupled
lineshape VVH_750 h2o_lines
column dry_air hydrostatic (0.999994)  (6.3605e+23 cm^-2)
column h2o hydrostatic 5.06e-06  (3.21843e+18 cm^-2)  (* 1.00000)
column o3 hydrostatic 4.56e-07  (2.9004e+17 cm^-2)

layer troposphere
# P 125 mbar
# T 202.588 K
# dP 50 mbar
Pbase 150 mbar
Tbase 206.5 K
Mair 28.964 h2o o3  (28.9639)
lineshape Gross ch4 co co2 n2o o2_uncoupled o3
lineshape VVW_coupled o2_coupled
lineshape VVH_750 h2o_lines
column dry_air hydrostatic (0.999988)  (1.06008e+24 cm^-2)
column h2o hydrostatic 1.14e-05  (1.2085e+19 cm^-2)  (* 1.00000)
column o3 hydrostatic 1.3e-07  (1.37812e+17 cm^-2)

layer troposphere
# P 175 mbar
# T 213.091 K
# dP 50 mbar
Pbase 200 mbar
Tbase 218.8 K
Mair 28.964 h2o o3  (28.9635)
lineshape Gross ch4 co co2 n2o o2_uncoupled o3
lineshape VVW_coupled o2_coupled
lineshape VVH_750 h2o_lines
column dry_air hydrostatic (0.999958)  (1.06006e+24 cm^-2)
column h2o hydrostatic 4.21e-05  (4.46304e+19 cm^-2)  (* 1.00000)
column o3 hydrostatic 5.71e-08  (6.0532e+16 cm^-2)

layer troposphere
# P 225 mbar
# T 224.87 K
# dP 50 mbar
Pbase 250 mbar
Tbase 230.3 K
Mair 28.964 h2o o3  (28.9627)
lineshape Gross ch4 co co2 n2o o2_uncoupled o3
lineshape VVW_coupled o2_coupled
lineshape VVH_750 h2o_lines
column dry_air hydrostatic (0.999879)  (1.06001e+24 cm^-2)
column h2o hydrostatic 0.000121  (1.28276e+20 cm^-2)  (* 1.00000)
column o3 hydrostatic 4.38e-08  (4.6434e+16 cm^-2)

layer troposphere
# P 275 mbar
# T 235.423 K
# dP 50 mbar
Pbase 300 mbar
Tbase 240.1 K
Mair 28.964 h2o o3  (28.9614)
lineshape Gross ch4 co co2 n2o o2_uncoupled o3
lineshape VVW_coupled o2_coupled
lineshape VVH_750 h2o_lines
column dry_air hydrostatic (0.999763)  (1.05993e+24 cm^-2)
column h2o hydrostatic 0.000237  (2.51263e+20 cm^-2)  (* 1.00000)
column o3 hydrostatic 4.15e-08  (4.39976e+16 cm^-2)

layer troposphere
# P 325 mbar
# T 244.514 K
# dP 50 mbar
Pbase 350 mbar
Tbase 248.6 K
Mair 28.964 h2o o3  (28.9601)
lineshape Gross ch4 co co2 n2o o2_uncoupled o3
lineshape VVW_coupled o2_coupled
lineshape VVH_750 h2o_lines
column dry_air hydrostatic (0.999643)  (1.05985e+24 cm^-2)
column h2o hydrostatic 0.000357  (3.78502e+20 cm^-2)  (* 1.00000)
column o3 hydrostatic 4.12e-08  (4.36815e+16 cm^-2)

layer troposphere
# P 375 mbar
# T 252.268 K
# dP 50 mbar
Pbase 400 mbar
Tbase 255.7 K
Mair 28.964 h2o o3  (28.9587)
lineshape Gross ch4 co co2 n2o o2_uncoupled o3
lineshape VVW_coupled o2_coupled
lineshape VVH_750 h2o_lines
column dry_air hydrostatic (0.999512)  (1.05977e+24 cm^-2)
column h2o hydrostatic 0.000488  (5.17418e+20 cm^-2)  (* 1.00000)
column o3 hydrostatic 4.11e-08  (4.35776e+16 cm^-2)

layer troposphere
# P 425 mbar
# T 258.891 K
# dP 50 mbar
Pbase 450 mbar
Tbase 261.9 K
Mair 28.964 h2o o3  (28.9568)
lineshape Gross ch4 co co2 n2o o2_uncoupled o3
lineshape VVW_coupled o2_coupled
lineshape VVH_750 h2o_lines
column dry_air hydrostatic (0.999339)  (1.05965e+24 cm^-2)
column h2o hydrostatic 0.000661  (7.00893e+20 cm^-2)  (* 1.00000)
column o3 hydrostatic 4.11e-08  (4.35805e+16 cm^-2)

layer troposphere
# P 475 mbar
# T 264.62 K
# dP 50 mbar
Pbase 500 mbar
Tbase 267.2 K
Mair 28.964 h2o o3  (28.9544)
lineshape Gross ch4 co co2 n2o o2_uncoupled o3
lineshape VVW_coupled o2_coupled
lineshape VVH_750 h2o_lines
column dry_air hydrostatic (0.999122)  (1.05951e+24 cm^-2)
column h2o hydrostatic 0.000878  (9.31066e+20 cm^-2)  (* 1.00000)
column o3 hydrostatic 4.11e-08  (4.35841e+16 cm^-2)

layer troposphere
# P 525 mbar
# T 269.555 K
# dP 50 mbar
Pbase 550 mbar
Tbase 271.8 K
Mair 28.964 h2o o3  (28.9511)
lineshape Gross ch4 co co2 n2o o2_uncoupled o3
lineshape VVW_coupled o2_coupled
lineshape VVH_750 h2o_lines
column dry_air hydrostatic (0.99882)  (1.05931e+24 cm^-2)
column h2o hydrostatic 0.00118  (1.25146e+21 cm^-2)  (* 1.00000)
column o3 hydrostatic 4.1e-08  (4.3483e+16 cm^-2)

layer troposphere
# P 575 mbar
# T 273.895 K
# dP 50 mbar
Pbase 600 mbar
Tbase 275.9 K
Mair 28.964 h2o o3  (28.9465)
lineshape Gross ch4 co co2 n2o o2_uncoupled o3
lineshape VVW_coupled o2_coupled
lineshape VVH_750 h2o_lines
column dry_air hydrostatic (0.9984)  (1.05903e+24 cm^-2)
column h2o hydrostatic 0.0016  (1.69717e+21 cm^-2)  (* 1.00000)
column o3 hydrostatic 4.08e-08  (4.32777e+16 cm^-2)

layer troposphere
# P 612.5 mbar
# T 276.759 K
# dP 25 mbar
Pbase 625 mbar (observing level)
Tbase 277.6 K
Mair 28.964 h2o o3  (28.9407)
lineshape Gross ch4 co co2 n2o o2_uncoupled o3
lineshape VVW_coupled o2_coupled
lineshape VVH_750 h2o_lines
column dry_air hydrostatic (0.99787)  (5.29341e+23 cm^-2)
column h2o hydrostatic 0.00213  (1.1299e+21 cm^-2)  (* 1.00000)
column o3 hydrostatic 4.05e-08  (2.14841e+16 cm^-2)

#
# column densities [cm^-2], including scale factors
#
#                           zenith             line-of-sight     
# mesosphere (5 layers):
#                  dry_air  1.484112e+22       2.098851e+22      
#                      h2o  9.916071e+16       1.402344e+17      
#                            (0.0296649 um_pwv) (0.0419524 um_pwv)
#                       o3  2.675664e+16       3.783961e+16      
#                            (0.995855 DU)      (1.40835 DU)      
#
# stratosphere (12 layers):
#                  dry_air  1.469267e+24       2.077857e+24      
#                      h2o  6.632154e+18       9.379283e+18      
#                            (1.98407 um_pwv)   (2.8059 um_pwv)   
#                       o3  6.082599e+18       8.602094e+18      
#                            (226.388 DU)       (320.161 DU)      
#
# troposphere (12 layers):
#                  dry_air  1.176259e+25       1.663481e+25      
#                      h2o  7.045883e+21       9.964384e+21      
#                            (2107.84 um_pwv)   (2980.94 um_pwv)  
#                       o3  8.614843e+17       1.218323e+18      
#                            (32.0636 DU)       (45.3448 DU)      
#
# total (29 layers):
#                  dry_air  1.324670e+25       1.873366e+25      
#                      h2o  7.052615e+21       9.973903e+21      
#                            (2109.86 um_pwv)   (2983.79 um_pwv)  
#                       o3  6.970840e+18       9.858256e+18      
#                            (259.448 DU)       (366.914 DU)      
#

! Warning: Encountered in-band lines narrower than the frequency
!          grid spacing.  The output configuration data includes
!          the unresolved line count after each column definition
!          for which this occurred.  Count: 29
! Warning: Unable to create a file in the cache directory named
!          in the environment.  Count: 290

